nodeName node010
nodeNum 10
binDir /data/llcbmen
expRoot /sdcard/llcbmen
runId n40_all_calibration_10_1704241420
basetime 1493058010
duration 300
startWait 30
dataDir /sdcard/llcbmen/data/n40_all_calibration_10_1704241420
doAPK N
logFiles 
ifaces wlan0
si2Args  -b 10000 10.1.1.255:15387

Resetting at time Mon Apr 24 07:19:50 SST 2017 = 1493057990.174301
rm: can't remove '/sdcard/node*.log': No such file or directory
rm: can't remove '/sdcard/*.json': No such file or directory
killall: gcn: no process killed
killall: beaconer: no process killed
killall: monitor.sh: no process killed
killall: babeld: no process killed
killall: edu.mit.ll.NletLog.android: no process killed
killall: edu.mit.ll.cbmen.monitor: no process killed
killall: mchttpd: no process killed
rm: can't remove '/sdcard/cascade': No such file or directory
rm: can't remove '/sdcard/CBMEN': No such file or directory
rm: can't remove '/sdcard/llcbmen/ISI': No such file or directory
rm: can't remove '/sdcard/Android/data/cbmen.comet.workflow.cascade': No such file or directory
rm: can't remove '/sdcard/registrar.db': No such file or directory
Waiting until prep time...
Skipping ahead because basetime + -30 = 1493057980 is in the past.
Starting uberLocal.sh at time Mon Apr 24 07:19:50 SST 2017 = 1493057990.971169 with basetime 1493058010

Starting instruments at time Mon Apr 24 07:19:50 SST 2017 = 1493057990.994271

Sleeping 8.5852 sec until basetime + -10 = 1493058000

Starting scenario at time Mon Apr 24 07:20:00 SST 2017 = 1493058000.060751
Starting mgen.
Parsing file: "/etc/olsrd.conf"
Duplicate interfaces defined... not adding wlan0
mgen: version 5.02
mgen: starting now ...

Waiting through scenario duration...
Skipping ahead because basetime + 300 = 1493058310 is in the past.

Stopping scenario at time Mon Apr 24 07:25:41 SST 2017 = 1493058341.720663
killall: tcpdump: no process killed
killall: gcn: no process killed
killall: beaconer: no process killed
killall: olsrd: no process killed
killall: mgen: no process killed
killall: babeld: no process killed
killall: edu.mit.ll.NletLog.android: no process killed
killall: edu.mit.ll.cbmen.monitor: no process killed

killall: beaconer: no process killed
killall: monitor.sh: no process killed
killall: mgen: no process killed
killall: olsrd: no process killed
killall: edu.mit.ll.cbmen.monitor: no process killed
killall: edu.mit.ll.NletLog.android: no process killed

FINISHED uberLocal.sh at time Mon Apr 24 07:25:42 SST 2017 = 1493058342.895122

