nodeName node015
nodeNum 15
binDir /data/llcbmen
expRoot /sdcard/llcbmen
runId n40_all_calibration_10_1704241246
basetime 1493052410
duration 300
startWait 30
dataDir /sdcard/llcbmen/data/n40_all_calibration_10_1704241246
doAPK N
logFiles 
ifaces wlan0
si2Args  -b 10000 10.1.1.255:15387

Resetting at time Mon Apr 24 05:47:17 SST 2017 = 1493052437.542204
rm: can't remove '/sdcard/node*.log': No such file or directory
rm: can't remove '/sdcard/*.json': No such file or directory
killall: gcn: no process killed
killall: beaconer: no process killed
killall: olsrd: no process killed
killall: mgen: no process killed
killall: monitor.sh: no process killed
killall: babeld: no process killed
killall: edu.mit.ll.NletLog.android: no process killed
killall: edu.mit.ll.cbmen.monitor: no process killed
killall: mchttpd: no process killed
rm: can't remove '/sdcard/cascade': No such file or directory
rm: can't remove '/sdcard/CBMEN': No such file or directory
rm: can't remove '/sdcard/llcbmen/ISI': No such file or directory
rm: can't remove '/sdcard/Android/data/cbmen.comet.workflow.cascade': No such file or directory
rm: can't remove '/sdcard/registrar.db': No such file or directory
Waiting until prep time...
Skipping ahead because basetime + -30 = 1493052380 is in the past.
Starting uberLocal.sh at time Mon Apr 24 05:47:18 SST 2017 = 1493052438.226669 with basetime 1493052410

Starting instruments at time Mon Apr 24 05:47:18 SST 2017 = 1493052438.242660

Skipping ahead because basetime + -10 = 1493052400 is in the past.

Starting scenario at time Mon Apr 24 05:47:18 SST 2017 = 1493052438.471476
Starting mgen.
Parsing file: "/etc/olsrd.conf"
Duplicate interfaces defined... not adding wlan0
mgen: version 5.02
mgen: starting now ...

Waiting through scenario duration...
Skipping ahead because basetime + 300 = 1493052710 is in the past.

Stopping scenario at time Mon Apr 24 05:52:21 SST 2017 = 1493052741.696434
killall: tcpdump: no process killed
killall: gcn: no process killed
killall: beaconer: no process killed
killall: olsrd: no process killed
killall: mgen: no process killed
killall: babeld: no process killed
killall: edu.mit.ll.NletLog.android: no process killed
killall: edu.mit.ll.cbmen.monitor: no process killed

killall: beaconer: no process killed
killall: monitor.sh: no process killed
killall: mgen: no process killed
killall: olsrd: no process killed
killall: edu.mit.ll.cbmen.monitor: no process killed
killall: edu.mit.ll.NletLog.android: no process killed

FINISHED uberLocal.sh at time Mon Apr 24 05:52:22 SST 2017 = 1493052742.924040

