--------- beginning of /dev/log/main
04-24 06:44:51.124  1397  1406 E MP-Decision: num online cores: 2 reqd : 1 available : 4 rq_depth:0.000000 hotplug_avg_load_dw: 21
04-24 06:44:51.124  1397  1406 E MP-Decision: DOWN cpu:1 core_idx:1 Ns:1.100000 Ts:190 total_time_down:395.000000
04-24 06:44:51.814  1397  1406 E MP-Decision: num online cores: 1 reqd : 2 available : 4 rq_depth:1.000000 hotplug_avg_load_dw: 66
04-24 06:44:51.814  1397  1406 E MP-Decision: UP cpu:1 core_idx:1 Nw:1.900000 Tw:140 total_time_up:0.000000
04-24 06:44:52.385 16486 16486 D AndroidRuntime: 
04-24 06:44:52.385 16486 16486 D AndroidRuntime: >>>>>> AndroidRuntime START com.android.internal.os.RuntimeInit <<<<<<
04-24 06:44:52.385 16486 16486 D AndroidRuntime: CheckJNI is ON
04-24 06:44:52.395 16486 16486 E dalvikvm: ERROR: must specify non-'.' bootclasspath
04-24 06:44:52.395 16486 16486 W dalvikvm: CreateJavaVM failed: dvmClassStartup failed
04-24 06:44:52.395 16486 16486 E AndroidRuntime: JNI_CreateJavaVM failed
04-24 06:44:52.735 16487 16487 D AndroidRuntime: 
04-24 06:44:52.735 16487 16487 D AndroidRuntime: >>>>>> AndroidRuntime START com.android.internal.os.RuntimeInit <<<<<<
04-24 06:44:52.735 16487 16487 D AndroidRuntime: CheckJNI is ON
04-24 06:44:52.735 16487 16487 E dalvikvm: ERROR: must specify non-'.' bootclasspath
04-24 06:44:52.735 16487 16487 W dalvikvm: CreateJavaVM failed: dvmClassStartup failed
04-24 06:44:52.735 16487 16487 E AndroidRuntime: JNI_CreateJavaVM failed
04-24 06:44:53.996  1397  1406 E MP-Decision: num online cores: 2 reqd : 1 available : 4 rq_depth:0.000000 hotplug_avg_load_dw: 29
04-24 06:44:53.996  1397  1406 E MP-Decision: DOWN cpu:1 core_idx:1 Ns:1.100000 Ts:190 total_time_down:2150.000000
04-24 06:56:40.101 16664 16664 I olsrd   : Writing '1' (was 1) to /proc/sys/net/ipv4/ip_forward
04-24 06:56:40.101 16664 16664 I olsrd   : Writing '0' (was 1) to /proc/sys/net/ipv4/conf/all/send_redirects
04-24 06:56:40.101 16664 16664 I olsrd   : Writing '0' (was 0) to /proc/sys/net/ipv4/conf/all/rp_filter
04-24 06:56:40.111 16664 16664 I olsrd   : Writing '0' (was 0) to /proc/sys/net/ipv4/conf/wlan0/send_redirects
04-24 06:56:40.111 16664 16664 I olsrd   : Writing '0' (was 0) to /proc/sys/net/ipv4/conf/wlan0/rp_filter
04-24 06:56:40.111 16664 16664 I olsrd   : Adding interface wlan0
04-24 06:56:40.111 16664 16664 I olsrd   : New main address: 10.1.1.27
04-24 06:56:40.111 16665 16665 I olsrd   : olsr.org -  0.6.6.2-n -git_0000000 -n -hash_ 7985605520f3cae9b305d56e83b35d9c successfully started
--------- beginning of /dev/log/system
04-24 06:59:00.086   783   813 W ProcessStats: Skipping unknown process pid 17541
04-24 06:59:00.126  1397  1406 E MP-Decision: num online cores: 1 reqd : 2 available : 4 rq_depth:3.100000 hotplug_avg_load_dw: 23
04-24 06:59:00.126  1397  1406 E MP-Decision: UP cpu:1 core_idx:1 Nw:1.900000 Tw:140 total_time_up:144.000000
04-24 06:59:00.326  1397  1406 E MP-Decision: num online cores: 2 reqd : 1 available : 4 rq_depth:0.000000 hotplug_avg_load_dw: 18
04-24 06:59:00.326  1397  1406 E MP-Decision: DOWN cpu:1 core_idx:1 Ns:1.100000 Ts:190 total_time_down:149.000000
04-24 07:01:05.057   783   804 W ProcessStats: Skipping unknown process pid 18330
04-24 07:01:05.057   783   804 W ProcessStats: Skipping unknown process pid 18331
04-24 07:01:05.057   783   804 W ProcessStats: Skipping unknown process pid 18332
04-24 07:02:20.300  1397  1406 E MP-Decision: num online cores: 1 reqd : 2 available : 4 rq_depth:1.000000 hotplug_avg_load_dw: 66
04-24 07:02:20.300  1397  1406 E MP-Decision: UP cpu:1 core_idx:1 Nw:1.900000 Tw:140 total_time_up:0.000000
04-24 07:02:20.430 18848 18848 D AndroidRuntime: 
04-24 07:02:20.430 18848 18848 D AndroidRuntime: >>>>>> AndroidRuntime START com.android.internal.os.RuntimeInit <<<<<<
04-24 07:02:20.430 18848 18848 D AndroidRuntime: CheckJNI is ON
04-24 07:02:20.430 18848 18848 E dalvikvm: ERROR: must specify non-'.' bootclasspath
04-24 07:02:20.430 18848 18848 W dalvikvm: CreateJavaVM failed: dvmClassStartup failed
04-24 07:02:20.430 18848 18848 E AndroidRuntime: JNI_CreateJavaVM failed
04-24 07:02:20.520 16665 16665 I olsrd   : Writing '1' (was 0) to /proc/sys/net/ipv4/conf/all/send_redirects
04-24 07:02:20.520 16665 16665 I olsrd   : olsr.org -  0.6.6.2-n -git_0000000 -n -hash_ 7985605520f3cae9b305d56e83b35d9c stopped
04-24 07:02:21.221  1397  1406 E MP-Decision: num online cores: 2 reqd : 1 available : 4 rq_depth:0.000000 hotplug_avg_load_dw: 28
04-24 07:02:21.221  1397  1406 E MP-Decision: DOWN cpu:1 core_idx:1 Ns:1.100000 Ts:190 total_time_down:276.000000
04-24 07:02:21.842  1397  1406 E MP-Decision: num online cores: 1 reqd : 2 available : 4 rq_depth:1.900000 hotplug_avg_load_dw: 66
04-24 07:02:21.842  1397  1406 E MP-Decision: UP cpu:1 core_idx:1 Nw:1.900000 Tw:140 total_time_up:49.000000
04-24 07:02:22.412 18947 18947 D AndroidRuntime: 
04-24 07:02:22.412 18947 18947 D AndroidRuntime: >>>>>> AndroidRuntime START com.android.internal.os.RuntimeInit <<<<<<
04-24 07:02:22.412 18947 18947 D AndroidRuntime: CheckJNI is ON
04-24 07:02:22.422 18947 18947 E dalvikvm: ERROR: must specify non-'.' bootclasspath
04-24 07:02:22.422 18947 18947 W dalvikvm: CreateJavaVM failed: dvmClassStartup failed
04-24 07:02:22.422 18947 18947 E AndroidRuntime: JNI_CreateJavaVM failed
04-24 07:02:22.773 18948 18948 D AndroidRuntime: 
04-24 07:02:22.773 18948 18948 D AndroidRuntime: >>>>>> AndroidRuntime START com.android.internal.os.RuntimeInit <<<<<<
04-24 07:02:22.773 18948 18948 D AndroidRuntime: CheckJNI is ON
04-24 07:02:22.773 18948 18948 E dalvikvm: ERROR: must specify non-'.' bootclasspath
04-24 07:02:22.773 18948 18948 W dalvikvm: CreateJavaVM failed: dvmClassStartup failed
04-24 07:02:22.773 18948 18948 E AndroidRuntime: JNI_CreateJavaVM failed
