--------- beginning of /dev/log/main
04-24 06:39:01.784  1426  1432 E MP-Decision: num online cores: 2 reqd : 1 available : 4 rq_depth:1.000000 hotplug_avg_load_dw: 10
04-24 06:39:01.784  1426  1432 E MP-Decision: DOWN cpu:1 core_idx:1 Ns:1.100000 Ts:190 total_time_down:48.000000
04-24 06:39:02.034  1426  1432 E MP-Decision: num online cores: 1 reqd : 2 available : 4 rq_depth:1.000000 hotplug_avg_load_dw: 65
04-24 06:39:02.034  1426  1432 E MP-Decision: UP cpu:1 core_idx:1 Nw:1.900000 Tw:140 total_time_up:0.000000
04-24 06:39:02.555 19842 19842 D AndroidRuntime: 
04-24 06:39:02.555 19842 19842 D AndroidRuntime: >>>>>> AndroidRuntime START com.android.internal.os.RuntimeInit <<<<<<
04-24 06:39:02.555 19842 19842 D AndroidRuntime: CheckJNI is ON
04-24 06:39:02.555 19842 19842 E dalvikvm: ERROR: must specify non-'.' bootclasspath
04-24 06:39:02.555 19842 19842 W dalvikvm: CreateJavaVM failed: dvmClassStartup failed
04-24 06:39:02.555 19842 19842 E AndroidRuntime: JNI_CreateJavaVM failed
04-24 06:39:02.885 19843 19843 D AndroidRuntime: 
04-24 06:39:02.885 19843 19843 D AndroidRuntime: >>>>>> AndroidRuntime START com.android.internal.os.RuntimeInit <<<<<<
04-24 06:39:02.885 19843 19843 D AndroidRuntime: CheckJNI is ON
04-24 06:39:02.885 19843 19843 E dalvikvm: ERROR: must specify non-'.' bootclasspath
04-24 06:39:02.885 19843 19843 W dalvikvm: CreateJavaVM failed: dvmClassStartup failed
04-24 06:39:02.885 19843 19843 E AndroidRuntime: JNI_CreateJavaVM failed
04-24 06:39:05.027  1426  1432 E MP-Decision: num online cores: 2 reqd : 1 available : 4 rq_depth:0.000000 hotplug_avg_load_dw: 28
04-24 06:39:05.027  1426  1432 E MP-Decision: DOWN cpu:1 core_idx:1 Ns:1.100000 Ts:190 total_time_down:2387.000000
04-24 06:56:40.096 20023 20023 I olsrd   : Writing '1' (was 1) to /proc/sys/net/ipv4/ip_forward
04-24 06:56:40.096 20023 20023 I olsrd   : Writing '0' (was 1) to /proc/sys/net/ipv4/conf/all/send_redirects
04-24 06:56:40.106 20023 20023 I olsrd   : Writing '0' (was 0) to /proc/sys/net/ipv4/conf/all/rp_filter
04-24 06:56:40.106 20023 20023 I olsrd   : Writing '0' (was 0) to /proc/sys/net/ipv4/conf/wlan0/send_redirects
04-24 06:56:40.106 20023 20023 I olsrd   : Writing '0' (was 0) to /proc/sys/net/ipv4/conf/wlan0/rp_filter
04-24 06:56:40.106 20023 20023 I olsrd   : Adding interface wlan0
04-24 06:56:40.106 20023 20023 I olsrd   : New main address: 10.1.1.40
04-24 06:56:40.106 20028 20028 I olsrd   : olsr.org -  0.6.6.2-n -git_0000000 -n -hash_ 7985605520f3cae9b305d56e83b35d9c successfully started
--------- beginning of /dev/log/system
04-24 06:59:50.059   807   838 W ProcessStats: Skipping unknown process pid 21595
04-24 07:02:20.294  1426  1432 E MP-Decision: num online cores: 1 reqd : 2 available : 4 rq_depth:1.000000 hotplug_avg_load_dw: 68
04-24 07:02:20.294  1426  1432 E MP-Decision: UP cpu:1 core_idx:1 Nw:1.900000 Tw:140 total_time_up:0.000000
04-24 07:02:20.445 22890 22890 D AndroidRuntime: 
04-24 07:02:20.445 22890 22890 D AndroidRuntime: >>>>>> AndroidRuntime START com.android.internal.os.RuntimeInit <<<<<<
04-24 07:02:20.445 22890 22890 D AndroidRuntime: CheckJNI is ON
04-24 07:02:20.445 22890 22890 E dalvikvm: ERROR: must specify non-'.' bootclasspath
04-24 07:02:20.445 22890 22890 W dalvikvm: CreateJavaVM failed: dvmClassStartup failed
04-24 07:02:20.445 22890 22890 E AndroidRuntime: JNI_CreateJavaVM failed
04-24 07:02:20.635 20028 20028 I olsrd   : Writing '1' (was 0) to /proc/sys/net/ipv4/conf/all/send_redirects
04-24 07:02:20.635 20028 20028 I olsrd   : olsr.org -  0.6.6.2-n -git_0000000 -n -hash_ 7985605520f3cae9b305d56e83b35d9c stopped
04-24 07:02:21.746  1426  1432 E MP-Decision: num online cores: 2 reqd : 1 available : 4 rq_depth:1.100000 hotplug_avg_load_dw: 20
04-24 07:02:21.746  1426  1432 E MP-Decision: DOWN cpu:1 core_idx:1 Ns:1.100000 Ts:190 total_time_down:1020.000000
04-24 07:02:22.046  1426  1432 E MP-Decision: num online cores: 1 reqd : 2 available : 4 rq_depth:1.000000 hotplug_avg_load_dw: 72
04-24 07:02:22.046  1426  1432 E MP-Decision: UP cpu:1 core_idx:1 Nw:1.900000 Tw:140 total_time_up:0.000000
04-24 07:02:22.597 22952 22952 D AndroidRuntime: 
04-24 07:02:22.597 22952 22952 D AndroidRuntime: >>>>>> AndroidRuntime START com.android.internal.os.RuntimeInit <<<<<<
04-24 07:02:22.597 22952 22952 D AndroidRuntime: CheckJNI is ON
04-24 07:02:22.597 22952 22952 E dalvikvm: ERROR: must specify non-'.' bootclasspath
04-24 07:02:22.597 22952 22952 W dalvikvm: CreateJavaVM failed: dvmClassStartup failed
04-24 07:02:22.597 22952 22952 E AndroidRuntime: JNI_CreateJavaVM failed
04-24 07:02:22.947 22953 22953 D AndroidRuntime: 
04-24 07:02:22.947 22953 22953 D AndroidRuntime: >>>>>> AndroidRuntime START com.android.internal.os.RuntimeInit <<<<<<
04-24 07:02:22.947 22953 22953 D AndroidRuntime: CheckJNI is ON
04-24 07:02:22.947 22953 22953 E dalvikvm: ERROR: must specify non-'.' bootclasspath
04-24 07:02:22.947 22953 22953 W dalvikvm: CreateJavaVM failed: dvmClassStartup failed
04-24 07:02:22.947 22953 22953 E AndroidRuntime: JNI_CreateJavaVM failed
