--------- beginning of /dev/log/main
04-24 05:58:11.110  1422  1429 E MP-Decision: num online cores: 2 reqd : 1 available : 4 rq_depth:0.000000 hotplug_avg_load_dw: 21
04-24 05:58:11.110  1422  1429 E MP-Decision: DOWN cpu:1 core_idx:1 Ns:1.100000 Ts:190 total_time_down:391.000000
04-24 05:58:11.960  1422  1429 E MP-Decision: num online cores: 1 reqd : 2 available : 4 rq_depth:1.000000 hotplug_avg_load_dw: 61
04-24 05:58:11.960  1422  1429 E MP-Decision: UP cpu:1 core_idx:1 Nw:1.900000 Tw:140 total_time_up:0.000000
04-24 05:58:12.511 11353 11353 D AndroidRuntime: 
04-24 05:58:12.511 11353 11353 D AndroidRuntime: >>>>>> AndroidRuntime START com.android.internal.os.RuntimeInit <<<<<<
04-24 05:58:12.511 11353 11353 D AndroidRuntime: CheckJNI is ON
04-24 05:58:12.511 11353 11353 E dalvikvm: ERROR: must specify non-'.' bootclasspath
04-24 05:58:12.511 11353 11353 W dalvikvm: CreateJavaVM failed: dvmClassStartup failed
04-24 05:58:12.511 11353 11353 E AndroidRuntime: JNI_CreateJavaVM failed
04-24 05:58:12.871 11355 11355 D AndroidRuntime: 
04-24 05:58:12.871 11355 11355 D AndroidRuntime: >>>>>> AndroidRuntime START com.android.internal.os.RuntimeInit <<<<<<
04-24 05:58:12.871 11355 11355 D AndroidRuntime: CheckJNI is ON
04-24 05:58:12.871 11355 11355 E dalvikvm: ERROR: must specify non-'.' bootclasspath
04-24 05:58:12.871 11355 11355 W dalvikvm: CreateJavaVM failed: dvmClassStartup failed
04-24 05:58:12.871 11355 11355 E AndroidRuntime: JNI_CreateJavaVM failed
04-24 05:58:13.162  1422  1429 E MP-Decision: num online cores: 2 reqd : 1 available : 4 rq_depth:0.000000 hotplug_avg_load_dw: 27
04-24 05:58:13.162  1422  1429 E MP-Decision: DOWN cpu:1 core_idx:1 Ns:1.100000 Ts:190 total_time_down:488.000000
04-24 06:10:00.154 11535 11535 I olsrd   : Writing '1' (was 1) to /proc/sys/net/ipv4/ip_forward
04-24 06:10:00.154 11535 11535 I olsrd   : Writing '0' (was 1) to /proc/sys/net/ipv4/conf/all/send_redirects
04-24 06:10:00.154 11535 11535 I olsrd   : Writing '0' (was 0) to /proc/sys/net/ipv4/conf/all/rp_filter
04-24 06:10:05.179 11575 11575 I olsrd   : olsr.org -  0.6.6.2-n -git_0000000 -n -hash_ 7985605520f3cae9b305d56e83b35d9c successfully started
04-24 06:15:35.628   329   755 D MDnsDS  : MDnsSdListener::Monitor poll timed out
04-24 06:15:35.628   329   755 D MDnsDS  : Going to poll with pollCount 1
04-24 06:15:40.302  1422  1429 E MP-Decision: num online cores: 1 reqd : 2 available : 4 rq_depth:1.000000 hotplug_avg_load_dw: 69
04-24 06:15:40.302  1422  1429 E MP-Decision: UP cpu:1 core_idx:1 Nw:1.900000 Tw:140 total_time_up:0.000000
04-24 06:15:40.452 13710 13710 D AndroidRuntime: 
04-24 06:15:40.452 13710 13710 D AndroidRuntime: >>>>>> AndroidRuntime START com.android.internal.os.RuntimeInit <<<<<<
04-24 06:15:40.452 13710 13710 D AndroidRuntime: CheckJNI is ON
04-24 06:15:40.452 13710 13710 E dalvikvm: ERROR: must specify non-'.' bootclasspath
04-24 06:15:40.452 13710 13710 W dalvikvm: CreateJavaVM failed: dvmClassStartup failed
04-24 06:15:40.452 13710 13710 E AndroidRuntime: JNI_CreateJavaVM failed
04-24 06:15:40.673 11575 11575 I olsrd   : Writing '1' (was 0) to /proc/sys/net/ipv4/conf/all/send_redirects
04-24 06:15:40.673 11575 11575 I olsrd   : olsr.org -  0.6.6.2-n -git_0000000 -n -hash_ 7985605520f3cae9b305d56e83b35d9c stopped
04-24 06:15:41.353  1422  1429 E MP-Decision: num online cores: 2 reqd : 1 available : 4 rq_depth:1.000000 hotplug_avg_load_dw: 22
04-24 06:15:41.353  1422  1429 E MP-Decision: DOWN cpu:1 core_idx:1 Ns:1.100000 Ts:190 total_time_down:195.000000
04-24 06:15:42.004  1422  1429 E MP-Decision: num online cores: 1 reqd : 2 available : 4 rq_depth:1.300000 hotplug_avg_load_dw: 69
04-24 06:15:42.004  1422  1429 E MP-Decision: UP cpu:1 core_idx:1 Nw:1.900000 Tw:140 total_time_up:0.000000
04-24 06:15:42.554 13808 13808 D AndroidRuntime: 
04-24 06:15:42.554 13808 13808 D AndroidRuntime: >>>>>> AndroidRuntime START com.android.internal.os.RuntimeInit <<<<<<
04-24 06:15:42.554 13808 13808 D AndroidRuntime: CheckJNI is ON
04-24 06:15:42.554 13808 13808 E dalvikvm: ERROR: must specify non-'.' bootclasspath
04-24 06:15:42.554 13808 13808 W dalvikvm: CreateJavaVM failed: dvmClassStartup failed
04-24 06:15:42.554 13808 13808 E AndroidRuntime: JNI_CreateJavaVM failed
04-24 06:15:42.915 13809 13809 D AndroidRuntime: 
04-24 06:15:42.915 13809 13809 D AndroidRuntime: >>>>>> AndroidRuntime START com.android.internal.os.RuntimeInit <<<<<<
04-24 06:15:42.915 13809 13809 D AndroidRuntime: CheckJNI is ON
04-24 06:15:42.915 13809 13809 E dalvikvm: ERROR: must specify non-'.' bootclasspath
04-24 06:15:42.915 13809 13809 W dalvikvm: CreateJavaVM failed: dvmClassStartup failed
04-24 06:15:42.915 13809 13809 E AndroidRuntime: JNI_CreateJavaVM failed
