--------- beginning of /dev/log/main
04-24 06:15:41.561  1403  1410 E MP-Decision: num online cores: 2 reqd : 1 available : 4 rq_depth:0.000000 hotplug_avg_load_dw: 28
04-24 06:15:41.561  1403  1410 E MP-Decision: DOWN cpu:1 core_idx:1 Ns:1.100000 Ts:190 total_time_down:898.000000
04-24 06:15:41.911  1403  1410 E MP-Decision: num online cores: 1 reqd : 2 available : 4 rq_depth:1.100000 hotplug_avg_load_dw: 66
04-24 06:15:41.911  1403  1410 E MP-Decision: UP cpu:1 core_idx:1 Nw:1.900000 Tw:140 total_time_up:0.000000
04-24 06:15:42.562 16742 16742 D AndroidRuntime: 
04-24 06:15:42.562 16742 16742 D AndroidRuntime: >>>>>> AndroidRuntime START com.android.internal.os.RuntimeInit <<<<<<
04-24 06:15:42.562 16742 16742 D AndroidRuntime: CheckJNI is ON
04-24 06:15:42.562 16742 16742 E dalvikvm: ERROR: must specify non-'.' bootclasspath
04-24 06:15:42.562 16742 16742 W dalvikvm: CreateJavaVM failed: dvmClassStartup failed
04-24 06:15:42.562 16742 16742 E AndroidRuntime: JNI_CreateJavaVM failed
04-24 06:15:42.892 16743 16743 D AndroidRuntime: 
04-24 06:15:42.892 16743 16743 D AndroidRuntime: >>>>>> AndroidRuntime START com.android.internal.os.RuntimeInit <<<<<<
04-24 06:15:42.892 16743 16743 D AndroidRuntime: CheckJNI is ON
04-24 06:15:42.892 16743 16743 E dalvikvm: ERROR: must specify non-'.' bootclasspath
04-24 06:15:42.892 16743 16743 W dalvikvm: CreateJavaVM failed: dvmClassStartup failed
04-24 06:15:42.892 16743 16743 E AndroidRuntime: JNI_CreateJavaVM failed
04-24 06:15:44.964  1403  1410 E MP-Decision: num online cores: 2 reqd : 1 available : 4 rq_depth:0.000000 hotplug_avg_load_dw: 14
04-24 06:15:44.964  1403  1410 E MP-Decision: DOWN cpu:1 core_idx:1 Ns:1.100000 Ts:190 total_time_down:1994.000000
04-24 06:16:16.265   310   731 D MDnsDS  : MDnsSdListener::Monitor poll timed out
04-24 06:16:16.265   310   731 D MDnsDS  : Going to poll with pollCount 1
--------- beginning of /dev/log/system
04-24 06:24:48.519   782   806 W BroadcastQueue: Timeout of broadcast BroadcastRecord{417db890 u0 com.android.server.action.NETWORK_STATS_POLL} - receiver=android.app.LoadedApk$ReceiverDispatcher$InnerReceiver@4181ff00, started 60008ms ago
04-24 06:24:48.519   782   806 W BroadcastQueue: Receiver during timeout: BroadcastFilter{41b51e38 u0 ReceiverList{41b53c70 782 system/1000/u0 local:4181ff00}}
04-24 06:29:38.755   782   801 I EntropyMixer: Writing entropy...
04-24 06:33:00.203  1403  1410 E MP-Decision: num online cores: 1 reqd : 2 available : 4 rq_depth:2.000000 hotplug_avg_load_dw: 42
04-24 06:33:00.203  1403  1410 E MP-Decision: UP cpu:1 core_idx:1 Nw:1.900000 Tw:140 total_time_up:146.000000
04-24 06:33:00.344  1403  1410 E MP-Decision: num online cores: 2 reqd : 1 available : 4 rq_depth:0.000000 hotplug_avg_load_dw: 15
04-24 06:33:00.344  1403  1410 E MP-Decision: DOWN cpu:1 core_idx:1 Ns:1.100000 Ts:190 total_time_down:136.000000
04-24 06:33:20.103 16931 16931 I olsrd   : Writing '1' (was 1) to /proc/sys/net/ipv4/ip_forward
04-24 06:33:20.103 16931 16931 I olsrd   : Writing '0' (was 1) to /proc/sys/net/ipv4/conf/all/send_redirects
04-24 06:33:20.103 16931 16931 I olsrd   : Writing '0' (was 0) to /proc/sys/net/ipv4/conf/all/rp_filter
04-24 06:33:20.103 16931 16931 I olsrd   : Writing '0' (was 0) to /proc/sys/net/ipv4/conf/wlan0/send_redirects
04-24 06:33:20.103 16931 16931 I olsrd   : Writing '0' (was 0) to /proc/sys/net/ipv4/conf/wlan0/rp_filter
04-24 06:33:20.103 16931 16931 I olsrd   : Adding interface wlan0
04-24 06:33:20.103 16931 16931 I olsrd   : New main address: 10.1.1.35
04-24 06:33:20.113 16936 16936 I olsrd   : olsr.org -  0.6.6.2-n -git_0000000 -n -hash_ 7985605520f3cae9b305d56e83b35d9c successfully started
04-24 06:36:05.056   782   806 W ProcessStats: Skipping unknown process pid 18295
04-24 06:39:00.148  1403  1410 E MP-Decision: num online cores: 1 reqd : 2 available : 4 rq_depth:2.800000 hotplug_avg_load_dw: 27
04-24 06:39:00.148  1403  1410 E MP-Decision: UP cpu:1 core_idx:1 Nw:1.900000 Tw:140 total_time_up:146.000000
04-24 06:39:00.518 19804 19804 D AndroidRuntime: 
04-24 06:39:00.518 19804 19804 D AndroidRuntime: >>>>>> AndroidRuntime START com.android.internal.os.RuntimeInit <<<<<<
04-24 06:39:00.518 19804 19804 D AndroidRuntime: CheckJNI is ON
04-24 06:39:00.518 19804 19804 E dalvikvm: ERROR: must specify non-'.' bootclasspath
04-24 06:39:00.518 19804 19804 W dalvikvm: CreateJavaVM failed: dvmClassStartup failed
04-24 06:39:00.518 19804 19804 E AndroidRuntime: JNI_CreateJavaVM failed
04-24 06:39:00.658 16936 16936 I olsrd   : Writing '1' (was 0) to /proc/sys/net/ipv4/conf/all/send_redirects
04-24 06:39:00.658 16936 16936 I olsrd   : olsr.org -  0.6.6.2-n -git_0000000 -n -hash_ 7985605520f3cae9b305d56e83b35d9c stopped
04-24 06:39:01.719  1403  1410 E MP-Decision: num online cores: 2 reqd : 1 available : 4 rq_depth:0.000000 hotplug_avg_load_dw: 27
04-24 06:39:01.719  1403  1410 E MP-Decision: DOWN cpu:1 core_idx:1 Ns:1.100000 Ts:190 total_time_down:1106.000000
04-24 06:39:01.970  1403  1410 E MP-Decision: num online cores: 1 reqd : 2 available : 4 rq_depth:1.000000 hotplug_avg_load_dw: 64
04-24 06:39:01.970  1403  1410 E MP-Decision: UP cpu:1 core_idx:1 Nw:1.900000 Tw:140 total_time_up:0.000000
04-24 06:39:02.540 19862 19862 D AndroidRuntime: 
04-24 06:39:02.540 19862 19862 D AndroidRuntime: >>>>>> AndroidRuntime START com.android.internal.os.RuntimeInit <<<<<<
04-24 06:39:02.540 19862 19862 D AndroidRuntime: CheckJNI is ON
04-24 06:39:02.540 19862 19862 E dalvikvm: ERROR: must specify non-'.' bootclasspath
04-24 06:39:02.540 19862 19862 W dalvikvm: CreateJavaVM failed: dvmClassStartup failed
04-24 06:39:02.540 19862 19862 E AndroidRuntime: JNI_CreateJavaVM failed
04-24 06:39:02.891 19863 19863 D AndroidRuntime: 
04-24 06:39:02.891 19863 19863 D AndroidRuntime: >>>>>> AndroidRuntime START com.android.internal.os.RuntimeInit <<<<<<
04-24 06:39:02.891 19863 19863 D AndroidRuntime: CheckJNI is ON
04-24 06:39:02.891 19863 19863 E dalvikvm: ERROR: must specify non-'.' bootclasspath
04-24 06:39:02.891 19863 19863 W dalvikvm: CreateJavaVM failed: dvmClassStartup failed
04-24 06:39:02.891 19863 19863 E AndroidRuntime: JNI_CreateJavaVM failed
