--------- beginning of /dev/log/main
04-24 05:58:11.684  1434  1447 E MP-Decision: num online cores: 2 reqd : 1 available : 4 rq_depth:1.200000 hotplug_avg_load_dw: 16
04-24 05:58:11.684  1434  1447 E MP-Decision: DOWN cpu:1 core_idx:1 Ns:1.100000 Ts:190 total_time_down:0.000000
04-24 05:58:11.985  1434  1447 E MP-Decision: num online cores: 1 reqd : 2 available : 4 rq_depth:1.000000 hotplug_avg_load_dw: 72
04-24 05:58:11.985  1434  1447 E MP-Decision: UP cpu:1 core_idx:1 Nw:1.900000 Tw:140 total_time_up:0.000000
04-24 05:58:12.565 11404 11404 D AndroidRuntime: 
04-24 05:58:12.565 11404 11404 D AndroidRuntime: >>>>>> AndroidRuntime START com.android.internal.os.RuntimeInit <<<<<<
04-24 05:58:12.565 11404 11404 D AndroidRuntime: CheckJNI is ON
04-24 05:58:12.565 11404 11404 E dalvikvm: ERROR: must specify non-'.' bootclasspath
04-24 05:58:12.565 11404 11404 W dalvikvm: CreateJavaVM failed: dvmClassStartup failed
04-24 05:58:12.565 11404 11404 E AndroidRuntime: JNI_CreateJavaVM failed
04-24 05:58:12.896 11405 11405 D AndroidRuntime: 
04-24 05:58:12.896 11405 11405 D AndroidRuntime: >>>>>> AndroidRuntime START com.android.internal.os.RuntimeInit <<<<<<
04-24 05:58:12.896 11405 11405 D AndroidRuntime: CheckJNI is ON
04-24 05:58:12.896 11405 11405 E dalvikvm: ERROR: must specify non-'.' bootclasspath
04-24 05:58:12.896 11405 11405 W dalvikvm: CreateJavaVM failed: dvmClassStartup failed
04-24 05:58:12.896 11405 11405 E AndroidRuntime: JNI_CreateJavaVM failed
04-24 05:58:14.837  1434  1447 E MP-Decision: num online cores: 2 reqd : 1 available : 4 rq_depth:0.000000 hotplug_avg_load_dw: 25
04-24 05:58:14.837  1434  1447 E MP-Decision: DOWN cpu:1 core_idx:1 Ns:1.100000 Ts:190 total_time_down:2187.000000
--------- beginning of /dev/log/system
04-24 06:05:49.118   806   830 W BroadcastQueue: Timeout of broadcast BroadcastRecord{418d69d8 u0 com.android.server.action.NETWORK_STATS_POLL} - receiver=android.app.LoadedApk$ReceiverDispatcher$InnerReceiver@41c33ba0, started 60014ms ago
04-24 06:05:49.118   806   830 W BroadcastQueue: Receiver during timeout: BroadcastFilter{41bf0e58 u0 ReceiverList{41bf4e98 806 system/1000/u0 local:41c33ba0}}
04-24 06:10:00.121 11586 11586 I olsrd   : Writing '1' (was 1) to /proc/sys/net/ipv4/ip_forward
04-24 06:10:00.121 11586 11586 I olsrd   : Writing '0' (was 1) to /proc/sys/net/ipv4/conf/all/send_redirects
04-24 06:10:00.121 11586 11586 I olsrd   : Writing '0' (was 0) to /proc/sys/net/ipv4/conf/all/rp_filter
04-24 06:10:00.121 11586 11586 I olsrd   : Writing '0' (was 0) to /proc/sys/net/ipv4/conf/wlan0/send_redirects
04-24 06:10:00.121 11586 11586 I olsrd   : Writing '0' (was 0) to /proc/sys/net/ipv4/conf/wlan0/rp_filter
04-24 06:10:00.121 11586 11586 I olsrd   : Adding interface wlan0
04-24 06:10:00.121 11586 11586 I olsrd   : New main address: 10.1.1.29
04-24 06:10:00.131 11587 11587 I olsrd   : olsr.org -  0.6.6.2-n -git_0000000 -n -hash_ 7985605520f3cae9b305d56e83b35d9c successfully started
04-24 06:10:05.036   806   830 W ProcessStats: Skipping unknown process pid 11619
04-24 06:15:40.281  1434  1447 E MP-Decision: num online cores: 1 reqd : 2 available : 4 rq_depth:1.000000 hotplug_avg_load_dw: 66
04-24 06:15:40.281  1434  1447 E MP-Decision: UP cpu:1 core_idx:1 Nw:1.900000 Tw:140 total_time_up:0.000000
04-24 06:15:40.411 13750 13750 D AndroidRuntime: 
04-24 06:15:40.411 13750 13750 D AndroidRuntime: >>>>>> AndroidRuntime START com.android.internal.os.RuntimeInit <<<<<<
04-24 06:15:40.411 13750 13750 D AndroidRuntime: CheckJNI is ON
04-24 06:15:40.411 13750 13750 E dalvikvm: ERROR: must specify non-'.' bootclasspath
04-24 06:15:40.411 13750 13750 W dalvikvm: CreateJavaVM failed: dvmClassStartup failed
04-24 06:15:40.411 13750 13750 E AndroidRuntime: JNI_CreateJavaVM failed
04-24 06:15:40.551 11587 11587 I olsrd   : Writing '1' (was 0) to /proc/sys/net/ipv4/conf/all/send_redirects
04-24 06:15:40.551 11587 11587 I olsrd   : olsr.org -  0.6.6.2-n -git_0000000 -n -hash_ 7985605520f3cae9b305d56e83b35d9c stopped
04-24 06:15:40.992  1434  1447 E MP-Decision: num online cores: 2 reqd : 1 available : 4 rq_depth:1.000000 hotplug_avg_load_dw: 26
04-24 06:15:40.992  1434  1447 E MP-Decision: DOWN cpu:1 core_idx:1 Ns:1.100000 Ts:190 total_time_down:302.000000
04-24 06:15:41.863  1434  1447 E MP-Decision: num online cores: 1 reqd : 2 available : 4 rq_depth:1.300000 hotplug_avg_load_dw: 66
04-24 06:15:41.863  1434  1447 E MP-Decision: UP cpu:1 core_idx:1 Nw:1.900000 Tw:140 total_time_up:0.000000
04-24 06:15:42.443 13861 13861 D AndroidRuntime: 
04-24 06:15:42.443 13861 13861 D AndroidRuntime: >>>>>> AndroidRuntime START com.android.internal.os.RuntimeInit <<<<<<
04-24 06:15:42.443 13861 13861 D AndroidRuntime: CheckJNI is ON
04-24 06:15:42.443 13861 13861 E dalvikvm: ERROR: must specify non-'.' bootclasspath
04-24 06:15:42.443 13861 13861 W dalvikvm: CreateJavaVM failed: dvmClassStartup failed
04-24 06:15:42.443 13861 13861 E AndroidRuntime: JNI_CreateJavaVM failed
04-24 06:15:42.784 13862 13862 D AndroidRuntime: 
04-24 06:15:42.784 13862 13862 D AndroidRuntime: >>>>>> AndroidRuntime START com.android.internal.os.RuntimeInit <<<<<<
04-24 06:15:42.784 13862 13862 D AndroidRuntime: CheckJNI is ON
04-24 06:15:42.784 13862 13862 E dalvikvm: ERROR: must specify non-'.' bootclasspath
04-24 06:15:42.784 13862 13862 W dalvikvm: CreateJavaVM failed: dvmClassStartup failed
04-24 06:15:42.784 13862 13862 E AndroidRuntime: JNI_CreateJavaVM failed
