--------- beginning of /dev/log/main
04-24 06:44:51.703  1426  1432 E MP-Decision: num online cores: 2 reqd : 1 available : 4 rq_depth:1.000000 hotplug_avg_load_dw: 16
04-24 06:44:51.703  1426  1432 E MP-Decision: DOWN cpu:1 core_idx:1 Ns:1.100000 Ts:190 total_time_down:48.000000
04-24 06:44:51.953  1426  1432 E MP-Decision: num online cores: 1 reqd : 2 available : 4 rq_depth:1.000000 hotplug_avg_load_dw: 66
04-24 06:44:51.953  1426  1432 E MP-Decision: UP cpu:1 core_idx:1 Nw:1.900000 Tw:140 total_time_up:0.000000
04-24 06:44:52.423 16484 16484 D AndroidRuntime: 
04-24 06:44:52.423 16484 16484 D AndroidRuntime: >>>>>> AndroidRuntime START com.android.internal.os.RuntimeInit <<<<<<
04-24 06:44:52.423 16484 16484 D AndroidRuntime: CheckJNI is ON
04-24 06:44:52.423 16484 16484 E dalvikvm: ERROR: must specify non-'.' bootclasspath
04-24 06:44:52.423 16484 16484 W dalvikvm: CreateJavaVM failed: dvmClassStartup failed
04-24 06:44:52.423 16484 16484 E AndroidRuntime: JNI_CreateJavaVM failed
04-24 06:44:52.764 16485 16485 D AndroidRuntime: 
04-24 06:44:52.764 16485 16485 D AndroidRuntime: >>>>>> AndroidRuntime START com.android.internal.os.RuntimeInit <<<<<<
04-24 06:44:52.764 16485 16485 D AndroidRuntime: CheckJNI is ON
04-24 06:44:52.764 16485 16485 E dalvikvm: ERROR: must specify non-'.' bootclasspath
04-24 06:44:52.764 16485 16485 W dalvikvm: CreateJavaVM failed: dvmClassStartup failed
04-24 06:44:52.764 16485 16485 E AndroidRuntime: JNI_CreateJavaVM failed
04-24 06:44:54.636  1426  1432 E MP-Decision: num online cores: 2 reqd : 1 available : 4 rq_depth:0.000000 hotplug_avg_load_dw: 18
04-24 06:44:54.636  1426  1432 E MP-Decision: DOWN cpu:1 core_idx:1 Ns:1.100000 Ts:190 total_time_down:2652.000000
--------- beginning of /dev/log/system
04-24 06:49:23.065   807   828 W BroadcastQueue: Timeout of broadcast BroadcastRecord{42004c70 u0 com.android.server.action.NETWORK_STATS_POLL} - receiver=android.app.LoadedApk$ReceiverDispatcher$InnerReceiver@41bbf290, started 60005ms ago
04-24 06:49:23.065   807   828 W BroadcastQueue: Receiver during timeout: BroadcastFilter{41baaa60 u0 ReceiverList{41bb4e38 807 system/1000/u0 local:41bbf290}}
04-24 06:56:40.108 16665 16665 I olsrd   : Writing '1' (was 1) to /proc/sys/net/ipv4/ip_forward
04-24 06:56:40.108 16665 16665 I olsrd   : Writing '0' (was 1) to /proc/sys/net/ipv4/conf/all/send_redirects
04-24 06:56:40.108 16665 16665 I olsrd   : Writing '0' (was 0) to /proc/sys/net/ipv4/conf/all/rp_filter
04-24 06:56:40.108 16665 16665 I olsrd   : Writing '0' (was 0) to /proc/sys/net/ipv4/conf/wlan0/send_redirects
04-24 06:56:40.108 16665 16665 I olsrd   : Writing '0' (was 0) to /proc/sys/net/ipv4/conf/wlan0/rp_filter
04-24 06:56:40.118 16665 16665 I olsrd   : Adding interface wlan0
04-24 06:56:40.118 16665 16665 I olsrd   : New main address: 10.1.1.30
04-24 06:56:40.118 16666 16666 I olsrd   : olsr.org -  0.6.6.2-n -git_0000000 -n -hash_ 7985605520f3cae9b305d56e83b35d9c successfully started
04-24 07:00:23.974 16666 16666 I olsrd   : detected duplicate packet with seqnr 0xa2a1 from 10.1.1.29 on wlan0 (320 Bytes)
04-24 07:02:20.196  1426  1432 E MP-Decision: num online cores: 1 reqd : 2 available : 4 rq_depth:3.900000 hotplug_avg_load_dw: 35
04-24 07:02:20.196  1426  1432 E MP-Decision: UP cpu:1 core_idx:1 Nw:1.900000 Tw:140 total_time_up:146.000000
04-24 07:02:20.497 18847 18847 D AndroidRuntime: 
04-24 07:02:20.497 18847 18847 D AndroidRuntime: >>>>>> AndroidRuntime START com.android.internal.os.RuntimeInit <<<<<<
04-24 07:02:20.497 18847 18847 D AndroidRuntime: CheckJNI is ON
04-24 07:02:20.497 18847 18847 E dalvikvm: ERROR: must specify non-'.' bootclasspath
04-24 07:02:20.497 18847 18847 W dalvikvm: CreateJavaVM failed: dvmClassStartup failed
04-24 07:02:20.497 18847 18847 E AndroidRuntime: JNI_CreateJavaVM failed
04-24 07:02:20.697 16666 16666 I olsrd   : Writing '1' (was 0) to /proc/sys/net/ipv4/conf/all/send_redirects
04-24 07:02:20.697 16666 16666 I olsrd   : olsr.org -  0.6.6.2-n -git_0000000 -n -hash_ 7985605520f3cae9b305d56e83b35d9c stopped
04-24 07:02:21.327  1426  1432 E MP-Decision: num online cores: 2 reqd : 1 available : 4 rq_depth:0.000000 hotplug_avg_load_dw: 25
04-24 07:02:21.327  1426  1432 E MP-Decision: DOWN cpu:1 core_idx:1 Ns:1.100000 Ts:190 total_time_down:226.000000
04-24 07:02:21.998  1426  1432 E MP-Decision: num online cores: 1 reqd : 2 available : 4 rq_depth:1.000000 hotplug_avg_load_dw: 66
04-24 07:02:21.998  1426  1432 E MP-Decision: UP cpu:1 core_idx:1 Nw:1.900000 Tw:140 total_time_up:0.000000
04-24 07:02:22.499 18940 18940 D AndroidRuntime: 
04-24 07:02:22.499 18940 18940 D AndroidRuntime: >>>>>> AndroidRuntime START com.android.internal.os.RuntimeInit <<<<<<
04-24 07:02:22.499 18940 18940 D AndroidRuntime: CheckJNI is ON
04-24 07:02:22.499 18940 18940 E dalvikvm: ERROR: must specify non-'.' bootclasspath
04-24 07:02:22.499 18940 18940 W dalvikvm: CreateJavaVM failed: dvmClassStartup failed
04-24 07:02:22.509 18940 18940 E AndroidRuntime: JNI_CreateJavaVM failed
04-24 07:02:22.779 18942 18942 D AndroidRuntime: 
04-24 07:02:22.779 18942 18942 D AndroidRuntime: >>>>>> AndroidRuntime START com.android.internal.os.RuntimeInit <<<<<<
04-24 07:02:22.779 18942 18942 D AndroidRuntime: CheckJNI is ON
04-24 07:02:22.789 18942 18942 E dalvikvm: ERROR: must specify non-'.' bootclasspath
04-24 07:02:22.789 18942 18942 W dalvikvm: CreateJavaVM failed: dvmClassStartup failed
04-24 07:02:22.789 18942 18942 E AndroidRuntime: JNI_CreateJavaVM failed
