--------- beginning of /dev/log/main
04-24 05:47:18.735  1426  1432 E MP-Decision: num online cores: 2 reqd : 1 available : 4 rq_depth:1.100000 hotplug_avg_load_dw: 24
04-24 05:47:18.735  1426  1432 E MP-Decision: DOWN cpu:1 core_idx:1 Ns:1.100000 Ts:190 total_time_down:195.000000
04-24 05:47:18.845  9128  9128 I olsrd   : Writing '1' (was 1) to /proc/sys/net/ipv4/ip_forward
04-24 05:47:18.845  9128  9128 I olsrd   : Writing '0' (was 1) to /proc/sys/net/ipv4/conf/all/send_redirects
04-24 05:47:18.845  9128  9128 I olsrd   : Writing '0' (was 0) to /proc/sys/net/ipv4/conf/all/rp_filter
04-24 05:47:18.845  9128  9128 I olsrd   : Writing '0' (was 0) to /proc/sys/net/ipv4/conf/wlan0/send_redirects
04-24 05:47:18.845  9128  9128 I olsrd   : Writing '0' (was 0) to /proc/sys/net/ipv4/conf/wlan0/rp_filter
04-24 05:47:18.845  9128  9128 I olsrd   : Adding interface wlan0
04-24 05:47:18.845  9128  9128 I olsrd   : New main address: 10.1.1.30
04-24 05:47:18.855  9129  9129 I olsrd   : olsr.org -  0.6.6.2-n -git_0000000 -n -hash_ 7985605520f3cae9b305d56e83b35d9c successfully started
04-24 05:47:21.377  9145  9145 D dalvikvm: Not late-enabling CheckJNI (already on)
--------- beginning of /dev/log/system
04-24 05:47:21.397   807   828 I ActivityManager: Start proc edu.mit.ll.cbmen.monitor for service edu.mit.ll.cbmen.monitor/.MonitorService: pid=9145 uid=10055 gids={50055, 1015, 3003, 1028}
04-24 05:47:21.457  9145  9145 I MonitorService: onCreate() MonitorService
04-24 05:47:21.457  9145  9145 D AndroidRuntime: Shutting down VM
04-24 05:47:21.457  9145  9145 W dalvikvm: threadid=1: thread exiting with uncaught exception (group=0x415957c0)
04-24 05:47:21.457  9145  9145 E AndroidRuntime: FATAL EXCEPTION: main
04-24 05:47:21.457  9145  9145 E AndroidRuntime: java.lang.RuntimeException: Unable to start service edu.mit.ll.cbmen.monitor.MonitorService@418137f8 with null: java.lang.NullPointerException
04-24 05:47:21.457  9145  9145 E AndroidRuntime: 	at android.app.ActivityThread.handleServiceArgs(ActivityThread.java:2849)
04-24 05:47:21.457  9145  9145 E AndroidRuntime: 	at android.app.ActivityThread.access$1900(ActivityThread.java:153)
04-24 05:47:21.457  9145  9145 E AndroidRuntime: 	at android.app.ActivityThread$H.handleMessage(ActivityThread.java:1366)
04-24 05:47:21.457  9145  9145 E AndroidRuntime: 	at android.os.Handler.dispatchMessage(Handler.java:99)
04-24 05:47:21.457  9145  9145 E AndroidRuntime: 	at android.os.Looper.loop(Looper.java:137)
04-24 05:47:21.457  9145  9145 E AndroidRuntime: 	at android.app.ActivityThread.main(ActivityThread.java:5289)
04-24 05:47:21.457  9145  9145 E AndroidRuntime: 	at java.lang.reflect.Method.invokeNative(Native Method)
04-24 05:47:21.457  9145  9145 E AndroidRuntime: 	at java.lang.reflect.Method.invoke(Method.java:525)
04-24 05:47:21.457  9145  9145 E AndroidRuntime: 	at com.android.internal.os.ZygoteInit$MethodAndArgsCaller.run(ZygoteInit.java:739)
04-24 05:47:21.457  9145  9145 E AndroidRuntime: 	at com.android.internal.os.ZygoteInit.main(ZygoteInit.java:555)
04-24 05:47:21.457  9145  9145 E AndroidRuntime: 	at dalvik.system.NativeStart.main(Native Method)
04-24 05:47:21.457  9145  9145 E AndroidRuntime: Caused by: java.lang.NullPointerException
04-24 05:47:21.457  9145  9145 E AndroidRuntime: 	at edu.mit.ll.cbmen.monitor.MonitorService.onStartCommand(MonitorService.java:773)
04-24 05:47:21.457  9145  9145 E AndroidRuntime: 	at android.app.ActivityThread.handleServiceArgs(ActivityThread.java:2832)
04-24 05:47:21.457  9145  9145 E AndroidRuntime: 	... 10 more
04-24 05:47:21.467  9145  9145 I Process : Sending signal. PID: 9145 SIG: 9
04-24 05:47:21.477   807  1171 I ActivityManager: Process edu.mit.ll.cbmen.monitor (pid 9145) has died.
04-24 05:47:21.477   807  1171 W ActivityManager: Scheduling restart of crashed service edu.mit.ll.cbmen.monitor/.MonitorService in 20000ms
04-24 05:47:41.487  9289  9289 D dalvikvm: Not late-enabling CheckJNI (already on)
04-24 05:47:41.507   807   828 I ActivityManager: Start proc edu.mit.ll.cbmen.monitor for service edu.mit.ll.cbmen.monitor/.MonitorService: pid=9289 uid=10055 gids={50055, 1015, 3003, 1028}
04-24 05:47:41.557  9289  9289 I MonitorService: onCreate() MonitorService
04-24 05:47:41.557  9289  9289 D AndroidRuntime: Shutting down VM
04-24 05:47:41.557  9289  9289 W dalvikvm: threadid=1: thread exiting with uncaught exception (group=0x415957c0)
04-24 05:47:41.567  9289  9289 I Process : Sending signal. PID: 9289 SIG: 9
04-24 05:47:41.567  9289  9289 E AndroidRuntime: FATAL EXCEPTION: main
04-24 05:47:41.567  9289  9289 E AndroidRuntime: java.lang.RuntimeException: Unable to start service edu.mit.ll.cbmen.monitor.MonitorService@41814740 with null: java.lang.NullPointerException
04-24 05:47:41.567  9289  9289 E AndroidRuntime: 	at android.app.ActivityThread.handleServiceArgs(ActivityThread.java:2849)
04-24 05:47:41.567  9289  9289 E AndroidRuntime: 	at android.app.ActivityThread.access$1900(ActivityThread.java:153)
04-24 05:47:41.567  9289  9289 E AndroidRuntime: 	at android.app.ActivityThread$H.handleMessage(ActivityThread.java:1366)
04-24 05:47:41.567  9289  9289 E AndroidRuntime: 	at android.os.Handler.dispatchMessage(Handler.java:99)
04-24 05:47:41.567  9289  9289 E AndroidRuntime: 	at android.os.Looper.loop(Looper.java:137)
04-24 05:47:41.567  9289  9289 E AndroidRuntime: 	at android.app.ActivityThread.main(ActivityThread.java:5289)
04-24 05:47:41.567  9289  9289 E AndroidRuntime: 	at java.lang.reflect.Method.invokeNative(Native Method)
04-24 05:47:41.567  9289  9289 E AndroidRuntime: 	at java.lang.reflect.Method.invoke(Method.java:525)
04-24 05:47:41.567  9289  9289 E AndroidRuntime: 	at com.android.internal.os.ZygoteInit$MethodAndArgsCaller.run(ZygoteInit.java:739)
04-24 05:47:41.567  9289  9289 E AndroidRuntime: 	at com.android.internal.os.ZygoteInit.main(ZygoteInit.java:555)
04-24 05:47:41.567  9289  9289 E AndroidRuntime: 	at dalvik.system.NativeStart.main(Native Method)
04-24 05:47:41.567  9289  9289 E AndroidRuntime: Caused by: java.lang.NullPointerException
04-24 05:47:41.567  9289  9289 E AndroidRuntime: 	at edu.mit.ll.cbmen.monitor.MonitorService.onStartCommand(MonitorService.java:773)
04-24 05:47:41.567  9289  9289 E AndroidRuntime: 	at android.app.ActivityThread.handleServiceArgs(ActivityThread.java:2832)
04-24 05:47:41.567  9289  9289 E AndroidRuntime: 	... 10 more
04-24 05:47:41.567   807  1177 I ActivityManager: Process edu.mit.ll.cbmen.monitor (pid 9289) has died.
04-24 05:47:41.567   807  1177 W ActivityManager: Service crashed 2 times, stopping: ServiceRecord{419827b0 u0 edu.mit.ll.cbmen.monitor/.MonitorService}
04-24 05:49:23.075   807   828 W BroadcastQueue: Timeout of broadcast BroadcastRecord{420829b8 u0 com.android.server.action.NETWORK_STATS_POLL} - receiver=android.app.LoadedApk$ReceiverDispatcher$InnerReceiver@41bbf290, started 60021ms ago
04-24 05:49:23.075   807   828 W BroadcastQueue: Receiver during timeout: BroadcastFilter{41baaa60 u0 ReceiverList{41bb4e38 807 system/1000/u0 local:41bbf290}}
04-24 05:50:05.065   807   828 W ProcessStats: Skipping unknown process pid 10187
04-24 05:52:20.336  1426  1432 E MP-Decision: num online cores: 1 reqd : 2 available : 4 rq_depth:1.000000 hotplug_avg_load_dw: 72
04-24 05:52:20.336  1426  1432 E MP-Decision: UP cpu:1 core_idx:1 Nw:1.900000 Tw:140 total_time_up:0.000000
04-24 05:52:20.486 11070 11070 D AndroidRuntime: 
04-24 05:52:20.486 11070 11070 D AndroidRuntime: >>>>>> AndroidRuntime START com.android.internal.os.RuntimeInit <<<<<<
04-24 05:52:20.486 11070 11070 D AndroidRuntime: CheckJNI is ON
04-24 05:52:20.486 11070 11070 E dalvikvm: ERROR: must specify non-'.' bootclasspath
04-24 05:52:20.486 11070 11070 W dalvikvm: CreateJavaVM failed: dvmClassStartup failed
04-24 05:52:20.486 11070 11070 E AndroidRuntime: JNI_CreateJavaVM failed
04-24 05:52:20.657  9129  9129 I olsrd   : Writing '1' (was 0) to /proc/sys/net/ipv4/conf/all/send_redirects
04-24 05:52:20.657  9129  9129 I olsrd   : olsr.org -  0.6.6.2-n -git_0000000 -n -hash_ 7985605520f3cae9b305d56e83b35d9c stopped
04-24 05:52:21.427  1426  1432 E MP-Decision: num online cores: 2 reqd : 1 available : 4 rq_depth:0.000000 hotplug_avg_load_dw: 15
04-24 05:52:21.427  1426  1432 E MP-Decision: DOWN cpu:1 core_idx:1 Ns:1.100000 Ts:190 total_time_down:229.000000
04-24 05:52:21.918  1426  1432 E MP-Decision: num online cores: 1 reqd : 2 available : 4 rq_depth:1.800000 hotplug_avg_load_dw: 69
04-24 05:52:21.918  1426  1432 E MP-Decision: UP cpu:1 core_idx:1 Nw:1.900000 Tw:140 total_time_up:0.000000
04-24 05:52:22.488 11169 11169 D AndroidRuntime: 
04-24 05:52:22.488 11169 11169 D AndroidRuntime: >>>>>> AndroidRuntime START com.android.internal.os.RuntimeInit <<<<<<
04-24 05:52:22.488 11169 11169 D AndroidRuntime: CheckJNI is ON
04-24 05:52:22.498 11169 11169 E dalvikvm: ERROR: must specify non-'.' bootclasspath
04-24 05:52:22.498 11169 11169 W dalvikvm: CreateJavaVM failed: dvmClassStartup failed
04-24 05:52:22.498 11169 11169 E AndroidRuntime: JNI_CreateJavaVM failed
04-24 05:52:22.809 11171 11171 D AndroidRuntime: 
04-24 05:52:22.809 11171 11171 D AndroidRuntime: >>>>>> AndroidRuntime START com.android.internal.os.RuntimeInit <<<<<<
04-24 05:52:22.809 11171 11171 D AndroidRuntime: CheckJNI is ON
04-24 05:52:22.809 11171 11171 E dalvikvm: ERROR: must specify non-'.' bootclasspath
04-24 05:52:22.809 11171 11171 W dalvikvm: CreateJavaVM failed: dvmClassStartup failed
04-24 05:52:22.809 11171 11171 E AndroidRuntime: JNI_CreateJavaVM failed
