--------- beginning of /dev/log/main
04-24 06:15:41.682  1426  1432 E MP-Decision: num online cores: 2 reqd : 1 available : 4 rq_depth:1.000000 hotplug_avg_load_dw: 21
04-24 06:15:41.682  1426  1432 E MP-Decision: DOWN cpu:1 core_idx:1 Ns:1.100000 Ts:190 total_time_down:874.000000
04-24 06:15:41.932  1426  1432 E MP-Decision: num online cores: 1 reqd : 2 available : 4 rq_depth:1.000000 hotplug_avg_load_dw: 64
04-24 06:15:41.932  1426  1432 E MP-Decision: UP cpu:1 core_idx:1 Nw:1.900000 Tw:140 total_time_up:0.000000
04-24 06:15:42.463 16731 16731 D AndroidRuntime: 
04-24 06:15:42.463 16731 16731 D AndroidRuntime: >>>>>> AndroidRuntime START com.android.internal.os.RuntimeInit <<<<<<
04-24 06:15:42.463 16731 16731 D AndroidRuntime: CheckJNI is ON
04-24 06:15:42.463 16731 16731 E dalvikvm: ERROR: must specify non-'.' bootclasspath
04-24 06:15:42.463 16731 16731 W dalvikvm: CreateJavaVM failed: dvmClassStartup failed
04-24 06:15:42.463 16731 16731 E AndroidRuntime: JNI_CreateJavaVM failed
04-24 06:15:42.793 16732 16732 D AndroidRuntime: 
04-24 06:15:42.793 16732 16732 D AndroidRuntime: >>>>>> AndroidRuntime START com.android.internal.os.RuntimeInit <<<<<<
04-24 06:15:42.793 16732 16732 D AndroidRuntime: CheckJNI is ON
04-24 06:15:42.793 16732 16732 E dalvikvm: ERROR: must specify non-'.' bootclasspath
04-24 06:15:42.793 16732 16732 W dalvikvm: CreateJavaVM failed: dvmClassStartup failed
04-24 06:15:42.793 16732 16732 E AndroidRuntime: JNI_CreateJavaVM failed
04-24 06:15:45.436  1426  1432 E MP-Decision: num online cores: 2 reqd : 1 available : 4 rq_depth:0.000000 hotplug_avg_load_dw: 17
04-24 06:15:45.436  1426  1432 E MP-Decision: DOWN cpu:1 core_idx:1 Ns:1.100000 Ts:190 total_time_down:2553.000000
04-24 06:16:36.705   330   753 D MDnsDS  : MDnsSdListener::Monitor poll timed out
04-24 06:16:36.705   330   753 D MDnsDS  : Going to poll with pollCount 1
--------- beginning of /dev/log/system
04-24 06:29:59.490   807   824 I EntropyMixer: Writing entropy...
04-24 06:33:20.114 16912 16912 I olsrd   : Writing '1' (was 1) to /proc/sys/net/ipv4/ip_forward
04-24 06:33:20.114 16912 16912 I olsrd   : Writing '0' (was 1) to /proc/sys/net/ipv4/conf/all/send_redirects
04-24 06:33:20.114 16912 16912 I olsrd   : Writing '0' (was 0) to /proc/sys/net/ipv4/conf/all/rp_filter
04-24 06:33:20.114 16912 16912 I olsrd   : Writing '0' (was 0) to /proc/sys/net/ipv4/conf/wlan0/send_redirects
04-24 06:33:20.114 16912 16912 I olsrd   : Writing '0' (was 0) to /proc/sys/net/ipv4/conf/wlan0/rp_filter
04-24 06:33:20.114 16912 16912 I olsrd   : Adding interface wlan0
04-24 06:33:20.114 16912 16912 I olsrd   : New main address: 10.1.1.40
04-24 06:33:20.124 16917 16917 I olsrd   : olsr.org -  0.6.6.2-n -git_0000000 -n -hash_ 7985605520f3cae9b305d56e83b35d9c successfully started
04-24 06:39:00.293  1426  1432 E MP-Decision: num online cores: 1 reqd : 2 available : 4 rq_depth:1.000000 hotplug_avg_load_dw: 69
04-24 06:39:00.293  1426  1432 E MP-Decision: UP cpu:1 core_idx:1 Nw:1.900000 Tw:140 total_time_up:0.000000
04-24 06:39:00.443 19779 19779 D AndroidRuntime: 
04-24 06:39:00.443 19779 19779 D AndroidRuntime: >>>>>> AndroidRuntime START com.android.internal.os.RuntimeInit <<<<<<
04-24 06:39:00.443 19779 19779 D AndroidRuntime: CheckJNI is ON
04-24 06:39:00.443 19779 19779 E dalvikvm: ERROR: must specify non-'.' bootclasspath
04-24 06:39:00.443 19779 19779 W dalvikvm: CreateJavaVM failed: dvmClassStartup failed
04-24 06:39:00.443 19779 19779 E AndroidRuntime: JNI_CreateJavaVM failed
04-24 06:39:00.623 16917 16917 I olsrd   : Writing '1' (was 0) to /proc/sys/net/ipv4/conf/all/send_redirects
04-24 06:39:00.623 16917 16917 I olsrd   : olsr.org -  0.6.6.2-n -git_0000000 -n -hash_ 7985605520f3cae9b305d56e83b35d9c stopped
04-24 06:39:01.784  1426  1432 E MP-Decision: num online cores: 2 reqd : 1 available : 4 rq_depth:1.000000 hotplug_avg_load_dw: 10
04-24 06:39:01.784  1426  1432 E MP-Decision: DOWN cpu:1 core_idx:1 Ns:1.100000 Ts:190 total_time_down:48.000000
04-24 06:39:02.034  1426  1432 E MP-Decision: num online cores: 1 reqd : 2 available : 4 rq_depth:1.000000 hotplug_avg_load_dw: 65
04-24 06:39:02.034  1426  1432 E MP-Decision: UP cpu:1 core_idx:1 Nw:1.900000 Tw:140 total_time_up:0.000000
04-24 06:39:02.555 19842 19842 D AndroidRuntime: 
04-24 06:39:02.555 19842 19842 D AndroidRuntime: >>>>>> AndroidRuntime START com.android.internal.os.RuntimeInit <<<<<<
04-24 06:39:02.555 19842 19842 D AndroidRuntime: CheckJNI is ON
04-24 06:39:02.555 19842 19842 E dalvikvm: ERROR: must specify non-'.' bootclasspath
04-24 06:39:02.555 19842 19842 W dalvikvm: CreateJavaVM failed: dvmClassStartup failed
04-24 06:39:02.555 19842 19842 E AndroidRuntime: JNI_CreateJavaVM failed
04-24 06:39:02.885 19843 19843 D AndroidRuntime: 
04-24 06:39:02.885 19843 19843 D AndroidRuntime: >>>>>> AndroidRuntime START com.android.internal.os.RuntimeInit <<<<<<
04-24 06:39:02.885 19843 19843 D AndroidRuntime: CheckJNI is ON
04-24 06:39:02.885 19843 19843 E dalvikvm: ERROR: must specify non-'.' bootclasspath
04-24 06:39:02.885 19843 19843 W dalvikvm: CreateJavaVM failed: dvmClassStartup failed
04-24 06:39:02.885 19843 19843 E AndroidRuntime: JNI_CreateJavaVM failed
