--------- beginning of /dev/log/main
04-24 06:44:50.912  1422  1429 E MP-Decision: num online cores: 2 reqd : 1 available : 4 rq_depth:0.000000 hotplug_avg_load_dw: 16
04-24 06:44:50.912  1422  1429 E MP-Decision: DOWN cpu:1 core_idx:1 Ns:1.100000 Ts:190 total_time_down:587.000000
04-24 06:44:51.803  1422  1429 E MP-Decision: num online cores: 1 reqd : 2 available : 4 rq_depth:1.000000 hotplug_avg_load_dw: 66
04-24 06:44:51.803  1422  1429 E MP-Decision: UP cpu:1 core_idx:1 Nw:1.900000 Tw:140 total_time_up:0.000000
04-24 06:44:52.313 16520 16520 D AndroidRuntime: 
04-24 06:44:52.313 16520 16520 D AndroidRuntime: >>>>>> AndroidRuntime START com.android.internal.os.RuntimeInit <<<<<<
04-24 06:44:52.313 16520 16520 D AndroidRuntime: CheckJNI is ON
04-24 06:44:52.323 16520 16520 E dalvikvm: ERROR: must specify non-'.' bootclasspath
04-24 06:44:52.323 16520 16520 W dalvikvm: CreateJavaVM failed: dvmClassStartup failed
04-24 06:44:52.323 16520 16520 E AndroidRuntime: JNI_CreateJavaVM failed
04-24 06:44:52.674 16522 16522 D AndroidRuntime: 
04-24 06:44:52.674 16522 16522 D AndroidRuntime: >>>>>> AndroidRuntime START com.android.internal.os.RuntimeInit <<<<<<
04-24 06:44:52.674 16522 16522 D AndroidRuntime: CheckJNI is ON
04-24 06:44:52.674 16522 16522 E dalvikvm: ERROR: must specify non-'.' bootclasspath
04-24 06:44:52.674 16522 16522 W dalvikvm: CreateJavaVM failed: dvmClassStartup failed
04-24 06:44:52.674 16522 16522 E AndroidRuntime: JNI_CreateJavaVM failed
04-24 06:44:52.954  1422  1429 E MP-Decision: num online cores: 2 reqd : 1 available : 4 rq_depth:0.000000 hotplug_avg_load_dw: 29
04-24 06:44:52.954  1422  1429 E MP-Decision: DOWN cpu:1 core_idx:1 Ns:1.100000 Ts:190 total_time_down:441.000000
--------- beginning of /dev/log/system
04-24 06:46:48.245   805   829 W BroadcastQueue: Timeout of broadcast BroadcastRecord{428b0998 u0 com.android.server.action.NETWORK_STATS_POLL} - receiver=android.app.LoadedApk$ReceiverDispatcher$InnerReceiver@424384e0, started 60005ms ago
04-24 06:46:48.245   805   829 W BroadcastQueue: Receiver during timeout: BroadcastFilter{423fbb08 u0 ReceiverList{423ff418 805 system/1000/u0 local:424384e0}}
04-24 06:56:40.116 16702 16702 I olsrd   : Writing '1' (was 1) to /proc/sys/net/ipv4/ip_forward
04-24 06:56:40.116 16702 16702 I olsrd   : Writing '0' (was 1) to /proc/sys/net/ipv4/conf/all/send_redirects
04-24 06:56:40.116 16702 16702 I olsrd   : Writing '0' (was 0) to /proc/sys/net/ipv4/conf/all/rp_filter
04-24 06:56:45.131 16742 16742 I olsrd   : olsr.org -  0.6.6.2-n -git_0000000 -n -hash_ 7985605520f3cae9b305d56e83b35d9c successfully started
04-24 06:59:00.161   805   837 W ProcessStats: Skipping unknown process pid 17580
04-24 06:59:00.161   805   837 W ProcessStats: Skipping unknown process pid 17581
04-24 06:59:00.161   805   837 W ProcessStats: Skipping unknown process pid 17582
04-24 07:01:05.032   805   829 W ProcessStats: Skipping unknown process pid 18372
04-24 07:02:20.305  1422  1429 E MP-Decision: num online cores: 1 reqd : 2 available : 4 rq_depth:1.000000 hotplug_avg_load_dw: 66
04-24 07:02:20.305  1422  1429 E MP-Decision: UP cpu:1 core_idx:1 Nw:1.900000 Tw:140 total_time_up:0.000000
04-24 07:02:20.415 18879 18879 D AndroidRuntime: 
04-24 07:02:20.415 18879 18879 D AndroidRuntime: >>>>>> AndroidRuntime START com.android.internal.os.RuntimeInit <<<<<<
04-24 07:02:20.415 18879 18879 D AndroidRuntime: CheckJNI is ON
04-24 07:02:20.415 18879 18879 E dalvikvm: ERROR: must specify non-'.' bootclasspath
04-24 07:02:20.415 18879 18879 W dalvikvm: CreateJavaVM failed: dvmClassStartup failed
04-24 07:02:20.415 18879 18879 E AndroidRuntime: JNI_CreateJavaVM failed
04-24 07:02:20.515 16742 16742 I olsrd   : Writing '1' (was 0) to /proc/sys/net/ipv4/conf/all/send_redirects
04-24 07:02:20.515 16742 16742 I olsrd   : olsr.org -  0.6.6.2-n -git_0000000 -n -hash_ 7985605520f3cae9b305d56e83b35d9c stopped
04-24 07:02:21.155  1422  1429 E MP-Decision: num online cores: 2 reqd : 1 available : 4 rq_depth:0.000000 hotplug_avg_load_dw: 12
04-24 07:02:21.155  1422  1429 E MP-Decision: DOWN cpu:1 core_idx:1 Ns:1.100000 Ts:190 total_time_down:196.000000
04-24 07:02:21.806  1422  1429 E MP-Decision: num online cores: 1 reqd : 2 available : 4 rq_depth:1.400000 hotplug_avg_load_dw: 60
04-24 07:02:21.806  1422  1429 E MP-Decision: UP cpu:1 core_idx:1 Nw:1.900000 Tw:140 total_time_up:0.000000
04-24 07:02:22.367 18976 18976 D AndroidRuntime: 
04-24 07:02:22.367 18976 18976 D AndroidRuntime: >>>>>> AndroidRuntime START com.android.internal.os.RuntimeInit <<<<<<
04-24 07:02:22.367 18976 18976 D AndroidRuntime: CheckJNI is ON
04-24 07:02:22.367 18976 18976 E dalvikvm: ERROR: must specify non-'.' bootclasspath
04-24 07:02:22.367 18976 18976 W dalvikvm: CreateJavaVM failed: dvmClassStartup failed
04-24 07:02:22.367 18976 18976 E AndroidRuntime: JNI_CreateJavaVM failed
04-24 07:02:22.747 18978 18978 D AndroidRuntime: 
04-24 07:02:22.747 18978 18978 D AndroidRuntime: >>>>>> AndroidRuntime START com.android.internal.os.RuntimeInit <<<<<<
04-24 07:02:22.747 18978 18978 D AndroidRuntime: CheckJNI is ON
04-24 07:02:22.747 18978 18978 E dalvikvm: ERROR: must specify non-'.' bootclasspath
04-24 07:02:22.747 18978 18978 W dalvikvm: CreateJavaVM failed: dvmClassStartup failed
04-24 07:02:22.747 18978 18978 E AndroidRuntime: JNI_CreateJavaVM failed
