nodeName node011
nodeNum 11
binDir /data/llcbmen
expRoot /sdcard/llcbmen
runId n30_all_calibration_10_1704241316
basetime 1493054160
duration 300
startWait 30
dataDir /sdcard/llcbmen/data/n30_all_calibration_10_1704241316
doAPK N
logFiles 
ifaces wlan0
si2Args  -b 10000 10.1.1.255:15387

Resetting at time Mon Apr 24 06:15:40 SST 2017 = 1493054140.186616
rm: can't remove '/sdcard/node*.log': No such file or directory
rm: can't remove '/sdcard/*.json': No such file or directory
killall: gcn: no process killed
killall: beaconer: no process killed
killall: babeld: no process killed
killall: edu.mit.ll.NletLog.android: no process killed
killall: edu.mit.ll.cbmen.monitor: no process killed
killall: mchttpd: no process killed
rm: can't remove '/sdcard/cascade': No such file or directory
rm: can't remove '/sdcard/CBMEN': No such file or directory
rm: can't remove '/sdcard/llcbmen/ISI': No such file or directory
rm: can't remove '/sdcard/Android/data/cbmen.comet.workflow.cascade': No such file or directory
rm: can't remove '/sdcard/registrar.db': No such file or directory
Waiting until prep time...
Skipping ahead because basetime + -30 = 1493054130 is in the past.
Starting uberLocal.sh at time Mon Apr 24 06:15:40 SST 2017 = 1493054140.890280 with basetime 1493054160

Starting instruments at time Mon Apr 24 06:15:40 SST 2017 = 1493054140.918447

Sleeping 8.26449 sec until basetime + -10 = 1493054150

Starting scenario at time Mon Apr 24 06:15:50 SST 2017 = 1493054150.063661
Starting mgen.
Parsing file: "/etc/olsrd.conf"
Duplicate interfaces defined... not adding wlan0
mgen: version 5.02
mgen: starting now ...

Waiting through scenario duration...
Skipping ahead because basetime + 300 = 1493054460 is in the past.

Stopping scenario at time Mon Apr 24 06:21:31 SST 2017 = 1493054491.660851
killall: tcpdump: no process killed
killall: gcn: no process killed
killall: beaconer: no process killed
killall: olsrd: no process killed
killall: mgen: no process killed
killall: babeld: no process killed
killall: edu.mit.ll.NletLog.android: no process killed
killall: edu.mit.ll.cbmen.monitor: no process killed

killall: beaconer: no process killed
killall: monitor.sh: no process killed
killall: mgen: no process killed
killall: olsrd: no process killed
killall: edu.mit.ll.cbmen.monitor: no process killed
killall: edu.mit.ll.NletLog.android: no process killed

FINISHED uberLocal.sh at time Mon Apr 24 06:21:32 SST 2017 = 1493054492.967135

