--------- beginning of /dev/log/main
04-24 06:27:21.663  1420  1427 E MP-Decision: num online cores: 2 reqd : 1 available : 4 rq_depth:0.000000 hotplug_avg_load_dw: 21
04-24 06:27:21.663  1420  1427 E MP-Decision: DOWN cpu:1 core_idx:1 Ns:1.100000 Ts:190 total_time_down:795.000000
04-24 06:27:21.914  1420  1427 E MP-Decision: num online cores: 1 reqd : 2 available : 4 rq_depth:1.000000 hotplug_avg_load_dw: 62
04-24 06:27:21.914  1420  1427 E MP-Decision: UP cpu:1 core_idx:1 Nw:1.900000 Tw:140 total_time_up:0.000000
04-24 06:27:22.464 20027 20027 D AndroidRuntime: 
04-24 06:27:22.464 20027 20027 D AndroidRuntime: >>>>>> AndroidRuntime START com.android.internal.os.RuntimeInit <<<<<<
04-24 06:27:22.464 20027 20027 D AndroidRuntime: CheckJNI is ON
04-24 06:27:22.464 20027 20027 E dalvikvm: ERROR: must specify non-'.' bootclasspath
04-24 06:27:22.464 20027 20027 W dalvikvm: CreateJavaVM failed: dvmClassStartup failed
04-24 06:27:22.464 20027 20027 E AndroidRuntime: JNI_CreateJavaVM failed
04-24 06:27:22.814 20028 20028 D AndroidRuntime: 
04-24 06:27:22.814 20028 20028 D AndroidRuntime: >>>>>> AndroidRuntime START com.android.internal.os.RuntimeInit <<<<<<
04-24 06:27:22.814 20028 20028 D AndroidRuntime: CheckJNI is ON
04-24 06:27:22.814 20028 20028 E dalvikvm: ERROR: must specify non-'.' bootclasspath
04-24 06:27:22.814 20028 20028 W dalvikvm: CreateJavaVM failed: dvmClassStartup failed
04-24 06:27:22.814 20028 20028 E AndroidRuntime: JNI_CreateJavaVM failed
04-24 06:27:24.526  1420  1427 E MP-Decision: num online cores: 2 reqd : 1 available : 4 rq_depth:0.000000 hotplug_avg_load_dw: 23
04-24 06:27:24.526  1420  1427 E MP-Decision: DOWN cpu:1 core_idx:1 Ns:1.100000 Ts:190 total_time_down:1665.000000
04-24 06:27:38.960   943   943 E kickstart: Total bytes received so far: 48
04-24 06:27:38.960   943   943 E kickstart: EVENT: RECEIVED <-- SAHARA_HELLO
04-24 06:27:38.960   943   943 E kickstart: EVENT: SENDING --> SAHARA_HELLO_RESPONSE
04-24 06:27:38.960   943   943 E kickstart: EVENT: sahara_mode                         = 2
04-24 06:27:38.960   943   943 E kickstart: EVENT: m_comm->sahara_hello_packet_rx.mode = 2
04-24 06:27:38.960   943   943 E kickstart: EVENT: helloRx.mode                        = 2
04-24 06:27:38.960   943   943 E kickstart: Total bytes received so far: 64
04-24 06:27:38.960   943   943 E kickstart: EVENT: RECEIVED <-- SAHARA_MEMORY_DEBUG
04-24 06:27:38.980   943   943 E kickstart: Total bytes received so far: 116
04-24 06:27:38.980   943   943 E kickstart: EVENT: 0x46980000, len=000C0000, "m9kefs2", ""
04-24 06:27:38.980   943   943 E kickstart: EVENT: STATE <-- SAHARA_WAIT_MEMORY_REGION
04-24 06:27:38.980   943   943 E kickstart: EVENT: Saving "/dev/block/platform/msm_sdcc.1/by-name/m9kefs2"
04-24 06:27:39.060   943   943 E kickstart: Total bytes received so far: 786548
04-24 06:27:39.060   943   943 E kickstart: EVENT: Received: 786432 bytes
04-24 06:27:39.060   943   943 E kickstart: EVENT: Writing to disk
04-24 06:27:39.070   943   943 E kickstart: EVENT: Successfully wrote to disk
04-24 06:27:39.070   943   943 E kickstart: Received file "m9kefs2"
04-24 06:27:39.120   943   943 E kickstart: Sync finish Received file "m9kefs2"
04-24 06:27:39.120   943   943 E kickstart: 786432 bytes transferred in 0.143s (5.26 MBps)
04-24 06:27:39.120   943   943 E kickstart: EVENT: num_debug_entries not >=0
04-24 06:27:39.120   943   943 E kickstart: Successfully downloaded files from target 
04-24 06:27:39.120   943   943 E kickstart: EVENT: SENDING --> SAHARA_RESET
04-24 06:27:39.120   943   943 E kickstart: Total bytes received so far: 786556
04-24 06:27:39.120   943   943 E kickstart: EVENT: RECEIVED <-- SAHARA_RESET_RESP
04-24 06:27:39.120   943   943 E kickstart: Sahara protocol completed
04-24 06:27:39.120   943   943 E kickstart: EVENT: STATE <-- SAHARA_WAIT_HELLO
--------- beginning of /dev/log/system
04-24 06:28:17.387   805   827 I EntropyMixer: Writing entropy...
04-24 06:33:00.147  1420  1427 E MP-Decision: num online cores: 1 reqd : 2 available : 4 rq_depth:4.300000 hotplug_avg_load_dw: 26
04-24 06:33:00.147  1420  1427 E MP-Decision: UP cpu:1 core_idx:1 Nw:1.900000 Tw:140 total_time_up:146.000000
04-24 06:33:00.988  1420  1427 E MP-Decision: num online cores: 2 reqd : 1 available : 4 rq_depth:0.000000 hotplug_avg_load_dw: 27
04-24 06:33:00.988  1420  1427 E MP-Decision: DOWN cpu:1 core_idx:1 Ns:1.100000 Ts:190 total_time_down:788.000000
04-24 06:33:20.116 20215 20215 I olsrd   : Writing '1' (was 1) to /proc/sys/net/ipv4/ip_forward
04-24 06:33:20.116 20215 20215 I olsrd   : Writing '0' (was 1) to /proc/sys/net/ipv4/conf/all/send_redirects
04-24 06:33:20.116 20215 20215 I olsrd   : Writing '0' (was 0) to /proc/sys/net/ipv4/conf/all/rp_filter
04-24 06:33:20.116 20215 20215 I olsrd   : Writing '0' (was 0) to /proc/sys/net/ipv4/conf/wlan0/send_redirects
04-24 06:33:20.116 20215 20215 I olsrd   : Writing '0' (was 0) to /proc/sys/net/ipv4/conf/wlan0/rp_filter
04-24 06:33:20.116 20215 20215 I olsrd   : Adding interface wlan0
04-24 06:33:20.116 20215 20215 I olsrd   : New main address: 10.1.1.15
04-24 06:33:20.126 20216 20216 I olsrd   : olsr.org -  0.6.6.2-n -git_0000000 -n -hash_ 7985605520f3cae9b305d56e83b35d9c successfully started
04-24 06:35:06.237 20216 20216 I olsrd   : detected duplicate packet with seqnr 0xf82a from 10.1.1.1 on wlan0 (788 Bytes)
04-24 06:39:00.141  1420  1427 E MP-Decision: num online cores: 1 reqd : 2 available : 4 rq_depth:3.300000 hotplug_avg_load_dw: 24
04-24 06:39:00.141  1420  1427 E MP-Decision: UP cpu:1 core_idx:1 Nw:1.900000 Tw:140 total_time_up:144.000000
04-24 06:39:00.491 22384 22384 D AndroidRuntime: 
04-24 06:39:00.491 22384 22384 D AndroidRuntime: >>>>>> AndroidRuntime START com.android.internal.os.RuntimeInit <<<<<<
04-24 06:39:00.491 22384 22384 D AndroidRuntime: CheckJNI is ON
04-24 06:39:00.491 22384 22384 E dalvikvm: ERROR: must specify non-'.' bootclasspath
04-24 06:39:00.491 22384 22384 W dalvikvm: CreateJavaVM failed: dvmClassStartup failed
04-24 06:39:00.491 22384 22384 E AndroidRuntime: JNI_CreateJavaVM failed
04-24 06:39:00.681 20216 20216 I olsrd   : Writing '1' (was 0) to /proc/sys/net/ipv4/conf/all/send_redirects
04-24 06:39:00.681 20216 20216 I olsrd   : olsr.org -  0.6.6.2-n -git_0000000 -n -hash_ 7985605520f3cae9b305d56e83b35d9c stopped
04-24 06:39:01.412  1420  1427 E MP-Decision: num online cores: 2 reqd : 1 available : 4 rq_depth:0.000000 hotplug_avg_load_dw: 19
04-24 06:39:01.412  1420  1427 E MP-Decision: DOWN cpu:1 core_idx:1 Ns:1.100000 Ts:190 total_time_down:206.000000
04-24 06:39:01.983  1420  1427 E MP-Decision: num online cores: 1 reqd : 2 available : 4 rq_depth:1.900000 hotplug_avg_load_dw: 66
04-24 06:39:01.983  1420  1427 E MP-Decision: UP cpu:1 core_idx:1 Nw:1.900000 Tw:140 total_time_up:49.000000
04-24 06:39:02.543 22491 22491 D AndroidRuntime: 
04-24 06:39:02.543 22491 22491 D AndroidRuntime: >>>>>> AndroidRuntime START com.android.internal.os.RuntimeInit <<<<<<
04-24 06:39:02.543 22491 22491 D AndroidRuntime: CheckJNI is ON
04-24 06:39:02.543 22491 22491 E dalvikvm: ERROR: must specify non-'.' bootclasspath
04-24 06:39:02.543 22491 22491 W dalvikvm: CreateJavaVM failed: dvmClassStartup failed
04-24 06:39:02.543 22491 22491 E AndroidRuntime: JNI_CreateJavaVM failed
04-24 06:39:02.863 22492 22492 D AndroidRuntime: 
04-24 06:39:02.863 22492 22492 D AndroidRuntime: >>>>>> AndroidRuntime START com.android.internal.os.RuntimeInit <<<<<<
04-24 06:39:02.863 22492 22492 D AndroidRuntime: CheckJNI is ON
04-24 06:39:02.863 22492 22492 E dalvikvm: ERROR: must specify non-'.' bootclasspath
04-24 06:39:02.863 22492 22492 W dalvikvm: CreateJavaVM failed: dvmClassStartup failed
04-24 06:39:02.863 22492 22492 E AndroidRuntime: JNI_CreateJavaVM failed
