--------- beginning of /dev/log/main
04-24 05:58:11.649  1406  1414 E MP-Decision: num online cores: 2 reqd : 1 available : 4 rq_depth:1.000000 hotplug_avg_load_dw: 25
04-24 05:58:11.649  1406  1414 E MP-Decision: DOWN cpu:1 core_idx:1 Ns:1.100000 Ts:190 total_time_down:1008.000000
04-24 05:58:11.909  1406  1414 E MP-Decision: num online cores: 1 reqd : 2 available : 4 rq_depth:1.000000 hotplug_avg_load_dw: 68
04-24 05:58:11.909  1406  1414 E MP-Decision: UP cpu:1 core_idx:1 Nw:1.900000 Tw:140 total_time_up:0.000000
04-24 05:58:12.540 11322 11322 D AndroidRuntime: 
04-24 05:58:12.540 11322 11322 D AndroidRuntime: >>>>>> AndroidRuntime START com.android.internal.os.RuntimeInit <<<<<<
04-24 05:58:12.540 11322 11322 D AndroidRuntime: CheckJNI is ON
04-24 05:58:12.540 11322 11322 E dalvikvm: ERROR: must specify non-'.' bootclasspath
04-24 05:58:12.540 11322 11322 W dalvikvm: CreateJavaVM failed: dvmClassStartup failed
04-24 05:58:12.540 11322 11322 E AndroidRuntime: JNI_CreateJavaVM failed
04-24 05:58:12.890 11323 11323 D AndroidRuntime: 
04-24 05:58:12.890 11323 11323 D AndroidRuntime: >>>>>> AndroidRuntime START com.android.internal.os.RuntimeInit <<<<<<
04-24 05:58:12.890 11323 11323 D AndroidRuntime: CheckJNI is ON
04-24 05:58:12.890 11323 11323 E dalvikvm: ERROR: must specify non-'.' bootclasspath
04-24 05:58:12.890 11323 11323 W dalvikvm: CreateJavaVM failed: dvmClassStartup failed
04-24 05:58:12.890 11323 11323 E AndroidRuntime: JNI_CreateJavaVM failed
04-24 05:58:14.662  1406  1414 E MP-Decision: num online cores: 2 reqd : 1 available : 4 rq_depth:0.000000 hotplug_avg_load_dw: 28
04-24 05:58:14.662  1406  1414 E MP-Decision: DOWN cpu:1 core_idx:1 Ns:1.100000 Ts:190 total_time_down:2037.000000
04-24 06:10:00.118 11502 11502 I olsrd   : Writing '1' (was 1) to /proc/sys/net/ipv4/ip_forward
04-24 06:10:00.118 11502 11502 I olsrd   : Writing '0' (was 1) to /proc/sys/net/ipv4/conf/all/send_redirects
04-24 06:10:00.118 11502 11502 I olsrd   : Writing '0' (was 0) to /proc/sys/net/ipv4/conf/all/rp_filter
04-24 06:10:00.118 11502 11502 I olsrd   : Writing '0' (was 0) to /proc/sys/net/ipv4/conf/wlan0/send_redirects
04-24 06:10:00.128 11502 11502 I olsrd   : Writing '0' (was 0) to /proc/sys/net/ipv4/conf/wlan0/rp_filter
04-24 06:10:00.128 11502 11502 I olsrd   : Adding interface wlan0
04-24 06:10:00.128 11502 11502 I olsrd   : New main address: 10.1.1.22
04-24 06:10:00.128 11503 11503 I olsrd   : olsr.org -  0.6.6.2-n -git_0000000 -n -hash_ 7985605520f3cae9b305d56e83b35d9c successfully started
--------- beginning of /dev/log/system
04-24 06:10:05.063   798   816 W ProcessStats: Skipping unknown process pid 11539
04-24 06:10:05.063   798   816 W ProcessStats: Skipping unknown process pid 11540
04-24 06:10:05.063   798   816 W ProcessStats: Skipping unknown process pid 11541
04-24 06:15:21.256   310   714 D MDnsDS  : MDnsSdListener::Monitor poll timed out
04-24 06:15:21.256   310   714 D MDnsDS  : Going to poll with pollCount 1
04-24 06:15:40.345  1406  1414 E MP-Decision: num online cores: 1 reqd : 2 available : 4 rq_depth:1.000000 hotplug_avg_load_dw: 75
04-24 06:15:40.345  1406  1414 E MP-Decision: UP cpu:1 core_idx:1 Nw:1.900000 Tw:140 total_time_up:0.000000
04-24 06:15:40.455 13676 13676 D AndroidRuntime: 
04-24 06:15:40.455 13676 13676 D AndroidRuntime: >>>>>> AndroidRuntime START com.android.internal.os.RuntimeInit <<<<<<
04-24 06:15:40.455 13676 13676 D AndroidRuntime: CheckJNI is ON
04-24 06:15:40.455 13676 13676 E dalvikvm: ERROR: must specify non-'.' bootclasspath
04-24 06:15:40.455 13676 13676 W dalvikvm: CreateJavaVM failed: dvmClassStartup failed
04-24 06:15:40.455 13676 13676 E AndroidRuntime: JNI_CreateJavaVM failed
04-24 06:15:40.655 11503 11503 I olsrd   : Writing '1' (was 0) to /proc/sys/net/ipv4/conf/all/send_redirects
04-24 06:15:40.655 11503 11503 I olsrd   : olsr.org -  0.6.6.2-n -git_0000000 -n -hash_ 7985605520f3cae9b305d56e83b35d9c stopped
04-24 06:15:41.416  1406  1414 E MP-Decision: num online cores: 2 reqd : 1 available : 4 rq_depth:0.000000 hotplug_avg_load_dw: 17
04-24 06:15:41.416  1406  1414 E MP-Decision: DOWN cpu:1 core_idx:1 Ns:1.100000 Ts:190 total_time_down:215.000000
04-24 06:15:41.976  1406  1414 E MP-Decision: num online cores: 1 reqd : 2 available : 4 rq_depth:1.900000 hotplug_avg_load_dw: 69
04-24 06:15:41.976  1406  1414 E MP-Decision: UP cpu:1 core_idx:1 Nw:1.900000 Tw:140 total_time_up:49.000000
04-24 06:15:42.537 13774 13774 D AndroidRuntime: 
04-24 06:15:42.537 13774 13774 D AndroidRuntime: >>>>>> AndroidRuntime START com.android.internal.os.RuntimeInit <<<<<<
04-24 06:15:42.537 13774 13774 D AndroidRuntime: CheckJNI is ON
04-24 06:15:42.537 13774 13774 E dalvikvm: ERROR: must specify non-'.' bootclasspath
04-24 06:15:42.537 13774 13774 W dalvikvm: CreateJavaVM failed: dvmClassStartup failed
04-24 06:15:42.537 13774 13774 E AndroidRuntime: JNI_CreateJavaVM failed
04-24 06:15:42.867 13775 13775 D AndroidRuntime: 
04-24 06:15:42.867 13775 13775 D AndroidRuntime: >>>>>> AndroidRuntime START com.android.internal.os.RuntimeInit <<<<<<
04-24 06:15:42.867 13775 13775 D AndroidRuntime: CheckJNI is ON
04-24 06:15:42.867 13775 13775 E dalvikvm: ERROR: must specify non-'.' bootclasspath
04-24 06:15:42.867 13775 13775 W dalvikvm: CreateJavaVM failed: dvmClassStartup failed
04-24 06:15:42.867 13775 13775 E AndroidRuntime: JNI_CreateJavaVM failed
