--------- beginning of /dev/log/main
04-24 06:44:50.960  1422  1429 E MP-Decision: num online cores: 2 reqd : 1 available : 4 rq_depth:0.000000 hotplug_avg_load_dw: 25
04-24 06:44:50.960  1422  1429 E MP-Decision: DOWN cpu:1 core_idx:1 Ns:1.100000 Ts:190 total_time_down:436.000000
04-24 06:44:51.811  1422  1429 E MP-Decision: num online cores: 1 reqd : 2 available : 4 rq_depth:1.000000 hotplug_avg_load_dw: 56
04-24 06:44:51.811  1422  1429 E MP-Decision: UP cpu:1 core_idx:1 Nw:1.900000 Tw:140 total_time_up:0.000000
04-24 06:44:52.322 16542 16542 D AndroidRuntime: 
04-24 06:44:52.322 16542 16542 D AndroidRuntime: >>>>>> AndroidRuntime START com.android.internal.os.RuntimeInit <<<<<<
04-24 06:44:52.322 16542 16542 D AndroidRuntime: CheckJNI is ON
04-24 06:44:52.322 16542 16542 E dalvikvm: ERROR: must specify non-'.' bootclasspath
04-24 06:44:52.322 16542 16542 W dalvikvm: CreateJavaVM failed: dvmClassStartup failed
04-24 06:44:52.322 16542 16542 E AndroidRuntime: JNI_CreateJavaVM failed
04-24 06:44:52.602 16544 16544 D AndroidRuntime: 
04-24 06:44:52.602 16544 16544 D AndroidRuntime: >>>>>> AndroidRuntime START com.android.internal.os.RuntimeInit <<<<<<
04-24 06:44:52.602 16544 16544 D AndroidRuntime: CheckJNI is ON
04-24 06:44:52.602 16544 16544 E dalvikvm: ERROR: must specify non-'.' bootclasspath
04-24 06:44:52.602 16544 16544 W dalvikvm: CreateJavaVM failed: dvmClassStartup failed
04-24 06:44:52.602 16544 16544 E AndroidRuntime: JNI_CreateJavaVM failed
04-24 06:44:52.912  1422  1429 E MP-Decision: num online cores: 2 reqd : 1 available : 4 rq_depth:0.000000 hotplug_avg_load_dw: 20
04-24 06:44:52.912  1422  1429 E MP-Decision: DOWN cpu:1 core_idx:1 Ns:1.100000 Ts:190 total_time_down:734.000000
04-24 06:56:40.123 16723 16723 I olsrd   : Writing '1' (was 1) to /proc/sys/net/ipv4/ip_forward
04-24 06:56:40.123 16723 16723 I olsrd   : Writing '0' (was 1) to /proc/sys/net/ipv4/conf/all/send_redirects
04-24 06:56:40.133 16723 16723 I olsrd   : Writing '0' (was 0) to /proc/sys/net/ipv4/conf/all/rp_filter
04-24 06:56:45.158 16763 16763 I olsrd   : olsr.org -  0.6.6.2-n -git_0000000 -n -hash_ 7985605520f3cae9b305d56e83b35d9c successfully started
--------- beginning of /dev/log/system
04-24 06:59:00.048   806   836 W ProcessStats: Skipping unknown process pid 17604
04-24 07:02:20.311  1422  1429 E MP-Decision: num online cores: 1 reqd : 2 available : 4 rq_depth:1.000000 hotplug_avg_load_dw: 72
04-24 07:02:20.311  1422  1429 E MP-Decision: UP cpu:1 core_idx:1 Nw:1.900000 Tw:140 total_time_up:0.000000
04-24 07:02:20.451 18899 18899 D AndroidRuntime: 
04-24 07:02:20.451 18899 18899 D AndroidRuntime: >>>>>> AndroidRuntime START com.android.internal.os.RuntimeInit <<<<<<
04-24 07:02:20.451 18899 18899 D AndroidRuntime: CheckJNI is ON
04-24 07:02:20.451 18899 18899 E dalvikvm: ERROR: must specify non-'.' bootclasspath
04-24 07:02:20.451 18899 18899 W dalvikvm: CreateJavaVM failed: dvmClassStartup failed
04-24 07:02:20.451 18899 18899 E AndroidRuntime: JNI_CreateJavaVM failed
04-24 07:02:20.611 16763 16763 I olsrd   : Writing '1' (was 0) to /proc/sys/net/ipv4/conf/all/send_redirects
04-24 07:02:20.611 16763 16763 I olsrd   : olsr.org -  0.6.6.2-n -git_0000000 -n -hash_ 7985605520f3cae9b305d56e83b35d9c stopped
04-24 07:02:21.362  1422  1429 E MP-Decision: num online cores: 2 reqd : 1 available : 4 rq_depth:1.000000 hotplug_avg_load_dw: 18
04-24 07:02:21.362  1422  1429 E MP-Decision: DOWN cpu:1 core_idx:1 Ns:1.100000 Ts:190 total_time_down:145.000000
04-24 07:02:21.962  1422  1429 E MP-Decision: num online cores: 1 reqd : 2 available : 4 rq_depth:1.300000 hotplug_avg_load_dw: 66
04-24 07:02:21.962  1422  1429 E MP-Decision: UP cpu:1 core_idx:1 Nw:1.900000 Tw:140 total_time_up:0.000000
04-24 07:02:22.543 18997 18997 D AndroidRuntime: 
04-24 07:02:22.543 18997 18997 D AndroidRuntime: >>>>>> AndroidRuntime START com.android.internal.os.RuntimeInit <<<<<<
04-24 07:02:22.543 18997 18997 D AndroidRuntime: CheckJNI is ON
04-24 07:02:22.543 18997 18997 E dalvikvm: ERROR: must specify non-'.' bootclasspath
04-24 07:02:22.543 18997 18997 W dalvikvm: CreateJavaVM failed: dvmClassStartup failed
04-24 07:02:22.543 18997 18997 E AndroidRuntime: JNI_CreateJavaVM failed
04-24 07:02:22.893 18998 18998 D AndroidRuntime: 
04-24 07:02:22.893 18998 18998 D AndroidRuntime: >>>>>> AndroidRuntime START com.android.internal.os.RuntimeInit <<<<<<
04-24 07:02:22.893 18998 18998 D AndroidRuntime: CheckJNI is ON
04-24 07:02:22.893 18998 18998 E dalvikvm: ERROR: must specify non-'.' bootclasspath
04-24 07:02:22.893 18998 18998 W dalvikvm: CreateJavaVM failed: dvmClassStartup failed
04-24 07:02:22.893 18998 18998 E AndroidRuntime: JNI_CreateJavaVM failed
