--------- beginning of /dev/log/main
04-24 05:47:18.502 11022 11022 I olsrd   : Writing '1' (was 1) to /proc/sys/net/ipv4/ip_forward
04-24 05:47:18.502 11022 11022 I olsrd   : Writing '0' (was 1) to /proc/sys/net/ipv4/conf/all/send_redirects
04-24 05:47:18.512 11022 11022 I olsrd   : Writing '0' (was 0) to /proc/sys/net/ipv4/conf/all/rp_filter
04-24 05:47:18.512 11022 11022 I olsrd   : Writing '0' (was 0) to /proc/sys/net/ipv4/conf/wlan0/send_redirects
04-24 05:47:18.512 11022 11022 I olsrd   : Writing '0' (was 0) to /proc/sys/net/ipv4/conf/wlan0/rp_filter
04-24 05:47:18.512 11022 11022 I olsrd   : Adding interface wlan0
04-24 05:47:18.512 11022 11022 I olsrd   : New main address: 10.1.1.34
04-24 05:47:18.522 11027 11027 I olsrd   : olsr.org -  0.6.6.2-n -git_0000000 -n -hash_ 7985605520f3cae9b305d56e83b35d9c successfully started
04-24 05:47:18.693  1427  1434 E MP-Decision: num online cores: 2 reqd : 1 available : 4 rq_depth:0.100000 hotplug_avg_load_dw: 19
04-24 05:47:18.693  1427  1434 E MP-Decision: DOWN cpu:1 core_idx:1 Ns:1.100000 Ts:190 total_time_down:152.000000
04-24 05:47:21.365 11050 11050 D dalvikvm: Not late-enabling CheckJNI (already on)
--------- beginning of /dev/log/system
04-24 05:47:21.375   806   828 I ActivityManager: Start proc edu.mit.ll.cbmen.monitor for service edu.mit.ll.cbmen.monitor/.MonitorService: pid=11050 uid=10055 gids={50055, 1015, 3003, 1028}
04-24 05:47:21.435 11050 11050 I MonitorService: onCreate() MonitorService
04-24 05:47:21.435 11050 11050 D AndroidRuntime: Shutting down VM
04-24 05:47:21.435 11050 11050 W dalvikvm: threadid=1: thread exiting with uncaught exception (group=0x41e1e7c0)
04-24 05:47:21.445 11050 11050 E AndroidRuntime: FATAL EXCEPTION: main
04-24 05:47:21.445 11050 11050 E AndroidRuntime: java.lang.RuntimeException: Unable to start service edu.mit.ll.cbmen.monitor.MonitorService@4209c860 with null: java.lang.NullPointerException
04-24 05:47:21.445 11050 11050 E AndroidRuntime: 	at android.app.ActivityThread.handleServiceArgs(ActivityThread.java:2849)
04-24 05:47:21.445 11050 11050 E AndroidRuntime: 	at android.app.ActivityThread.access$1900(ActivityThread.java:153)
04-24 05:47:21.445 11050 11050 E AndroidRuntime: 	at android.app.ActivityThread$H.handleMessage(ActivityThread.java:1366)
04-24 05:47:21.445 11050 11050 E AndroidRuntime: 	at android.os.Handler.dispatchMessage(Handler.java:99)
04-24 05:47:21.445 11050 11050 E AndroidRuntime: 	at android.os.Looper.loop(Looper.java:137)
04-24 05:47:21.445 11050 11050 E AndroidRuntime: 	at android.app.ActivityThread.main(ActivityThread.java:5289)
04-24 05:47:21.445 11050 11050 E AndroidRuntime: 	at java.lang.reflect.Method.invokeNative(Native Method)
04-24 05:47:21.445 11050 11050 E AndroidRuntime: 	at java.lang.reflect.Method.invoke(Method.java:525)
04-24 05:47:21.445 11050 11050 E AndroidRuntime: 	at com.android.internal.os.ZygoteInit$MethodAndArgsCaller.run(ZygoteInit.java:739)
04-24 05:47:21.445 11050 11050 E AndroidRuntime: 	at com.android.internal.os.ZygoteInit.main(ZygoteInit.java:555)
04-24 05:47:21.445 11050 11050 E AndroidRuntime: 	at dalvik.system.NativeStart.main(Native Method)
04-24 05:47:21.445 11050 11050 E AndroidRuntime: Caused by: java.lang.NullPointerException
04-24 05:47:21.445 11050 11050 E AndroidRuntime: 	at edu.mit.ll.cbmen.monitor.MonitorService.onStartCommand(MonitorService.java:773)
04-24 05:47:21.445 11050 11050 E AndroidRuntime: 	at android.app.ActivityThread.handleServiceArgs(ActivityThread.java:2832)
04-24 05:47:21.445 11050 11050 E AndroidRuntime: 	... 10 more
04-24 05:47:21.445 11050 11050 I Process : Sending signal. PID: 11050 SIG: 9
04-24 05:47:21.455   806  1184 I ActivityManager: Process edu.mit.ll.cbmen.monitor (pid 11050) has died.
04-24 05:47:21.455   806  1184 W ActivityManager: Scheduling restart of crashed service edu.mit.ll.cbmen.monitor/.MonitorService in 20000ms
04-24 05:47:41.495 11234 11234 D dalvikvm: Not late-enabling CheckJNI (already on)
04-24 05:47:41.525   806   828 I ActivityManager: Start proc edu.mit.ll.cbmen.monitor for service edu.mit.ll.cbmen.monitor/.MonitorService: pid=11234 uid=10055 gids={50055, 1015, 3003, 1028}
04-24 05:47:41.595 11234 11234 I MonitorService: onCreate() MonitorService
04-24 05:47:41.595 11234 11234 D AndroidRuntime: Shutting down VM
04-24 05:47:41.595 11234 11234 W dalvikvm: threadid=1: thread exiting with uncaught exception (group=0x41e1e7c0)
04-24 05:47:41.595 11234 11234 E AndroidRuntime: FATAL EXCEPTION: main
04-24 05:47:41.595 11234 11234 E AndroidRuntime: java.lang.RuntimeException: Unable to start service edu.mit.ll.cbmen.monitor.MonitorService@4209d840 with null: java.lang.NullPointerException
04-24 05:47:41.595 11234 11234 E AndroidRuntime: 	at android.app.ActivityThread.handleServiceArgs(ActivityThread.java:2849)
04-24 05:47:41.595 11234 11234 E AndroidRuntime: 	at android.app.ActivityThread.access$1900(ActivityThread.java:153)
04-24 05:47:41.595 11234 11234 E AndroidRuntime: 	at android.app.ActivityThread$H.handleMessage(ActivityThread.java:1366)
04-24 05:47:41.595 11234 11234 E AndroidRuntime: 	at android.os.Handler.dispatchMessage(Handler.java:99)
04-24 05:47:41.595 11234 11234 E AndroidRuntime: 	at android.os.Looper.loop(Looper.java:137)
04-24 05:47:41.595 11234 11234 E AndroidRuntime: 	at android.app.ActivityThread.main(ActivityThread.java:5289)
04-24 05:47:41.595 11234 11234 E AndroidRuntime: 	at java.lang.reflect.Method.invokeNative(Native Method)
04-24 05:47:41.595 11234 11234 E AndroidRuntime: 	at java.lang.reflect.Method.invoke(Method.java:525)
04-24 05:47:41.595 11234 11234 E AndroidRuntime: 	at com.android.internal.os.ZygoteInit$MethodAndArgsCaller.run(ZygoteInit.java:739)
04-24 05:47:41.595 11234 11234 E AndroidRuntime: 	at com.android.internal.os.ZygoteInit.main(ZygoteInit.java:555)
04-24 05:47:41.595 11234 11234 E AndroidRuntime: 	at dalvik.system.NativeStart.main(Native Method)
04-24 05:47:41.595 11234 11234 E AndroidRuntime: Caused by: java.lang.NullPointerException
04-24 05:47:41.595 11234 11234 E AndroidRuntime: 	at edu.mit.ll.cbmen.monitor.MonitorService.onStartCommand(MonitorService.java:773)
04-24 05:47:41.595 11234 11234 E AndroidRuntime: 	at android.app.ActivityThread.handleServiceArgs(ActivityThread.java:2832)
04-24 05:47:41.595 11234 11234 E AndroidRuntime: 	... 10 more
04-24 05:47:41.605 11234 11234 I Process : Sending signal. PID: 11234 SIG: 9
04-24 05:47:41.615   806  1184 I ActivityManager: Process edu.mit.ll.cbmen.monitor (pid 11234) has died.
04-24 05:47:41.615   806  1184 W ActivityManager: Service crashed 2 times, stopping: ServiceRecord{421352b0 u0 edu.mit.ll.cbmen.monitor/.MonitorService}
04-24 05:51:05.051   806   828 W ProcessStats: Skipping unknown process pid 12917
04-24 05:52:20.203  1427  1434 E MP-Decision: num online cores: 1 reqd : 2 available : 4 rq_depth:1.300000 hotplug_avg_load_dw: 60
04-24 05:52:20.203  1427  1434 E MP-Decision: UP cpu:1 core_idx:1 Nw:1.900000 Tw:140 total_time_up:0.000000
04-24 05:52:20.453 13592 13592 D AndroidRuntime: 
04-24 05:52:20.453 13592 13592 D AndroidRuntime: >>>>>> AndroidRuntime START com.android.internal.os.RuntimeInit <<<<<<
04-24 05:52:20.453 13592 13592 D AndroidRuntime: CheckJNI is ON
04-24 05:52:20.453 13592 13592 E dalvikvm: ERROR: must specify non-'.' bootclasspath
04-24 05:52:20.453 13592 13592 W dalvikvm: CreateJavaVM failed: dvmClassStartup failed
04-24 05:52:20.453 13592 13592 E AndroidRuntime: JNI_CreateJavaVM failed
04-24 05:52:20.554 11027 11027 I olsrd   : Writing '1' (was 0) to /proc/sys/net/ipv4/conf/all/send_redirects
04-24 05:52:20.554 11027 11027 I olsrd   : olsr.org -  0.6.6.2-n -git_0000000 -n -hash_ 7985605520f3cae9b305d56e83b35d9c stopped
04-24 05:52:21.294  1427  1434 E MP-Decision: num online cores: 2 reqd : 1 available : 4 rq_depth:0.000000 hotplug_avg_load_dw: 17
04-24 05:52:21.294  1427  1434 E MP-Decision: DOWN cpu:1 core_idx:1 Ns:1.100000 Ts:190 total_time_down:535.000000
04-24 05:52:21.895  1427  1434 E MP-Decision: num online cores: 1 reqd : 2 available : 4 rq_depth:1.000000 hotplug_avg_load_dw: 74
04-24 05:52:21.895  1427  1434 E MP-Decision: UP cpu:1 core_idx:1 Nw:1.900000 Tw:140 total_time_up:0.000000
04-24 05:52:22.435 13658 13658 D AndroidRuntime: 
04-24 05:52:22.435 13658 13658 D AndroidRuntime: >>>>>> AndroidRuntime START com.android.internal.os.RuntimeInit <<<<<<
04-24 05:52:22.435 13658 13658 D AndroidRuntime: CheckJNI is ON
04-24 05:52:22.435 13658 13658 E dalvikvm: ERROR: must specify non-'.' bootclasspath
04-24 05:52:22.435 13658 13658 W dalvikvm: CreateJavaVM failed: dvmClassStartup failed
04-24 05:52:22.435 13658 13658 E AndroidRuntime: JNI_CreateJavaVM failed
04-24 05:52:22.816 13659 13659 D AndroidRuntime: 
04-24 05:52:22.816 13659 13659 D AndroidRuntime: >>>>>> AndroidRuntime START com.android.internal.os.RuntimeInit <<<<<<
04-24 05:52:22.816 13659 13659 D AndroidRuntime: CheckJNI is ON
04-24 05:52:22.816 13659 13659 E dalvikvm: ERROR: must specify non-'.' bootclasspath
04-24 05:52:22.816 13659 13659 W dalvikvm: CreateJavaVM failed: dvmClassStartup failed
04-24 05:52:22.816 13659 13659 E AndroidRuntime: JNI_CreateJavaVM failed
