--------- beginning of /dev/log/main
04-24 06:44:51.659  1434  1447 E MP-Decision: num online cores: 2 reqd : 1 available : 4 rq_depth:1.000000 hotplug_avg_load_dw: 18
04-24 06:44:51.659  1434  1447 E MP-Decision: DOWN cpu:1 core_idx:1 Ns:1.100000 Ts:190 total_time_down:922.000000
04-24 06:44:51.910  1434  1447 E MP-Decision: num online cores: 1 reqd : 2 available : 4 rq_depth:1.200000 hotplug_avg_load_dw: 63
04-24 06:44:51.910  1434  1447 E MP-Decision: UP cpu:1 core_idx:1 Nw:1.900000 Tw:140 total_time_up:0.000000
04-24 06:44:52.470 16582 16582 D AndroidRuntime: 
04-24 06:44:52.470 16582 16582 D AndroidRuntime: >>>>>> AndroidRuntime START com.android.internal.os.RuntimeInit <<<<<<
04-24 06:44:52.470 16582 16582 D AndroidRuntime: CheckJNI is ON
04-24 06:44:52.470 16582 16582 E dalvikvm: ERROR: must specify non-'.' bootclasspath
04-24 06:44:52.470 16582 16582 W dalvikvm: CreateJavaVM failed: dvmClassStartup failed
04-24 06:44:52.470 16582 16582 E AndroidRuntime: JNI_CreateJavaVM failed
04-24 06:44:52.790 16583 16583 D AndroidRuntime: 
04-24 06:44:52.790 16583 16583 D AndroidRuntime: >>>>>> AndroidRuntime START com.android.internal.os.RuntimeInit <<<<<<
04-24 06:44:52.790 16583 16583 D AndroidRuntime: CheckJNI is ON
04-24 06:44:52.790 16583 16583 E dalvikvm: ERROR: must specify non-'.' bootclasspath
04-24 06:44:52.790 16583 16583 W dalvikvm: CreateJavaVM failed: dvmClassStartup failed
04-24 06:44:52.790 16583 16583 E AndroidRuntime: JNI_CreateJavaVM failed
04-24 06:44:55.323  1434  1447 E MP-Decision: num online cores: 2 reqd : 1 available : 4 rq_depth:0.000000 hotplug_avg_load_dw: 16
04-24 06:44:55.323  1434  1447 E MP-Decision: DOWN cpu:1 core_idx:1 Ns:1.100000 Ts:190 total_time_down:3090.000000
04-24 06:56:40.106 16762 16762 I olsrd   : Writing '1' (was 1) to /proc/sys/net/ipv4/ip_forward
04-24 06:56:40.106 16762 16762 I olsrd   : Writing '0' (was 1) to /proc/sys/net/ipv4/conf/all/send_redirects
04-24 06:56:40.116 16762 16762 I olsrd   : Writing '0' (was 0) to /proc/sys/net/ipv4/conf/all/rp_filter
04-24 06:56:40.116 16762 16762 I olsrd   : Writing '0' (was 0) to /proc/sys/net/ipv4/conf/wlan0/send_redirects
04-24 06:56:40.116 16762 16762 I olsrd   : Writing '0' (was 0) to /proc/sys/net/ipv4/conf/wlan0/rp_filter
04-24 06:56:40.116 16762 16762 I olsrd   : Adding interface wlan0
04-24 06:56:40.116 16762 16762 I olsrd   : New main address: 10.1.1.29
04-24 06:56:40.116 16763 16763 I olsrd   : olsr.org -  0.6.6.2-n -git_0000000 -n -hash_ 7985605520f3cae9b305d56e83b35d9c successfully started
04-24 06:58:02.086 16763 16763 I olsrd   : detected duplicate packet with seqnr 0x6c9a from 10.1.1.19 on wlan0 (288 Bytes)
04-24 06:58:02.086 16763 16763 I olsrd   : detected duplicate packet with seqnr 0x6c9a from 10.1.1.19 on wlan0 (288 Bytes)
04-24 06:58:02.086 16763 16763 I olsrd   : detected duplicate packet with seqnr 0x6c9a from 10.1.1.19 on wlan0 (288 Bytes)
04-24 06:58:14.198 16763 16763 I olsrd   : detected duplicate packet with seqnr 0x6ca0 from 10.1.1.19 on wlan0 (524 Bytes)
--------- beginning of /dev/log/system
04-24 07:00:05.075   806   830 W ProcessStats: Skipping unknown process pid 18042
04-24 07:02:20.326  1434  1447 E MP-Decision: num online cores: 1 reqd : 2 available : 4 rq_depth:1.000000 hotplug_avg_load_dw: 72
04-24 07:02:20.326  1434  1447 E MP-Decision: UP cpu:1 core_idx:1 Nw:1.900000 Tw:140 total_time_up:0.000000
04-24 07:02:20.466 18926 18926 D AndroidRuntime: 
04-24 07:02:20.466 18926 18926 D AndroidRuntime: >>>>>> AndroidRuntime START com.android.internal.os.RuntimeInit <<<<<<
04-24 07:02:20.466 18926 18926 D AndroidRuntime: CheckJNI is ON
04-24 07:02:20.466 18926 18926 E dalvikvm: ERROR: must specify non-'.' bootclasspath
04-24 07:02:20.466 18926 18926 W dalvikvm: CreateJavaVM failed: dvmClassStartup failed
04-24 07:02:20.466 18926 18926 E AndroidRuntime: JNI_CreateJavaVM failed
04-24 07:02:20.606 16763 16763 I olsrd   : Writing '1' (was 0) to /proc/sys/net/ipv4/conf/all/send_redirects
04-24 07:02:20.606 16763 16763 I olsrd   : olsr.org -  0.6.6.2-n -git_0000000 -n -hash_ 7985605520f3cae9b305d56e83b35d9c stopped
04-24 07:02:21.087  1434  1447 E MP-Decision: num online cores: 2 reqd : 1 available : 4 rq_depth:1.100000 hotplug_avg_load_dw: 24
04-24 07:02:21.087  1434  1447 E MP-Decision: DOWN cpu:1 core_idx:1 Ns:1.100000 Ts:190 total_time_down:252.000000
04-24 07:02:21.898  1434  1447 E MP-Decision: num online cores: 1 reqd : 2 available : 4 rq_depth:1.300000 hotplug_avg_load_dw: 69
04-24 07:02:21.898  1434  1447 E MP-Decision: UP cpu:1 core_idx:1 Nw:1.900000 Tw:140 total_time_up:0.000000
04-24 07:02:22.498 19037 19037 D AndroidRuntime: 
04-24 07:02:22.498 19037 19037 D AndroidRuntime: >>>>>> AndroidRuntime START com.android.internal.os.RuntimeInit <<<<<<
04-24 07:02:22.498 19037 19037 D AndroidRuntime: CheckJNI is ON
04-24 07:02:22.498 19037 19037 E dalvikvm: ERROR: must specify non-'.' bootclasspath
04-24 07:02:22.498 19037 19037 W dalvikvm: CreateJavaVM failed: dvmClassStartup failed
04-24 07:02:22.498 19037 19037 E AndroidRuntime: JNI_CreateJavaVM failed
04-24 07:02:22.809 19038 19038 D AndroidRuntime: 
04-24 07:02:22.809 19038 19038 D AndroidRuntime: >>>>>> AndroidRuntime START com.android.internal.os.RuntimeInit <<<<<<
04-24 07:02:22.809 19038 19038 D AndroidRuntime: CheckJNI is ON
04-24 07:02:22.809 19038 19038 E dalvikvm: ERROR: must specify non-'.' bootclasspath
04-24 07:02:22.809 19038 19038 W dalvikvm: CreateJavaVM failed: dvmClassStartup failed
04-24 07:02:22.809 19038 19038 E AndroidRuntime: JNI_CreateJavaVM failed
