--------- beginning of /dev/log/main
04-24 05:52:21.183  1419  1425 E MP-Decision: num online cores: 2 reqd : 1 available : 4 rq_depth:0.000000 hotplug_avg_load_dw: 12
04-24 05:52:21.183  1419  1425 E MP-Decision: DOWN cpu:1 core_idx:1 Ns:1.100000 Ts:190 total_time_down:237.000000
04-24 05:52:21.854  1419  1425 E MP-Decision: num online cores: 1 reqd : 2 available : 4 rq_depth:1.000000 hotplug_avg_load_dw: 70
04-24 05:52:21.854  1419  1425 E MP-Decision: UP cpu:1 core_idx:1 Nw:1.900000 Tw:140 total_time_up:0.000000
04-24 05:52:22.475 13508 13508 D AndroidRuntime: 
04-24 05:52:22.475 13508 13508 D AndroidRuntime: >>>>>> AndroidRuntime START com.android.internal.os.RuntimeInit <<<<<<
04-24 05:52:22.475 13508 13508 D AndroidRuntime: CheckJNI is ON
04-24 05:52:22.475 13508 13508 E dalvikvm: ERROR: must specify non-'.' bootclasspath
04-24 05:52:22.475 13508 13508 W dalvikvm: CreateJavaVM failed: dvmClassStartup failed
04-24 05:52:22.475 13508 13508 E AndroidRuntime: JNI_CreateJavaVM failed
04-24 05:52:22.835 13509 13509 D AndroidRuntime: 
04-24 05:52:22.835 13509 13509 D AndroidRuntime: >>>>>> AndroidRuntime START com.android.internal.os.RuntimeInit <<<<<<
04-24 05:52:22.835 13509 13509 D AndroidRuntime: CheckJNI is ON
04-24 05:52:22.835 13509 13509 E dalvikvm: ERROR: must specify non-'.' bootclasspath
04-24 05:52:22.835 13509 13509 W dalvikvm: CreateJavaVM failed: dvmClassStartup failed
04-24 05:52:22.835 13509 13509 E AndroidRuntime: JNI_CreateJavaVM failed
04-24 05:52:24.787  1419  1425 E MP-Decision: num online cores: 2 reqd : 1 available : 4 rq_depth:0.000000 hotplug_avg_load_dw: 18
04-24 05:52:24.787  1419  1425 E MP-Decision: DOWN cpu:1 core_idx:1 Ns:1.100000 Ts:190 total_time_down:1880.000000
04-24 06:10:00.104 13689 13689 I olsrd   : Writing '1' (was 1) to /proc/sys/net/ipv4/ip_forward
04-24 06:10:00.104 13689 13689 I olsrd   : Writing '0' (was 1) to /proc/sys/net/ipv4/conf/all/send_redirects
04-24 06:10:00.114 13689 13689 I olsrd   : Writing '0' (was 0) to /proc/sys/net/ipv4/conf/all/rp_filter
04-24 06:10:00.114 13689 13689 I olsrd   : Writing '0' (was 0) to /proc/sys/net/ipv4/conf/wlan0/send_redirects
04-24 06:10:00.114 13689 13689 I olsrd   : Writing '0' (was 0) to /proc/sys/net/ipv4/conf/wlan0/rp_filter
04-24 06:10:00.114 13689 13689 I olsrd   : Adding interface wlan0
04-24 06:10:00.114 13689 13689 I olsrd   : New main address: 10.1.1.33
04-24 06:10:00.114 13694 13694 I olsrd   : olsr.org -  0.6.6.2-n -git_0000000 -n -hash_ 7985605520f3cae9b305d56e83b35d9c successfully started
04-24 06:15:40.312  1419  1425 E MP-Decision: num online cores: 1 reqd : 2 available : 4 rq_depth:1.000000 hotplug_avg_load_dw: 68
04-24 06:15:40.312  1419  1425 E MP-Decision: UP cpu:1 core_idx:1 Nw:1.900000 Tw:140 total_time_up:0.000000
04-24 06:15:40.462 16557 16557 D AndroidRuntime: 
04-24 06:15:40.462 16557 16557 D AndroidRuntime: >>>>>> AndroidRuntime START com.android.internal.os.RuntimeInit <<<<<<
04-24 06:15:40.462 16557 16557 D AndroidRuntime: CheckJNI is ON
04-24 06:15:40.462 16557 16557 E dalvikvm: ERROR: must specify non-'.' bootclasspath
04-24 06:15:40.462 16557 16557 W dalvikvm: CreateJavaVM failed: dvmClassStartup failed
04-24 06:15:40.462 16557 16557 E AndroidRuntime: JNI_CreateJavaVM failed
04-24 06:15:40.643 13694 13694 I olsrd   : Writing '1' (was 0) to /proc/sys/net/ipv4/conf/all/send_redirects
04-24 06:15:40.643 13694 13694 I olsrd   : olsr.org -  0.6.6.2-n -git_0000000 -n -hash_ 7985605520f3cae9b305d56e83b35d9c stopped
04-24 06:15:41.794  1419  1425 E MP-Decision: num online cores: 2 reqd : 1 available : 4 rq_depth:1.200000 hotplug_avg_load_dw: 12
04-24 06:15:41.794  1419  1425 E MP-Decision: DOWN cpu:1 core_idx:1 Ns:1.100000 Ts:190 total_time_down:0.000000
04-24 06:15:42.044  1419  1425 E MP-Decision: num online cores: 1 reqd : 2 available : 4 rq_depth:1.100000 hotplug_avg_load_dw: 64
04-24 06:15:42.044  1419  1425 E MP-Decision: UP cpu:1 core_idx:1 Nw:1.900000 Tw:140 total_time_up:0.000000
04-24 06:15:42.575 16620 16620 D AndroidRuntime: 
04-24 06:15:42.575 16620 16620 D AndroidRuntime: >>>>>> AndroidRuntime START com.android.internal.os.RuntimeInit <<<<<<
04-24 06:15:42.575 16620 16620 D AndroidRuntime: CheckJNI is ON
04-24 06:15:42.575 16620 16620 E dalvikvm: ERROR: must specify non-'.' bootclasspath
04-24 06:15:42.575 16620 16620 W dalvikvm: CreateJavaVM failed: dvmClassStartup failed
04-24 06:15:42.575 16620 16620 E AndroidRuntime: JNI_CreateJavaVM failed
04-24 06:15:42.905 16621 16621 D AndroidRuntime: 
04-24 06:15:42.905 16621 16621 D AndroidRuntime: >>>>>> AndroidRuntime START com.android.internal.os.RuntimeInit <<<<<<
04-24 06:15:42.905 16621 16621 D AndroidRuntime: CheckJNI is ON
04-24 06:15:42.905 16621 16621 E dalvikvm: ERROR: must specify non-'.' bootclasspath
04-24 06:15:42.905 16621 16621 W dalvikvm: CreateJavaVM failed: dvmClassStartup failed
04-24 06:15:42.905 16621 16621 E AndroidRuntime: JNI_CreateJavaVM failed
