--------- beginning of /dev/log/main
04-24 06:50:41.721  1420  1427 E MP-Decision: num online cores: 2 reqd : 1 available : 4 rq_depth:1.000000 hotplug_avg_load_dw: 19
04-24 06:50:41.721  1420  1427 E MP-Decision: DOWN cpu:1 core_idx:1 Ns:1.100000 Ts:190 total_time_down:914.000000
04-24 06:50:42.022  1420  1427 E MP-Decision: num online cores: 1 reqd : 2 available : 4 rq_depth:1.000000 hotplug_avg_load_dw: 74
04-24 06:50:42.022  1420  1427 E MP-Decision: UP cpu:1 core_idx:1 Nw:1.900000 Tw:140 total_time_up:0.000000
04-24 06:50:42.482 22793 22793 D AndroidRuntime: 
04-24 06:50:42.482 22793 22793 D AndroidRuntime: >>>>>> AndroidRuntime START com.android.internal.os.RuntimeInit <<<<<<
04-24 06:50:42.482 22793 22793 D AndroidRuntime: CheckJNI is ON
04-24 06:50:42.482 22793 22793 E dalvikvm: ERROR: must specify non-'.' bootclasspath
04-24 06:50:42.482 22793 22793 W dalvikvm: CreateJavaVM failed: dvmClassStartup failed
04-24 06:50:42.482 22793 22793 E AndroidRuntime: JNI_CreateJavaVM failed
04-24 06:50:42.822 22795 22795 D AndroidRuntime: 
04-24 06:50:42.822 22795 22795 D AndroidRuntime: >>>>>> AndroidRuntime START com.android.internal.os.RuntimeInit <<<<<<
04-24 06:50:42.822 22795 22795 D AndroidRuntime: CheckJNI is ON
04-24 06:50:42.822 22795 22795 E dalvikvm: ERROR: must specify non-'.' bootclasspath
04-24 06:50:42.822 22795 22795 W dalvikvm: CreateJavaVM failed: dvmClassStartup failed
04-24 06:50:42.822 22795 22795 E AndroidRuntime: JNI_CreateJavaVM failed
04-24 06:50:45.115  1420  1427 E MP-Decision: num online cores: 2 reqd : 1 available : 4 rq_depth:0.000000 hotplug_avg_load_dw: 17
04-24 06:50:45.115  1420  1427 E MP-Decision: DOWN cpu:1 core_idx:1 Ns:1.100000 Ts:190 total_time_down:3070.000000
04-24 06:56:40.124 22973 22973 I olsrd   : Writing '1' (was 1) to /proc/sys/net/ipv4/ip_forward
04-24 06:56:40.124 22973 22973 I olsrd   : Writing '0' (was 1) to /proc/sys/net/ipv4/conf/all/send_redirects
04-24 06:56:40.124 22973 22973 I olsrd   : Writing '0' (was 0) to /proc/sys/net/ipv4/conf/all/rp_filter
04-24 06:56:40.124 22973 22973 I olsrd   : Writing '0' (was 0) to /proc/sys/net/ipv4/conf/wlan0/send_redirects
04-24 06:56:40.124 22973 22973 I olsrd   : Writing '0' (was 0) to /proc/sys/net/ipv4/conf/wlan0/rp_filter
04-24 06:56:40.124 22973 22973 I olsrd   : Adding interface wlan0
04-24 06:56:40.124 22973 22973 I olsrd   : New main address: 10.1.1.15
04-24 06:56:40.134 22974 22974 I olsrd   : olsr.org -  0.6.6.2-n -git_0000000 -n -hash_ 7985605520f3cae9b305d56e83b35d9c successfully started
04-24 06:58:02.072 22974 22974 I olsrd   : detected duplicate packet with seqnr 0x6c9a from 10.1.1.19 on wlan0 (288 Bytes)
04-24 06:58:02.072 22974 22974 I olsrd   : detected duplicate packet with seqnr 0x6c9a from 10.1.1.19 on wlan0 (288 Bytes)
04-24 06:58:02.072 22974 22974 I olsrd   : detected duplicate packet with seqnr 0x6c9a from 10.1.1.19 on wlan0 (288 Bytes)
04-24 06:58:14.204 22974 22974 I olsrd   : detected duplicate packet with seqnr 0x6ca0 from 10.1.1.19 on wlan0 (524 Bytes)
--------- beginning of /dev/log/system
04-24 07:00:05.080   805   832 W ProcessStats: Skipping unknown process pid 24255
04-24 07:00:23.818 22974 22974 I olsrd   : detected duplicate packet with seqnr 0xebd5 from 10.1.1.17 on wlan0 (324 Bytes)
04-24 07:00:23.818 22974 22974 I olsrd   : detected duplicate packet with seqnr 0xebd5 from 10.1.1.17 on wlan0 (324 Bytes)
04-24 07:02:20.289  1420  1427 E MP-Decision: num online cores: 1 reqd : 2 available : 4 rq_depth:1.000000 hotplug_avg_load_dw: 64
04-24 07:02:20.289  1420  1427 E MP-Decision: UP cpu:1 core_idx:1 Nw:1.900000 Tw:140 total_time_up:0.000000
04-24 07:02:20.429 25137 25137 D AndroidRuntime: 
04-24 07:02:20.429 25137 25137 D AndroidRuntime: >>>>>> AndroidRuntime START com.android.internal.os.RuntimeInit <<<<<<
04-24 07:02:20.429 25137 25137 D AndroidRuntime: CheckJNI is ON
04-24 07:02:20.429 25137 25137 E dalvikvm: ERROR: must specify non-'.' bootclasspath
04-24 07:02:20.429 25137 25137 W dalvikvm: CreateJavaVM failed: dvmClassStartup failed
04-24 07:02:20.429 25137 25137 E AndroidRuntime: JNI_CreateJavaVM failed
04-24 07:02:20.549 22974 22974 I olsrd   : Writing '1' (was 0) to /proc/sys/net/ipv4/conf/all/send_redirects
04-24 07:02:20.549 22974 22974 I olsrd   : olsr.org -  0.6.6.2-n -git_0000000 -n -hash_ 7985605520f3cae9b305d56e83b35d9c stopped
04-24 07:02:21.370  1420  1427 E MP-Decision: num online cores: 2 reqd : 1 available : 4 rq_depth:1.000000 hotplug_avg_load_dw: 19
04-24 07:02:21.370  1420  1427 E MP-Decision: DOWN cpu:1 core_idx:1 Ns:1.100000 Ts:190 total_time_down:224.000000
04-24 07:02:21.830  1420  1427 E MP-Decision: num online cores: 1 reqd : 2 available : 4 rq_depth:1.400000 hotplug_avg_load_dw: 67
04-24 07:02:21.830  1420  1427 E MP-Decision: UP cpu:1 core_idx:1 Nw:1.900000 Tw:140 total_time_up:0.000000
04-24 07:02:22.361 25248 25248 D AndroidRuntime: 
04-24 07:02:22.361 25248 25248 D AndroidRuntime: >>>>>> AndroidRuntime START com.android.internal.os.RuntimeInit <<<<<<
04-24 07:02:22.361 25248 25248 D AndroidRuntime: CheckJNI is ON
04-24 07:02:22.361 25248 25248 E dalvikvm: ERROR: must specify non-'.' bootclasspath
04-24 07:02:22.361 25248 25248 W dalvikvm: CreateJavaVM failed: dvmClassStartup failed
04-24 07:02:22.361 25248 25248 E AndroidRuntime: JNI_CreateJavaVM failed
04-24 07:02:22.691 25250 25250 D AndroidRuntime: 
04-24 07:02:22.691 25250 25250 D AndroidRuntime: >>>>>> AndroidRuntime START com.android.internal.os.RuntimeInit <<<<<<
04-24 07:02:22.691 25250 25250 D AndroidRuntime: CheckJNI is ON
04-24 07:02:22.691 25250 25250 E dalvikvm: ERROR: must specify non-'.' bootclasspath
04-24 07:02:22.691 25250 25250 W dalvikvm: CreateJavaVM failed: dvmClassStartup failed
04-24 07:02:22.691 25250 25250 E AndroidRuntime: JNI_CreateJavaVM failed
