--------- beginning of /dev/log/main
04-24 05:47:28.666  1422  1429 E MP-Decision: num online cores: 2 reqd : 1 available : 4 rq_depth:1.000000 hotplug_avg_load_dw: 15
04-24 05:47:28.666  1422  1429 E MP-Decision: DOWN cpu:1 core_idx:1 Ns:1.100000 Ts:190 total_time_down:48.000000
04-24 05:47:28.786  9260  9260 I olsrd   : Writing '1' (was 1) to /proc/sys/net/ipv4/ip_forward
04-24 05:47:28.786  9260  9260 I olsrd   : Writing '0' (was 1) to /proc/sys/net/ipv4/conf/all/send_redirects
04-24 05:47:28.786  9260  9260 I olsrd   : Writing '0' (was 0) to /proc/sys/net/ipv4/conf/all/rp_filter
04-24 05:47:33.811  9287  9287 I olsrd   : olsr.org -  0.6.6.2-n -git_0000000 -n -hash_ 7985605520f3cae9b305d56e83b35d9c successfully started
04-24 05:47:41.589  9342  9342 D dalvikvm: Not late-enabling CheckJNI (already on)
--------- beginning of /dev/log/system
04-24 05:47:41.609   806   832 I ActivityManager: Start proc edu.mit.ll.cbmen.monitor for service edu.mit.ll.cbmen.monitor/.MonitorService: pid=9342 uid=10055 gids={50055, 1015, 3003, 1028}
04-24 05:47:41.689  9342  9342 I MonitorService: onCreate() MonitorService
04-24 05:47:41.689  9342  9342 D AndroidRuntime: Shutting down VM
04-24 05:47:41.689  9342  9342 W dalvikvm: threadid=1: thread exiting with uncaught exception (group=0x4162b7c0)
04-24 05:47:41.699  9342  9342 I Process : Sending signal. PID: 9342 SIG: 9
04-24 05:47:41.699  9342  9342 E AndroidRuntime: FATAL EXCEPTION: main
04-24 05:47:41.699  9342  9342 E AndroidRuntime: java.lang.RuntimeException: Unable to start service edu.mit.ll.cbmen.monitor.MonitorService@418aa7f8 with null: java.lang.NullPointerException
04-24 05:47:41.699  9342  9342 E AndroidRuntime: 	at android.app.ActivityThread.handleServiceArgs(ActivityThread.java:2849)
04-24 05:47:41.699  9342  9342 E AndroidRuntime: 	at android.app.ActivityThread.access$1900(ActivityThread.java:153)
04-24 05:47:41.699  9342  9342 E AndroidRuntime: 	at android.app.ActivityThread$H.handleMessage(ActivityThread.java:1366)
04-24 05:47:41.699  9342  9342 E AndroidRuntime: 	at android.os.Handler.dispatchMessage(Handler.java:99)
04-24 05:47:41.699  9342  9342 E AndroidRuntime: 	at android.os.Looper.loop(Looper.java:137)
04-24 05:47:41.699  9342  9342 E AndroidRuntime: 	at android.app.ActivityThread.main(ActivityThread.java:5289)
04-24 05:47:41.699  9342  9342 E AndroidRuntime: 	at java.lang.reflect.Method.invokeNative(Native Method)
04-24 05:47:41.699  9342  9342 E AndroidRuntime: 	at java.lang.reflect.Method.invoke(Method.java:525)
04-24 05:47:41.699  9342  9342 E AndroidRuntime: 	at com.android.internal.os.ZygoteInit$MethodAndArgsCaller.run(ZygoteInit.java:739)
04-24 05:47:41.699  9342  9342 E AndroidRuntime: 	at com.android.internal.os.ZygoteInit.main(ZygoteInit.java:555)
04-24 05:47:41.699  9342  9342 E AndroidRuntime: 	at dalvik.system.NativeStart.main(Native Method)
04-24 05:47:41.699  9342  9342 E AndroidRuntime: Caused by: java.lang.NullPointerException
04-24 05:47:41.699  9342  9342 E AndroidRuntime: 	at edu.mit.ll.cbmen.monitor.MonitorService.onStartCommand(MonitorService.java:773)
04-24 05:47:41.699  9342  9342 E AndroidRuntime: 	at android.app.ActivityThread.handleServiceArgs(ActivityThread.java:2832)
04-24 05:47:41.699  9342  9342 E AndroidRuntime: 	... 10 more
04-24 05:47:41.699   806  1091 I ActivityManager: Process edu.mit.ll.cbmen.monitor (pid 9342) has died.
04-24 05:47:41.699   806  1091 W ActivityManager: Service crashed 2 times, stopping: ServiceRecord{419a1990 u0 edu.mit.ll.cbmen.monitor/.MonitorService}
04-24 05:47:41.719  1422  1429 E MP-Decision: num online cores: 1 reqd : 2 available : 4 rq_depth:2.200000 hotplug_avg_load_dw: 28
04-24 05:47:41.719  1422  1429 E MP-Decision: UP cpu:1 core_idx:1 Nw:1.900000 Tw:140 total_time_up:192.000000
04-24 05:47:41.819  1422  1429 E MP-Decision: num online cores: 2 reqd : 1 available : 4 rq_depth:0.000000 hotplug_avg_load_dw: 18
04-24 05:47:41.819  1422  1429 E MP-Decision: DOWN cpu:1 core_idx:1 Ns:1.100000 Ts:190 total_time_down:95.000000
04-24 05:52:05.042   806   832 W ProcessStats: Skipping unknown process pid 11004
04-24 05:52:05.042   806   832 W ProcessStats: Skipping unknown process pid 11005
04-24 05:52:05.042   806   832 W ProcessStats: Skipping unknown process pid 11006
04-24 05:52:20.317  1422  1429 E MP-Decision: num online cores: 1 reqd : 2 available : 4 rq_depth:1.000000 hotplug_avg_load_dw: 69
04-24 05:52:20.317  1422  1429 E MP-Decision: UP cpu:1 core_idx:1 Nw:1.900000 Tw:140 total_time_up:0.000000
04-24 05:52:20.447 11144 11144 D AndroidRuntime: 
04-24 05:52:20.447 11144 11144 D AndroidRuntime: >>>>>> AndroidRuntime START com.android.internal.os.RuntimeInit <<<<<<
04-24 05:52:20.447 11144 11144 D AndroidRuntime: CheckJNI is ON
04-24 05:52:20.447 11144 11144 E dalvikvm: ERROR: must specify non-'.' bootclasspath
04-24 05:52:20.447 11144 11144 W dalvikvm: CreateJavaVM failed: dvmClassStartup failed
04-24 05:52:20.447 11144 11144 E AndroidRuntime: JNI_CreateJavaVM failed
04-24 05:52:20.557  9287  9287 I olsrd   : Writing '1' (was 0) to /proc/sys/net/ipv4/conf/all/send_redirects
04-24 05:52:20.557  9287  9287 I olsrd   : olsr.org -  0.6.6.2-n -git_0000000 -n -hash_ 7985605520f3cae9b305d56e83b35d9c stopped
04-24 05:52:21.218  1422  1429 E MP-Decision: num online cores: 2 reqd : 1 available : 4 rq_depth:0.000000 hotplug_avg_load_dw: 25
04-24 05:52:21.218  1422  1429 E MP-Decision: DOWN cpu:1 core_idx:1 Ns:1.100000 Ts:190 total_time_down:196.000000
04-24 05:52:21.918  1422  1429 E MP-Decision: num online cores: 1 reqd : 2 available : 4 rq_depth:1.300000 hotplug_avg_load_dw: 74
04-24 05:52:21.918  1422  1429 E MP-Decision: UP cpu:1 core_idx:1 Nw:1.900000 Tw:140 total_time_up:0.000000
04-24 05:52:22.489 11243 11243 D AndroidRuntime: 
04-24 05:52:22.489 11243 11243 D AndroidRuntime: >>>>>> AndroidRuntime START com.android.internal.os.RuntimeInit <<<<<<
04-24 05:52:22.489 11243 11243 D AndroidRuntime: CheckJNI is ON
04-24 05:52:22.489 11243 11243 E dalvikvm: ERROR: must specify non-'.' bootclasspath
04-24 05:52:22.499 11243 11243 W dalvikvm: CreateJavaVM failed: dvmClassStartup failed
04-24 05:52:22.499 11243 11243 E AndroidRuntime: JNI_CreateJavaVM failed
04-24 05:52:22.849 11244 11244 D AndroidRuntime: 
04-24 05:52:22.849 11244 11244 D AndroidRuntime: >>>>>> AndroidRuntime START com.android.internal.os.RuntimeInit <<<<<<
04-24 05:52:22.849 11244 11244 D AndroidRuntime: CheckJNI is ON
04-24 05:52:22.849 11244 11244 E dalvikvm: ERROR: must specify non-'.' bootclasspath
04-24 05:52:22.849 11244 11244 W dalvikvm: CreateJavaVM failed: dvmClassStartup failed
04-24 05:52:22.849 11244 11244 E AndroidRuntime: JNI_CreateJavaVM failed
