--------- beginning of /dev/log/main
04-24 07:08:11.580  1424  1431 E MP-Decision: num online cores: 2 reqd : 1 available : 4 rq_depth:0.000000 hotplug_avg_load_dw: 28
04-24 07:08:11.580  1424  1431 E MP-Decision: DOWN cpu:1 core_idx:1 Ns:1.100000 Ts:190 total_time_down:785.000000
04-24 07:08:11.830  1424  1431 E MP-Decision: num online cores: 1 reqd : 2 available : 4 rq_depth:1.000000 hotplug_avg_load_dw: 70
04-24 07:08:11.830  1424  1431 E MP-Decision: UP cpu:1 core_idx:1 Nw:1.900000 Tw:140 total_time_up:0.000000
04-24 07:08:12.441 19085 19085 D AndroidRuntime: 
04-24 07:08:12.441 19085 19085 D AndroidRuntime: >>>>>> AndroidRuntime START com.android.internal.os.RuntimeInit <<<<<<
04-24 07:08:12.441 19085 19085 D AndroidRuntime: CheckJNI is ON
04-24 07:08:12.441 19085 19085 E dalvikvm: ERROR: must specify non-'.' bootclasspath
04-24 07:08:12.441 19085 19085 W dalvikvm: CreateJavaVM failed: dvmClassStartup failed
04-24 07:08:12.441 19085 19085 E AndroidRuntime: JNI_CreateJavaVM failed
04-24 07:08:12.761 19086 19086 D AndroidRuntime: 
04-24 07:08:12.761 19086 19086 D AndroidRuntime: >>>>>> AndroidRuntime START com.android.internal.os.RuntimeInit <<<<<<
04-24 07:08:12.761 19086 19086 D AndroidRuntime: CheckJNI is ON
04-24 07:08:12.761 19086 19086 E dalvikvm: ERROR: must specify non-'.' bootclasspath
04-24 07:08:12.761 19086 19086 W dalvikvm: CreateJavaVM failed: dvmClassStartup failed
04-24 07:08:12.761 19086 19086 E AndroidRuntime: JNI_CreateJavaVM failed
04-24 07:08:13.171  1424  1431 E MP-Decision: num online cores: 2 reqd : 1 available : 4 rq_depth:0.000000 hotplug_avg_load_dw: 28
04-24 07:08:13.171  1424  1431 E MP-Decision: DOWN cpu:1 core_idx:1 Ns:1.100000 Ts:190 total_time_down:1312.000000
04-24 07:20:00.153 19264 19264 I olsrd   : Writing '1' (was 1) to /proc/sys/net/ipv4/ip_forward
04-24 07:20:00.153 19264 19264 I olsrd   : Writing '0' (was 1) to /proc/sys/net/ipv4/conf/all/send_redirects
04-24 07:20:00.153 19264 19264 I olsrd   : Writing '0' (was 0) to /proc/sys/net/ipv4/conf/all/rp_filter
04-24 07:20:00.153 19264 19264 I olsrd   : Writing '0' (was 0) to /proc/sys/net/ipv4/conf/wlan0/send_redirects
04-24 07:20:00.153 19264 19264 I olsrd   : Writing '0' (was 0) to /proc/sys/net/ipv4/conf/wlan0/rp_filter
04-24 07:20:00.153 19264 19264 I olsrd   : Adding interface wlan0
04-24 07:20:00.153 19264 19264 I olsrd   : New main address: 10.1.1.21
04-24 07:20:00.163 19265 19265 I olsrd   : olsr.org -  0.6.6.2-n -git_0000000 -n -hash_ 7985605520f3cae9b305d56e83b35d9c successfully started
--------- beginning of /dev/log/system
04-24 07:20:05.038   818   836 W ProcessStats: Skipping unknown process pid 19294
04-24 07:20:05.048   818   836 W ProcessStats: Skipping unknown process pid 19295
04-24 07:20:05.048   818   836 W ProcessStats: Skipping unknown process pid 19296
04-24 07:25:40.291  1424  1431 E MP-Decision: num online cores: 1 reqd : 2 available : 4 rq_depth:1.000000 hotplug_avg_load_dw: 66
04-24 07:25:40.291  1424  1431 E MP-Decision: UP cpu:1 core_idx:1 Nw:1.900000 Tw:140 total_time_up:0.000000
04-24 07:25:40.421 21438 21438 D AndroidRuntime: 
04-24 07:25:40.421 21438 21438 D AndroidRuntime: >>>>>> AndroidRuntime START com.android.internal.os.RuntimeInit <<<<<<
04-24 07:25:40.421 21438 21438 D AndroidRuntime: CheckJNI is ON
04-24 07:25:40.421 21438 21438 E dalvikvm: ERROR: must specify non-'.' bootclasspath
04-24 07:25:40.421 21438 21438 W dalvikvm: CreateJavaVM failed: dvmClassStartup failed
04-24 07:25:40.421 21438 21438 E AndroidRuntime: JNI_CreateJavaVM failed
04-24 07:25:40.571 19265 19265 I olsrd   : Writing '1' (was 0) to /proc/sys/net/ipv4/conf/all/send_redirects
04-24 07:25:40.571 19265 19265 I olsrd   : olsr.org -  0.6.6.2-n -git_0000000 -n -hash_ 7985605520f3cae9b305d56e83b35d9c stopped
04-24 07:25:41.102  1424  1431 E MP-Decision: num online cores: 2 reqd : 1 available : 4 rq_depth:1.100000 hotplug_avg_load_dw: 19
04-24 07:25:41.102  1424  1431 E MP-Decision: DOWN cpu:1 core_idx:1 Ns:1.100000 Ts:190 total_time_down:97.000000
04-24 07:25:41.873  1424  1431 E MP-Decision: num online cores: 1 reqd : 2 available : 4 rq_depth:1.400000 hotplug_avg_load_dw: 66
04-24 07:25:41.873  1424  1431 E MP-Decision: UP cpu:1 core_idx:1 Nw:1.900000 Tw:140 total_time_up:0.000000
04-24 07:25:42.433 21537 21537 D AndroidRuntime: 
04-24 07:25:42.433 21537 21537 D AndroidRuntime: >>>>>> AndroidRuntime START com.android.internal.os.RuntimeInit <<<<<<
04-24 07:25:42.433 21537 21537 D AndroidRuntime: CheckJNI is ON
04-24 07:25:42.433 21537 21537 E dalvikvm: ERROR: must specify non-'.' bootclasspath
04-24 07:25:42.443 21537 21537 W dalvikvm: CreateJavaVM failed: dvmClassStartup failed
04-24 07:25:42.443 21537 21537 E AndroidRuntime: JNI_CreateJavaVM failed
04-24 07:25:42.783 21538 21538 D AndroidRuntime: 
04-24 07:25:42.783 21538 21538 D AndroidRuntime: >>>>>> AndroidRuntime START com.android.internal.os.RuntimeInit <<<<<<
04-24 07:25:42.783 21538 21538 D AndroidRuntime: CheckJNI is ON
04-24 07:25:42.783 21538 21538 E dalvikvm: ERROR: must specify non-'.' bootclasspath
04-24 07:25:42.783 21538 21538 W dalvikvm: CreateJavaVM failed: dvmClassStartup failed
04-24 07:25:42.783 21538 21538 E AndroidRuntime: JNI_CreateJavaVM failed
