--------- beginning of /dev/log/main
04-24 07:08:11.003  1422  1429 E MP-Decision: num online cores: 2 reqd : 1 available : 4 rq_depth:0.000000 hotplug_avg_load_dw: 16
04-24 07:08:11.003  1422  1429 E MP-Decision: DOWN cpu:1 core_idx:1 Ns:1.100000 Ts:190 total_time_down:193.000000
04-24 07:08:11.904  1422  1429 E MP-Decision: num online cores: 1 reqd : 2 available : 4 rq_depth:1.000000 hotplug_avg_load_dw: 69
04-24 07:08:11.904  1422  1429 E MP-Decision: UP cpu:1 core_idx:1 Nw:1.900000 Tw:140 total_time_up:0.000000
04-24 07:08:12.404 19105 19105 D AndroidRuntime: 
04-24 07:08:12.404 19105 19105 D AndroidRuntime: >>>>>> AndroidRuntime START com.android.internal.os.RuntimeInit <<<<<<
04-24 07:08:12.404 19105 19105 D AndroidRuntime: CheckJNI is ON
04-24 07:08:12.404 19105 19105 E dalvikvm: ERROR: must specify non-'.' bootclasspath
04-24 07:08:12.404 19105 19105 W dalvikvm: CreateJavaVM failed: dvmClassStartup failed
04-24 07:08:12.404 19105 19105 E AndroidRuntime: JNI_CreateJavaVM failed
04-24 07:08:12.765 19107 19107 D AndroidRuntime: 
04-24 07:08:12.765 19107 19107 D AndroidRuntime: >>>>>> AndroidRuntime START com.android.internal.os.RuntimeInit <<<<<<
04-24 07:08:12.765 19107 19107 D AndroidRuntime: CheckJNI is ON
04-24 07:08:12.765 19107 19107 E dalvikvm: ERROR: must specify non-'.' bootclasspath
04-24 07:08:12.765 19107 19107 W dalvikvm: CreateJavaVM failed: dvmClassStartup failed
04-24 07:08:12.765 19107 19107 E AndroidRuntime: JNI_CreateJavaVM failed
04-24 07:08:13.055  1422  1429 E MP-Decision: num online cores: 2 reqd : 1 available : 4 rq_depth:0.000000 hotplug_avg_load_dw: 27
04-24 07:08:13.055  1422  1429 E MP-Decision: DOWN cpu:1 core_idx:1 Ns:1.100000 Ts:190 total_time_down:488.000000
--------- beginning of /dev/log/system
04-24 07:16:48.282   805   829 W BroadcastQueue: Timeout of broadcast BroadcastRecord{425a1a50 u0 com.android.server.action.NETWORK_STATS_POLL} - receiver=android.app.LoadedApk$ReceiverDispatcher$InnerReceiver@424384e0, started 60034ms ago
04-24 07:16:48.282   805   829 W BroadcastQueue: Receiver during timeout: BroadcastFilter{423fbb08 u0 ReceiverList{423ff418 805 system/1000/u0 local:424384e0}}
04-24 07:20:00.158 19287 19287 I olsrd   : Writing '1' (was 1) to /proc/sys/net/ipv4/ip_forward
04-24 07:20:00.158 19287 19287 I olsrd   : Writing '0' (was 1) to /proc/sys/net/ipv4/conf/all/send_redirects
04-24 07:20:00.158 19287 19287 I olsrd   : Writing '0' (was 0) to /proc/sys/net/ipv4/conf/all/rp_filter
04-24 07:20:05.062   805   829 W ProcessStats: Skipping unknown process pid 19313
04-24 07:20:05.162 19327 19327 I olsrd   : olsr.org -  0.6.6.2-n -git_0000000 -n -hash_ 7985605520f3cae9b305d56e83b35d9c successfully started
04-24 07:24:00.159  1422  1429 E MP-Decision: num online cores: 1 reqd : 2 available : 4 rq_depth:1.900000 hotplug_avg_load_dw: 22
04-24 07:24:00.159  1422  1429 E MP-Decision: UP cpu:1 core_idx:1 Nw:1.900000 Tw:140 total_time_up:194.000000
04-24 07:24:00.209  1422  1429 E MP-Decision: num online cores: 2 reqd : 1 available : 4 rq_depth:0.500000 hotplug_avg_load_dw: 8
04-24 07:24:00.209  1422  1429 E MP-Decision: DOWN cpu:1 core_idx:1 Ns:1.100000 Ts:190 total_time_down:46.000000
04-24 07:25:40.156  1422  1429 E MP-Decision: num online cores: 1 reqd : 2 available : 4 rq_depth:2.700000 hotplug_avg_load_dw: 23
04-24 07:25:40.156  1422  1429 E MP-Decision: UP cpu:1 core_idx:1 Nw:1.900000 Tw:140 total_time_up:145.000000
04-24 07:25:40.546 21471 21471 D AndroidRuntime: 
04-24 07:25:40.546 21471 21471 D AndroidRuntime: >>>>>> AndroidRuntime START com.android.internal.os.RuntimeInit <<<<<<
04-24 07:25:40.546 21471 21471 D AndroidRuntime: CheckJNI is ON
04-24 07:25:40.546 21471 21471 E dalvikvm: ERROR: must specify non-'.' bootclasspath
04-24 07:25:40.546 21471 21471 W dalvikvm: CreateJavaVM failed: dvmClassStartup failed
04-24 07:25:40.546 21471 21471 E AndroidRuntime: JNI_CreateJavaVM failed
04-24 07:25:40.646 19327 19327 I olsrd   : Writing '1' (was 0) to /proc/sys/net/ipv4/conf/all/send_redirects
04-24 07:25:40.656 19327 19327 I olsrd   : olsr.org -  0.6.6.2-n -git_0000000 -n -hash_ 7985605520f3cae9b305d56e83b35d9c stopped
04-24 07:25:41.357  1422  1429 E MP-Decision: num online cores: 2 reqd : 1 available : 4 rq_depth:0.000000 hotplug_avg_load_dw: 13
04-24 07:25:41.357  1422  1429 E MP-Decision: DOWN cpu:1 core_idx:1 Ns:1.100000 Ts:190 total_time_down:194.000000
04-24 07:25:41.957  1422  1429 E MP-Decision: num online cores: 1 reqd : 2 available : 4 rq_depth:1.900000 hotplug_avg_load_dw: 66
04-24 07:25:41.957  1422  1429 E MP-Decision: UP cpu:1 core_idx:1 Nw:1.900000 Tw:140 total_time_up:49.000000
04-24 07:25:42.528 21565 21565 D AndroidRuntime: 
04-24 07:25:42.528 21565 21565 D AndroidRuntime: >>>>>> AndroidRuntime START com.android.internal.os.RuntimeInit <<<<<<
04-24 07:25:42.528 21565 21565 D AndroidRuntime: CheckJNI is ON
04-24 07:25:42.528 21565 21565 E dalvikvm: ERROR: must specify non-'.' bootclasspath
04-24 07:25:42.528 21565 21565 W dalvikvm: CreateJavaVM failed: dvmClassStartup failed
04-24 07:25:42.528 21565 21565 E AndroidRuntime: JNI_CreateJavaVM failed
04-24 07:25:42.878 21566 21566 D AndroidRuntime: 
04-24 07:25:42.878 21566 21566 D AndroidRuntime: >>>>>> AndroidRuntime START com.android.internal.os.RuntimeInit <<<<<<
04-24 07:25:42.878 21566 21566 D AndroidRuntime: CheckJNI is ON
04-24 07:25:42.878 21566 21566 E dalvikvm: ERROR: must specify non-'.' bootclasspath
04-24 07:25:42.878 21566 21566 W dalvikvm: CreateJavaVM failed: dvmClassStartup failed
04-24 07:25:42.878 21566 21566 E AndroidRuntime: JNI_CreateJavaVM failed
