--------- beginning of /dev/log/main
04-24 06:39:01.719  1403  1410 E MP-Decision: num online cores: 2 reqd : 1 available : 4 rq_depth:0.000000 hotplug_avg_load_dw: 27
04-24 06:39:01.719  1403  1410 E MP-Decision: DOWN cpu:1 core_idx:1 Ns:1.100000 Ts:190 total_time_down:1106.000000
04-24 06:39:01.970  1403  1410 E MP-Decision: num online cores: 1 reqd : 2 available : 4 rq_depth:1.000000 hotplug_avg_load_dw: 64
04-24 06:39:01.970  1403  1410 E MP-Decision: UP cpu:1 core_idx:1 Nw:1.900000 Tw:140 total_time_up:0.000000
04-24 06:39:02.540 19862 19862 D AndroidRuntime: 
04-24 06:39:02.540 19862 19862 D AndroidRuntime: >>>>>> AndroidRuntime START com.android.internal.os.RuntimeInit <<<<<<
04-24 06:39:02.540 19862 19862 D AndroidRuntime: CheckJNI is ON
04-24 06:39:02.540 19862 19862 E dalvikvm: ERROR: must specify non-'.' bootclasspath
04-24 06:39:02.540 19862 19862 W dalvikvm: CreateJavaVM failed: dvmClassStartup failed
04-24 06:39:02.540 19862 19862 E AndroidRuntime: JNI_CreateJavaVM failed
04-24 06:39:02.891 19863 19863 D AndroidRuntime: 
04-24 06:39:02.891 19863 19863 D AndroidRuntime: >>>>>> AndroidRuntime START com.android.internal.os.RuntimeInit <<<<<<
04-24 06:39:02.891 19863 19863 D AndroidRuntime: CheckJNI is ON
04-24 06:39:02.891 19863 19863 E dalvikvm: ERROR: must specify non-'.' bootclasspath
04-24 06:39:02.891 19863 19863 W dalvikvm: CreateJavaVM failed: dvmClassStartup failed
04-24 06:39:02.891 19863 19863 E AndroidRuntime: JNI_CreateJavaVM failed
04-24 06:39:03.992  1403  1410 E MP-Decision: num online cores: 2 reqd : 1 available : 4 rq_depth:0.000000 hotplug_avg_load_dw: 29
04-24 06:39:03.992  1403  1410 E MP-Decision: DOWN cpu:1 core_idx:1 Ns:1.100000 Ts:190 total_time_down:1994.000000
--------- beginning of /dev/log/system
04-24 06:54:48.562   782   806 W BroadcastQueue: Timeout of broadcast BroadcastRecord{41bc3678 u0 com.android.server.action.NETWORK_STATS_POLL} - receiver=android.app.LoadedApk$ReceiverDispatcher$InnerReceiver@4181ff00, started 60031ms ago
04-24 06:54:48.562   782   806 W BroadcastQueue: Receiver during timeout: BroadcastFilter{41b51e38 u0 ReceiverList{41b53c70 782 system/1000/u0 local:4181ff00}}
04-24 06:56:40.112 20043 20043 I olsrd   : Writing '1' (was 1) to /proc/sys/net/ipv4/ip_forward
04-24 06:56:40.112 20043 20043 I olsrd   : Writing '0' (was 1) to /proc/sys/net/ipv4/conf/all/send_redirects
04-24 06:56:40.112 20043 20043 I olsrd   : Writing '0' (was 0) to /proc/sys/net/ipv4/conf/all/rp_filter
04-24 06:56:40.112 20043 20043 I olsrd   : Writing '0' (was 0) to /proc/sys/net/ipv4/conf/wlan0/send_redirects
04-24 06:56:40.112 20043 20043 I olsrd   : Writing '0' (was 0) to /proc/sys/net/ipv4/conf/wlan0/rp_filter
04-24 06:56:40.112 20043 20043 I olsrd   : Adding interface wlan0
04-24 06:56:40.112 20043 20043 I olsrd   : New main address: 10.1.1.35
04-24 06:56:40.122 20048 20048 I olsrd   : olsr.org -  0.6.6.2-n -git_0000000 -n -hash_ 7985605520f3cae9b305d56e83b35d9c successfully started
04-24 06:59:50.049   782   813 W ProcessStats: Skipping unknown process pid 21632
04-24 07:01:05.033   782   806 W ProcessStats: Skipping unknown process pid 22252
04-24 07:02:20.337  1403  1410 E MP-Decision: num online cores: 1 reqd : 2 available : 4 rq_depth:1.000000 hotplug_avg_load_dw: 74
04-24 07:02:20.337  1403  1410 E MP-Decision: UP cpu:1 core_idx:1 Nw:1.900000 Tw:140 total_time_up:0.000000
04-24 07:02:20.487 22912 22912 D AndroidRuntime: 
04-24 07:02:20.487 22912 22912 D AndroidRuntime: >>>>>> AndroidRuntime START com.android.internal.os.RuntimeInit <<<<<<
04-24 07:02:20.487 22912 22912 D AndroidRuntime: CheckJNI is ON
04-24 07:02:20.487 22912 22912 E dalvikvm: ERROR: must specify non-'.' bootclasspath
04-24 07:02:20.487 22912 22912 W dalvikvm: CreateJavaVM failed: dvmClassStartup failed
04-24 07:02:20.487 22912 22912 E AndroidRuntime: JNI_CreateJavaVM failed
04-24 07:02:20.657 20048 20048 I olsrd   : Writing '1' (was 0) to /proc/sys/net/ipv4/conf/all/send_redirects
04-24 07:02:20.657 20048 20048 I olsrd   : olsr.org -  0.6.6.2-n -git_0000000 -n -hash_ 7985605520f3cae9b305d56e83b35d9c stopped
04-24 07:02:21.708  1403  1410 E MP-Decision: num online cores: 2 reqd : 1 available : 4 rq_depth:0.000000 hotplug_avg_load_dw: 22
04-24 07:02:21.708  1403  1410 E MP-Decision: DOWN cpu:1 core_idx:1 Ns:1.100000 Ts:190 total_time_down:911.000000
04-24 07:02:21.958  1403  1410 E MP-Decision: num online cores: 1 reqd : 2 available : 4 rq_depth:1.000000 hotplug_avg_load_dw: 62
04-24 07:02:21.958  1403  1410 E MP-Decision: UP cpu:1 core_idx:1 Nw:1.900000 Tw:140 total_time_up:0.000000
04-24 07:02:22.529 22974 22974 D AndroidRuntime: 
04-24 07:02:22.529 22974 22974 D AndroidRuntime: >>>>>> AndroidRuntime START com.android.internal.os.RuntimeInit <<<<<<
04-24 07:02:22.529 22974 22974 D AndroidRuntime: CheckJNI is ON
04-24 07:02:22.529 22974 22974 E dalvikvm: ERROR: must specify non-'.' bootclasspath
04-24 07:02:22.529 22974 22974 W dalvikvm: CreateJavaVM failed: dvmClassStartup failed
04-24 07:02:22.529 22974 22974 E AndroidRuntime: JNI_CreateJavaVM failed
04-24 07:02:22.879 22975 22975 D AndroidRuntime: 
04-24 07:02:22.879 22975 22975 D AndroidRuntime: >>>>>> AndroidRuntime START com.android.internal.os.RuntimeInit <<<<<<
04-24 07:02:22.879 22975 22975 D AndroidRuntime: CheckJNI is ON
04-24 07:02:22.879 22975 22975 E dalvikvm: ERROR: must specify non-'.' bootclasspath
04-24 07:02:22.879 22975 22975 W dalvikvm: CreateJavaVM failed: dvmClassStartup failed
04-24 07:02:22.879 22975 22975 E AndroidRuntime: JNI_CreateJavaVM failed
