nodeName node001
nodeNum 1
binDir /data/llcbmen
expRoot /sdcard/llcbmen
runId n10_all_calibration_60_1704241437
basetime 1493059060
duration 300
startWait 30
dataDir /sdcard/llcbmen/data/n10_all_calibration_60_1704241437
doAPK N
logFiles 
ifaces wlan0
si2Args  -b 10000 10.1.1.255:15387

Resetting at time Mon Apr 24 14:37:20 EDT 2017 = 1493059040.174272
rm: can't remove '/sdcard/node*.log': No such file or directory
rm: can't remove '/sdcard/*.json': No such file or directory
killall: gcn: no process killed
killall: beaconer: no process killed
killall: monitor.sh: no process killed
killall: babeld: no process killed
killall: edu.mit.ll.NletLog.android: no process killed
killall: edu.mit.ll.cbmen.monitor: no process killed
killall: mchttpd: no process killed
rm: can't remove '/sdcard/cascade': No such file or directory
rm: can't remove '/sdcard/CBMEN': No such file or directory
rm: can't remove '/sdcard/llcbmen/ISI': No such file or directory
rm: can't remove '/sdcard/Android/data/cbmen.comet.workflow.cascade': No such file or directory
rm: can't remove '/sdcard/registrar.db': No such file or directory
Waiting until prep time...
Skipping ahead because basetime + -30 = 1493059030 is in the past.
Starting uberLocal.sh at time Mon Apr 24 14:37:20 EDT 2017 = 1493059040.952093 with basetime 1493059060

Starting instruments at time Mon Apr 24 14:37:20 EDT 2017 = 1493059040.984472

Sleeping 8.66843 sec until basetime + -10 = 1493059050

Starting scenario at time Mon Apr 24 14:37:30 EDT 2017 = 1493059050.101158
Starting mgen.
Parsing file: "/etc/olsrd.conf"
mgen: version 5.02
mgen: starting now ...
