--------- beginning of /dev/log/main
04-24 05:58:11.103  1421  1435 E MP-Decision: num online cores: 2 reqd : 1 available : 4 rq_depth:0.000000 hotplug_avg_load_dw: 11
04-24 05:58:11.103  1421  1435 E MP-Decision: DOWN cpu:1 core_idx:1 Ns:1.100000 Ts:190 total_time_down:197.000000
04-24 05:58:11.953  1421  1435 E MP-Decision: num online cores: 1 reqd : 2 available : 4 rq_depth:1.200000 hotplug_avg_load_dw: 66
04-24 05:58:11.953  1421  1435 E MP-Decision: UP cpu:1 core_idx:1 Nw:1.900000 Tw:140 total_time_up:0.000000
04-24 05:58:12.504 11388 11388 D AndroidRuntime: 
04-24 05:58:12.504 11388 11388 D AndroidRuntime: >>>>>> AndroidRuntime START com.android.internal.os.RuntimeInit <<<<<<
04-24 05:58:12.504 11388 11388 D AndroidRuntime: CheckJNI is ON
04-24 05:58:12.504 11388 11388 E dalvikvm: ERROR: must specify non-'.' bootclasspath
04-24 05:58:12.504 11388 11388 W dalvikvm: CreateJavaVM failed: dvmClassStartup failed
04-24 05:58:12.504 11388 11388 E AndroidRuntime: JNI_CreateJavaVM failed
04-24 05:58:12.834 11390 11390 D AndroidRuntime: 
04-24 05:58:12.834 11390 11390 D AndroidRuntime: >>>>>> AndroidRuntime START com.android.internal.os.RuntimeInit <<<<<<
04-24 05:58:12.834 11390 11390 D AndroidRuntime: CheckJNI is ON
04-24 05:58:12.834 11390 11390 E dalvikvm: ERROR: must specify non-'.' bootclasspath
04-24 05:58:12.834 11390 11390 W dalvikvm: CreateJavaVM failed: dvmClassStartup failed
04-24 05:58:12.834 11390 11390 E AndroidRuntime: JNI_CreateJavaVM failed
04-24 05:58:13.155  1421  1435 E MP-Decision: num online cores: 2 reqd : 1 available : 4 rq_depth:0.000000 hotplug_avg_load_dw: 16
04-24 05:58:13.155  1421  1435 E MP-Decision: DOWN cpu:1 core_idx:1 Ns:1.100000 Ts:190 total_time_down:295.000000
--------- beginning of /dev/log/system
04-24 05:59:07.096   808   832 W BroadcastQueue: Timeout of broadcast BroadcastRecord{41d89950 u0 com.android.server.action.NETWORK_STATS_POLL} - receiver=android.app.LoadedApk$ReceiverDispatcher$InnerReceiver@41bae408, started 60007ms ago
04-24 05:59:07.096   808   832 W BroadcastQueue: Receiver during timeout: BroadcastFilter{41b599e8 u0 ReceiverList{41b5d8c8 808 system/1000/u0 local:41bae408}}
04-24 06:10:00.125 11570 11570 I olsrd   : Writing '1' (was 1) to /proc/sys/net/ipv4/ip_forward
04-24 06:10:00.125 11570 11570 I olsrd   : Writing '0' (was 1) to /proc/sys/net/ipv4/conf/all/send_redirects
04-24 06:10:00.125 11570 11570 I olsrd   : Writing '0' (was 0) to /proc/sys/net/ipv4/conf/all/rp_filter
04-24 06:10:05.070   808   832 W ProcessStats: Skipping unknown process pid 11597
04-24 06:10:05.080   808   832 W ProcessStats: Skipping unknown process pid 11598
04-24 06:10:05.080   808   832 W ProcessStats: Skipping unknown process pid 11599
04-24 06:10:05.140 11610 11610 I olsrd   : olsr.org -  0.6.6.2-n -git_0000000 -n -hash_ 7985605520f3cae9b305d56e83b35d9c successfully started
04-24 06:15:28.301   331   754 D MDnsDS  : MDnsSdListener::Monitor poll timed out
04-24 06:15:28.301   331   754 D MDnsDS  : Going to poll with pollCount 1
04-24 06:15:40.302  1421  1435 E MP-Decision: num online cores: 1 reqd : 2 available : 4 rq_depth:1.000000 hotplug_avg_load_dw: 63
04-24 06:15:40.302  1421  1435 E MP-Decision: UP cpu:1 core_idx:1 Nw:1.900000 Tw:140 total_time_up:0.000000
04-24 06:15:40.443 13745 13745 D AndroidRuntime: 
04-24 06:15:40.443 13745 13745 D AndroidRuntime: >>>>>> AndroidRuntime START com.android.internal.os.RuntimeInit <<<<<<
04-24 06:15:40.443 13745 13745 D AndroidRuntime: CheckJNI is ON
04-24 06:15:40.443 13745 13745 E dalvikvm: ERROR: must specify non-'.' bootclasspath
04-24 06:15:40.443 13745 13745 W dalvikvm: CreateJavaVM failed: dvmClassStartup failed
04-24 06:15:40.443 13745 13745 E AndroidRuntime: JNI_CreateJavaVM failed
04-24 06:15:40.543 11610 11610 I olsrd   : Writing '1' (was 0) to /proc/sys/net/ipv4/conf/all/send_redirects
04-24 06:15:40.543 11610 11610 I olsrd   : olsr.org -  0.6.6.2-n -git_0000000 -n -hash_ 7985605520f3cae9b305d56e83b35d9c stopped
04-24 06:15:41.203  1421  1435 E MP-Decision: num online cores: 2 reqd : 1 available : 4 rq_depth:1.200000 hotplug_avg_load_dw: 16
04-24 06:15:41.203  1421  1435 E MP-Decision: DOWN cpu:1 core_idx:1 Ns:1.100000 Ts:190 total_time_down:0.000000
04-24 06:15:41.854  1421  1435 E MP-Decision: num online cores: 1 reqd : 2 available : 4 rq_depth:1.700000 hotplug_avg_load_dw: 70
04-24 06:15:41.854  1421  1435 E MP-Decision: UP cpu:1 core_idx:1 Nw:1.900000 Tw:140 total_time_up:0.000000
04-24 06:15:42.454 13843 13843 D AndroidRuntime: 
04-24 06:15:42.454 13843 13843 D AndroidRuntime: >>>>>> AndroidRuntime START com.android.internal.os.RuntimeInit <<<<<<
04-24 06:15:42.454 13843 13843 D AndroidRuntime: CheckJNI is ON
04-24 06:15:42.454 13843 13843 E dalvikvm: ERROR: must specify non-'.' bootclasspath
04-24 06:15:42.454 13843 13843 W dalvikvm: CreateJavaVM failed: dvmClassStartup failed
04-24 06:15:42.454 13843 13843 E AndroidRuntime: JNI_CreateJavaVM failed
04-24 06:15:42.765 13844 13844 D AndroidRuntime: 
04-24 06:15:42.765 13844 13844 D AndroidRuntime: >>>>>> AndroidRuntime START com.android.internal.os.RuntimeInit <<<<<<
04-24 06:15:42.765 13844 13844 D AndroidRuntime: CheckJNI is ON
04-24 06:15:42.765 13844 13844 E dalvikvm: ERROR: must specify non-'.' bootclasspath
04-24 06:15:42.765 13844 13844 W dalvikvm: CreateJavaVM failed: dvmClassStartup failed
04-24 06:15:42.765 13844 13844 E AndroidRuntime: JNI_CreateJavaVM failed
