--------- beginning of /dev/log/main
04-24 06:50:41.715  1423  1429 E MP-Decision: num online cores: 2 reqd : 1 available : 4 rq_depth:1.000000 hotplug_avg_load_dw: 27
04-24 06:50:41.715  1423  1429 E MP-Decision: DOWN cpu:1 core_idx:1 Ns:1.100000 Ts:190 total_time_down:1069.000000
04-24 06:50:41.965  1423  1429 E MP-Decision: num online cores: 1 reqd : 2 available : 4 rq_depth:1.000000 hotplug_avg_load_dw: 63
04-24 06:50:41.965  1423  1429 E MP-Decision: UP cpu:1 core_idx:1 Nw:1.900000 Tw:140 total_time_up:0.000000
04-24 06:50:42.526 22639 22639 D AndroidRuntime: 
04-24 06:50:42.526 22639 22639 D AndroidRuntime: >>>>>> AndroidRuntime START com.android.internal.os.RuntimeInit <<<<<<
04-24 06:50:42.526 22639 22639 D AndroidRuntime: CheckJNI is ON
04-24 06:50:42.526 22639 22639 E dalvikvm: ERROR: must specify non-'.' bootclasspath
04-24 06:50:42.526 22639 22639 W dalvikvm: CreateJavaVM failed: dvmClassStartup failed
04-24 06:50:42.526 22639 22639 E AndroidRuntime: JNI_CreateJavaVM failed
04-24 06:50:42.876 22640 22640 D AndroidRuntime: 
04-24 06:50:42.876 22640 22640 D AndroidRuntime: >>>>>> AndroidRuntime START com.android.internal.os.RuntimeInit <<<<<<
04-24 06:50:42.876 22640 22640 D AndroidRuntime: CheckJNI is ON
04-24 06:50:42.876 22640 22640 E dalvikvm: ERROR: must specify non-'.' bootclasspath
04-24 06:50:42.876 22640 22640 W dalvikvm: CreateJavaVM failed: dvmClassStartup failed
04-24 06:50:42.876 22640 22640 E AndroidRuntime: JNI_CreateJavaVM failed
04-24 06:50:45.248  1423  1429 E MP-Decision: num online cores: 2 reqd : 1 available : 4 rq_depth:0.000000 hotplug_avg_load_dw: 22
04-24 06:50:45.248  1423  1429 E MP-Decision: DOWN cpu:1 core_idx:1 Ns:1.100000 Ts:190 total_time_down:2968.000000
04-24 06:56:40.100 22818 22818 I olsrd   : Writing '1' (was 1) to /proc/sys/net/ipv4/ip_forward
04-24 06:56:40.100 22818 22818 I olsrd   : Writing '0' (was 1) to /proc/sys/net/ipv4/conf/all/send_redirects
04-24 06:56:40.100 22818 22818 I olsrd   : Writing '0' (was 0) to /proc/sys/net/ipv4/conf/all/rp_filter
04-24 06:56:40.100 22818 22818 I olsrd   : Writing '0' (was 0) to /proc/sys/net/ipv4/conf/wlan0/send_redirects
04-24 06:56:40.100 22818 22818 I olsrd   : Writing '0' (was 0) to /proc/sys/net/ipv4/conf/wlan0/rp_filter
04-24 06:56:40.100 22818 22818 I olsrd   : Adding interface wlan0
04-24 06:56:40.100 22818 22818 I olsrd   : New main address: 10.1.1.13
04-24 06:56:40.110 22819 22819 I olsrd   : olsr.org -  0.6.6.2-n -git_0000000 -n -hash_ 7985605520f3cae9b305d56e83b35d9c successfully started
04-24 06:59:10.665 22819 22819 I olsrd   : detected duplicate packet with seqnr 0xe1aa from 10.1.1.12 on wlan0 (108 Bytes)
04-24 06:59:10.665 22819 22819 I olsrd   : detected duplicate packet with seqnr 0xe1aa from 10.1.1.12 on wlan0 (108 Bytes)
04-24 07:02:20.248  1423  1429 E MP-Decision: num online cores: 1 reqd : 2 available : 4 rq_depth:1.000000 hotplug_avg_load_dw: 60
04-24 07:02:20.248  1423  1429 E MP-Decision: UP cpu:1 core_idx:1 Nw:1.900000 Tw:140 total_time_up:0.000000
04-24 07:02:20.468 24982 24982 D AndroidRuntime: 
04-24 07:02:20.468 24982 24982 D AndroidRuntime: >>>>>> AndroidRuntime START com.android.internal.os.RuntimeInit <<<<<<
04-24 07:02:20.468 24982 24982 D AndroidRuntime: CheckJNI is ON
04-24 07:02:20.468 24982 24982 E dalvikvm: ERROR: must specify non-'.' bootclasspath
04-24 07:02:20.468 24982 24982 W dalvikvm: CreateJavaVM failed: dvmClassStartup failed
04-24 07:02:20.468 24982 24982 E AndroidRuntime: JNI_CreateJavaVM failed
04-24 07:02:20.698 22819 22819 I olsrd   : Writing '1' (was 0) to /proc/sys/net/ipv4/conf/all/send_redirects
04-24 07:02:20.698 22819 22819 I olsrd   : olsr.org -  0.6.6.2-n -git_0000000 -n -hash_ 7985605520f3cae9b305d56e83b35d9c stopped
04-24 07:02:21.459  1423  1429 E MP-Decision: num online cores: 2 reqd : 1 available : 4 rq_depth:0.000000 hotplug_avg_load_dw: 19
04-24 07:02:21.459  1423  1429 E MP-Decision: DOWN cpu:1 core_idx:1 Ns:1.100000 Ts:190 total_time_down:256.000000
04-24 07:02:21.999  1423  1429 E MP-Decision: num online cores: 1 reqd : 2 available : 4 rq_depth:1.400000 hotplug_avg_load_dw: 66
04-24 07:02:21.999  1423  1429 E MP-Decision: UP cpu:1 core_idx:1 Nw:1.900000 Tw:140 total_time_up:0.000000
04-24 07:02:22.520 25080 25080 D AndroidRuntime: 
04-24 07:02:22.520 25080 25080 D AndroidRuntime: >>>>>> AndroidRuntime START com.android.internal.os.RuntimeInit <<<<<<
04-24 07:02:22.520 25080 25080 D AndroidRuntime: CheckJNI is ON
04-24 07:02:22.520 25080 25080 E dalvikvm: ERROR: must specify non-'.' bootclasspath
04-24 07:02:22.520 25080 25080 W dalvikvm: CreateJavaVM failed: dvmClassStartup failed
04-24 07:02:22.520 25080 25080 E AndroidRuntime: JNI_CreateJavaVM failed
04-24 07:02:22.870 25082 25082 D AndroidRuntime: 
04-24 07:02:22.870 25082 25082 D AndroidRuntime: >>>>>> AndroidRuntime START com.android.internal.os.RuntimeInit <<<<<<
04-24 07:02:22.870 25082 25082 D AndroidRuntime: CheckJNI is ON
04-24 07:02:22.870 25082 25082 E dalvikvm: ERROR: must specify non-'.' bootclasspath
04-24 07:02:22.870 25082 25082 W dalvikvm: CreateJavaVM failed: dvmClassStartup failed
04-24 07:02:22.870 25082 25082 E AndroidRuntime: JNI_CreateJavaVM failed
