--------- beginning of /dev/log/main
04-24 06:44:51.700  1424  1431 E MP-Decision: num online cores: 2 reqd : 1 available : 4 rq_depth:0.000000 hotplug_avg_load_dw: 20
04-24 06:44:51.700  1424  1431 E MP-Decision: DOWN cpu:1 core_idx:1 Ns:1.100000 Ts:190 total_time_down:960.000000
04-24 06:44:52.000  1424  1431 E MP-Decision: num online cores: 1 reqd : 2 available : 4 rq_depth:1.000000 hotplug_avg_load_dw: 72
04-24 06:44:52.000  1424  1431 E MP-Decision: UP cpu:1 core_idx:1 Nw:1.900000 Tw:140 total_time_up:0.000000
04-24 06:44:52.561 16502 16502 D AndroidRuntime: 
04-24 06:44:52.561 16502 16502 D AndroidRuntime: >>>>>> AndroidRuntime START com.android.internal.os.RuntimeInit <<<<<<
04-24 06:44:52.561 16502 16502 D AndroidRuntime: CheckJNI is ON
04-24 06:44:52.561 16502 16502 E dalvikvm: ERROR: must specify non-'.' bootclasspath
04-24 06:44:52.561 16502 16502 W dalvikvm: CreateJavaVM failed: dvmClassStartup failed
04-24 06:44:52.561 16502 16502 E AndroidRuntime: JNI_CreateJavaVM failed
04-24 06:44:52.891 16503 16503 D AndroidRuntime: 
04-24 06:44:52.891 16503 16503 D AndroidRuntime: >>>>>> AndroidRuntime START com.android.internal.os.RuntimeInit <<<<<<
04-24 06:44:52.891 16503 16503 D AndroidRuntime: CheckJNI is ON
04-24 06:44:52.891 16503 16503 E dalvikvm: ERROR: must specify non-'.' bootclasspath
04-24 06:44:52.891 16503 16503 W dalvikvm: CreateJavaVM failed: dvmClassStartup failed
04-24 06:44:52.891 16503 16503 E AndroidRuntime: JNI_CreateJavaVM failed
04-24 06:44:55.113  1424  1431 E MP-Decision: num online cores: 2 reqd : 1 available : 4 rq_depth:0.000000 hotplug_avg_load_dw: 20
04-24 06:44:55.113  1424  1431 E MP-Decision: DOWN cpu:1 core_idx:1 Ns:1.100000 Ts:190 total_time_down:3090.000000
04-24 06:56:40.113 16682 16682 I olsrd   : Writing '1' (was 1) to /proc/sys/net/ipv4/ip_forward
04-24 06:56:40.113 16682 16682 I olsrd   : Writing '0' (was 1) to /proc/sys/net/ipv4/conf/all/send_redirects
04-24 06:56:40.113 16682 16682 I olsrd   : Writing '0' (was 0) to /proc/sys/net/ipv4/conf/all/rp_filter
04-24 06:56:40.113 16682 16682 I olsrd   : Writing '0' (was 0) to /proc/sys/net/ipv4/conf/wlan0/send_redirects
04-24 06:56:40.113 16682 16682 I olsrd   : Writing '0' (was 0) to /proc/sys/net/ipv4/conf/wlan0/rp_filter
04-24 06:56:40.113 16682 16682 I olsrd   : Adding interface wlan0
04-24 06:56:40.113 16682 16682 I olsrd   : New main address: 10.1.1.21
04-24 06:56:40.123 16683 16683 I olsrd   : olsr.org -  0.6.6.2-n -git_0000000 -n -hash_ 7985605520f3cae9b305d56e83b35d9c successfully started
--------- beginning of /dev/log/system
04-24 06:59:00.118   818   838 W ProcessStats: Skipping unknown process pid 17560
04-24 07:02:20.281  1424  1431 E MP-Decision: num online cores: 1 reqd : 2 available : 4 rq_depth:1.000000 hotplug_avg_load_dw: 66
04-24 07:02:20.281  1424  1431 E MP-Decision: UP cpu:1 core_idx:1 Nw:1.900000 Tw:140 total_time_up:0.000000
04-24 07:02:20.451 18859 18859 D AndroidRuntime: 
04-24 07:02:20.451 18859 18859 D AndroidRuntime: >>>>>> AndroidRuntime START com.android.internal.os.RuntimeInit <<<<<<
04-24 07:02:20.451 18859 18859 D AndroidRuntime: CheckJNI is ON
04-24 07:02:20.451 18859 18859 E dalvikvm: ERROR: must specify non-'.' bootclasspath
04-24 07:02:20.451 18859 18859 W dalvikvm: CreateJavaVM failed: dvmClassStartup failed
04-24 07:02:20.451 18859 18859 E AndroidRuntime: JNI_CreateJavaVM failed
04-24 07:02:20.571 16683 16683 I olsrd   : Writing '1' (was 0) to /proc/sys/net/ipv4/conf/all/send_redirects
04-24 07:02:20.571 16683 16683 I olsrd   : olsr.org -  0.6.6.2-n -git_0000000 -n -hash_ 7985605520f3cae9b305d56e83b35d9c stopped
04-24 07:02:21.622  1424  1431 E MP-Decision: num online cores: 2 reqd : 1 available : 4 rq_depth:0.000000 hotplug_avg_load_dw: 18
04-24 07:02:21.622  1424  1431 E MP-Decision: DOWN cpu:1 core_idx:1 Ns:1.100000 Ts:190 total_time_down:535.000000
04-24 07:02:21.873  1424  1431 E MP-Decision: num online cores: 1 reqd : 2 available : 4 rq_depth:1.000000 hotplug_avg_load_dw: 60
04-24 07:02:21.873  1424  1431 E MP-Decision: UP cpu:1 core_idx:1 Nw:1.900000 Tw:140 total_time_up:0.000000
04-24 07:02:22.373 18957 18957 D AndroidRuntime: 
04-24 07:02:22.373 18957 18957 D AndroidRuntime: >>>>>> AndroidRuntime START com.android.internal.os.RuntimeInit <<<<<<
04-24 07:02:22.373 18957 18957 D AndroidRuntime: CheckJNI is ON
04-24 07:02:22.373 18957 18957 E dalvikvm: ERROR: must specify non-'.' bootclasspath
04-24 07:02:22.383 18957 18957 W dalvikvm: CreateJavaVM failed: dvmClassStartup failed
04-24 07:02:22.383 18957 18957 E AndroidRuntime: JNI_CreateJavaVM failed
04-24 07:02:22.713 18959 18959 D AndroidRuntime: 
04-24 07:02:22.713 18959 18959 D AndroidRuntime: >>>>>> AndroidRuntime START com.android.internal.os.RuntimeInit <<<<<<
04-24 07:02:22.713 18959 18959 D AndroidRuntime: CheckJNI is ON
04-24 07:02:22.713 18959 18959 E dalvikvm: ERROR: must specify non-'.' bootclasspath
04-24 07:02:22.713 18959 18959 W dalvikvm: CreateJavaVM failed: dvmClassStartup failed
04-24 07:02:22.713 18959 18959 E AndroidRuntime: JNI_CreateJavaVM failed
