--------- beginning of /dev/log/main
04-24 06:15:41.264  1395  1401 E MP-Decision: num online cores: 2 reqd : 1 available : 4 rq_depth:0.000000 hotplug_avg_load_dw: 17
04-24 06:15:41.264  1395  1401 E MP-Decision: DOWN cpu:1 core_idx:1 Ns:1.100000 Ts:190 total_time_down:456.000000
04-24 06:15:41.844  1395  1401 E MP-Decision: num online cores: 1 reqd : 2 available : 4 rq_depth:1.000000 hotplug_avg_load_dw: 66
04-24 06:15:41.844  1395  1401 E MP-Decision: UP cpu:1 core_idx:1 Nw:1.900000 Tw:140 total_time_up:0.000000
04-24 06:15:42.375 16531 16531 D AndroidRuntime: 
04-24 06:15:42.375 16531 16531 D AndroidRuntime: >>>>>> AndroidRuntime START com.android.internal.os.RuntimeInit <<<<<<
04-24 06:15:42.375 16531 16531 D AndroidRuntime: CheckJNI is ON
04-24 06:15:42.375 16531 16531 E dalvikvm: ERROR: must specify non-'.' bootclasspath
04-24 06:15:42.375 16531 16531 W dalvikvm: CreateJavaVM failed: dvmClassStartup failed
04-24 06:15:42.375 16531 16531 E AndroidRuntime: JNI_CreateJavaVM failed
04-24 06:15:42.715 16533 16533 D AndroidRuntime: 
04-24 06:15:42.715 16533 16533 D AndroidRuntime: >>>>>> AndroidRuntime START com.android.internal.os.RuntimeInit <<<<<<
04-24 06:15:42.715 16533 16533 D AndroidRuntime: CheckJNI is ON
04-24 06:15:42.715 16533 16533 E dalvikvm: ERROR: must specify non-'.' bootclasspath
04-24 06:15:42.715 16533 16533 W dalvikvm: CreateJavaVM failed: dvmClassStartup failed
04-24 06:15:42.715 16533 16533 E AndroidRuntime: JNI_CreateJavaVM failed
04-24 06:15:45.488  1395  1401 E MP-Decision: num online cores: 2 reqd : 1 available : 4 rq_depth:0.000000 hotplug_avg_load_dw: 14
04-24 06:15:45.488  1395  1401 E MP-Decision: DOWN cpu:1 core_idx:1 Ns:1.100000 Ts:190 total_time_down:3525.000000
04-24 06:16:00.312   308   728 D MDnsDS  : MDnsSdListener::Monitor poll timed out
04-24 06:16:00.312   308   728 D MDnsDS  : Going to poll with pollCount 1
--------- beginning of /dev/log/system
04-24 06:29:22.811   782   797 I EntropyMixer: Writing entropy...
04-24 06:33:20.102 16715 16715 I olsrd   : Writing '1' (was 1) to /proc/sys/net/ipv4/ip_forward
04-24 06:33:20.102 16715 16715 I olsrd   : Writing '0' (was 1) to /proc/sys/net/ipv4/conf/all/send_redirects
04-24 06:33:20.102 16715 16715 I olsrd   : Writing '0' (was 0) to /proc/sys/net/ipv4/conf/all/rp_filter
04-24 06:33:20.102 16715 16715 I olsrd   : Writing '0' (was 0) to /proc/sys/net/ipv4/conf/wlan0/send_redirects
04-24 06:33:20.102 16715 16715 I olsrd   : Writing '0' (was 0) to /proc/sys/net/ipv4/conf/wlan0/rp_filter
04-24 06:33:20.102 16715 16715 I olsrd   : Adding interface wlan0
04-24 06:33:20.102 16715 16715 I olsrd   : New main address: 10.1.1.31
04-24 06:33:20.112 16720 16720 I olsrd   : olsr.org -  0.6.6.2-n -git_0000000 -n -hash_ 7985605520f3cae9b305d56e83b35d9c successfully started
04-24 06:37:22.076   782   800 W ProcessStats: Skipping unknown process pid 18722
04-24 06:37:22.076   782   800 W ProcessStats: Skipping unknown process pid 18723
04-24 06:37:22.076   782   800 W ProcessStats: Skipping unknown process pid 18724
04-24 06:39:00.282  1395  1401 E MP-Decision: num online cores: 1 reqd : 2 available : 4 rq_depth:1.000000 hotplug_avg_load_dw: 67
04-24 06:39:00.282  1395  1401 E MP-Decision: UP cpu:1 core_idx:1 Nw:1.900000 Tw:140 total_time_up:0.000000
04-24 06:39:00.412 19584 19584 D AndroidRuntime: 
04-24 06:39:00.412 19584 19584 D AndroidRuntime: >>>>>> AndroidRuntime START com.android.internal.os.RuntimeInit <<<<<<
04-24 06:39:00.412 19584 19584 D AndroidRuntime: CheckJNI is ON
04-24 06:39:00.412 19584 19584 E dalvikvm: ERROR: must specify non-'.' bootclasspath
04-24 06:39:00.412 19584 19584 W dalvikvm: CreateJavaVM failed: dvmClassStartup failed
04-24 06:39:00.412 19584 19584 E AndroidRuntime: JNI_CreateJavaVM failed
04-24 06:39:00.512 16720 16720 I olsrd   : Writing '1' (was 0) to /proc/sys/net/ipv4/conf/all/send_redirects
04-24 06:39:00.512 16720 16720 I olsrd   : olsr.org -  0.6.6.2-n -git_0000000 -n -hash_ 7985605520f3cae9b305d56e83b35d9c stopped
04-24 06:39:01.603  1395  1401 E MP-Decision: num online cores: 2 reqd : 1 available : 4 rq_depth:0.000000 hotplug_avg_load_dw: 22
04-24 06:39:01.603  1395  1401 E MP-Decision: DOWN cpu:1 core_idx:1 Ns:1.100000 Ts:190 total_time_down:766.000000
04-24 06:39:01.853  1395  1401 E MP-Decision: num online cores: 1 reqd : 2 available : 4 rq_depth:1.000000 hotplug_avg_load_dw: 62
04-24 06:39:01.853  1395  1401 E MP-Decision: UP cpu:1 core_idx:1 Nw:1.900000 Tw:140 total_time_up:0.000000
04-24 06:39:02.424 19646 19646 D AndroidRuntime: 
04-24 06:39:02.424 19646 19646 D AndroidRuntime: >>>>>> AndroidRuntime START com.android.internal.os.RuntimeInit <<<<<<
04-24 06:39:02.424 19646 19646 D AndroidRuntime: CheckJNI is ON
04-24 06:39:02.424 19646 19646 E dalvikvm: ERROR: must specify non-'.' bootclasspath
04-24 06:39:02.424 19646 19646 W dalvikvm: CreateJavaVM failed: dvmClassStartup failed
04-24 06:39:02.424 19646 19646 E AndroidRuntime: JNI_CreateJavaVM failed
04-24 06:39:02.744 19647 19647 D AndroidRuntime: 
04-24 06:39:02.744 19647 19647 D AndroidRuntime: >>>>>> AndroidRuntime START com.android.internal.os.RuntimeInit <<<<<<
04-24 06:39:02.744 19647 19647 D AndroidRuntime: CheckJNI is ON
04-24 06:39:02.744 19647 19647 E dalvikvm: ERROR: must specify non-'.' bootclasspath
04-24 06:39:02.744 19647 19647 W dalvikvm: CreateJavaVM failed: dvmClassStartup failed
04-24 06:39:02.744 19647 19647 E AndroidRuntime: JNI_CreateJavaVM failed
