--------- beginning of /dev/log/main
04-24 06:39:01.462  1424  1431 E MP-Decision: num online cores: 2 reqd : 1 available : 4 rq_depth:0.000000 hotplug_avg_load_dw: 25
04-24 06:39:01.462  1424  1431 E MP-Decision: DOWN cpu:1 core_idx:1 Ns:1.100000 Ts:190 total_time_down:614.000000
04-24 06:39:01.872  1424  1431 E MP-Decision: num online cores: 1 reqd : 2 available : 4 rq_depth:1.000000 hotplug_avg_load_dw: 66
04-24 06:39:01.872  1424  1431 E MP-Decision: UP cpu:1 core_idx:1 Nw:1.900000 Tw:140 total_time_up:0.000000
04-24 06:39:02.393 19821 19821 D AndroidRuntime: 
04-24 06:39:02.393 19821 19821 D AndroidRuntime: >>>>>> AndroidRuntime START com.android.internal.os.RuntimeInit <<<<<<
04-24 06:39:02.393 19821 19821 D AndroidRuntime: CheckJNI is ON
04-24 06:39:02.393 19821 19821 E dalvikvm: ERROR: must specify non-'.' bootclasspath
04-24 06:39:02.393 19821 19821 W dalvikvm: CreateJavaVM failed: dvmClassStartup failed
04-24 06:39:02.393 19821 19821 E AndroidRuntime: JNI_CreateJavaVM failed
04-24 06:39:02.713 19823 19823 D AndroidRuntime: 
04-24 06:39:02.713 19823 19823 D AndroidRuntime: >>>>>> AndroidRuntime START com.android.internal.os.RuntimeInit <<<<<<
04-24 06:39:02.713 19823 19823 D AndroidRuntime: CheckJNI is ON
04-24 06:39:02.713 19823 19823 E dalvikvm: ERROR: must specify non-'.' bootclasspath
04-24 06:39:02.713 19823 19823 W dalvikvm: CreateJavaVM failed: dvmClassStartup failed
04-24 06:39:02.713 19823 19823 E AndroidRuntime: JNI_CreateJavaVM failed
04-24 06:39:05.146  1424  1431 E MP-Decision: num online cores: 2 reqd : 1 available : 4 rq_depth:0.000000 hotplug_avg_load_dw: 17
04-24 06:39:05.146  1424  1431 E MP-Decision: DOWN cpu:1 core_idx:1 Ns:1.100000 Ts:190 total_time_down:2314.000000
04-24 06:39:22.582   925   925 E kickstart: Total bytes received so far: 48
04-24 06:39:22.582   925   925 E kickstart: EVENT: RECEIVED <-- SAHARA_HELLO
04-24 06:39:22.582   925   925 E kickstart: EVENT: SENDING --> SAHARA_HELLO_RESPONSE
04-24 06:39:22.582   925   925 E kickstart: EVENT: sahara_mode                         = 2
04-24 06:39:22.582   925   925 E kickstart: EVENT: m_comm->sahara_hello_packet_rx.mode = 2
04-24 06:39:22.582   925   925 E kickstart: EVENT: helloRx.mode                        = 2
04-24 06:39:22.582   925   925 E kickstart: Total bytes received so far: 64
04-24 06:39:22.582   925   925 E kickstart: EVENT: RECEIVED <-- SAHARA_MEMORY_DEBUG
04-24 06:39:22.592   925   925 E kickstart: Total bytes received so far: 116
04-24 06:39:22.592   925   925 E kickstart: EVENT: 0x46980000, len=000C0000, "m9kefs1", ""
04-24 06:39:22.592   925   925 E kickstart: EVENT: STATE <-- SAHARA_WAIT_MEMORY_REGION
04-24 06:39:22.592   925   925 E kickstart: EVENT: Saving "/dev/block/platform/msm_sdcc.1/by-name/m9kefs1"
04-24 06:39:22.683   925   925 E kickstart: Total bytes received so far: 786548
04-24 06:39:22.683   925   925 E kickstart: EVENT: Received: 786432 bytes
04-24 06:39:22.683   925   925 E kickstart: EVENT: Writing to disk
04-24 06:39:22.693   925   925 E kickstart: EVENT: Successfully wrote to disk
04-24 06:39:22.693   925   925 E kickstart: Received file "m9kefs1"
04-24 06:39:22.743   925   925 E kickstart: Sync finish Received file "m9kefs1"
04-24 06:39:22.743   925   925 E kickstart: 786432 bytes transferred in 0.140s (5.35 MBps)
04-24 06:39:22.743   925   925 E kickstart: EVENT: num_debug_entries not >=0
04-24 06:39:22.743   925   925 E kickstart: Successfully downloaded files from target 
04-24 06:39:22.743   925   925 E kickstart: EVENT: SENDING --> SAHARA_RESET
04-24 06:39:22.743   925   925 E kickstart: Total bytes received so far: 786556
04-24 06:39:22.743   925   925 E kickstart: EVENT: RECEIVED <-- SAHARA_RESET_RESP
04-24 06:39:22.743   925   925 E kickstart: Sahara protocol completed
04-24 06:39:22.743   925   925 E kickstart: EVENT: STATE <-- SAHARA_WAIT_HELLO
04-24 06:56:40.097 20002 20002 I olsrd   : Writing '1' (was 1) to /proc/sys/net/ipv4/ip_forward
04-24 06:56:40.097 20002 20002 I olsrd   : Writing '0' (was 1) to /proc/sys/net/ipv4/conf/all/send_redirects
04-24 06:56:40.107 20002 20002 I olsrd   : Writing '0' (was 0) to /proc/sys/net/ipv4/conf/all/rp_filter
04-24 06:56:40.107 20002 20002 I olsrd   : Writing '0' (was 0) to /proc/sys/net/ipv4/conf/wlan0/send_redirects
04-24 06:56:40.107 20002 20002 I olsrd   : Writing '0' (was 0) to /proc/sys/net/ipv4/conf/wlan0/rp_filter
04-24 06:56:40.107 20002 20002 I olsrd   : Adding interface wlan0
04-24 06:56:40.107 20002 20002 I olsrd   : New main address: 10.1.1.37
04-24 06:56:40.107 20007 20007 I olsrd   : olsr.org -  0.6.6.2-n -git_0000000 -n -hash_ 7985605520f3cae9b305d56e83b35d9c successfully started
--------- beginning of /dev/log/system
04-24 07:00:08.879   784   802 W ProcessStats: Skipping unknown process pid 21736
04-24 07:00:08.879   784   802 W ProcessStats: Skipping unknown process pid 21738
04-24 07:02:20.226  1424  1431 E MP-Decision: num online cores: 1 reqd : 2 available : 4 rq_depth:1.000000 hotplug_avg_load_dw: 66
04-24 07:02:20.226  1424  1431 E MP-Decision: UP cpu:1 core_idx:1 Nw:1.900000 Tw:140 total_time_up:0.000000
04-24 07:02:20.386 22867 22867 D AndroidRuntime: 
04-24 07:02:20.386 22867 22867 D AndroidRuntime: >>>>>> AndroidRuntime START com.android.internal.os.RuntimeInit <<<<<<
04-24 07:02:20.386 22867 22867 D AndroidRuntime: CheckJNI is ON
04-24 07:02:20.386 22867 22867 E dalvikvm: ERROR: must specify non-'.' bootclasspath
04-24 07:02:20.386 22867 22867 W dalvikvm: CreateJavaVM failed: dvmClassStartup failed
04-24 07:02:20.386 22867 22867 E AndroidRuntime: JNI_CreateJavaVM failed
04-24 07:02:20.486 20007 20007 I olsrd   : Writing '1' (was 0) to /proc/sys/net/ipv4/conf/all/send_redirects
04-24 07:02:20.486 20007 20007 I olsrd   : olsr.org -  0.6.6.2-n -git_0000000 -n -hash_ 7985605520f3cae9b305d56e83b35d9c stopped
04-24 07:02:21.477  1424  1431 E MP-Decision: num online cores: 2 reqd : 1 available : 4 rq_depth:0.000000 hotplug_avg_load_dw: 21
04-24 07:02:21.477  1424  1431 E MP-Decision: DOWN cpu:1 core_idx:1 Ns:1.100000 Ts:190 total_time_down:791.000000
04-24 07:02:21.858  1424  1431 E MP-Decision: num online cores: 1 reqd : 2 available : 4 rq_depth:1.000000 hotplug_avg_load_dw: 72
04-24 07:02:21.858  1424  1431 E MP-Decision: UP cpu:1 core_idx:1 Nw:1.900000 Tw:140 total_time_up:0.000000
04-24 07:02:22.388 22933 22933 D AndroidRuntime: 
04-24 07:02:22.388 22933 22933 D AndroidRuntime: >>>>>> AndroidRuntime START com.android.internal.os.RuntimeInit <<<<<<
04-24 07:02:22.388 22933 22933 D AndroidRuntime: CheckJNI is ON
04-24 07:02:22.388 22933 22933 E dalvikvm: ERROR: must specify non-'.' bootclasspath
04-24 07:02:22.398 22933 22933 W dalvikvm: CreateJavaVM failed: dvmClassStartup failed
04-24 07:02:22.398 22933 22933 E AndroidRuntime: JNI_CreateJavaVM failed
04-24 07:02:22.719 22934 22934 D AndroidRuntime: 
04-24 07:02:22.719 22934 22934 D AndroidRuntime: >>>>>> AndroidRuntime START com.android.internal.os.RuntimeInit <<<<<<
04-24 07:02:22.719 22934 22934 D AndroidRuntime: CheckJNI is ON
04-24 07:02:22.719 22934 22934 E dalvikvm: ERROR: must specify non-'.' bootclasspath
04-24 07:02:22.719 22934 22934 W dalvikvm: CreateJavaVM failed: dvmClassStartup failed
04-24 07:02:22.719 22934 22934 E AndroidRuntime: JNI_CreateJavaVM failed
