--------- beginning of /dev/log/main
04-24 05:52:21.294  1427  1434 E MP-Decision: num online cores: 2 reqd : 1 available : 4 rq_depth:0.000000 hotplug_avg_load_dw: 17
04-24 05:52:21.294  1427  1434 E MP-Decision: DOWN cpu:1 core_idx:1 Ns:1.100000 Ts:190 total_time_down:535.000000
04-24 05:52:21.895  1427  1434 E MP-Decision: num online cores: 1 reqd : 2 available : 4 rq_depth:1.000000 hotplug_avg_load_dw: 74
04-24 05:52:21.895  1427  1434 E MP-Decision: UP cpu:1 core_idx:1 Nw:1.900000 Tw:140 total_time_up:0.000000
04-24 05:52:22.435 13658 13658 D AndroidRuntime: 
04-24 05:52:22.435 13658 13658 D AndroidRuntime: >>>>>> AndroidRuntime START com.android.internal.os.RuntimeInit <<<<<<
04-24 05:52:22.435 13658 13658 D AndroidRuntime: CheckJNI is ON
04-24 05:52:22.435 13658 13658 E dalvikvm: ERROR: must specify non-'.' bootclasspath
04-24 05:52:22.435 13658 13658 W dalvikvm: CreateJavaVM failed: dvmClassStartup failed
04-24 05:52:22.435 13658 13658 E AndroidRuntime: JNI_CreateJavaVM failed
04-24 05:52:22.816 13659 13659 D AndroidRuntime: 
04-24 05:52:22.816 13659 13659 D AndroidRuntime: >>>>>> AndroidRuntime START com.android.internal.os.RuntimeInit <<<<<<
04-24 05:52:22.816 13659 13659 D AndroidRuntime: CheckJNI is ON
04-24 05:52:22.816 13659 13659 E dalvikvm: ERROR: must specify non-'.' bootclasspath
04-24 05:52:22.816 13659 13659 W dalvikvm: CreateJavaVM failed: dvmClassStartup failed
04-24 05:52:22.816 13659 13659 E AndroidRuntime: JNI_CreateJavaVM failed
04-24 05:52:23.627  1427  1434 E MP-Decision: num online cores: 2 reqd : 1 available : 4 rq_depth:0.000000 hotplug_avg_load_dw: 27
04-24 05:52:23.627  1427  1434 E MP-Decision: DOWN cpu:1 core_idx:1 Ns:1.100000 Ts:190 total_time_down:727.000000
--------- beginning of /dev/log/system
04-24 05:59:53.240   806   828 W BroadcastQueue: Timeout of broadcast BroadcastRecord{4210b538 u0 com.android.server.action.NETWORK_STATS_POLL} - receiver=android.app.LoadedApk$ReceiverDispatcher$InnerReceiver@4242a030, started 60018ms ago
04-24 05:59:53.240   806   828 W BroadcastQueue: Receiver during timeout: BroadcastFilter{42422d80 u0 ReceiverList{42423e60 806 system/1000/u0 local:4242a030}}
04-24 06:10:00.145  1427  1434 E MP-Decision: num online cores: 1 reqd : 2 available : 4 rq_depth:3.100000 hotplug_avg_load_dw: 27
04-24 06:10:00.145  1427  1434 E MP-Decision: UP cpu:1 core_idx:1 Nw:1.900000 Tw:140 total_time_up:146.000000
04-24 06:10:00.165 13844 13844 I olsrd   : Writing '1' (was 1) to /proc/sys/net/ipv4/ip_forward
04-24 06:10:00.165 13844 13844 I olsrd   : Writing '0' (was 1) to /proc/sys/net/ipv4/conf/all/send_redirects
04-24 06:10:00.165 13844 13844 I olsrd   : Writing '0' (was 0) to /proc/sys/net/ipv4/conf/all/rp_filter
04-24 06:10:00.165 13844 13844 I olsrd   : Writing '0' (was 0) to /proc/sys/net/ipv4/conf/wlan0/send_redirects
04-24 06:10:00.165 13844 13844 I olsrd   : Writing '0' (was 0) to /proc/sys/net/ipv4/conf/wlan0/rp_filter
04-24 06:10:00.165 13844 13844 I olsrd   : Adding interface wlan0
04-24 06:10:00.165 13844 13844 I olsrd   : New main address: 10.1.1.34
04-24 06:10:00.165 13853 13853 I olsrd   : olsr.org -  0.6.6.2-n -git_0000000 -n -hash_ 7985605520f3cae9b305d56e83b35d9c successfully started
04-24 06:10:00.275  1427  1434 E MP-Decision: num online cores: 2 reqd : 1 available : 4 rq_depth:0.000000 hotplug_avg_load_dw: 8
04-24 06:10:00.275  1427  1434 E MP-Decision: DOWN cpu:1 core_idx:1 Ns:1.100000 Ts:190 total_time_down:126.000000
04-24 06:10:05.030   806   828 W ProcessStats: Skipping unknown process pid 13900
04-24 06:10:05.040   806   828 W ProcessStats: Skipping unknown process pid 13901
04-24 06:10:05.040   806   828 W ProcessStats: Skipping unknown process pid 13902
04-24 06:15:40.183  1427  1434 E MP-Decision: num online cores: 1 reqd : 2 available : 4 rq_depth:2.200000 hotplug_avg_load_dw: 33
04-24 06:15:40.183  1427  1434 E MP-Decision: UP cpu:1 core_idx:1 Nw:1.900000 Tw:140 total_time_up:145.000000
04-24 06:15:40.503 16722 16722 D AndroidRuntime: 
04-24 06:15:40.503 16722 16722 D AndroidRuntime: >>>>>> AndroidRuntime START com.android.internal.os.RuntimeInit <<<<<<
04-24 06:15:40.503 16722 16722 D AndroidRuntime: CheckJNI is ON
04-24 06:15:40.513 16722 16722 E dalvikvm: ERROR: must specify non-'.' bootclasspath
04-24 06:15:40.513 16722 16722 W dalvikvm: CreateJavaVM failed: dvmClassStartup failed
04-24 06:15:40.513 16722 16722 E AndroidRuntime: JNI_CreateJavaVM failed
04-24 06:15:40.663 13853 13853 I olsrd   : Writing '1' (was 0) to /proc/sys/net/ipv4/conf/all/send_redirects
04-24 06:15:40.673 13853 13853 I olsrd   : olsr.org -  0.6.6.2-n -git_0000000 -n -hash_ 7985605520f3cae9b305d56e83b35d9c stopped
04-24 06:15:41.774  1427  1434 E MP-Decision: num online cores: 2 reqd : 1 available : 4 rq_depth:1.000000 hotplug_avg_load_dw: 22
04-24 06:15:41.774  1427  1434 E MP-Decision: DOWN cpu:1 core_idx:1 Ns:1.100000 Ts:190 total_time_down:1027.000000
04-24 06:15:42.015  1427  1434 E MP-Decision: num online cores: 1 reqd : 2 available : 4 rq_depth:1.000000 hotplug_avg_load_dw: 62
04-24 06:15:42.015  1427  1434 E MP-Decision: UP cpu:1 core_idx:1 Nw:1.900000 Tw:140 total_time_up:0.000000
04-24 06:15:42.545 16780 16780 D AndroidRuntime: 
04-24 06:15:42.545 16780 16780 D AndroidRuntime: >>>>>> AndroidRuntime START com.android.internal.os.RuntimeInit <<<<<<
04-24 06:15:42.545 16780 16780 D AndroidRuntime: CheckJNI is ON
04-24 06:15:42.545 16780 16780 E dalvikvm: ERROR: must specify non-'.' bootclasspath
04-24 06:15:42.545 16780 16780 W dalvikvm: CreateJavaVM failed: dvmClassStartup failed
04-24 06:15:42.545 16780 16780 E AndroidRuntime: JNI_CreateJavaVM failed
04-24 06:15:42.905 16781 16781 D AndroidRuntime: 
04-24 06:15:42.905 16781 16781 D AndroidRuntime: >>>>>> AndroidRuntime START com.android.internal.os.RuntimeInit <<<<<<
04-24 06:15:42.905 16781 16781 D AndroidRuntime: CheckJNI is ON
04-24 06:15:42.905 16781 16781 E dalvikvm: ERROR: must specify non-'.' bootclasspath
04-24 06:15:42.905 16781 16781 W dalvikvm: CreateJavaVM failed: dvmClassStartup failed
04-24 06:15:42.905 16781 16781 E AndroidRuntime: JNI_CreateJavaVM failed
