--------- beginning of /dev/log/main
04-24 05:52:21.562  1403  1410 E MP-Decision: num online cores: 2 reqd : 1 available : 4 rq_depth:0.000000 hotplug_avg_load_dw: 14
04-24 05:52:21.562  1403  1410 E MP-Decision: DOWN cpu:1 core_idx:1 Ns:1.100000 Ts:190 total_time_down:642.000000
04-24 05:52:21.972  1403  1410 E MP-Decision: num online cores: 1 reqd : 2 available : 4 rq_depth:1.000000 hotplug_avg_load_dw: 66
04-24 05:52:21.972  1403  1410 E MP-Decision: UP cpu:1 core_idx:1 Nw:1.900000 Tw:140 total_time_up:0.000000
04-24 05:52:22.493 13623 13623 D AndroidRuntime: 
04-24 05:52:22.493 13623 13623 D AndroidRuntime: >>>>>> AndroidRuntime START com.android.internal.os.RuntimeInit <<<<<<
04-24 05:52:22.493 13623 13623 D AndroidRuntime: CheckJNI is ON
04-24 05:52:22.493 13623 13623 E dalvikvm: ERROR: must specify non-'.' bootclasspath
04-24 05:52:22.493 13623 13623 W dalvikvm: CreateJavaVM failed: dvmClassStartup failed
04-24 05:52:22.493 13623 13623 E AndroidRuntime: JNI_CreateJavaVM failed
04-24 05:52:22.843 13625 13625 D AndroidRuntime: 
04-24 05:52:22.843 13625 13625 D AndroidRuntime: >>>>>> AndroidRuntime START com.android.internal.os.RuntimeInit <<<<<<
04-24 05:52:22.843 13625 13625 D AndroidRuntime: CheckJNI is ON
04-24 05:52:22.843 13625 13625 E dalvikvm: ERROR: must specify non-'.' bootclasspath
04-24 05:52:22.843 13625 13625 W dalvikvm: CreateJavaVM failed: dvmClassStartup failed
04-24 05:52:22.843 13625 13625 E AndroidRuntime: JNI_CreateJavaVM failed
04-24 05:52:23.774  1403  1410 E MP-Decision: num online cores: 2 reqd : 1 available : 4 rq_depth:0.000000 hotplug_avg_load_dw: 24
04-24 05:52:23.774  1403  1410 E MP-Decision: DOWN cpu:1 core_idx:1 Ns:1.100000 Ts:190 total_time_down:1776.000000
--------- beginning of /dev/log/system
04-24 05:54:48.527   782   806 W BroadcastQueue: Timeout of broadcast BroadcastRecord{41be0d68 u0 com.android.server.action.NETWORK_STATS_POLL} - receiver=android.app.LoadedApk$ReceiverDispatcher$InnerReceiver@4181ff00, started 60013ms ago
04-24 05:54:48.527   782   806 W BroadcastQueue: Receiver during timeout: BroadcastFilter{41b51e38 u0 ReceiverList{41b53c70 782 system/1000/u0 local:4181ff00}}
04-24 06:10:00.154  1403  1410 E MP-Decision: num online cores: 1 reqd : 2 available : 4 rq_depth:3.300000 hotplug_avg_load_dw: 28
04-24 06:10:00.154  1403  1410 E MP-Decision: UP cpu:1 core_idx:1 Nw:1.900000 Tw:140 total_time_up:146.000000
04-24 06:10:00.174 13805 13805 I olsrd   : Writing '1' (was 1) to /proc/sys/net/ipv4/ip_forward
04-24 06:10:00.174 13805 13805 I olsrd   : Writing '0' (was 1) to /proc/sys/net/ipv4/conf/all/send_redirects
04-24 06:10:00.174 13805 13805 I olsrd   : Writing '0' (was 0) to /proc/sys/net/ipv4/conf/all/rp_filter
04-24 06:10:00.174 13805 13805 I olsrd   : Writing '0' (was 0) to /proc/sys/net/ipv4/conf/wlan0/send_redirects
04-24 06:10:00.174 13805 13805 I olsrd   : Writing '0' (was 0) to /proc/sys/net/ipv4/conf/wlan0/rp_filter
04-24 06:10:00.174 13805 13805 I olsrd   : Adding interface wlan0
04-24 06:10:00.174 13805 13805 I olsrd   : New main address: 10.1.1.35
04-24 06:10:00.184 13814 13814 I olsrd   : olsr.org -  0.6.6.2-n -git_0000000 -n -hash_ 7985605520f3cae9b305d56e83b35d9c successfully started
04-24 06:10:00.845  1403  1410 E MP-Decision: num online cores: 2 reqd : 1 available : 4 rq_depth:0.000000 hotplug_avg_load_dw: 1
04-24 06:10:00.845  1403  1410 E MP-Decision: DOWN cpu:1 core_idx:1 Ns:1.100000 Ts:190 total_time_down:686.000000
04-24 06:10:05.059   782   806 W ProcessStats: Skipping unknown process pid 13854
04-24 06:15:40.289  1403  1410 E MP-Decision: num online cores: 1 reqd : 2 available : 4 rq_depth:1.000000 hotplug_avg_load_dw: 66
04-24 06:15:40.289  1403  1410 E MP-Decision: UP cpu:1 core_idx:1 Nw:1.900000 Tw:140 total_time_up:0.000000
04-24 06:15:40.450 16680 16680 D AndroidRuntime: 
04-24 06:15:40.450 16680 16680 D AndroidRuntime: >>>>>> AndroidRuntime START com.android.internal.os.RuntimeInit <<<<<<
04-24 06:15:40.450 16680 16680 D AndroidRuntime: CheckJNI is ON
04-24 06:15:40.450 16680 16680 E dalvikvm: ERROR: must specify non-'.' bootclasspath
04-24 06:15:40.450 16680 16680 W dalvikvm: CreateJavaVM failed: dvmClassStartup failed
04-24 06:15:40.450 16680 16680 E AndroidRuntime: JNI_CreateJavaVM failed
04-24 06:15:40.610 13814 13814 I olsrd   : Writing '1' (was 0) to /proc/sys/net/ipv4/conf/all/send_redirects
04-24 06:15:40.610 13814 13814 I olsrd   : olsr.org -  0.6.6.2-n -git_0000000 -n -hash_ 7985605520f3cae9b305d56e83b35d9c stopped
04-24 06:15:41.561  1403  1410 E MP-Decision: num online cores: 2 reqd : 1 available : 4 rq_depth:0.000000 hotplug_avg_load_dw: 28
04-24 06:15:41.561  1403  1410 E MP-Decision: DOWN cpu:1 core_idx:1 Ns:1.100000 Ts:190 total_time_down:898.000000
04-24 06:15:41.911  1403  1410 E MP-Decision: num online cores: 1 reqd : 2 available : 4 rq_depth:1.100000 hotplug_avg_load_dw: 66
04-24 06:15:41.911  1403  1410 E MP-Decision: UP cpu:1 core_idx:1 Nw:1.900000 Tw:140 total_time_up:0.000000
04-24 06:15:42.562 16742 16742 D AndroidRuntime: 
04-24 06:15:42.562 16742 16742 D AndroidRuntime: >>>>>> AndroidRuntime START com.android.internal.os.RuntimeInit <<<<<<
04-24 06:15:42.562 16742 16742 D AndroidRuntime: CheckJNI is ON
04-24 06:15:42.562 16742 16742 E dalvikvm: ERROR: must specify non-'.' bootclasspath
04-24 06:15:42.562 16742 16742 W dalvikvm: CreateJavaVM failed: dvmClassStartup failed
04-24 06:15:42.562 16742 16742 E AndroidRuntime: JNI_CreateJavaVM failed
04-24 06:15:42.892 16743 16743 D AndroidRuntime: 
04-24 06:15:42.892 16743 16743 D AndroidRuntime: >>>>>> AndroidRuntime START com.android.internal.os.RuntimeInit <<<<<<
04-24 06:15:42.892 16743 16743 D AndroidRuntime: CheckJNI is ON
04-24 06:15:42.892 16743 16743 E dalvikvm: ERROR: must specify non-'.' bootclasspath
04-24 06:15:42.892 16743 16743 W dalvikvm: CreateJavaVM failed: dvmClassStartup failed
04-24 06:15:42.892 16743 16743 E AndroidRuntime: JNI_CreateJavaVM failed
