--------- beginning of /dev/log/main
04-24 05:58:11.736  1426  1432 E MP-Decision: num online cores: 2 reqd : 1 available : 4 rq_depth:1.000000 hotplug_avg_load_dw: 29
04-24 05:58:11.736  1426  1432 E MP-Decision: DOWN cpu:1 core_idx:1 Ns:1.100000 Ts:190 total_time_down:845.000000
04-24 05:58:11.986  1426  1432 E MP-Decision: num online cores: 1 reqd : 2 available : 4 rq_depth:1.000000 hotplug_avg_load_dw: 63
04-24 05:58:11.986  1426  1432 E MP-Decision: UP cpu:1 core_idx:1 Nw:1.900000 Tw:140 total_time_up:0.000000
04-24 05:58:12.557 11301 11301 D AndroidRuntime: 
04-24 05:58:12.557 11301 11301 D AndroidRuntime: >>>>>> AndroidRuntime START com.android.internal.os.RuntimeInit <<<<<<
04-24 05:58:12.557 11301 11301 D AndroidRuntime: CheckJNI is ON
04-24 05:58:12.567 11301 11301 E dalvikvm: ERROR: must specify non-'.' bootclasspath
04-24 05:58:12.567 11301 11301 W dalvikvm: CreateJavaVM failed: dvmClassStartup failed
04-24 05:58:12.567 11301 11301 E AndroidRuntime: JNI_CreateJavaVM failed
04-24 05:58:12.907 11302 11302 D AndroidRuntime: 
04-24 05:58:12.907 11302 11302 D AndroidRuntime: >>>>>> AndroidRuntime START com.android.internal.os.RuntimeInit <<<<<<
04-24 05:58:12.907 11302 11302 D AndroidRuntime: CheckJNI is ON
04-24 05:58:12.907 11302 11302 E dalvikvm: ERROR: must specify non-'.' bootclasspath
04-24 05:58:12.907 11302 11302 W dalvikvm: CreateJavaVM failed: dvmClassStartup failed
04-24 05:58:12.907 11302 11302 E AndroidRuntime: JNI_CreateJavaVM failed
04-24 05:58:15.329  1426  1432 E MP-Decision: num online cores: 2 reqd : 1 available : 4 rq_depth:0.000000 hotplug_avg_load_dw: 20
04-24 05:58:15.329  1426  1432 E MP-Decision: DOWN cpu:1 core_idx:1 Ns:1.100000 Ts:190 total_time_down:3062.000000
04-24 06:10:00.151  1426  1432 E MP-Decision: num online cores: 1 reqd : 2 available : 4 rq_depth:2.700000 hotplug_avg_load_dw: 27
04-24 06:10:00.151  1426  1432 E MP-Decision: UP cpu:1 core_idx:1 Nw:1.900000 Tw:140 total_time_up:146.000000
04-24 06:10:00.151 11482 11482 I olsrd   : Writing '1' (was 1) to /proc/sys/net/ipv4/ip_forward
04-24 06:10:00.151 11482 11482 I olsrd   : Writing '0' (was 1) to /proc/sys/net/ipv4/conf/all/send_redirects
04-24 06:10:00.151 11482 11482 I olsrd   : Writing '0' (was 0) to /proc/sys/net/ipv4/conf/all/rp_filter
04-24 06:10:00.151 11482 11482 I olsrd   : Writing '0' (was 0) to /proc/sys/net/ipv4/conf/wlan0/send_redirects
04-24 06:10:00.151 11482 11482 I olsrd   : Writing '0' (was 0) to /proc/sys/net/ipv4/conf/wlan0/rp_filter
04-24 06:10:00.151 11482 11482 I olsrd   : Adding interface wlan0
04-24 06:10:00.151 11482 11482 I olsrd   : New main address: 10.1.1.30
04-24 06:10:00.161 11487 11487 I olsrd   : olsr.org -  0.6.6.2-n -git_0000000 -n -hash_ 7985605520f3cae9b305d56e83b35d9c successfully started
04-24 06:10:00.851  1426  1432 E MP-Decision: num online cores: 2 reqd : 1 available : 4 rq_depth:0.000000 hotplug_avg_load_dw: 0
04-24 06:10:00.851  1426  1432 E MP-Decision: DOWN cpu:1 core_idx:1 Ns:1.100000 Ts:190 total_time_down:696.000000
--------- beginning of /dev/log/system
04-24 06:10:05.076   807   828 W ProcessStats: Skipping unknown process pid 11519
04-24 06:10:15.486   807   828 W ProcessStats: Skipping unknown process pid 11591
04-24 06:10:15.486   807   828 W ProcessStats: Skipping unknown process pid 11592
04-24 06:10:15.486   807   828 W ProcessStats: Skipping unknown process pid 11593
04-24 06:15:05.036   807   828 W ProcessStats: Skipping unknown process pid 13398
04-24 06:15:05.036   807   828 W ProcessStats: Skipping unknown process pid 13399
04-24 06:15:05.036   807   828 W ProcessStats: Skipping unknown process pid 13400
04-24 06:15:40.260  1426  1432 E MP-Decision: num online cores: 1 reqd : 2 available : 4 rq_depth:2.100000 hotplug_avg_load_dw: 62
04-24 06:15:40.260  1426  1432 E MP-Decision: UP cpu:1 core_idx:1 Nw:1.900000 Tw:140 total_time_up:49.000000
04-24 06:15:40.420 13652 13652 D AndroidRuntime: 
04-24 06:15:40.420 13652 13652 D AndroidRuntime: >>>>>> AndroidRuntime START com.android.internal.os.RuntimeInit <<<<<<
04-24 06:15:40.420 13652 13652 D AndroidRuntime: CheckJNI is ON
04-24 06:15:40.420 13652 13652 E dalvikvm: ERROR: must specify non-'.' bootclasspath
04-24 06:15:40.420 13652 13652 W dalvikvm: CreateJavaVM failed: dvmClassStartup failed
04-24 06:15:40.420 13652 13652 E AndroidRuntime: JNI_CreateJavaVM failed
04-24 06:15:40.540 11487 11487 I olsrd   : Writing '1' (was 0) to /proc/sys/net/ipv4/conf/all/send_redirects
04-24 06:15:40.540 11487 11487 I olsrd   : olsr.org -  0.6.6.2-n -git_0000000 -n -hash_ 7985605520f3cae9b305d56e83b35d9c stopped
04-24 06:15:41.601  1426  1432 E MP-Decision: num online cores: 2 reqd : 1 available : 4 rq_depth:0.000000 hotplug_avg_load_dw: 26
04-24 06:15:41.601  1426  1432 E MP-Decision: DOWN cpu:1 core_idx:1 Ns:1.100000 Ts:190 total_time_down:476.000000
04-24 06:15:41.851  1426  1432 E MP-Decision: num online cores: 1 reqd : 2 available : 4 rq_depth:1.400000 hotplug_avg_load_dw: 64
04-24 06:15:41.851  1426  1432 E MP-Decision: UP cpu:1 core_idx:1 Nw:1.900000 Tw:140 total_time_up:0.000000
04-24 06:15:42.402 13763 13763 D AndroidRuntime: 
04-24 06:15:42.402 13763 13763 D AndroidRuntime: >>>>>> AndroidRuntime START com.android.internal.os.RuntimeInit <<<<<<
04-24 06:15:42.402 13763 13763 D AndroidRuntime: CheckJNI is ON
04-24 06:15:42.402 13763 13763 E dalvikvm: ERROR: must specify non-'.' bootclasspath
04-24 06:15:42.402 13763 13763 W dalvikvm: CreateJavaVM failed: dvmClassStartup failed
04-24 06:15:42.402 13763 13763 E AndroidRuntime: JNI_CreateJavaVM failed
04-24 06:15:42.682 13765 13765 D AndroidRuntime: 
04-24 06:15:42.682 13765 13765 D AndroidRuntime: >>>>>> AndroidRuntime START com.android.internal.os.RuntimeInit <<<<<<
04-24 06:15:42.682 13765 13765 D AndroidRuntime: CheckJNI is ON
04-24 06:15:42.682 13765 13765 E dalvikvm: ERROR: must specify non-'.' bootclasspath
04-24 06:15:42.682 13765 13765 W dalvikvm: CreateJavaVM failed: dvmClassStartup failed
04-24 06:15:42.682 13765 13765 E AndroidRuntime: JNI_CreateJavaVM failed
