--------- beginning of /dev/log/main
04-24 07:08:11.670  1406  1416 E MP-Decision: num online cores: 2 reqd : 1 available : 4 rq_depth:1.000000 hotplug_avg_load_dw: 18
04-24 07:08:11.670  1406  1416 E MP-Decision: DOWN cpu:1 core_idx:1 Ns:1.100000 Ts:190 total_time_down:826.000000
04-24 07:08:11.920  1406  1416 E MP-Decision: num online cores: 1 reqd : 2 available : 4 rq_depth:1.000000 hotplug_avg_load_dw: 63
04-24 07:08:11.920  1406  1416 E MP-Decision: UP cpu:1 core_idx:1 Nw:1.900000 Tw:140 total_time_up:0.000000
04-24 07:08:12.451 19034 19034 D AndroidRuntime: 
04-24 07:08:12.451 19034 19034 D AndroidRuntime: >>>>>> AndroidRuntime START com.android.internal.os.RuntimeInit <<<<<<
04-24 07:08:12.451 19034 19034 D AndroidRuntime: CheckJNI is ON
04-24 07:08:12.451 19034 19034 E dalvikvm: ERROR: must specify non-'.' bootclasspath
04-24 07:08:12.451 19034 19034 W dalvikvm: CreateJavaVM failed: dvmClassStartup failed
04-24 07:08:12.451 19034 19034 E AndroidRuntime: JNI_CreateJavaVM failed
04-24 07:08:12.791 19035 19035 D AndroidRuntime: 
04-24 07:08:12.791 19035 19035 D AndroidRuntime: >>>>>> AndroidRuntime START com.android.internal.os.RuntimeInit <<<<<<
04-24 07:08:12.791 19035 19035 D AndroidRuntime: CheckJNI is ON
04-24 07:08:12.791 19035 19035 E dalvikvm: ERROR: must specify non-'.' bootclasspath
04-24 07:08:12.791 19035 19035 W dalvikvm: CreateJavaVM failed: dvmClassStartup failed
04-24 07:08:12.791 19035 19035 E AndroidRuntime: JNI_CreateJavaVM failed
04-24 07:08:15.344  1406  1416 E MP-Decision: num online cores: 2 reqd : 1 available : 4 rq_depth:0.000000 hotplug_avg_load_dw: 29
04-24 07:08:15.344  1406  1416 E MP-Decision: DOWN cpu:1 core_idx:1 Ns:1.100000 Ts:190 total_time_down:2514.000000
04-24 07:20:00.131 19214 19214 I olsrd   : Writing '1' (was 1) to /proc/sys/net/ipv4/ip_forward
04-24 07:20:00.131 19214 19214 I olsrd   : Writing '0' (was 1) to /proc/sys/net/ipv4/conf/all/send_redirects
04-24 07:20:00.131 19214 19214 I olsrd   : Writing '0' (was 0) to /proc/sys/net/ipv4/conf/all/rp_filter
04-24 07:20:00.131 19214 19214 I olsrd   : Writing '0' (was 0) to /proc/sys/net/ipv4/conf/wlan0/send_redirects
04-24 07:20:00.131 19214 19214 I olsrd   : Writing '0' (was 0) to /proc/sys/net/ipv4/conf/wlan0/rp_filter
04-24 07:20:00.131 19214 19214 I olsrd   : Adding interface wlan0
04-24 07:20:00.131 19214 19214 I olsrd   : New main address: 10.1.1.23
04-24 07:20:00.141 19215 19215 I olsrd   : olsr.org -  0.6.6.2-n -git_0000000 -n -hash_ 7985605520f3cae9b305d56e83b35d9c successfully started
--------- beginning of /dev/log/system
04-24 07:20:05.056   806   829 W ProcessStats: Skipping unknown process pid 19244
04-24 07:20:05.056   806   829 W ProcessStats: Skipping unknown process pid 19245
04-24 07:20:05.056   806   829 W ProcessStats: Skipping unknown process pid 19246
04-24 07:25:40.239  1406  1416 E MP-Decision: num online cores: 1 reqd : 2 available : 4 rq_depth:1.000000 hotplug_avg_load_dw: 55
04-24 07:25:40.239  1406  1416 E MP-Decision: UP cpu:1 core_idx:1 Nw:1.900000 Tw:140 total_time_up:0.000000
04-24 07:25:40.479 21389 21389 D AndroidRuntime: 
04-24 07:25:40.479 21389 21389 D AndroidRuntime: >>>>>> AndroidRuntime START com.android.internal.os.RuntimeInit <<<<<<
04-24 07:25:40.479 21389 21389 D AndroidRuntime: CheckJNI is ON
04-24 07:25:40.479 21389 21389 E dalvikvm: ERROR: must specify non-'.' bootclasspath
04-24 07:25:40.479 21389 21389 W dalvikvm: CreateJavaVM failed: dvmClassStartup failed
04-24 07:25:40.479 21389 21389 E AndroidRuntime: JNI_CreateJavaVM failed
04-24 07:25:40.579 19215 19215 I olsrd   : Writing '1' (was 0) to /proc/sys/net/ipv4/conf/all/send_redirects
04-24 07:25:40.579 19215 19215 I olsrd   : olsr.org -  0.6.6.2-n -git_0000000 -n -hash_ 7985605520f3cae9b305d56e83b35d9c stopped
04-24 07:25:41.640  1406  1416 E MP-Decision: num online cores: 2 reqd : 1 available : 4 rq_depth:0.000000 hotplug_avg_load_dw: 19
04-24 07:25:41.640  1406  1416 E MP-Decision: DOWN cpu:1 core_idx:1 Ns:1.100000 Ts:190 total_time_down:328.000000
04-24 07:25:41.890  1406  1416 E MP-Decision: num online cores: 1 reqd : 2 available : 4 rq_depth:1.000000 hotplug_avg_load_dw: 60
04-24 07:25:41.890  1406  1416 E MP-Decision: UP cpu:1 core_idx:1 Nw:1.900000 Tw:140 total_time_up:0.000000
04-24 07:25:42.571 21488 21488 D AndroidRuntime: 
04-24 07:25:42.571 21488 21488 D AndroidRuntime: >>>>>> AndroidRuntime START com.android.internal.os.RuntimeInit <<<<<<
04-24 07:25:42.571 21488 21488 D AndroidRuntime: CheckJNI is ON
04-24 07:25:42.571 21488 21488 E dalvikvm: ERROR: must specify non-'.' bootclasspath
04-24 07:25:42.571 21488 21488 W dalvikvm: CreateJavaVM failed: dvmClassStartup failed
04-24 07:25:42.571 21488 21488 E AndroidRuntime: JNI_CreateJavaVM failed
04-24 07:25:42.901 21489 21489 D AndroidRuntime: 
04-24 07:25:42.901 21489 21489 D AndroidRuntime: >>>>>> AndroidRuntime START com.android.internal.os.RuntimeInit <<<<<<
04-24 07:25:42.901 21489 21489 D AndroidRuntime: CheckJNI is ON
04-24 07:25:42.901 21489 21489 E dalvikvm: ERROR: must specify non-'.' bootclasspath
04-24 07:25:42.901 21489 21489 W dalvikvm: CreateJavaVM failed: dvmClassStartup failed
04-24 07:25:42.901 21489 21489 E AndroidRuntime: JNI_CreateJavaVM failed
