--------- beginning of /dev/log/main
04-24 06:27:20.994  1419  1425 E MP-Decision: num online cores: 2 reqd : 1 available : 4 rq_depth:0.000000 hotplug_avg_load_dw: 26
04-24 06:27:20.994  1419  1425 E MP-Decision: DOWN cpu:1 core_idx:1 Ns:1.100000 Ts:190 total_time_down:294.000000
04-24 06:27:21.895  1419  1425 E MP-Decision: num online cores: 1 reqd : 2 available : 4 rq_depth:1.000000 hotplug_avg_load_dw: 60
04-24 06:27:21.895  1419  1425 E MP-Decision: UP cpu:1 core_idx:1 Nw:1.900000 Tw:140 total_time_up:0.000000
04-24 06:27:22.436 20195 20195 D AndroidRuntime: 
04-24 06:27:22.436 20195 20195 D AndroidRuntime: >>>>>> AndroidRuntime START com.android.internal.os.RuntimeInit <<<<<<
04-24 06:27:22.436 20195 20195 D AndroidRuntime: CheckJNI is ON
04-24 06:27:22.436 20195 20195 E dalvikvm: ERROR: must specify non-'.' bootclasspath
04-24 06:27:22.436 20195 20195 W dalvikvm: CreateJavaVM failed: dvmClassStartup failed
04-24 06:27:22.436 20195 20195 E AndroidRuntime: JNI_CreateJavaVM failed
04-24 06:27:22.786 20197 20197 D AndroidRuntime: 
04-24 06:27:22.786 20197 20197 D AndroidRuntime: >>>>>> AndroidRuntime START com.android.internal.os.RuntimeInit <<<<<<
04-24 06:27:22.786 20197 20197 D AndroidRuntime: CheckJNI is ON
04-24 06:27:22.786 20197 20197 E dalvikvm: ERROR: must specify non-'.' bootclasspath
04-24 06:27:22.786 20197 20197 W dalvikvm: CreateJavaVM failed: dvmClassStartup failed
04-24 06:27:22.786 20197 20197 E AndroidRuntime: JNI_CreateJavaVM failed
04-24 06:27:23.096  1419  1425 E MP-Decision: num online cores: 2 reqd : 1 available : 4 rq_depth:0.000000 hotplug_avg_load_dw: 20
04-24 06:27:23.096  1419  1425 E MP-Decision: DOWN cpu:1 core_idx:1 Ns:1.100000 Ts:190 total_time_down:929.000000
--------- beginning of /dev/log/system
04-24 06:28:34.845   805   822 I EntropyMixer: Writing entropy...
04-24 06:33:00.201  1419  1425 E MP-Decision: num online cores: 1 reqd : 2 available : 4 rq_depth:1.900000 hotplug_avg_load_dw: 39
04-24 06:33:00.201  1419  1425 E MP-Decision: UP cpu:1 core_idx:1 Nw:1.900000 Tw:140 total_time_up:146.000000
04-24 06:33:00.351  1419  1425 E MP-Decision: num online cores: 2 reqd : 1 available : 4 rq_depth:0.000000 hotplug_avg_load_dw: 14
04-24 06:33:00.351  1419  1425 E MP-Decision: DOWN cpu:1 core_idx:1 Ns:1.100000 Ts:190 total_time_down:145.000000
04-24 06:33:20.130 20383 20383 I olsrd   : Writing '1' (was 1) to /proc/sys/net/ipv4/ip_forward
04-24 06:33:20.130 20383 20383 I olsrd   : Writing '0' (was 1) to /proc/sys/net/ipv4/conf/all/send_redirects
04-24 06:33:20.130 20383 20383 I olsrd   : Writing '0' (was 0) to /proc/sys/net/ipv4/conf/all/rp_filter
04-24 06:33:25.135 20423 20423 I olsrd   : olsr.org -  0.6.6.2-n -git_0000000 -n -hash_ 7985605520f3cae9b305d56e83b35d9c successfully started
04-24 06:39:00.198  1419  1425 E MP-Decision: num online cores: 1 reqd : 2 available : 4 rq_depth:2.500000 hotplug_avg_load_dw: 39
04-24 06:39:00.198  1419  1425 E MP-Decision: UP cpu:1 core_idx:1 Nw:1.900000 Tw:140 total_time_up:146.000000
04-24 06:39:00.558 22562 22562 D AndroidRuntime: 
04-24 06:39:00.558 22562 22562 D AndroidRuntime: >>>>>> AndroidRuntime START com.android.internal.os.RuntimeInit <<<<<<
04-24 06:39:00.558 22562 22562 D AndroidRuntime: CheckJNI is ON
04-24 06:39:00.558 22562 22562 E dalvikvm: ERROR: must specify non-'.' bootclasspath
04-24 06:39:00.558 22562 22562 W dalvikvm: CreateJavaVM failed: dvmClassStartup failed
04-24 06:39:00.558 22562 22562 E AndroidRuntime: JNI_CreateJavaVM failed
04-24 06:39:00.718 20423 20423 I olsrd   : Writing '1' (was 0) to /proc/sys/net/ipv4/conf/all/send_redirects
04-24 06:39:00.718 20423 20423 I olsrd   : olsr.org -  0.6.6.2-n -git_0000000 -n -hash_ 7985605520f3cae9b305d56e83b35d9c stopped
04-24 06:39:01.399  1419  1425 E MP-Decision: num online cores: 2 reqd : 1 available : 4 rq_depth:0.000000 hotplug_avg_load_dw: 16
04-24 06:39:01.399  1419  1425 E MP-Decision: DOWN cpu:1 core_idx:1 Ns:1.100000 Ts:190 total_time_down:146.000000
04-24 06:39:02.049  1419  1425 E MP-Decision: num online cores: 1 reqd : 2 available : 4 rq_depth:1.400000 hotplug_avg_load_dw: 63
04-24 06:39:02.049  1419  1425 E MP-Decision: UP cpu:1 core_idx:1 Nw:1.900000 Tw:140 total_time_up:0.000000
04-24 06:39:02.730 22656 22656 D AndroidRuntime: 
04-24 06:39:02.730 22656 22656 D AndroidRuntime: >>>>>> AndroidRuntime START com.android.internal.os.RuntimeInit <<<<<<
04-24 06:39:02.730 22656 22656 D AndroidRuntime: CheckJNI is ON
04-24 06:39:02.730 22656 22656 E dalvikvm: ERROR: must specify non-'.' bootclasspath
04-24 06:39:02.730 22656 22656 W dalvikvm: CreateJavaVM failed: dvmClassStartup failed
04-24 06:39:02.730 22656 22656 E AndroidRuntime: JNI_CreateJavaVM failed
04-24 06:39:03.020 22657 22657 D AndroidRuntime: 
04-24 06:39:03.020 22657 22657 D AndroidRuntime: >>>>>> AndroidRuntime START com.android.internal.os.RuntimeInit <<<<<<
04-24 06:39:03.020 22657 22657 D AndroidRuntime: CheckJNI is ON
04-24 06:39:03.030 22657 22657 E dalvikvm: ERROR: must specify non-'.' bootclasspath
04-24 06:39:03.030 22657 22657 W dalvikvm: CreateJavaVM failed: dvmClassStartup failed
04-24 06:39:03.030 22657 22657 E AndroidRuntime: JNI_CreateJavaVM failed
