--------- beginning of /dev/log/main
04-24 05:47:18.818  1426  1432 E MP-Decision: num online cores: 2 reqd : 1 available : 4 rq_depth:0.200000 hotplug_avg_load_dw: 18
04-24 05:47:18.818  1426  1432 E MP-Decision: DOWN cpu:1 core_idx:1 Ns:1.100000 Ts:190 total_time_down:133.000000
04-24 05:47:19.008 10983 10983 I olsrd   : Writing '1' (was 1) to /proc/sys/net/ipv4/ip_forward
04-24 05:47:19.008 10983 10983 I olsrd   : Writing '0' (was 1) to /proc/sys/net/ipv4/conf/all/send_redirects
04-24 05:47:19.008 10983 10983 I olsrd   : Writing '0' (was 0) to /proc/sys/net/ipv4/conf/all/rp_filter
04-24 05:47:19.008 10983 10983 I olsrd   : Writing '0' (was 0) to /proc/sys/net/ipv4/conf/wlan0/send_redirects
04-24 05:47:19.008 10983 10983 I olsrd   : Writing '0' (was 0) to /proc/sys/net/ipv4/conf/wlan0/rp_filter
04-24 05:47:19.008 10983 10983 I olsrd   : Adding interface wlan0
04-24 05:47:19.008 10983 10983 I olsrd   : New main address: 10.1.1.40
04-24 05:47:19.028 10988 10988 I olsrd   : olsr.org -  0.6.6.2-n -git_0000000 -n -hash_ 7985605520f3cae9b305d56e83b35d9c successfully started
04-24 05:47:21.380 11008 11008 D dalvikvm: Not late-enabling CheckJNI (already on)
--------- beginning of /dev/log/system
04-24 05:47:21.390   807   829 I ActivityManager: Start proc edu.mit.ll.cbmen.monitor for service edu.mit.ll.cbmen.monitor/.MonitorService: pid=11008 uid=10057 gids={50057, 1015, 3003, 1028}
04-24 05:47:21.460 11008 11008 I MonitorService: onCreate() MonitorService
04-24 05:47:21.470 11008 11008 D AndroidRuntime: Shutting down VM
04-24 05:47:21.470 11008 11008 W dalvikvm: threadid=1: thread exiting with uncaught exception (group=0x417297c0)
04-24 05:47:21.470 11008 11008 I Process : Sending signal. PID: 11008 SIG: 9
04-24 05:47:21.470 11008 11008 E AndroidRuntime: FATAL EXCEPTION: main
04-24 05:47:21.470 11008 11008 E AndroidRuntime: java.lang.RuntimeException: Unable to start service edu.mit.ll.cbmen.monitor.MonitorService@419a6a58 with null: java.lang.NullPointerException
04-24 05:47:21.470 11008 11008 E AndroidRuntime: 	at android.app.ActivityThread.handleServiceArgs(ActivityThread.java:2849)
04-24 05:47:21.470 11008 11008 E AndroidRuntime: 	at android.app.ActivityThread.access$1900(ActivityThread.java:153)
04-24 05:47:21.470 11008 11008 E AndroidRuntime: 	at android.app.ActivityThread$H.handleMessage(ActivityThread.java:1366)
04-24 05:47:21.470 11008 11008 E AndroidRuntime: 	at android.os.Handler.dispatchMessage(Handler.java:99)
04-24 05:47:21.470 11008 11008 E AndroidRuntime: 	at android.os.Looper.loop(Looper.java:137)
04-24 05:47:21.470 11008 11008 E AndroidRuntime: 	at android.app.ActivityThread.main(ActivityThread.java:5289)
04-24 05:47:21.470 11008 11008 E AndroidRuntime: 	at java.lang.reflect.Method.invokeNative(Native Method)
04-24 05:47:21.470 11008 11008 E AndroidRuntime: 	at java.lang.reflect.Method.invoke(Method.java:525)
04-24 05:47:21.470 11008 11008 E AndroidRuntime: 	at com.android.internal.os.ZygoteInit$MethodAndArgsCaller.run(ZygoteInit.java:739)
04-24 05:47:21.470 11008 11008 E AndroidRuntime: 	at com.android.internal.os.ZygoteInit.main(ZygoteInit.java:555)
04-24 05:47:21.470 11008 11008 E AndroidRuntime: 	at dalvik.system.NativeStart.main(Native Method)
04-24 05:47:21.470 11008 11008 E AndroidRuntime: Caused by: java.lang.NullPointerException
04-24 05:47:21.470 11008 11008 E AndroidRuntime: 	at edu.mit.ll.cbmen.monitor.MonitorService.onStartCommand(MonitorService.java:773)
04-24 05:47:21.470 11008 11008 E AndroidRuntime: 	at android.app.ActivityThread.handleServiceArgs(ActivityThread.java:2832)
04-24 05:47:21.470 11008 11008 E AndroidRuntime: 	... 10 more
04-24 05:47:21.480   807   807 I ActivityManager: Process edu.mit.ll.cbmen.monitor (pid 11008) has died.
04-24 05:47:21.480   807   807 W ActivityManager: Scheduling restart of crashed service edu.mit.ll.cbmen.monitor/.MonitorService in 20000ms
04-24 05:47:29.118   807   814 I dalvikvm: Jit: resizing JitTable from 8192 to 16384
04-24 05:47:41.520 11180 11180 D dalvikvm: Not late-enabling CheckJNI (already on)
04-24 05:47:41.550   807   829 I ActivityManager: Start proc edu.mit.ll.cbmen.monitor for service edu.mit.ll.cbmen.monitor/.MonitorService: pid=11180 uid=10057 gids={50057, 1015, 3003, 1028}
04-24 05:47:41.640  1426  1432 E MP-Decision: num online cores: 1 reqd : 2 available : 4 rq_depth:4.200000 hotplug_avg_load_dw: 27
04-24 05:47:41.640  1426  1432 E MP-Decision: UP cpu:1 core_idx:1 Nw:1.900000 Tw:140 total_time_up:146.000000
04-24 05:47:41.650 11180 11180 I MonitorService: onCreate() MonitorService
04-24 05:47:41.660 11180 11180 D AndroidRuntime: Shutting down VM
04-24 05:47:41.660 11180 11180 W dalvikvm: threadid=1: thread exiting with uncaught exception (group=0x417297c0)
04-24 05:47:41.660 11180 11180 E AndroidRuntime: FATAL EXCEPTION: main
04-24 05:47:41.660 11180 11180 E AndroidRuntime: java.lang.RuntimeException: Unable to start service edu.mit.ll.cbmen.monitor.MonitorService@419a79f0 with null: java.lang.NullPointerException
04-24 05:47:41.660 11180 11180 E AndroidRuntime: 	at android.app.ActivityThread.handleServiceArgs(ActivityThread.java:2849)
04-24 05:47:41.660 11180 11180 E AndroidRuntime: 	at android.app.ActivityThread.access$1900(ActivityThread.java:153)
04-24 05:47:41.660 11180 11180 E AndroidRuntime: 	at android.app.ActivityThread$H.handleMessage(ActivityThread.java:1366)
04-24 05:47:41.660 11180 11180 E AndroidRuntime: 	at android.os.Handler.dispatchMessage(Handler.java:99)
04-24 05:47:41.660 11180 11180 E AndroidRuntime: 	at android.os.Looper.loop(Looper.java:137)
04-24 05:47:41.660 11180 11180 E AndroidRuntime: 	at android.app.ActivityThread.main(ActivityThread.java:5289)
04-24 05:47:41.660 11180 11180 E AndroidRuntime: 	at java.lang.reflect.Method.invokeNative(Native Method)
04-24 05:47:41.660 11180 11180 E AndroidRuntime: 	at java.lang.reflect.Method.invoke(Method.java:525)
04-24 05:47:41.660 11180 11180 E AndroidRuntime: 	at com.android.internal.os.ZygoteInit$MethodAndArgsCaller.run(ZygoteInit.java:739)
04-24 05:47:41.660 11180 11180 E AndroidRuntime: 	at com.android.internal.os.ZygoteInit.main(ZygoteInit.java:555)
04-24 05:47:41.660 11180 11180 E AndroidRuntime: 	at dalvik.system.NativeStart.main(Native Method)
04-24 05:47:41.660 11180 11180 E AndroidRuntime: Caused by: java.lang.NullPointerException
04-24 05:47:41.660 11180 11180 E AndroidRuntime: 	at edu.mit.ll.cbmen.monitor.MonitorService.onStartCommand(MonitorService.java:773)
04-24 05:47:41.660 11180 11180 E AndroidRuntime: 	at android.app.ActivityThread.handleServiceArgs(ActivityThread.java:2832)
04-24 05:47:41.660 11180 11180 E AndroidRuntime: 	... 10 more
04-24 05:47:41.670 11180 11180 I Process : Sending signal. PID: 11180 SIG: 9
04-24 05:47:41.680   807  1141 I ActivityManager: Process edu.mit.ll.cbmen.monitor (pid 11180) has died.
04-24 05:47:41.680   807  1141 W ActivityManager: Service crashed 2 times, stopping: ServiceRecord{41af9a60 u0 edu.mit.ll.cbmen.monitor/.MonitorService}
04-24 05:47:41.950  1426  1432 E MP-Decision: num online cores: 2 reqd : 1 available : 4 rq_depth:0.000000 hotplug_avg_load_dw: 19
04-24 05:47:41.950  1426  1432 E MP-Decision: DOWN cpu:1 core_idx:1 Ns:1.100000 Ts:190 total_time_down:254.000000
04-24 05:52:20.329  1426  1432 E MP-Decision: num online cores: 1 reqd : 2 available : 4 rq_depth:1.200000 hotplug_avg_load_dw: 74
04-24 05:52:20.329  1426  1432 E MP-Decision: UP cpu:1 core_idx:1 Nw:1.900000 Tw:140 total_time_up:0.000000
04-24 05:52:20.429 13546 13546 D AndroidRuntime: 
04-24 05:52:20.429 13546 13546 D AndroidRuntime: >>>>>> AndroidRuntime START com.android.internal.os.RuntimeInit <<<<<<
04-24 05:52:20.429 13546 13546 D AndroidRuntime: CheckJNI is ON
04-24 05:52:20.429 13546 13546 E dalvikvm: ERROR: must specify non-'.' bootclasspath
04-24 05:52:20.429 13546 13546 W dalvikvm: CreateJavaVM failed: dvmClassStartup failed
04-24 05:52:20.429 13546 13546 E AndroidRuntime: JNI_CreateJavaVM failed
04-24 05:52:20.639 10988 10988 I olsrd   : Writing '1' (was 0) to /proc/sys/net/ipv4/conf/all/send_redirects
04-24 05:52:20.639 10988 10988 I olsrd   : olsr.org -  0.6.6.2-n -git_0000000 -n -hash_ 7985605520f3cae9b305d56e83b35d9c stopped
04-24 05:52:21.200  1426  1432 E MP-Decision: num online cores: 2 reqd : 1 available : 4 rq_depth:0.000000 hotplug_avg_load_dw: 10
04-24 05:52:21.200  1426  1432 E MP-Decision: DOWN cpu:1 core_idx:1 Ns:1.100000 Ts:190 total_time_down:306.000000
04-24 05:52:21.930  1426  1432 E MP-Decision: num online cores: 1 reqd : 2 available : 4 rq_depth:1.000000 hotplug_avg_load_dw: 64
04-24 05:52:21.930  1426  1432 E MP-Decision: UP cpu:1 core_idx:1 Nw:1.900000 Tw:140 total_time_up:0.000000
04-24 05:52:22.481 13620 13620 D AndroidRuntime: 
04-24 05:52:22.481 13620 13620 D AndroidRuntime: >>>>>> AndroidRuntime START com.android.internal.os.RuntimeInit <<<<<<
04-24 05:52:22.481 13620 13620 D AndroidRuntime: CheckJNI is ON
04-24 05:52:22.481 13620 13620 E dalvikvm: ERROR: must specify non-'.' bootclasspath
04-24 05:52:22.481 13620 13620 W dalvikvm: CreateJavaVM failed: dvmClassStartup failed
04-24 05:52:22.481 13620 13620 E AndroidRuntime: JNI_CreateJavaVM failed
04-24 05:52:22.811 13622 13622 D AndroidRuntime: 
04-24 05:52:22.811 13622 13622 D AndroidRuntime: >>>>>> AndroidRuntime START com.android.internal.os.RuntimeInit <<<<<<
04-24 05:52:22.811 13622 13622 D AndroidRuntime: CheckJNI is ON
04-24 05:52:22.811 13622 13622 E dalvikvm: ERROR: must specify non-'.' bootclasspath
04-24 05:52:22.811 13622 13622 W dalvikvm: CreateJavaVM failed: dvmClassStartup failed
04-24 05:52:22.811 13622 13622 E AndroidRuntime: JNI_CreateJavaVM failed
