--------- beginning of /dev/log/main
04-24 05:47:18.892  1412  1419 E MP-Decision: num online cores: 2 reqd : 1 available : 4 rq_depth:0.000000 hotplug_avg_load_dw: 16
04-24 05:47:18.892  1412  1419 E MP-Decision: DOWN cpu:1 core_idx:1 Ns:1.100000 Ts:190 total_time_down:203.000000
04-24 05:47:19.012 11017 11017 I olsrd   : Writing '1' (was 1) to /proc/sys/net/ipv4/ip_forward
04-24 05:47:19.012 11017 11017 I olsrd   : Writing '0' (was 1) to /proc/sys/net/ipv4/conf/all/send_redirects
04-24 05:47:19.012 11017 11017 I olsrd   : Writing '0' (was 0) to /proc/sys/net/ipv4/conf/all/rp_filter
04-24 05:47:19.012 11017 11017 I olsrd   : Writing '0' (was 0) to /proc/sys/net/ipv4/conf/wlan0/send_redirects
04-24 05:47:19.012 11017 11017 I olsrd   : Writing '0' (was 0) to /proc/sys/net/ipv4/conf/wlan0/rp_filter
04-24 05:47:19.012 11017 11017 I olsrd   : Adding interface wlan0
04-24 05:47:19.012 11017 11017 I olsrd   : New main address: 10.1.1.39
04-24 05:47:19.022 11022 11022 I olsrd   : olsr.org -  0.6.6.2-n -git_0000000 -n -hash_ 7985605520f3cae9b305d56e83b35d9c successfully started
04-24 05:47:21.415 11042 11042 D dalvikvm: Not late-enabling CheckJNI (already on)
--------- beginning of /dev/log/system
04-24 05:47:21.435   798   816 I ActivityManager: Start proc edu.mit.ll.cbmen.monitor for service edu.mit.ll.cbmen.monitor/.MonitorService: pid=11042 uid=10055 gids={50055, 1015, 3003, 1028}
04-24 05:47:21.515 11042 11042 I MonitorService: onCreate() MonitorService
04-24 05:47:21.515 11042 11042 D AndroidRuntime: Shutting down VM
04-24 05:47:21.515 11042 11042 W dalvikvm: threadid=1: thread exiting with uncaught exception (group=0x415e17c0)
04-24 05:47:21.515 11042 11042 E AndroidRuntime: FATAL EXCEPTION: main
04-24 05:47:21.515 11042 11042 E AndroidRuntime: java.lang.RuntimeException: Unable to start service edu.mit.ll.cbmen.monitor.MonitorService@41860848 with null: java.lang.NullPointerException
04-24 05:47:21.515 11042 11042 E AndroidRuntime: 	at android.app.ActivityThread.handleServiceArgs(ActivityThread.java:2849)
04-24 05:47:21.515 11042 11042 E AndroidRuntime: 	at android.app.ActivityThread.access$1900(ActivityThread.java:153)
04-24 05:47:21.515 11042 11042 E AndroidRuntime: 	at android.app.ActivityThread$H.handleMessage(ActivityThread.java:1366)
04-24 05:47:21.515 11042 11042 E AndroidRuntime: 	at android.os.Handler.dispatchMessage(Handler.java:99)
04-24 05:47:21.515 11042 11042 E AndroidRuntime: 	at android.os.Looper.loop(Looper.java:137)
04-24 05:47:21.515 11042 11042 E AndroidRuntime: 	at android.app.ActivityThread.main(ActivityThread.java:5289)
04-24 05:47:21.515 11042 11042 E AndroidRuntime: 	at java.lang.reflect.Method.invokeNative(Native Method)
04-24 05:47:21.515 11042 11042 E AndroidRuntime: 	at java.lang.reflect.Method.invoke(Method.java:525)
04-24 05:47:21.515 11042 11042 E AndroidRuntime: 	at com.android.internal.os.ZygoteInit$MethodAndArgsCaller.run(ZygoteInit.java:739)
04-24 05:47:21.515 11042 11042 E AndroidRuntime: 	at com.android.internal.os.ZygoteInit.main(ZygoteInit.java:555)
04-24 05:47:21.515 11042 11042 E AndroidRuntime: 	at dalvik.system.NativeStart.main(Native Method)
04-24 05:47:21.515 11042 11042 E AndroidRuntime: Caused by: java.lang.NullPointerException
04-24 05:47:21.515 11042 11042 E AndroidRuntime: 	at edu.mit.ll.cbmen.monitor.MonitorService.onStartCommand(MonitorService.java:773)
04-24 05:47:21.515 11042 11042 E AndroidRuntime: 	at android.app.ActivityThread.handleServiceArgs(ActivityThread.java:2832)
04-24 05:47:21.515 11042 11042 E AndroidRuntime: 	... 10 more
04-24 05:47:21.525 11042 11042 I Process : Sending signal. PID: 11042 SIG: 9
04-24 05:47:21.535   798  1071 I ActivityManager: Process edu.mit.ll.cbmen.monitor (pid 11042) has died.
04-24 05:47:21.535   798  1071 W ActivityManager: Scheduling restart of crashed service edu.mit.ll.cbmen.monitor/.MonitorService in 20000ms
04-24 05:47:21.545  1412  1419 E MP-Decision: num online cores: 1 reqd : 2 available : 4 rq_depth:2.100000 hotplug_avg_load_dw: 29
04-24 05:47:21.545  1412  1419 E MP-Decision: UP cpu:1 core_idx:1 Nw:1.900000 Tw:140 total_time_up:144.000000
04-24 05:47:21.725  1412  1419 E MP-Decision: num online cores: 2 reqd : 1 available : 4 rq_depth:0.000000 hotplug_avg_load_dw: 3
04-24 05:47:21.725  1412  1419 E MP-Decision: DOWN cpu:1 core_idx:1 Ns:1.100000 Ts:190 total_time_down:176.000000
04-24 05:47:41.544 11226 11226 D dalvikvm: Not late-enabling CheckJNI (already on)
04-24 05:47:41.564   798   816 I ActivityManager: Start proc edu.mit.ll.cbmen.monitor for service edu.mit.ll.cbmen.monitor/.MonitorService: pid=11226 uid=10055 gids={50055, 1015, 3003, 1028}
04-24 05:47:41.644 11226 11226 I MonitorService: onCreate() MonitorService
04-24 05:47:41.644 11226 11226 D AndroidRuntime: Shutting down VM
04-24 05:47:41.644 11226 11226 W dalvikvm: threadid=1: thread exiting with uncaught exception (group=0x415e17c0)
04-24 05:47:41.644 11226 11226 E AndroidRuntime: FATAL EXCEPTION: main
04-24 05:47:41.644 11226 11226 E AndroidRuntime: java.lang.RuntimeException: Unable to start service edu.mit.ll.cbmen.monitor.MonitorService@41861748 with null: java.lang.NullPointerException
04-24 05:47:41.644 11226 11226 E AndroidRuntime: 	at android.app.ActivityThread.handleServiceArgs(ActivityThread.java:2849)
04-24 05:47:41.644 11226 11226 E AndroidRuntime: 	at android.app.ActivityThread.access$1900(ActivityThread.java:153)
04-24 05:47:41.644 11226 11226 E AndroidRuntime: 	at android.app.ActivityThread$H.handleMessage(ActivityThread.java:1366)
04-24 05:47:41.644 11226 11226 E AndroidRuntime: 	at android.os.Handler.dispatchMessage(Handler.java:99)
04-24 05:47:41.644 11226 11226 E AndroidRuntime: 	at android.os.Looper.loop(Looper.java:137)
04-24 05:47:41.644 11226 11226 E AndroidRuntime: 	at android.app.ActivityThread.main(ActivityThread.java:5289)
04-24 05:47:41.644 11226 11226 E AndroidRuntime: 	at java.lang.reflect.Method.invokeNative(Native Method)
04-24 05:47:41.644 11226 11226 E AndroidRuntime: 	at java.lang.reflect.Method.invoke(Method.java:525)
04-24 05:47:41.644 11226 11226 E AndroidRuntime: 	at com.android.internal.os.ZygoteInit$MethodAndArgsCaller.run(ZygoteInit.java:739)
04-24 05:47:41.644 11226 11226 E AndroidRuntime: 	at com.android.internal.os.ZygoteInit.main(ZygoteInit.java:555)
04-24 05:47:41.644 11226 11226 E AndroidRuntime: 	at dalvik.system.NativeStart.main(Native Method)
04-24 05:47:41.644 11226 11226 E AndroidRuntime: Caused by: java.lang.NullPointerException
04-24 05:47:41.644 11226 11226 E AndroidRuntime: 	at edu.mit.ll.cbmen.monitor.MonitorService.onStartCommand(MonitorService.java:773)
04-24 05:47:41.644 11226 11226 E AndroidRuntime: 	at android.app.ActivityThread.handleServiceArgs(ActivityThread.java:2832)
04-24 05:47:41.644 11226 11226 E AndroidRuntime: 	... 10 more
04-24 05:47:41.654 11226 11226 I Process : Sending signal. PID: 11226 SIG: 9
04-24 05:47:41.654   798   810 I ActivityManager: Process edu.mit.ll.cbmen.monitor (pid 11226) has died.
04-24 05:47:41.654   798   810 W ActivityManager: Service crashed 2 times, stopping: ServiceRecord{420f2b18 u0 edu.mit.ll.cbmen.monitor/.MonitorService}
04-24 05:47:41.674  1412  1419 E MP-Decision: num online cores: 1 reqd : 2 available : 4 rq_depth:2.600000 hotplug_avg_load_dw: 40
04-24 05:47:41.674  1412  1419 E MP-Decision: UP cpu:1 core_idx:1 Nw:1.900000 Tw:140 total_time_up:146.000000
04-24 05:47:41.875  1412  1419 E MP-Decision: num online cores: 2 reqd : 1 available : 4 rq_depth:0.000000 hotplug_avg_load_dw: 4
04-24 05:47:41.875  1412  1419 E MP-Decision: DOWN cpu:1 core_idx:1 Ns:1.100000 Ts:190 total_time_down:197.000000
04-24 05:52:20.314  1412  1419 E MP-Decision: num online cores: 1 reqd : 2 available : 4 rq_depth:1.000000 hotplug_avg_load_dw: 69
04-24 05:52:20.314  1412  1419 E MP-Decision: UP cpu:1 core_idx:1 Nw:1.900000 Tw:140 total_time_up:0.000000
04-24 05:52:20.424 13585 13585 D AndroidRuntime: 
04-24 05:52:20.424 13585 13585 D AndroidRuntime: >>>>>> AndroidRuntime START com.android.internal.os.RuntimeInit <<<<<<
04-24 05:52:20.424 13585 13585 D AndroidRuntime: CheckJNI is ON
04-24 05:52:20.434 13585 13585 E dalvikvm: ERROR: must specify non-'.' bootclasspath
04-24 05:52:20.434 13585 13585 W dalvikvm: CreateJavaVM failed: dvmClassStartup failed
04-24 05:52:20.434 13585 13585 E AndroidRuntime: JNI_CreateJavaVM failed
04-24 05:52:20.574 11022 11022 I olsrd   : Writing '1' (was 0) to /proc/sys/net/ipv4/conf/all/send_redirects
04-24 05:52:20.574 11022 11022 I olsrd   : olsr.org -  0.6.6.2-n -git_0000000 -n -hash_ 7985605520f3cae9b305d56e83b35d9c stopped
04-24 05:52:21.065  1412  1419 E MP-Decision: num online cores: 2 reqd : 1 available : 4 rq_depth:0.000000 hotplug_avg_load_dw: 15
04-24 05:52:21.065  1412  1419 E MP-Decision: DOWN cpu:1 core_idx:1 Ns:1.100000 Ts:190 total_time_down:392.000000
04-24 05:52:21.856  1412  1419 E MP-Decision: num online cores: 1 reqd : 2 available : 4 rq_depth:1.000000 hotplug_avg_load_dw: 67
04-24 05:52:21.856  1412  1419 E MP-Decision: UP cpu:1 core_idx:1 Nw:1.900000 Tw:140 total_time_up:0.000000
04-24 05:52:22.406 13660 13660 D AndroidRuntime: 
04-24 05:52:22.406 13660 13660 D AndroidRuntime: >>>>>> AndroidRuntime START com.android.internal.os.RuntimeInit <<<<<<
04-24 05:52:22.406 13660 13660 D AndroidRuntime: CheckJNI is ON
04-24 05:52:22.406 13660 13660 E dalvikvm: ERROR: must specify non-'.' bootclasspath
04-24 05:52:22.406 13660 13660 W dalvikvm: CreateJavaVM failed: dvmClassStartup failed
04-24 05:52:22.406 13660 13660 E AndroidRuntime: JNI_CreateJavaVM failed
04-24 05:52:22.766 13661 13661 D AndroidRuntime: 
04-24 05:52:22.766 13661 13661 D AndroidRuntime: >>>>>> AndroidRuntime START com.android.internal.os.RuntimeInit <<<<<<
04-24 05:52:22.766 13661 13661 D AndroidRuntime: CheckJNI is ON
04-24 05:52:22.766 13661 13661 E dalvikvm: ERROR: must specify non-'.' bootclasspath
04-24 05:52:22.766 13661 13661 W dalvikvm: CreateJavaVM failed: dvmClassStartup failed
04-24 05:52:22.766 13661 13661 E AndroidRuntime: JNI_CreateJavaVM failed
