nodeName node001
nodeNum 1
binDir /data/llcbmen
expRoot /sdcard/llcbmen
runId n20_all_calibration_60_1704241408
basetime 1493057310
duration 300
startWait 30
dataDir /sdcard/llcbmen/data/n20_all_calibration_60_1704241408
doAPK N
logFiles 
ifaces wlan0
si2Args  -b 10000 10.1.1.255:15387

Resetting at time Mon Apr 24 14:08:10 EDT 2017 = 1493057290.174036
rm: can't remove '/sdcard/node*.log': No such file or directory
rm: can't remove '/sdcard/*.json': No such file or directory
killall: gcn: no process killed
killall: beaconer: no process killed
killall: monitor.sh: no process killed
killall: babeld: no process killed
killall: edu.mit.ll.NletLog.android: no process killed
killall: edu.mit.ll.cbmen.monitor: no process killed
killall: mchttpd: no process killed
rm: can't remove '/sdcard/cascade': No such file or directory
rm: can't remove '/sdcard/CBMEN': No such file or directory
rm: can't remove '/sdcard/llcbmen/ISI': No such file or directory
rm: can't remove '/sdcard/Android/data/cbmen.comet.workflow.cascade': No such file or directory
rm: can't remove '/sdcard/registrar.db': No such file or directory
Waiting until prep time...
Skipping ahead because basetime + -30 = 1493057280 is in the past.
Starting uberLocal.sh at time Mon Apr 24 14:08:10 EDT 2017 = 1493057290.865554 with basetime 1493057310

Starting instruments at time Mon Apr 24 14:08:10 EDT 2017 = 1493057290.899978

Sleeping 8.80083 sec until basetime + -10 = 1493057300

Starting scenario at time Mon Apr 24 14:08:20 EDT 2017 = 1493057300.081391
Starting mgen.
Parsing file: "/etc/olsrd.conf"
mgen: version 5.02
mgen: starting now ...

Waiting through scenario duration...
Skipping ahead because basetime + 300 = 1493057610 is in the past.

Stopping scenario at time Mon Apr 24 14:14:01 EDT 2017 = 1493057641.901329
killall: tcpdump: no process killed
killall: gcn: no process killed
killall: beaconer: no process killed
killall: olsrd: no process killed
killall: mgen: no process killed
killall: babeld: no process killed
killall: edu.mit.ll.NletLog.android: no process killed
killall: edu.mit.ll.cbmen.monitor: no process killed

killall: beaconer: no process killed
killall: monitor.sh: no process killed
killall: mgen: no process killed
killall: olsrd: no process killed
killall: edu.mit.ll.cbmen.monitor: no process killed
killall: edu.mit.ll.NletLog.android: no process killed

FINISHED uberLocal.sh at time Mon Apr 24 14:14:03 EDT 2017 = 1493057643.077398

