--------- beginning of /dev/log/main
04-24 05:47:18.712 10867 10867 I olsrd   : Writing '1' (was 1) to /proc/sys/net/ipv4/ip_forward
04-24 05:47:18.712 10867 10867 I olsrd   : Writing '0' (was 1) to /proc/sys/net/ipv4/conf/all/send_redirects
04-24 05:47:18.712 10867 10867 I olsrd   : Writing '0' (was 0) to /proc/sys/net/ipv4/conf/all/rp_filter
04-24 05:47:18.712 10867 10867 I olsrd   : Writing '0' (was 0) to /proc/sys/net/ipv4/conf/wlan0/send_redirects
04-24 05:47:18.712 10867 10867 I olsrd   : Writing '0' (was 0) to /proc/sys/net/ipv4/conf/wlan0/rp_filter
04-24 05:47:18.712 10867 10867 I olsrd   : Adding interface wlan0
04-24 05:47:18.712 10867 10867 I olsrd   : New main address: 10.1.1.33
04-24 05:47:18.732 10872 10872 I olsrd   : olsr.org -  0.6.6.2-n -git_0000000 -n -hash_ 7985605520f3cae9b305d56e83b35d9c successfully started
04-24 05:47:18.832  1419  1425 E MP-Decision: num online cores: 2 reqd : 1 available : 4 rq_depth:0.000000 hotplug_avg_load_dw: 18
04-24 05:47:18.832  1419  1425 E MP-Decision: DOWN cpu:1 core_idx:1 Ns:1.100000 Ts:190 total_time_down:96.000000
04-24 05:47:21.394 10895 10895 D dalvikvm: Not late-enabling CheckJNI (already on)
--------- beginning of /dev/log/system
04-24 05:47:21.424   807   830 I ActivityManager: Start proc edu.mit.ll.cbmen.monitor for service edu.mit.ll.cbmen.monitor/.MonitorService: pid=10895 uid=10055 gids={50055, 1015, 3003, 1028}
04-24 05:47:21.525  1419  1425 E MP-Decision: num online cores: 1 reqd : 2 available : 4 rq_depth:4.700000 hotplug_avg_load_dw: 31
04-24 05:47:21.525  1419  1425 E MP-Decision: UP cpu:1 core_idx:1 Nw:1.900000 Tw:140 total_time_up:146.000000
04-24 05:47:21.545 10895 10895 I MonitorService: onCreate() MonitorService
04-24 05:47:21.555 10895 10895 D AndroidRuntime: Shutting down VM
04-24 05:47:21.555 10895 10895 W dalvikvm: threadid=1: thread exiting with uncaught exception (group=0x415cc7c0)
04-24 05:47:21.555 10895 10895 I Process : Sending signal. PID: 10895 SIG: 9
04-24 05:47:21.555 10895 10895 E AndroidRuntime: FATAL EXCEPTION: main
04-24 05:47:21.555 10895 10895 E AndroidRuntime: java.lang.RuntimeException: Unable to start service edu.mit.ll.cbmen.monitor.MonitorService@418531b8 with null: java.lang.NullPointerException
04-24 05:47:21.555 10895 10895 E AndroidRuntime: 	at android.app.ActivityThread.handleServiceArgs(ActivityThread.java:2849)
04-24 05:47:21.555 10895 10895 E AndroidRuntime: 	at android.app.ActivityThread.access$1900(ActivityThread.java:153)
04-24 05:47:21.555 10895 10895 E AndroidRuntime: 	at android.app.ActivityThread$H.handleMessage(ActivityThread.java:1366)
04-24 05:47:21.555 10895 10895 E AndroidRuntime: 	at android.os.Handler.dispatchMessage(Handler.java:99)
04-24 05:47:21.555 10895 10895 E AndroidRuntime: 	at android.os.Looper.loop(Looper.java:137)
04-24 05:47:21.555 10895 10895 E AndroidRuntime: 	at android.app.ActivityThread.main(ActivityThread.java:5289)
04-24 05:47:21.555 10895 10895 E AndroidRuntime: 	at java.lang.reflect.Method.invokeNative(Native Method)
04-24 05:47:21.555 10895 10895 E AndroidRuntime: 	at java.lang.reflect.Method.invoke(Method.java:525)
04-24 05:47:21.555 10895 10895 E AndroidRuntime: 	at com.android.internal.os.ZygoteInit$MethodAndArgsCaller.run(ZygoteInit.java:739)
04-24 05:47:21.555 10895 10895 E AndroidRuntime: 	at com.android.internal.os.ZygoteInit.main(ZygoteInit.java:555)
04-24 05:47:21.555 10895 10895 E AndroidRuntime: 	at dalvik.system.NativeStart.main(Native Method)
04-24 05:47:21.555 10895 10895 E AndroidRuntime: Caused by: java.lang.NullPointerException
04-24 05:47:21.555 10895 10895 E AndroidRuntime: 	at edu.mit.ll.cbmen.monitor.MonitorService.onStartCommand(MonitorService.java:773)
04-24 05:47:21.555 10895 10895 E AndroidRuntime: 	at android.app.ActivityThread.handleServiceArgs(ActivityThread.java:2832)
04-24 05:47:21.555 10895 10895 E AndroidRuntime: 	... 10 more
04-24 05:47:21.565   807   819 I ActivityManager: Process edu.mit.ll.cbmen.monitor (pid 10895) has died.
04-24 05:47:21.565   807   819 W ActivityManager: Scheduling restart of crashed service edu.mit.ll.cbmen.monitor/.MonitorService in 20000ms
04-24 05:47:21.765  1419  1425 E MP-Decision: num online cores: 2 reqd : 1 available : 4 rq_depth:0.000000 hotplug_avg_load_dw: 18
04-24 05:47:21.765  1419  1425 E MP-Decision: DOWN cpu:1 core_idx:1 Ns:1.100000 Ts:190 total_time_down:188.000000
04-24 05:47:41.574 11087 11087 D dalvikvm: Not late-enabling CheckJNI (already on)
04-24 05:47:41.594   807   830 I ActivityManager: Start proc edu.mit.ll.cbmen.monitor for service edu.mit.ll.cbmen.monitor/.MonitorService: pid=11087 uid=10055 gids={50055, 1015, 3003, 1028}
04-24 05:47:41.644 11087 11087 I MonitorService: onCreate() MonitorService
04-24 05:47:41.654 11087 11087 D AndroidRuntime: Shutting down VM
04-24 05:47:41.654 11087 11087 W dalvikvm: threadid=1: thread exiting with uncaught exception (group=0x415cc7c0)
04-24 05:47:41.654 11087 11087 I Process : Sending signal. PID: 11087 SIG: 9
04-24 05:47:41.654 11087 11087 E AndroidRuntime: FATAL EXCEPTION: main
04-24 05:47:41.654 11087 11087 E AndroidRuntime: java.lang.RuntimeException: Unable to start service edu.mit.ll.cbmen.monitor.MonitorService@41849a58 with null: java.lang.NullPointerException
04-24 05:47:41.654 11087 11087 E AndroidRuntime: 	at android.app.ActivityThread.handleServiceArgs(ActivityThread.java:2849)
04-24 05:47:41.654 11087 11087 E AndroidRuntime: 	at android.app.ActivityThread.access$1900(ActivityThread.java:153)
04-24 05:47:41.654 11087 11087 E AndroidRuntime: 	at android.app.ActivityThread$H.handleMessage(ActivityThread.java:1366)
04-24 05:47:41.654 11087 11087 E AndroidRuntime: 	at android.os.Handler.dispatchMessage(Handler.java:99)
04-24 05:47:41.654 11087 11087 E AndroidRuntime: 	at android.os.Looper.loop(Looper.java:137)
04-24 05:47:41.654 11087 11087 E AndroidRuntime: 	at android.app.ActivityThread.main(ActivityThread.java:5289)
04-24 05:47:41.654 11087 11087 E AndroidRuntime: 	at java.lang.reflect.Method.invokeNative(Native Method)
04-24 05:47:41.654 11087 11087 E AndroidRuntime: 	at java.lang.reflect.Method.invoke(Method.java:525)
04-24 05:47:41.654 11087 11087 E AndroidRuntime: 	at com.android.internal.os.ZygoteInit$MethodAndArgsCaller.run(ZygoteInit.java:739)
04-24 05:47:41.654 11087 11087 E AndroidRuntime: 	at com.android.internal.os.ZygoteInit.main(ZygoteInit.java:555)
04-24 05:47:41.654 11087 11087 E AndroidRuntime: 	at dalvik.system.NativeStart.main(Native Method)
04-24 05:47:41.654 11087 11087 E AndroidRuntime: Caused by: java.lang.NullPointerException
04-24 05:47:41.654 11087 11087 E AndroidRuntime: 	at edu.mit.ll.cbmen.monitor.MonitorService.onStartCommand(MonitorService.java:773)
04-24 05:47:41.654 11087 11087 E AndroidRuntime: 	at android.app.ActivityThread.handleServiceArgs(ActivityThread.java:2832)
04-24 05:47:41.654 11087 11087 E AndroidRuntime: 	... 10 more
04-24 05:47:41.664   807   818 I ActivityManager: Process edu.mit.ll.cbmen.monitor (pid 11087) has died.
04-24 05:47:41.664   807   818 W ActivityManager: Service crashed 2 times, stopping: ServiceRecord{41990bc0 u0 edu.mit.ll.cbmen.monitor/.MonitorService}
04-24 05:49:42.040   807   830 W ProcessStats: Skipping unknown process pid 12090
04-24 05:49:42.040   807   830 W ProcessStats: Skipping unknown process pid 12091
04-24 05:49:42.050   807   830 W ProcessStats: Skipping unknown process pid 12092
04-24 05:52:20.283  1419  1425 E MP-Decision: num online cores: 1 reqd : 2 available : 4 rq_depth:1.300000 hotplug_avg_load_dw: 66
04-24 05:52:20.283  1419  1425 E MP-Decision: UP cpu:1 core_idx:1 Nw:1.900000 Tw:140 total_time_up:0.000000
04-24 05:52:20.423 13432 13432 D AndroidRuntime: 
04-24 05:52:20.423 13432 13432 D AndroidRuntime: >>>>>> AndroidRuntime START com.android.internal.os.RuntimeInit <<<<<<
04-24 05:52:20.423 13432 13432 D AndroidRuntime: CheckJNI is ON
04-24 05:52:20.423 13432 13432 E dalvikvm: ERROR: must specify non-'.' bootclasspath
04-24 05:52:20.423 13432 13432 W dalvikvm: CreateJavaVM failed: dvmClassStartup failed
04-24 05:52:20.423 13432 13432 E AndroidRuntime: JNI_CreateJavaVM failed
04-24 05:52:20.533 10872 10872 I olsrd   : Writing '1' (was 0) to /proc/sys/net/ipv4/conf/all/send_redirects
04-24 05:52:20.533 10872 10872 I olsrd   : olsr.org -  0.6.6.2-n -git_0000000 -n -hash_ 7985605520f3cae9b305d56e83b35d9c stopped
04-24 05:52:21.183  1419  1425 E MP-Decision: num online cores: 2 reqd : 1 available : 4 rq_depth:0.000000 hotplug_avg_load_dw: 12
04-24 05:52:21.183  1419  1425 E MP-Decision: DOWN cpu:1 core_idx:1 Ns:1.100000 Ts:190 total_time_down:237.000000
04-24 05:52:21.854  1419  1425 E MP-Decision: num online cores: 1 reqd : 2 available : 4 rq_depth:1.000000 hotplug_avg_load_dw: 70
04-24 05:52:21.854  1419  1425 E MP-Decision: UP cpu:1 core_idx:1 Nw:1.900000 Tw:140 total_time_up:0.000000
04-24 05:52:22.475 13508 13508 D AndroidRuntime: 
04-24 05:52:22.475 13508 13508 D AndroidRuntime: >>>>>> AndroidRuntime START com.android.internal.os.RuntimeInit <<<<<<
04-24 05:52:22.475 13508 13508 D AndroidRuntime: CheckJNI is ON
04-24 05:52:22.475 13508 13508 E dalvikvm: ERROR: must specify non-'.' bootclasspath
04-24 05:52:22.475 13508 13508 W dalvikvm: CreateJavaVM failed: dvmClassStartup failed
04-24 05:52:22.475 13508 13508 E AndroidRuntime: JNI_CreateJavaVM failed
04-24 05:52:22.835 13509 13509 D AndroidRuntime: 
04-24 05:52:22.835 13509 13509 D AndroidRuntime: >>>>>> AndroidRuntime START com.android.internal.os.RuntimeInit <<<<<<
04-24 05:52:22.835 13509 13509 D AndroidRuntime: CheckJNI is ON
04-24 05:52:22.835 13509 13509 E dalvikvm: ERROR: must specify non-'.' bootclasspath
04-24 05:52:22.835 13509 13509 W dalvikvm: CreateJavaVM failed: dvmClassStartup failed
04-24 05:52:22.835 13509 13509 E AndroidRuntime: JNI_CreateJavaVM failed
