--------- beginning of /dev/log/main
04-24 05:47:18.650 10971 10971 I olsrd   : Writing '1' (was 1) to /proc/sys/net/ipv4/ip_forward
04-24 05:47:18.650 10971 10971 I olsrd   : Writing '0' (was 1) to /proc/sys/net/ipv4/conf/all/send_redirects
04-24 05:47:18.660 10971 10971 I olsrd   : Writing '0' (was 0) to /proc/sys/net/ipv4/conf/all/rp_filter
04-24 05:47:18.660 10971 10971 I olsrd   : Writing '0' (was 0) to /proc/sys/net/ipv4/conf/wlan0/send_redirects
04-24 05:47:18.660 10971 10971 I olsrd   : Writing '0' (was 0) to /proc/sys/net/ipv4/conf/wlan0/rp_filter
04-24 05:47:18.660 10971 10971 I olsrd   : Adding interface wlan0
04-24 05:47:18.660 10971 10971 I olsrd   : New main address: 10.1.1.38
04-24 05:47:18.670 10976 10976 I olsrd   : olsr.org -  0.6.6.2-n -git_0000000 -n -hash_ 7985605520f3cae9b305d56e83b35d9c successfully started
04-24 05:47:18.830  1425  1430 E MP-Decision: num online cores: 2 reqd : 1 available : 4 rq_depth:0.000000 hotplug_avg_load_dw: 14
04-24 05:47:18.830  1425  1430 E MP-Decision: DOWN cpu:1 core_idx:1 Ns:1.100000 Ts:190 total_time_down:157.000000
04-24 05:47:21.363 10999 10999 D dalvikvm: Not late-enabling CheckJNI (already on)
--------- beginning of /dev/log/system
04-24 05:47:21.383   807   827 I ActivityManager: Start proc edu.mit.ll.cbmen.monitor for service edu.mit.ll.cbmen.monitor/.MonitorService: pid=10999 uid=10055 gids={50055, 1015, 3003, 1028}
04-24 05:47:21.443 10999 10999 I MonitorService: onCreate() MonitorService
04-24 05:47:21.443 10999 10999 D AndroidRuntime: Shutting down VM
04-24 05:47:21.443 10999 10999 W dalvikvm: threadid=1: thread exiting with uncaught exception (group=0x416177c0)
04-24 05:47:21.453 10999 10999 I Process : Sending signal. PID: 10999 SIG: 9
04-24 05:47:21.453 10999 10999 E AndroidRuntime: FATAL EXCEPTION: main
04-24 05:47:21.453 10999 10999 E AndroidRuntime: java.lang.RuntimeException: Unable to start service edu.mit.ll.cbmen.monitor.MonitorService@41894a40 with null: java.lang.NullPointerException
04-24 05:47:21.453 10999 10999 E AndroidRuntime: 	at android.app.ActivityThread.handleServiceArgs(ActivityThread.java:2849)
04-24 05:47:21.453 10999 10999 E AndroidRuntime: 	at android.app.ActivityThread.access$1900(ActivityThread.java:153)
04-24 05:47:21.453 10999 10999 E AndroidRuntime: 	at android.app.ActivityThread$H.handleMessage(ActivityThread.java:1366)
04-24 05:47:21.453 10999 10999 E AndroidRuntime: 	at android.os.Handler.dispatchMessage(Handler.java:99)
04-24 05:47:21.453 10999 10999 E AndroidRuntime: 	at android.os.Looper.loop(Looper.java:137)
04-24 05:47:21.453 10999 10999 E AndroidRuntime: 	at android.app.ActivityThread.main(ActivityThread.java:5289)
04-24 05:47:21.453 10999 10999 E AndroidRuntime: 	at java.lang.reflect.Method.invokeNative(Native Method)
04-24 05:47:21.453 10999 10999 E AndroidRuntime: 	at java.lang.reflect.Method.invoke(Method.java:525)
04-24 05:47:21.453 10999 10999 E AndroidRuntime: 	at com.android.internal.os.ZygoteInit$MethodAndArgsCaller.run(ZygoteInit.java:739)
04-24 05:47:21.453 10999 10999 E AndroidRuntime: 	at com.android.internal.os.ZygoteInit.main(ZygoteInit.java:555)
04-24 05:47:21.453 10999 10999 E AndroidRuntime: 	at dalvik.system.NativeStart.main(Native Method)
04-24 05:47:21.453 10999 10999 E AndroidRuntime: Caused by: java.lang.NullPointerException
04-24 05:47:21.453 10999 10999 E AndroidRuntime: 	at edu.mit.ll.cbmen.monitor.MonitorService.onStartCommand(MonitorService.java:773)
04-24 05:47:21.453 10999 10999 E AndroidRuntime: 	at android.app.ActivityThread.handleServiceArgs(ActivityThread.java:2832)
04-24 05:47:21.453 10999 10999 E AndroidRuntime: 	... 10 more
04-24 05:47:21.453   807  1176 I ActivityManager: Process edu.mit.ll.cbmen.monitor (pid 10999) has died.
04-24 05:47:21.453   807  1176 W ActivityManager: Scheduling restart of crashed service edu.mit.ll.cbmen.monitor/.MonitorService in 20000ms
04-24 05:47:41.502 11183 11183 D dalvikvm: Not late-enabling CheckJNI (already on)
04-24 05:47:41.512   807   827 I ActivityManager: Start proc edu.mit.ll.cbmen.monitor for service edu.mit.ll.cbmen.monitor/.MonitorService: pid=11183 uid=10055 gids={50055, 1015, 3003, 1028}
04-24 05:47:41.582 11183 11183 I MonitorService: onCreate() MonitorService
04-24 05:47:41.592 11183 11183 D AndroidRuntime: Shutting down VM
04-24 05:47:41.592 11183 11183 W dalvikvm: threadid=1: thread exiting with uncaught exception (group=0x416177c0)
04-24 05:47:41.592 11183 11183 I Process : Sending signal. PID: 11183 SIG: 9
04-24 05:47:41.592 11183 11183 E AndroidRuntime: FATAL EXCEPTION: main
04-24 05:47:41.592 11183 11183 E AndroidRuntime: java.lang.RuntimeException: Unable to start service edu.mit.ll.cbmen.monitor.MonitorService@418959d8 with null: java.lang.NullPointerException
04-24 05:47:41.592 11183 11183 E AndroidRuntime: 	at android.app.ActivityThread.handleServiceArgs(ActivityThread.java:2849)
04-24 05:47:41.592 11183 11183 E AndroidRuntime: 	at android.app.ActivityThread.access$1900(ActivityThread.java:153)
04-24 05:47:41.592 11183 11183 E AndroidRuntime: 	at android.app.ActivityThread$H.handleMessage(ActivityThread.java:1366)
04-24 05:47:41.592 11183 11183 E AndroidRuntime: 	at android.os.Handler.dispatchMessage(Handler.java:99)
04-24 05:47:41.592 11183 11183 E AndroidRuntime: 	at android.os.Looper.loop(Looper.java:137)
04-24 05:47:41.592 11183 11183 E AndroidRuntime: 	at android.app.ActivityThread.main(ActivityThread.java:5289)
04-24 05:47:41.592 11183 11183 E AndroidRuntime: 	at java.lang.reflect.Method.invokeNative(Native Method)
04-24 05:47:41.592 11183 11183 E AndroidRuntime: 	at java.lang.reflect.Method.invoke(Method.java:525)
04-24 05:47:41.592 11183 11183 E AndroidRuntime: 	at com.android.internal.os.ZygoteInit$MethodAndArgsCaller.run(ZygoteInit.java:739)
04-24 05:47:41.592 11183 11183 E AndroidRuntime: 	at com.android.internal.os.ZygoteInit.main(ZygoteInit.java:555)
04-24 05:47:41.592 11183 11183 E AndroidRuntime: 	at dalvik.system.NativeStart.main(Native Method)
04-24 05:47:41.592 11183 11183 E AndroidRuntime: Caused by: java.lang.NullPointerException
04-24 05:47:41.592 11183 11183 E AndroidRuntime: 	at edu.mit.ll.cbmen.monitor.MonitorService.onStartCommand(MonitorService.java:773)
04-24 05:47:41.592 11183 11183 E AndroidRuntime: 	at android.app.ActivityThread.handleServiceArgs(ActivityThread.java:2832)
04-24 05:47:41.592 11183 11183 E AndroidRuntime: 	... 10 more
04-24 05:47:41.602   807  1184 I ActivityManager: Process edu.mit.ll.cbmen.monitor (pid 11183) has died.
04-24 05:47:41.602   807  1184 W ActivityManager: Service crashed 2 times, stopping: ServiceRecord{42062ea0 u0 edu.mit.ll.cbmen.monitor/.MonitorService}
04-24 05:49:19.246  1425  1430 E MP-Decision: num online cores: 1 reqd : 2 available : 4 rq_depth:2.100000 hotplug_avg_load_dw: 33
04-24 05:49:19.246  1425  1430 E MP-Decision: UP cpu:1 core_idx:1 Nw:1.900000 Tw:140 total_time_up:142.000000
04-24 05:49:19.446  1425  1430 E MP-Decision: num online cores: 2 reqd : 1 available : 4 rq_depth:1.300000 hotplug_avg_load_dw: 19
04-24 05:49:19.446  1425  1430 E MP-Decision: DOWN cpu:1 core_idx:1 Ns:1.100000 Ts:190 total_time_down:0.000000
04-24 05:49:42.068   807   827 W ProcessStats: Skipping unknown process pid 12184
04-24 05:52:20.281  1425  1430 E MP-Decision: num online cores: 1 reqd : 2 available : 4 rq_depth:1.000000 hotplug_avg_load_dw: 66
04-24 05:52:20.281  1425  1430 E MP-Decision: UP cpu:1 core_idx:1 Nw:1.900000 Tw:140 total_time_up:0.000000
04-24 05:52:20.421 13535 13535 D AndroidRuntime: 
04-24 05:52:20.421 13535 13535 D AndroidRuntime: >>>>>> AndroidRuntime START com.android.internal.os.RuntimeInit <<<<<<
04-24 05:52:20.421 13535 13535 D AndroidRuntime: CheckJNI is ON
04-24 05:52:20.421 13535 13535 E dalvikvm: ERROR: must specify non-'.' bootclasspath
04-24 05:52:20.421 13535 13535 W dalvikvm: CreateJavaVM failed: dvmClassStartup failed
04-24 05:52:20.421 13535 13535 E AndroidRuntime: JNI_CreateJavaVM failed
04-24 05:52:20.551 10976 10976 I olsrd   : Writing '1' (was 0) to /proc/sys/net/ipv4/conf/all/send_redirects
04-24 05:52:20.551 10976 10976 I olsrd   : olsr.org -  0.6.6.2-n -git_0000000 -n -hash_ 7985605520f3cae9b305d56e83b35d9c stopped
04-24 05:52:21.542  1425  1430 E MP-Decision: num online cores: 2 reqd : 1 available : 4 rq_depth:0.000000 hotplug_avg_load_dw: 25
04-24 05:52:21.542  1425  1430 E MP-Decision: DOWN cpu:1 core_idx:1 Ns:1.100000 Ts:190 total_time_down:705.000000
04-24 05:52:21.842  1425  1430 E MP-Decision: num online cores: 1 reqd : 2 available : 4 rq_depth:1.000000 hotplug_avg_load_dw: 62
04-24 05:52:21.842  1425  1430 E MP-Decision: UP cpu:1 core_idx:1 Nw:1.900000 Tw:140 total_time_up:0.000000
04-24 05:52:22.463 13610 13610 D AndroidRuntime: 
04-24 05:52:22.463 13610 13610 D AndroidRuntime: >>>>>> AndroidRuntime START com.android.internal.os.RuntimeInit <<<<<<
04-24 05:52:22.463 13610 13610 D AndroidRuntime: CheckJNI is ON
04-24 05:52:22.463 13610 13610 E dalvikvm: ERROR: must specify non-'.' bootclasspath
04-24 05:52:22.463 13610 13610 W dalvikvm: CreateJavaVM failed: dvmClassStartup failed
04-24 05:52:22.463 13610 13610 E AndroidRuntime: JNI_CreateJavaVM failed
04-24 05:52:22.783 13611 13611 D AndroidRuntime: 
04-24 05:52:22.783 13611 13611 D AndroidRuntime: >>>>>> AndroidRuntime START com.android.internal.os.RuntimeInit <<<<<<
04-24 05:52:22.783 13611 13611 D AndroidRuntime: CheckJNI is ON
04-24 05:52:22.783 13611 13611 E dalvikvm: ERROR: must specify non-'.' bootclasspath
04-24 05:52:22.783 13611 13611 W dalvikvm: CreateJavaVM failed: dvmClassStartup failed
04-24 05:52:22.783 13611 13611 E AndroidRuntime: JNI_CreateJavaVM failed
