--------- beginning of /dev/log/main
04-24 07:08:11.699  1402  1408 E MP-Decision: num online cores: 2 reqd : 1 available : 4 rq_depth:0.000000 hotplug_avg_load_dw: 17
04-24 07:08:11.699  1402  1408 E MP-Decision: DOWN cpu:1 core_idx:1 Ns:1.100000 Ts:190 total_time_down:901.000000
04-24 07:08:11.949  1402  1408 E MP-Decision: num online cores: 1 reqd : 2 available : 4 rq_depth:1.000000 hotplug_avg_load_dw: 66
04-24 07:08:11.949  1402  1408 E MP-Decision: UP cpu:1 core_idx:1 Nw:1.900000 Tw:140 total_time_up:0.000000
04-24 07:08:12.480 19098 19098 D AndroidRuntime: 
04-24 07:08:12.480 19098 19098 D AndroidRuntime: >>>>>> AndroidRuntime START com.android.internal.os.RuntimeInit <<<<<<
04-24 07:08:12.480 19098 19098 D AndroidRuntime: CheckJNI is ON
04-24 07:08:12.480 19098 19098 E dalvikvm: ERROR: must specify non-'.' bootclasspath
04-24 07:08:12.480 19098 19098 W dalvikvm: CreateJavaVM failed: dvmClassStartup failed
04-24 07:08:12.480 19098 19098 E AndroidRuntime: JNI_CreateJavaVM failed
04-24 07:08:12.820 19100 19100 D AndroidRuntime: 
04-24 07:08:12.820 19100 19100 D AndroidRuntime: >>>>>> AndroidRuntime START com.android.internal.os.RuntimeInit <<<<<<
04-24 07:08:12.820 19100 19100 D AndroidRuntime: CheckJNI is ON
04-24 07:08:12.820 19100 19100 E dalvikvm: ERROR: must specify non-'.' bootclasspath
04-24 07:08:12.820 19100 19100 W dalvikvm: CreateJavaVM failed: dvmClassStartup failed
04-24 07:08:12.820 19100 19100 E AndroidRuntime: JNI_CreateJavaVM failed
04-24 07:08:14.542  1402  1408 E MP-Decision: num online cores: 2 reqd : 1 available : 4 rq_depth:0.000000 hotplug_avg_load_dw: 27
04-24 07:08:14.542  1402  1408 E MP-Decision: DOWN cpu:1 core_idx:1 Ns:1.100000 Ts:190 total_time_down:2563.000000
--------- beginning of /dev/log/system
04-24 07:10:38.131   798   816 W BroadcastQueue: Timeout of broadcast BroadcastRecord{41d10c88 u0 com.android.server.action.NETWORK_STATS_POLL} - receiver=android.app.LoadedApk$ReceiverDispatcher$InnerReceiver@41cc51b0, started 60040ms ago
04-24 07:10:38.131   798   816 W BroadcastQueue: Receiver during timeout: BroadcastFilter{41d1f3a0 u0 ReceiverList{41d1f320 798 system/1000/u0 local:41cc51b0}}
04-24 07:20:00.134 19278 19278 I olsrd   : Writing '1' (was 1) to /proc/sys/net/ipv4/ip_forward
04-24 07:20:00.134 19278 19278 I olsrd   : Writing '0' (was 1) to /proc/sys/net/ipv4/conf/all/send_redirects
04-24 07:20:00.134 19278 19278 I olsrd   : Writing '0' (was 0) to /proc/sys/net/ipv4/conf/all/rp_filter
04-24 07:20:00.134 19278 19278 I olsrd   : Writing '0' (was 0) to /proc/sys/net/ipv4/conf/wlan0/send_redirects
04-24 07:20:00.134 19278 19278 I olsrd   : Writing '0' (was 0) to /proc/sys/net/ipv4/conf/wlan0/rp_filter
04-24 07:20:00.134 19278 19278 I olsrd   : Adding interface wlan0
04-24 07:20:00.134 19278 19278 I olsrd   : New main address: 10.1.1.28
04-24 07:20:00.144  1402  1408 E MP-Decision: num online cores: 1 reqd : 2 available : 4 rq_depth:3.300000 hotplug_avg_load_dw: 29
04-24 07:20:00.144  1402  1408 E MP-Decision: UP cpu:1 core_idx:1 Nw:1.900000 Tw:140 total_time_up:146.000000
04-24 07:20:00.144 19279 19279 I olsrd   : olsr.org -  0.6.6.2-n -git_0000000 -n -hash_ 7985605520f3cae9b305d56e83b35d9c successfully started
04-24 07:20:00.814  1402  1408 E MP-Decision: num online cores: 2 reqd : 1 available : 4 rq_depth:0.000000 hotplug_avg_load_dw: 0
04-24 07:20:00.814  1402  1408 E MP-Decision: DOWN cpu:1 core_idx:1 Ns:1.100000 Ts:190 total_time_down:666.000000
04-24 07:20:05.048   798   816 W ProcessStats: Skipping unknown process pid 19316
04-24 07:20:05.048   798   816 W ProcessStats: Skipping unknown process pid 19318
04-24 07:25:40.182  1402  1408 E MP-Decision: num online cores: 1 reqd : 2 available : 4 rq_depth:1.900000 hotplug_avg_load_dw: 39
04-24 07:25:40.182  1402  1408 E MP-Decision: UP cpu:1 core_idx:1 Nw:1.900000 Tw:140 total_time_up:146.000000
04-24 07:25:40.462 21462 21462 D AndroidRuntime: 
04-24 07:25:40.462 21462 21462 D AndroidRuntime: >>>>>> AndroidRuntime START com.android.internal.os.RuntimeInit <<<<<<
04-24 07:25:40.462 21462 21462 D AndroidRuntime: CheckJNI is ON
04-24 07:25:40.462 21462 21462 E dalvikvm: ERROR: must specify non-'.' bootclasspath
04-24 07:25:40.462 21462 21462 W dalvikvm: CreateJavaVM failed: dvmClassStartup failed
04-24 07:25:40.462 21462 21462 E AndroidRuntime: JNI_CreateJavaVM failed
04-24 07:25:40.563 19279 19279 I olsrd   : Writing '1' (was 0) to /proc/sys/net/ipv4/conf/all/send_redirects
04-24 07:25:40.563 19279 19279 I olsrd   : olsr.org -  0.6.6.2-n -git_0000000 -n -hash_ 7985605520f3cae9b305d56e83b35d9c stopped
04-24 07:25:41.153  1402  1408 E MP-Decision: num online cores: 2 reqd : 1 available : 4 rq_depth:0.000000 hotplug_avg_load_dw: 29
04-24 07:25:41.153  1402  1408 E MP-Decision: DOWN cpu:1 core_idx:1 Ns:1.100000 Ts:190 total_time_down:216.000000
04-24 07:25:41.864  1402  1408 E MP-Decision: num online cores: 1 reqd : 2 available : 4 rq_depth:1.900000 hotplug_avg_load_dw: 69
04-24 07:25:41.864  1402  1408 E MP-Decision: UP cpu:1 core_idx:1 Nw:1.900000 Tw:140 total_time_up:49.000000
04-24 07:25:42.424 21560 21560 D AndroidRuntime: 
04-24 07:25:42.424 21560 21560 D AndroidRuntime: >>>>>> AndroidRuntime START com.android.internal.os.RuntimeInit <<<<<<
04-24 07:25:42.424 21560 21560 D AndroidRuntime: CheckJNI is ON
04-24 07:25:42.424 21560 21560 E dalvikvm: ERROR: must specify non-'.' bootclasspath
04-24 07:25:42.424 21560 21560 W dalvikvm: CreateJavaVM failed: dvmClassStartup failed
04-24 07:25:42.424 21560 21560 E AndroidRuntime: JNI_CreateJavaVM failed
04-24 07:25:42.735 21561 21561 D AndroidRuntime: 
04-24 07:25:42.735 21561 21561 D AndroidRuntime: >>>>>> AndroidRuntime START com.android.internal.os.RuntimeInit <<<<<<
04-24 07:25:42.735 21561 21561 D AndroidRuntime: CheckJNI is ON
04-24 07:25:42.745 21561 21561 E dalvikvm: ERROR: must specify non-'.' bootclasspath
04-24 07:25:42.745 21561 21561 W dalvikvm: CreateJavaVM failed: dvmClassStartup failed
04-24 07:25:42.745 21561 21561 E AndroidRuntime: JNI_CreateJavaVM failed
