--------- beginning of /dev/log/main
04-24 06:39:01.704  1427  1434 E MP-Decision: num online cores: 2 reqd : 1 available : 4 rq_depth:0.000000 hotplug_avg_load_dw: 26
04-24 06:39:01.704  1427  1434 E MP-Decision: DOWN cpu:1 core_idx:1 Ns:1.100000 Ts:190 total_time_down:744.000000
04-24 06:39:02.004  1427  1434 E MP-Decision: num online cores: 1 reqd : 2 available : 4 rq_depth:1.100000 hotplug_avg_load_dw: 72
04-24 06:39:02.004  1427  1434 E MP-Decision: UP cpu:1 core_idx:1 Nw:1.900000 Tw:140 total_time_up:0.000000
04-24 06:39:02.505 19900 19900 D AndroidRuntime: 
04-24 06:39:02.505 19900 19900 D AndroidRuntime: >>>>>> AndroidRuntime START com.android.internal.os.RuntimeInit <<<<<<
04-24 06:39:02.505 19900 19900 D AndroidRuntime: CheckJNI is ON
04-24 06:39:02.505 19900 19900 E dalvikvm: ERROR: must specify non-'.' bootclasspath
04-24 06:39:02.505 19900 19900 W dalvikvm: CreateJavaVM failed: dvmClassStartup failed
04-24 06:39:02.505 19900 19900 E AndroidRuntime: JNI_CreateJavaVM failed
04-24 06:39:02.825 19902 19902 D AndroidRuntime: 
04-24 06:39:02.825 19902 19902 D AndroidRuntime: >>>>>> AndroidRuntime START com.android.internal.os.RuntimeInit <<<<<<
04-24 06:39:02.825 19902 19902 D AndroidRuntime: CheckJNI is ON
04-24 06:39:02.825 19902 19902 E dalvikvm: ERROR: must specify non-'.' bootclasspath
04-24 06:39:02.825 19902 19902 W dalvikvm: CreateJavaVM failed: dvmClassStartup failed
04-24 06:39:02.825 19902 19902 E AndroidRuntime: JNI_CreateJavaVM failed
04-24 06:39:05.007  1427  1434 E MP-Decision: num online cores: 2 reqd : 1 available : 4 rq_depth:0.000000 hotplug_avg_load_dw: 18
04-24 06:39:05.007  1427  1434 E MP-Decision: DOWN cpu:1 core_idx:1 Ns:1.100000 Ts:190 total_time_down:2104.000000
--------- beginning of /dev/log/system
04-24 06:39:05.047   806   828 W ProcessStats: Skipping unknown process pid 19888
04-24 06:39:05.047   806   828 W ProcessStats: Skipping unknown process pid 19891
04-24 06:47:00.165   806   810 D dalvikvm: JIT code cache reset in 1 ms (1048428 bytes 1/0)
04-24 06:56:40.104 20082 20082 I olsrd   : Writing '1' (was 1) to /proc/sys/net/ipv4/ip_forward
04-24 06:56:40.104 20082 20082 I olsrd   : Writing '0' (was 1) to /proc/sys/net/ipv4/conf/all/send_redirects
04-24 06:56:40.104 20082 20082 I olsrd   : Writing '0' (was 0) to /proc/sys/net/ipv4/conf/all/rp_filter
04-24 06:56:40.104 20082 20082 I olsrd   : Writing '0' (was 0) to /proc/sys/net/ipv4/conf/wlan0/send_redirects
04-24 06:56:40.114 20082 20082 I olsrd   : Writing '0' (was 0) to /proc/sys/net/ipv4/conf/wlan0/rp_filter
04-24 06:56:40.114 20082 20082 I olsrd   : Adding interface wlan0
04-24 06:56:40.114 20082 20082 I olsrd   : New main address: 10.1.1.34
04-24 06:56:40.114 20087 20087 I olsrd   : olsr.org -  0.6.6.2-n -git_0000000 -n -hash_ 7985605520f3cae9b305d56e83b35d9c successfully started
04-24 06:59:53.240   806   828 W BroadcastQueue: Timeout of broadcast BroadcastRecord{42413168 u0 com.android.server.action.NETWORK_STATS_POLL} - receiver=android.app.LoadedApk$ReceiverDispatcher$InnerReceiver@4242a030, started 60020ms ago
04-24 06:59:53.251   806   828 W BroadcastQueue: Receiver during timeout: BroadcastFilter{42422d80 u0 ReceiverList{42423e60 806 system/1000/u0 local:4242a030}}
04-24 06:59:53.271  1116  1116 D CallerInfoCacheUpdateReceiver: CallerInfoCacheUpdateReceiver#onReceive(). Intent: Intent { act=com.android.phone.UPDATE_CALLER_INFO_CACHE flg=0x14 cmp=com.android.phone/.CallerInfoCacheUpdateReceiver (has extras) }
04-24 06:59:53.271  1116  1116 D CallerInfoCache: startAsyncCache
04-24 06:59:53.271  1116  1116 W CallerInfoCache: Previous cache task is remaining.
04-24 06:59:53.291  1116 21692 D CallerInfoCache: Start refreshing cache.
04-24 06:59:53.351  1116 21692 D CallerInfoCache: Caching entries are done. Total: 0
04-24 06:59:53.371  1427  1434 E MP-Decision: num online cores: 1 reqd : 2 available : 4 rq_depth:2.000000 hotplug_avg_load_dw: 23
04-24 06:59:53.371  1427  1434 E MP-Decision: UP cpu:1 core_idx:1 Nw:1.900000 Tw:140 total_time_up:146.000000
04-24 06:59:53.471  1427  1434 E MP-Decision: num online cores: 2 reqd : 1 available : 4 rq_depth:0.600000 hotplug_avg_load_dw: 18
04-24 06:59:53.471  1427  1434 E MP-Decision: DOWN cpu:1 core_idx:1 Ns:1.100000 Ts:190 total_time_down:94.000000
04-24 07:02:20.232  1427  1434 E MP-Decision: num online cores: 1 reqd : 2 available : 4 rq_depth:1.000000 hotplug_avg_load_dw: 54
04-24 07:02:20.232  1427  1434 E MP-Decision: UP cpu:1 core_idx:1 Nw:1.900000 Tw:140 total_time_up:0.000000
04-24 07:02:20.482 22961 22961 D AndroidRuntime: 
04-24 07:02:20.482 22961 22961 D AndroidRuntime: >>>>>> AndroidRuntime START com.android.internal.os.RuntimeInit <<<<<<
04-24 07:02:20.482 22961 22961 D AndroidRuntime: CheckJNI is ON
04-24 07:02:20.482 22961 22961 E dalvikvm: ERROR: must specify non-'.' bootclasspath
04-24 07:02:20.482 22961 22961 W dalvikvm: CreateJavaVM failed: dvmClassStartup failed
04-24 07:02:20.482 22961 22961 E AndroidRuntime: JNI_CreateJavaVM failed
04-24 07:02:20.613 20087 20087 I olsrd   : Writing '1' (was 0) to /proc/sys/net/ipv4/conf/all/send_redirects
04-24 07:02:20.613 20087 20087 I olsrd   : olsr.org -  0.6.6.2-n -git_0000000 -n -hash_ 7985605520f3cae9b305d56e83b35d9c stopped
04-24 07:02:21.774  1427  1434 E MP-Decision: num online cores: 2 reqd : 1 available : 4 rq_depth:1.300000 hotplug_avg_load_dw: 17
04-24 07:02:21.774  1427  1434 E MP-Decision: DOWN cpu:1 core_idx:1 Ns:1.100000 Ts:190 total_time_down:0.000000
04-24 07:02:22.024  1427  1434 E MP-Decision: num online cores: 1 reqd : 2 available : 4 rq_depth:1.000000 hotplug_avg_load_dw: 72
04-24 07:02:22.024  1427  1434 E MP-Decision: UP cpu:1 core_idx:1 Nw:1.900000 Tw:140 total_time_up:0.000000
04-24 07:02:22.544 23023 23023 D AndroidRuntime: 
04-24 07:02:22.544 23023 23023 D AndroidRuntime: >>>>>> AndroidRuntime START com.android.internal.os.RuntimeInit <<<<<<
04-24 07:02:22.544 23023 23023 D AndroidRuntime: CheckJNI is ON
04-24 07:02:22.544 23023 23023 E dalvikvm: ERROR: must specify non-'.' bootclasspath
04-24 07:02:22.544 23023 23023 W dalvikvm: CreateJavaVM failed: dvmClassStartup failed
04-24 07:02:22.544 23023 23023 E AndroidRuntime: JNI_CreateJavaVM failed
04-24 07:02:22.885 23024 23024 D AndroidRuntime: 
04-24 07:02:22.885 23024 23024 D AndroidRuntime: >>>>>> AndroidRuntime START com.android.internal.os.RuntimeInit <<<<<<
04-24 07:02:22.885 23024 23024 D AndroidRuntime: CheckJNI is ON
04-24 07:02:22.885 23024 23024 E dalvikvm: ERROR: must specify non-'.' bootclasspath
04-24 07:02:22.885 23024 23024 W dalvikvm: CreateJavaVM failed: dvmClassStartup failed
04-24 07:02:22.885 23024 23024 E AndroidRuntime: JNI_CreateJavaVM failed
