--------- beginning of /dev/log/main
04-24 06:44:51.326  1402  1408 E MP-Decision: num online cores: 2 reqd : 1 available : 4 rq_depth:0.000000 hotplug_avg_load_dw: 21
04-24 06:44:51.326  1402  1408 E MP-Decision: DOWN cpu:1 core_idx:1 Ns:1.100000 Ts:190 total_time_down:778.000000
04-24 06:44:51.846  1402  1408 E MP-Decision: num online cores: 1 reqd : 2 available : 4 rq_depth:1.400000 hotplug_avg_load_dw: 66
04-24 06:44:51.846  1402  1408 E MP-Decision: UP cpu:1 core_idx:1 Nw:1.900000 Tw:140 total_time_up:0.000000
04-24 06:44:52.417 16514 16514 D AndroidRuntime: 
04-24 06:44:52.417 16514 16514 D AndroidRuntime: >>>>>> AndroidRuntime START com.android.internal.os.RuntimeInit <<<<<<
04-24 06:44:52.417 16514 16514 D AndroidRuntime: CheckJNI is ON
04-24 06:44:52.417 16514 16514 E dalvikvm: ERROR: must specify non-'.' bootclasspath
04-24 06:44:52.417 16514 16514 W dalvikvm: CreateJavaVM failed: dvmClassStartup failed
04-24 06:44:52.417 16514 16514 E AndroidRuntime: JNI_CreateJavaVM failed
04-24 06:44:52.757 16515 16515 D AndroidRuntime: 
04-24 06:44:52.757 16515 16515 D AndroidRuntime: >>>>>> AndroidRuntime START com.android.internal.os.RuntimeInit <<<<<<
04-24 06:44:52.757 16515 16515 D AndroidRuntime: CheckJNI is ON
04-24 06:44:52.757 16515 16515 E dalvikvm: ERROR: must specify non-'.' bootclasspath
04-24 06:44:52.757 16515 16515 W dalvikvm: CreateJavaVM failed: dvmClassStartup failed
04-24 06:44:52.757 16515 16515 E AndroidRuntime: JNI_CreateJavaVM failed
04-24 06:44:55.330  1402  1408 E MP-Decision: num online cores: 2 reqd : 1 available : 4 rq_depth:0.000000 hotplug_avg_load_dw: 19
04-24 06:44:55.330  1402  1408 E MP-Decision: DOWN cpu:1 core_idx:1 Ns:1.100000 Ts:190 total_time_down:3452.000000
04-24 06:56:40.111 16695 16695 I olsrd   : Writing '1' (was 1) to /proc/sys/net/ipv4/ip_forward
04-24 06:56:40.111 16695 16695 I olsrd   : Writing '0' (was 1) to /proc/sys/net/ipv4/conf/all/send_redirects
04-24 06:56:40.111 16695 16695 I olsrd   : Writing '0' (was 0) to /proc/sys/net/ipv4/conf/all/rp_filter
04-24 06:56:40.111 16695 16695 I olsrd   : Writing '0' (was 0) to /proc/sys/net/ipv4/conf/wlan0/send_redirects
04-24 06:56:40.111 16695 16695 I olsrd   : Writing '0' (was 0) to /proc/sys/net/ipv4/conf/wlan0/rp_filter
04-24 06:56:40.111 16695 16695 I olsrd   : Adding interface wlan0
04-24 06:56:40.111 16695 16695 I olsrd   : New main address: 10.1.1.28
04-24 06:56:40.121 16696 16696 I olsrd   : olsr.org -  0.6.6.2-n -git_0000000 -n -hash_ 7985605520f3cae9b305d56e83b35d9c successfully started
04-24 07:02:20.289  1402  1408 E MP-Decision: num online cores: 1 reqd : 2 available : 4 rq_depth:1.000000 hotplug_avg_load_dw: 66
04-24 07:02:20.289  1402  1408 E MP-Decision: UP cpu:1 core_idx:1 Nw:1.900000 Tw:140 total_time_up:0.000000
04-24 07:02:20.420 18872 18872 D AndroidRuntime: 
04-24 07:02:20.420 18872 18872 D AndroidRuntime: >>>>>> AndroidRuntime START com.android.internal.os.RuntimeInit <<<<<<
04-24 07:02:20.420 18872 18872 D AndroidRuntime: CheckJNI is ON
04-24 07:02:20.420 18872 18872 E dalvikvm: ERROR: must specify non-'.' bootclasspath
04-24 07:02:20.420 18872 18872 W dalvikvm: CreateJavaVM failed: dvmClassStartup failed
04-24 07:02:20.420 18872 18872 E AndroidRuntime: JNI_CreateJavaVM failed
04-24 07:02:20.520 16696 16696 I olsrd   : Writing '1' (was 0) to /proc/sys/net/ipv4/conf/all/send_redirects
04-24 07:02:20.520 16696 16696 I olsrd   : olsr.org -  0.6.6.2-n -git_0000000 -n -hash_ 7985605520f3cae9b305d56e83b35d9c stopped
04-24 07:02:21.130  1402  1408 E MP-Decision: num online cores: 2 reqd : 1 available : 4 rq_depth:1.100000 hotplug_avg_load_dw: 28
04-24 07:02:21.130  1402  1408 E MP-Decision: DOWN cpu:1 core_idx:1 Ns:1.100000 Ts:190 total_time_down:236.000000
04-24 07:02:21.821  1402  1408 E MP-Decision: num online cores: 1 reqd : 2 available : 4 rq_depth:1.900000 hotplug_avg_load_dw: 66
04-24 07:02:21.821  1402  1408 E MP-Decision: UP cpu:1 core_idx:1 Nw:1.900000 Tw:140 total_time_up:49.000000
04-24 07:02:22.442 18969 18969 D AndroidRuntime: 
04-24 07:02:22.442 18969 18969 D AndroidRuntime: >>>>>> AndroidRuntime START com.android.internal.os.RuntimeInit <<<<<<
04-24 07:02:22.442 18969 18969 D AndroidRuntime: CheckJNI is ON
04-24 07:02:22.442 18969 18969 E dalvikvm: ERROR: must specify non-'.' bootclasspath
04-24 07:02:22.442 18969 18969 W dalvikvm: CreateJavaVM failed: dvmClassStartup failed
04-24 07:02:22.442 18969 18969 E AndroidRuntime: JNI_CreateJavaVM failed
04-24 07:02:22.802 18970 18970 D AndroidRuntime: 
04-24 07:02:22.802 18970 18970 D AndroidRuntime: >>>>>> AndroidRuntime START com.android.internal.os.RuntimeInit <<<<<<
04-24 07:02:22.802 18970 18970 D AndroidRuntime: CheckJNI is ON
04-24 07:02:22.802 18970 18970 E dalvikvm: ERROR: must specify non-'.' bootclasspath
04-24 07:02:22.802 18970 18970 W dalvikvm: CreateJavaVM failed: dvmClassStartup failed
04-24 07:02:22.802 18970 18970 E AndroidRuntime: JNI_CreateJavaVM failed
