--------- beginning of /dev/log/main
04-24 06:04:01.046  1419  1425 E MP-Decision: num online cores: 2 reqd : 1 available : 4 rq_depth:0.000000 hotplug_avg_load_dw: 23
04-24 06:04:01.046  1419  1425 E MP-Decision: DOWN cpu:1 core_idx:1 Ns:1.100000 Ts:190 total_time_down:194.000000
04-24 06:04:01.997  1419  1425 E MP-Decision: num online cores: 1 reqd : 2 available : 4 rq_depth:1.000000 hotplug_avg_load_dw: 75
04-24 06:04:01.997  1419  1425 E MP-Decision: UP cpu:1 core_idx:1 Nw:1.900000 Tw:140 total_time_up:0.000000
04-24 06:04:02.478 17445 17445 D AndroidRuntime: 
04-24 06:04:02.478 17445 17445 D AndroidRuntime: >>>>>> AndroidRuntime START com.android.internal.os.RuntimeInit <<<<<<
04-24 06:04:02.478 17445 17445 D AndroidRuntime: CheckJNI is ON
04-24 06:04:02.478 17445 17445 E dalvikvm: ERROR: must specify non-'.' bootclasspath
04-24 06:04:02.478 17445 17445 W dalvikvm: CreateJavaVM failed: dvmClassStartup failed
04-24 06:04:02.478 17445 17445 E AndroidRuntime: JNI_CreateJavaVM failed
04-24 06:04:02.868 17447 17447 D AndroidRuntime: 
04-24 06:04:02.868 17447 17447 D AndroidRuntime: >>>>>> AndroidRuntime START com.android.internal.os.RuntimeInit <<<<<<
04-24 06:04:02.868 17447 17447 D AndroidRuntime: CheckJNI is ON
04-24 06:04:02.868 17447 17447 E dalvikvm: ERROR: must specify non-'.' bootclasspath
04-24 06:04:02.868 17447 17447 W dalvikvm: CreateJavaVM failed: dvmClassStartup failed
04-24 06:04:02.868 17447 17447 E AndroidRuntime: JNI_CreateJavaVM failed
04-24 06:04:03.148  1419  1425 E MP-Decision: num online cores: 2 reqd : 1 available : 4 rq_depth:0.000000 hotplug_avg_load_dw: 26
04-24 06:04:03.148  1419  1425 E MP-Decision: DOWN cpu:1 core_idx:1 Ns:1.100000 Ts:190 total_time_down:245.000000
04-24 06:10:00.132 17624 17624 I olsrd   : Writing '1' (was 1) to /proc/sys/net/ipv4/ip_forward
04-24 06:10:00.132 17624 17624 I olsrd   : Writing '0' (was 1) to /proc/sys/net/ipv4/conf/all/send_redirects
04-24 06:10:00.132 17624 17624 I olsrd   : Writing '0' (was 0) to /proc/sys/net/ipv4/conf/all/rp_filter
--------- beginning of /dev/log/system
04-24 06:10:05.067   805   825 W ProcessStats: Skipping unknown process pid 17650
04-24 06:10:05.137 17664 17664 I olsrd   : olsr.org -  0.6.6.2-n -git_0000000 -n -hash_ 7985605520f3cae9b305d56e83b35d9c successfully started
04-24 06:12:57.273   805   825 W BroadcastQueue: Timeout of broadcast BroadcastRecord{41e00940 u0 com.android.server.action.NETWORK_STATS_POLL} - receiver=android.app.LoadedApk$ReceiverDispatcher$InnerReceiver@41c54c00, started 60008ms ago
04-24 06:12:57.273   805   825 W BroadcastQueue: Receiver during timeout: BroadcastFilter{41c645a8 u0 ReceiverList{41c64528 805 system/1000/u0 local:41c54c00}}
04-24 06:14:00.103  1419  1425 E MP-Decision: num online cores: 1 reqd : 2 available : 4 rq_depth:2.000000 hotplug_avg_load_dw: 21
04-24 06:14:00.103  1419  1425 E MP-Decision: UP cpu:1 core_idx:1 Nw:1.900000 Tw:140 total_time_up:147.000000
04-24 06:14:00.153  1419  1425 E MP-Decision: num online cores: 2 reqd : 1 available : 4 rq_depth:0.000000 hotplug_avg_load_dw: 7
04-24 06:14:00.153  1419  1425 E MP-Decision: DOWN cpu:1 core_idx:1 Ns:1.100000 Ts:190 total_time_down:45.000000
04-24 06:15:12.313   330   751 D MDnsDS  : MDnsSdListener::Monitor poll timed out
04-24 06:15:12.313   330   751 D MDnsDS  : Going to poll with pollCount 1
04-24 06:15:40.249  1419  1425 E MP-Decision: num online cores: 1 reqd : 2 available : 4 rq_depth:1.000000 hotplug_avg_load_dw: 58
04-24 06:15:40.249  1419  1425 E MP-Decision: UP cpu:1 core_idx:1 Nw:1.900000 Tw:140 total_time_up:0.000000
04-24 06:15:40.480 19806 19806 D AndroidRuntime: 
04-24 06:15:40.480 19806 19806 D AndroidRuntime: >>>>>> AndroidRuntime START com.android.internal.os.RuntimeInit <<<<<<
04-24 06:15:40.480 19806 19806 D AndroidRuntime: CheckJNI is ON
04-24 06:15:40.480 19806 19806 E dalvikvm: ERROR: must specify non-'.' bootclasspath
04-24 06:15:40.480 19806 19806 W dalvikvm: CreateJavaVM failed: dvmClassStartup failed
04-24 06:15:40.480 19806 19806 E AndroidRuntime: JNI_CreateJavaVM failed
04-24 06:15:40.580 17664 17664 I olsrd   : Writing '1' (was 0) to /proc/sys/net/ipv4/conf/all/send_redirects
04-24 06:15:40.580 17664 17664 I olsrd   : olsr.org -  0.6.6.2-n -git_0000000 -n -hash_ 7985605520f3cae9b305d56e83b35d9c stopped
04-24 06:15:41.250  1419  1425 E MP-Decision: num online cores: 2 reqd : 1 available : 4 rq_depth:0.000000 hotplug_avg_load_dw: 17
04-24 06:15:41.250  1419  1425 E MP-Decision: DOWN cpu:1 core_idx:1 Ns:1.100000 Ts:190 total_time_down:196.000000
04-24 06:15:41.901  1419  1425 E MP-Decision: num online cores: 1 reqd : 2 available : 4 rq_depth:1.300000 hotplug_avg_load_dw: 66
04-24 06:15:41.901  1419  1425 E MP-Decision: UP cpu:1 core_idx:1 Nw:1.900000 Tw:140 total_time_up:0.000000
04-24 06:15:42.592 19904 19904 D AndroidRuntime: 
04-24 06:15:42.592 19904 19904 D AndroidRuntime: >>>>>> AndroidRuntime START com.android.internal.os.RuntimeInit <<<<<<
04-24 06:15:42.592 19904 19904 D AndroidRuntime: CheckJNI is ON
04-24 06:15:42.592 19904 19904 E dalvikvm: ERROR: must specify non-'.' bootclasspath
04-24 06:15:42.592 19904 19904 W dalvikvm: CreateJavaVM failed: dvmClassStartup failed
04-24 06:15:42.592 19904 19904 E AndroidRuntime: JNI_CreateJavaVM failed
04-24 06:15:42.952 19905 19905 D AndroidRuntime: 
04-24 06:15:42.952 19905 19905 D AndroidRuntime: >>>>>> AndroidRuntime START com.android.internal.os.RuntimeInit <<<<<<
04-24 06:15:42.952 19905 19905 D AndroidRuntime: CheckJNI is ON
04-24 06:15:42.952 19905 19905 E dalvikvm: ERROR: must specify non-'.' bootclasspath
04-24 06:15:42.952 19905 19905 W dalvikvm: CreateJavaVM failed: dvmClassStartup failed
04-24 06:15:42.952 19905 19905 E AndroidRuntime: JNI_CreateJavaVM failed
