--------- beginning of /dev/log/main
04-24 06:44:51.008  1421  1435 E MP-Decision: num online cores: 2 reqd : 1 available : 4 rq_depth:0.000000 hotplug_avg_load_dw: 17
04-24 06:44:51.008  1421  1435 E MP-Decision: DOWN cpu:1 core_idx:1 Ns:1.100000 Ts:190 total_time_down:342.000000
04-24 06:44:51.908  1421  1435 E MP-Decision: num online cores: 1 reqd : 2 available : 4 rq_depth:1.000000 hotplug_avg_load_dw: 69
04-24 06:44:51.908  1421  1435 E MP-Decision: UP cpu:1 core_idx:1 Nw:1.900000 Tw:140 total_time_up:0.000000
04-24 06:44:52.419 16561 16561 D AndroidRuntime: 
04-24 06:44:52.419 16561 16561 D AndroidRuntime: >>>>>> AndroidRuntime START com.android.internal.os.RuntimeInit <<<<<<
04-24 06:44:52.419 16561 16561 D AndroidRuntime: CheckJNI is ON
04-24 06:44:52.419 16561 16561 E dalvikvm: ERROR: must specify non-'.' bootclasspath
04-24 06:44:52.419 16561 16561 W dalvikvm: CreateJavaVM failed: dvmClassStartup failed
04-24 06:44:52.419 16561 16561 E AndroidRuntime: JNI_CreateJavaVM failed
04-24 06:44:52.769 16563 16563 D AndroidRuntime: 
04-24 06:44:52.769 16563 16563 D AndroidRuntime: >>>>>> AndroidRuntime START com.android.internal.os.RuntimeInit <<<<<<
04-24 06:44:52.769 16563 16563 D AndroidRuntime: CheckJNI is ON
04-24 06:44:52.769 16563 16563 E dalvikvm: ERROR: must specify non-'.' bootclasspath
04-24 06:44:52.769 16563 16563 W dalvikvm: CreateJavaVM failed: dvmClassStartup failed
04-24 06:44:52.769 16563 16563 E AndroidRuntime: JNI_CreateJavaVM failed
04-24 06:44:53.059  1421  1435 E MP-Decision: num online cores: 2 reqd : 1 available : 4 rq_depth:0.000000 hotplug_avg_load_dw: 26
04-24 06:44:53.059  1421  1435 E MP-Decision: DOWN cpu:1 core_idx:1 Ns:1.100000 Ts:190 total_time_down:539.000000
04-24 06:56:40.130 16742 16742 I olsrd   : Writing '1' (was 1) to /proc/sys/net/ipv4/ip_forward
04-24 06:56:40.130 16742 16742 I olsrd   : Writing '0' (was 1) to /proc/sys/net/ipv4/conf/all/send_redirects
04-24 06:56:40.130 16742 16742 I olsrd   : Writing '0' (was 0) to /proc/sys/net/ipv4/conf/all/rp_filter
04-24 06:56:45.125 16782 16782 I olsrd   : olsr.org -  0.6.6.2-n -git_0000000 -n -hash_ 7985605520f3cae9b305d56e83b35d9c successfully started
--------- beginning of /dev/log/system
04-24 06:59:07.092   808   832 W BroadcastQueue: Timeout of broadcast BroadcastRecord{41a29e68 u0 com.android.server.action.NETWORK_STATS_POLL} - receiver=android.app.LoadedApk$ReceiverDispatcher$InnerReceiver@41bae408, started 60006ms ago
04-24 06:59:07.092   808   832 W BroadcastQueue: Receiver during timeout: BroadcastFilter{41b599e8 u0 ReceiverList{41b5d8c8 808 system/1000/u0 local:41bae408}}
04-24 07:02:20.307  1421  1435 E MP-Decision: num online cores: 1 reqd : 2 available : 4 rq_depth:1.000000 hotplug_avg_load_dw: 67
04-24 07:02:20.307  1421  1435 E MP-Decision: UP cpu:1 core_idx:1 Nw:1.900000 Tw:140 total_time_up:0.000000
04-24 07:02:20.418 18918 18918 D AndroidRuntime: 
04-24 07:02:20.418 18918 18918 D AndroidRuntime: >>>>>> AndroidRuntime START com.android.internal.os.RuntimeInit <<<<<<
04-24 07:02:20.418 18918 18918 D AndroidRuntime: CheckJNI is ON
04-24 07:02:20.418 18918 18918 E dalvikvm: ERROR: must specify non-'.' bootclasspath
04-24 07:02:20.418 18918 18918 W dalvikvm: CreateJavaVM failed: dvmClassStartup failed
04-24 07:02:20.418 18918 18918 E AndroidRuntime: JNI_CreateJavaVM failed
04-24 07:02:20.518 16782 16782 I olsrd   : Writing '1' (was 0) to /proc/sys/net/ipv4/conf/all/send_redirects
04-24 07:02:20.518 16782 16782 I olsrd   : olsr.org -  0.6.6.2-n -git_0000000 -n -hash_ 7985605520f3cae9b305d56e83b35d9c stopped
04-24 07:02:21.008  1421  1435 E MP-Decision: num online cores: 2 reqd : 1 available : 4 rq_depth:1.100000 hotplug_avg_load_dw: 24
04-24 07:02:21.008  1421  1435 E MP-Decision: DOWN cpu:1 core_idx:1 Ns:1.100000 Ts:190 total_time_down:244.000000
04-24 07:02:21.809  1421  1435 E MP-Decision: num online cores: 1 reqd : 2 available : 4 rq_depth:1.400000 hotplug_avg_load_dw: 64
04-24 07:02:21.809  1421  1435 E MP-Decision: UP cpu:1 core_idx:1 Nw:1.900000 Tw:140 total_time_up:0.000000
04-24 07:02:22.379 19015 19015 D AndroidRuntime: 
04-24 07:02:22.379 19015 19015 D AndroidRuntime: >>>>>> AndroidRuntime START com.android.internal.os.RuntimeInit <<<<<<
04-24 07:02:22.379 19015 19015 D AndroidRuntime: CheckJNI is ON
04-24 07:02:22.379 19015 19015 E dalvikvm: ERROR: must specify non-'.' bootclasspath
04-24 07:02:22.379 19015 19015 W dalvikvm: CreateJavaVM failed: dvmClassStartup failed
04-24 07:02:22.379 19015 19015 E AndroidRuntime: JNI_CreateJavaVM failed
04-24 07:02:22.750 19017 19017 D AndroidRuntime: 
04-24 07:02:22.750 19017 19017 D AndroidRuntime: >>>>>> AndroidRuntime START com.android.internal.os.RuntimeInit <<<<<<
04-24 07:02:22.750 19017 19017 D AndroidRuntime: CheckJNI is ON
04-24 07:02:22.750 19017 19017 E dalvikvm: ERROR: must specify non-'.' bootclasspath
04-24 07:02:22.750 19017 19017 W dalvikvm: CreateJavaVM failed: dvmClassStartup failed
04-24 07:02:22.750 19017 19017 E AndroidRuntime: JNI_CreateJavaVM failed
