--------- beginning of /dev/log/main
04-24 06:50:41.660  1417  1423 E MP-Decision: num online cores: 2 reqd : 1 available : 4 rq_depth:1.000000 hotplug_avg_load_dw: 23
04-24 06:50:41.660  1417  1423 E MP-Decision: DOWN cpu:1 core_idx:1 Ns:1.100000 Ts:190 total_time_down:816.000000
04-24 06:50:41.911  1417  1423 E MP-Decision: num online cores: 1 reqd : 2 available : 4 rq_depth:1.200000 hotplug_avg_load_dw: 63
04-24 06:50:41.911  1417  1423 E MP-Decision: UP cpu:1 core_idx:1 Nw:1.900000 Tw:140 total_time_up:0.000000
04-24 06:50:42.431 22652 22652 D AndroidRuntime: 
04-24 06:50:42.431 22652 22652 D AndroidRuntime: >>>>>> AndroidRuntime START com.android.internal.os.RuntimeInit <<<<<<
04-24 06:50:42.431 22652 22652 D AndroidRuntime: CheckJNI is ON
04-24 06:50:42.431 22652 22652 E dalvikvm: ERROR: must specify non-'.' bootclasspath
04-24 06:50:42.431 22652 22652 W dalvikvm: CreateJavaVM failed: dvmClassStartup failed
04-24 06:50:42.431 22652 22652 E AndroidRuntime: JNI_CreateJavaVM failed
04-24 06:50:42.791 22654 22654 D AndroidRuntime: 
04-24 06:50:42.791 22654 22654 D AndroidRuntime: >>>>>> AndroidRuntime START com.android.internal.os.RuntimeInit <<<<<<
04-24 06:50:42.791 22654 22654 D AndroidRuntime: CheckJNI is ON
04-24 06:50:42.791 22654 22654 E dalvikvm: ERROR: must specify non-'.' bootclasspath
04-24 06:50:42.791 22654 22654 W dalvikvm: CreateJavaVM failed: dvmClassStartup failed
04-24 06:50:42.791 22654 22654 E AndroidRuntime: JNI_CreateJavaVM failed
04-24 06:50:43.842  1417  1423 E MP-Decision: num online cores: 2 reqd : 1 available : 4 rq_depth:0.000000 hotplug_avg_load_dw: 26
04-24 06:50:43.842  1417  1423 E MP-Decision: DOWN cpu:1 core_idx:1 Ns:1.100000 Ts:190 total_time_down:1901.000000
04-24 06:56:40.105 22831 22831 I olsrd   : Writing '1' (was 1) to /proc/sys/net/ipv4/ip_forward
04-24 06:56:40.105 22831 22831 I olsrd   : Writing '0' (was 1) to /proc/sys/net/ipv4/conf/all/send_redirects
04-24 06:56:40.105 22831 22831 I olsrd   : Writing '0' (was 0) to /proc/sys/net/ipv4/conf/all/rp_filter
04-24 06:56:40.105 22831 22831 I olsrd   : Writing '0' (was 0) to /proc/sys/net/ipv4/conf/wlan0/send_redirects
04-24 06:56:40.105 22831 22831 I olsrd   : Writing '0' (was 0) to /proc/sys/net/ipv4/conf/wlan0/rp_filter
04-24 06:56:40.105 22831 22831 I olsrd   : Adding interface wlan0
04-24 06:56:40.105 22831 22831 I olsrd   : New main address: 10.1.1.18
04-24 06:56:40.115 22832 22832 I olsrd   : olsr.org -  0.6.6.2-n -git_0000000 -n -hash_ 7985605520f3cae9b305d56e83b35d9c successfully started
04-24 06:58:02.104 22832 22832 I olsrd   : detected duplicate packet with seqnr 0x6c9a from 10.1.1.19 on wlan0 (288 Bytes)
04-24 06:59:10.620 22832 22832 I olsrd   : detected duplicate packet with seqnr 0xe1aa from 10.1.1.12 on wlan0 (108 Bytes)
04-24 06:59:10.620 22832 22832 I olsrd   : detected duplicate packet with seqnr 0xe1aa from 10.1.1.12 on wlan0 (108 Bytes)
04-24 06:59:22.091 22832 22832 I olsrd   : detected duplicate packet with seqnr 0xa544 from 10.1.1.2 on wlan0 (316 Bytes)
04-24 06:59:22.091 22832 22832 I olsrd   : detected duplicate packet with seqnr 0xa544 from 10.1.1.2 on wlan0 (316 Bytes)
04-24 06:59:47.315 22832 22832 I olsrd   : detected duplicate packet with seqnr 0x7aec from 10.1.1.6 on wlan0 (352 Bytes)
04-24 07:00:42.028 22832 22832 I olsrd   : detected duplicate packet with seqnr 0xe3a9 from 10.1.1.4 on wlan0 (492 Bytes)
04-24 07:01:34.078 22832 22832 I olsrd   : detected duplicate packet with seqnr 0xe3c6 from 10.1.1.4 on wlan0 (272 Bytes)
04-24 07:02:20.293  1417  1423 E MP-Decision: num online cores: 1 reqd : 2 available : 4 rq_depth:1.000000 hotplug_avg_load_dw: 63
04-24 07:02:20.293  1417  1423 E MP-Decision: UP cpu:1 core_idx:1 Nw:1.900000 Tw:140 total_time_up:0.000000
04-24 07:02:20.443 24995 24995 D AndroidRuntime: 
04-24 07:02:20.443 24995 24995 D AndroidRuntime: >>>>>> AndroidRuntime START com.android.internal.os.RuntimeInit <<<<<<
04-24 07:02:20.443 24995 24995 D AndroidRuntime: CheckJNI is ON
04-24 07:02:20.453 24995 24995 E dalvikvm: ERROR: must specify non-'.' bootclasspath
04-24 07:02:20.453 24995 24995 W dalvikvm: CreateJavaVM failed: dvmClassStartup failed
04-24 07:02:20.453 24995 24995 E AndroidRuntime: JNI_CreateJavaVM failed
04-24 07:02:20.623 22832 22832 I olsrd   : Writing '1' (was 0) to /proc/sys/net/ipv4/conf/all/send_redirects
04-24 07:02:20.623 22832 22832 I olsrd   : olsr.org -  0.6.6.2-n -git_0000000 -n -hash_ 7985605520f3cae9b305d56e83b35d9c stopped
04-24 07:02:21.414  1417  1423 E MP-Decision: num online cores: 2 reqd : 1 available : 4 rq_depth:1.100000 hotplug_avg_load_dw: 23
04-24 07:02:21.414  1417  1423 E MP-Decision: DOWN cpu:1 core_idx:1 Ns:1.100000 Ts:190 total_time_down:225.000000
04-24 07:02:21.934  1417  1423 E MP-Decision: num online cores: 1 reqd : 2 available : 4 rq_depth:1.300000 hotplug_avg_load_dw: 69
04-24 07:02:21.934  1417  1423 E MP-Decision: UP cpu:1 core_idx:1 Nw:1.900000 Tw:140 total_time_up:0.000000
04-24 07:02:22.505 25107 25107 D AndroidRuntime: 
04-24 07:02:22.505 25107 25107 D AndroidRuntime: >>>>>> AndroidRuntime START com.android.internal.os.RuntimeInit <<<<<<
04-24 07:02:22.505 25107 25107 D AndroidRuntime: CheckJNI is ON
04-24 07:02:22.505 25107 25107 E dalvikvm: ERROR: must specify non-'.' bootclasspath
04-24 07:02:22.505 25107 25107 W dalvikvm: CreateJavaVM failed: dvmClassStartup failed
04-24 07:02:22.505 25107 25107 E AndroidRuntime: JNI_CreateJavaVM failed
04-24 07:02:22.835 25108 25108 D AndroidRuntime: 
04-24 07:02:22.835 25108 25108 D AndroidRuntime: >>>>>> AndroidRuntime START com.android.internal.os.RuntimeInit <<<<<<
04-24 07:02:22.835 25108 25108 D AndroidRuntime: CheckJNI is ON
04-24 07:02:22.835 25108 25108 E dalvikvm: ERROR: must specify non-'.' bootclasspath
04-24 07:02:22.835 25108 25108 W dalvikvm: CreateJavaVM failed: dvmClassStartup failed
04-24 07:02:22.835 25108 25108 E AndroidRuntime: JNI_CreateJavaVM failed
