--------- beginning of /dev/log/main
04-24 05:47:28.509  1422  1429 E MP-Decision: num online cores: 2 reqd : 1 available : 4 rq_depth:0.000000 hotplug_avg_load_dw: 15
04-24 05:47:28.509  1422  1429 E MP-Decision: DOWN cpu:1 core_idx:1 Ns:1.100000 Ts:190 total_time_down:194.000000
04-24 05:47:28.680  9243  9243 I olsrd   : Writing '1' (was 1) to /proc/sys/net/ipv4/ip_forward
04-24 05:47:28.680  9243  9243 I olsrd   : Writing '0' (was 1) to /proc/sys/net/ipv4/conf/all/send_redirects
04-24 05:47:28.680  9243  9243 I olsrd   : Writing '0' (was 0) to /proc/sys/net/ipv4/conf/all/rp_filter
04-24 05:47:33.704  9270  9270 I olsrd   : olsr.org -  0.6.6.2-n -git_0000000 -n -hash_ 7985605520f3cae9b305d56e83b35d9c successfully started
04-24 05:47:41.532  9325  9325 D dalvikvm: Not late-enabling CheckJNI (already on)
--------- beginning of /dev/log/system
04-24 05:47:41.542   805   829 I ActivityManager: Start proc edu.mit.ll.cbmen.monitor for service edu.mit.ll.cbmen.monitor/.MonitorService: pid=9325 uid=10055 gids={50055, 1015, 3003, 1028}
04-24 05:47:41.622  9325  9325 I MonitorService: onCreate() MonitorService
04-24 05:47:41.622  9325  9325 D AndroidRuntime: Shutting down VM
04-24 05:47:41.622  9325  9325 W dalvikvm: threadid=1: thread exiting with uncaught exception (group=0x41df67c0)
04-24 05:47:41.632  9325  9325 I Process : Sending signal. PID: 9325 SIG: 9
04-24 05:47:41.632  9325  9325 E AndroidRuntime: FATAL EXCEPTION: main
04-24 05:47:41.632  9325  9325 E AndroidRuntime: java.lang.RuntimeException: Unable to start service edu.mit.ll.cbmen.monitor.MonitorService@42075750 with null: java.lang.NullPointerException
04-24 05:47:41.632  9325  9325 E AndroidRuntime: 	at android.app.ActivityThread.handleServiceArgs(ActivityThread.java:2849)
04-24 05:47:41.632  9325  9325 E AndroidRuntime: 	at android.app.ActivityThread.access$1900(ActivityThread.java:153)
04-24 05:47:41.632  9325  9325 E AndroidRuntime: 	at android.app.ActivityThread$H.handleMessage(ActivityThread.java:1366)
04-24 05:47:41.632  9325  9325 E AndroidRuntime: 	at android.os.Handler.dispatchMessage(Handler.java:99)
04-24 05:47:41.632  9325  9325 E AndroidRuntime: 	at android.os.Looper.loop(Looper.java:137)
04-24 05:47:41.632  9325  9325 E AndroidRuntime: 	at android.app.ActivityThread.main(ActivityThread.java:5289)
04-24 05:47:41.632  9325  9325 E AndroidRuntime: 	at java.lang.reflect.Method.invokeNative(Native Method)
04-24 05:47:41.632  9325  9325 E AndroidRuntime: 	at java.lang.reflect.Method.invoke(Method.java:525)
04-24 05:47:41.632  9325  9325 E AndroidRuntime: 	at com.android.internal.os.ZygoteInit$MethodAndArgsCaller.run(ZygoteInit.java:739)
04-24 05:47:41.632  9325  9325 E AndroidRuntime: 	at com.android.internal.os.ZygoteInit.main(ZygoteInit.java:555)
04-24 05:47:41.632  9325  9325 E AndroidRuntime: 	at dalvik.system.NativeStart.main(Native Method)
04-24 05:47:41.632  9325  9325 E AndroidRuntime: Caused by: java.lang.NullPointerException
04-24 05:47:41.632  9325  9325 E AndroidRuntime: 	at edu.mit.ll.cbmen.monitor.MonitorService.onStartCommand(MonitorService.java:773)
04-24 05:47:41.632  9325  9325 E AndroidRuntime: 	at android.app.ActivityThread.handleServiceArgs(ActivityThread.java:2832)
04-24 05:47:41.632  9325  9325 E AndroidRuntime: 	... 10 more
04-24 05:47:41.632   805  1171 I ActivityManager: Process edu.mit.ll.cbmen.monitor (pid 9325) has died.
04-24 05:47:41.632   805  1171 W ActivityManager: Service crashed 2 times, stopping: ServiceRecord{4290c7f0 u0 edu.mit.ll.cbmen.monitor/.MonitorService}
04-24 05:47:41.652  1422  1429 E MP-Decision: num online cores: 1 reqd : 2 available : 4 rq_depth:2.400000 hotplug_avg_load_dw: 28
04-24 05:47:41.652  1422  1429 E MP-Decision: UP cpu:1 core_idx:1 Nw:1.900000 Tw:140 total_time_up:145.000000
04-24 05:47:41.762  1422  1429 E MP-Decision: num online cores: 2 reqd : 1 available : 4 rq_depth:0.000000 hotplug_avg_load_dw: 16
04-24 05:47:41.762  1422  1429 E MP-Decision: DOWN cpu:1 core_idx:1 Ns:1.100000 Ts:190 total_time_down:96.000000
04-24 05:52:05.016   805   829 W ProcessStats: Skipping unknown process pid 10997
04-24 05:52:20.261  1422  1429 E MP-Decision: num online cores: 1 reqd : 2 available : 4 rq_depth:1.000000 hotplug_avg_load_dw: 56
04-24 05:52:20.261  1422  1429 E MP-Decision: UP cpu:1 core_idx:1 Nw:1.900000 Tw:140 total_time_up:0.000000
04-24 05:52:20.521 11127 11127 D AndroidRuntime: 
04-24 05:52:20.521 11127 11127 D AndroidRuntime: >>>>>> AndroidRuntime START com.android.internal.os.RuntimeInit <<<<<<
04-24 05:52:20.521 11127 11127 D AndroidRuntime: CheckJNI is ON
04-24 05:52:20.521 11127 11127 E dalvikvm: ERROR: must specify non-'.' bootclasspath
04-24 05:52:20.521 11127 11127 W dalvikvm: CreateJavaVM failed: dvmClassStartup failed
04-24 05:52:20.521 11127 11127 E AndroidRuntime: JNI_CreateJavaVM failed
04-24 05:52:20.621  9270  9270 I olsrd   : Writing '1' (was 0) to /proc/sys/net/ipv4/conf/all/send_redirects
04-24 05:52:20.621  9270  9270 I olsrd   : olsr.org -  0.6.6.2-n -git_0000000 -n -hash_ 7985605520f3cae9b305d56e83b35d9c stopped
04-24 05:52:21.312  1422  1429 E MP-Decision: num online cores: 2 reqd : 1 available : 4 rq_depth:0.000000 hotplug_avg_load_dw: 15
04-24 05:52:21.312  1422  1429 E MP-Decision: DOWN cpu:1 core_idx:1 Ns:1.100000 Ts:190 total_time_down:194.000000
04-24 05:52:21.903  1422  1429 E MP-Decision: num online cores: 1 reqd : 2 available : 4 rq_depth:1.000000 hotplug_avg_load_dw: 65
04-24 05:52:21.903  1422  1429 E MP-Decision: UP cpu:1 core_idx:1 Nw:1.900000 Tw:140 total_time_up:0.000000
04-24 05:52:22.463 11227 11227 D AndroidRuntime: 
04-24 05:52:22.463 11227 11227 D AndroidRuntime: >>>>>> AndroidRuntime START com.android.internal.os.RuntimeInit <<<<<<
04-24 05:52:22.473 11227 11227 D AndroidRuntime: CheckJNI is ON
04-24 05:52:22.473 11227 11227 E dalvikvm: ERROR: must specify non-'.' bootclasspath
04-24 05:52:22.473 11227 11227 W dalvikvm: CreateJavaVM failed: dvmClassStartup failed
04-24 05:52:22.473 11227 11227 E AndroidRuntime: JNI_CreateJavaVM failed
04-24 05:52:22.824 11228 11228 D AndroidRuntime: 
04-24 05:52:22.824 11228 11228 D AndroidRuntime: >>>>>> AndroidRuntime START com.android.internal.os.RuntimeInit <<<<<<
04-24 05:52:22.824 11228 11228 D AndroidRuntime: CheckJNI is ON
04-24 05:52:22.824 11228 11228 E dalvikvm: ERROR: must specify non-'.' bootclasspath
04-24 05:52:22.824 11228 11228 W dalvikvm: CreateJavaVM failed: dvmClassStartup failed
04-24 05:52:22.824 11228 11228 E AndroidRuntime: JNI_CreateJavaVM failed
