--------- beginning of /dev/log/main
04-24 05:47:23.529  9232  9232 I olsrd   : Writing '1' (was 1) to /proc/sys/net/ipv4/ip_forward
04-24 05:47:23.529  9232  9232 I olsrd   : Writing '0' (was 1) to /proc/sys/net/ipv4/conf/all/send_redirects
04-24 05:47:23.529  9232  9232 I olsrd   : Writing '0' (was 0) to /proc/sys/net/ipv4/conf/all/rp_filter
04-24 05:47:23.659  1421  1435 E MP-Decision: num online cores: 2 reqd : 1 available : 4 rq_depth:0.000000 hotplug_avg_load_dw: 19
04-24 05:47:23.659  1421  1435 E MP-Decision: DOWN cpu:1 core_idx:1 Ns:1.100000 Ts:190 total_time_down:147.000000
04-24 05:47:28.554  9263  9263 I olsrd   : olsr.org -  0.6.6.2-n -git_0000000 -n -hash_ 7985605520f3cae9b305d56e83b35d9c successfully started
04-24 05:47:41.537  9344  9344 D dalvikvm: Not late-enabling CheckJNI (already on)
--------- beginning of /dev/log/system
04-24 05:47:41.557   808   832 I ActivityManager: Start proc edu.mit.ll.cbmen.monitor for service edu.mit.ll.cbmen.monitor/.MonitorService: pid=9344 uid=10055 gids={50055, 1015, 3003, 1028}
04-24 05:47:41.637  9344  9344 I MonitorService: onCreate() MonitorService
04-24 05:47:41.637  9344  9344 D AndroidRuntime: Shutting down VM
04-24 05:47:41.637  9344  9344 W dalvikvm: threadid=1: thread exiting with uncaught exception (group=0x415697c0)
04-24 05:47:41.637  9344  9344 I Process : Sending signal. PID: 9344 SIG: 9
04-24 05:47:41.637  9344  9344 E AndroidRuntime: FATAL EXCEPTION: main
04-24 05:47:41.637  9344  9344 E AndroidRuntime: java.lang.RuntimeException: Unable to start service edu.mit.ll.cbmen.monitor.MonitorService@417e87f0 with null: java.lang.NullPointerException
04-24 05:47:41.637  9344  9344 E AndroidRuntime: 	at android.app.ActivityThread.handleServiceArgs(ActivityThread.java:2849)
04-24 05:47:41.637  9344  9344 E AndroidRuntime: 	at android.app.ActivityThread.access$1900(ActivityThread.java:153)
04-24 05:47:41.637  9344  9344 E AndroidRuntime: 	at android.app.ActivityThread$H.handleMessage(ActivityThread.java:1366)
04-24 05:47:41.637  9344  9344 E AndroidRuntime: 	at android.os.Handler.dispatchMessage(Handler.java:99)
04-24 05:47:41.637  9344  9344 E AndroidRuntime: 	at android.os.Looper.loop(Looper.java:137)
04-24 05:47:41.637  9344  9344 E AndroidRuntime: 	at android.app.ActivityThread.main(ActivityThread.java:5289)
04-24 05:47:41.637  9344  9344 E AndroidRuntime: 	at java.lang.reflect.Method.invokeNative(Native Method)
04-24 05:47:41.637  9344  9344 E AndroidRuntime: 	at java.lang.reflect.Method.invoke(Method.java:525)
04-24 05:47:41.637  9344  9344 E AndroidRuntime: 	at com.android.internal.os.ZygoteInit$MethodAndArgsCaller.run(ZygoteInit.java:739)
04-24 05:47:41.637  9344  9344 E AndroidRuntime: 	at com.android.internal.os.ZygoteInit.main(ZygoteInit.java:555)
04-24 05:47:41.637  9344  9344 E AndroidRuntime: 	at dalvik.system.NativeStart.main(Native Method)
04-24 05:47:41.637  9344  9344 E AndroidRuntime: Caused by: java.lang.NullPointerException
04-24 05:47:41.637  9344  9344 E AndroidRuntime: 	at edu.mit.ll.cbmen.monitor.MonitorService.onStartCommand(MonitorService.java:773)
04-24 05:47:41.637  9344  9344 E AndroidRuntime: 	at android.app.ActivityThread.handleServiceArgs(ActivityThread.java:2832)
04-24 05:47:41.637  9344  9344 E AndroidRuntime: 	... 10 more
04-24 05:47:41.657  1421  1435 E MP-Decision: num online cores: 1 reqd : 2 available : 4 rq_depth:2.700000 hotplug_avg_load_dw: 25
04-24 05:47:41.657  1421  1435 E MP-Decision: UP cpu:1 core_idx:1 Nw:1.900000 Tw:140 total_time_up:193.000000
04-24 05:47:41.657   808   819 I ActivityManager: Process edu.mit.ll.cbmen.monitor (pid 9344) has died.
04-24 05:47:41.657   808   819 W ActivityManager: Service crashed 2 times, stopping: ServiceRecord{42036a98 u0 edu.mit.ll.cbmen.monitor/.MonitorService}
04-24 05:47:41.757  1421  1435 E MP-Decision: num online cores: 2 reqd : 1 available : 4 rq_depth:0.000000 hotplug_avg_load_dw: 17
04-24 05:47:41.757  1421  1435 E MP-Decision: DOWN cpu:1 core_idx:1 Ns:1.100000 Ts:190 total_time_down:95.000000
04-24 05:52:20.255  1421  1435 E MP-Decision: num online cores: 1 reqd : 2 available : 4 rq_depth:1.000000 hotplug_avg_load_dw: 61
04-24 05:52:20.255  1421  1435 E MP-Decision: UP cpu:1 core_idx:1 Nw:1.900000 Tw:140 total_time_up:0.000000
04-24 05:52:20.495 11149 11149 D AndroidRuntime: 
04-24 05:52:20.495 11149 11149 D AndroidRuntime: >>>>>> AndroidRuntime START com.android.internal.os.RuntimeInit <<<<<<
04-24 05:52:20.495 11149 11149 D AndroidRuntime: CheckJNI is ON
04-24 05:52:20.505 11149 11149 E dalvikvm: ERROR: must specify non-'.' bootclasspath
04-24 05:52:20.505 11149 11149 W dalvikvm: CreateJavaVM failed: dvmClassStartup failed
04-24 05:52:20.505 11149 11149 E AndroidRuntime: JNI_CreateJavaVM failed
04-24 05:52:20.625  9263  9263 I olsrd   : Writing '1' (was 0) to /proc/sys/net/ipv4/conf/all/send_redirects
04-24 05:52:20.625  9263  9263 I olsrd   : olsr.org -  0.6.6.2-n -git_0000000 -n -hash_ 7985605520f3cae9b305d56e83b35d9c stopped
04-24 05:52:21.206  1421  1435 E MP-Decision: num online cores: 2 reqd : 1 available : 4 rq_depth:0.000000 hotplug_avg_load_dw: 19
04-24 05:52:21.206  1421  1435 E MP-Decision: DOWN cpu:1 core_idx:1 Ns:1.100000 Ts:190 total_time_down:195.000000
04-24 05:52:21.906  1421  1435 E MP-Decision: num online cores: 1 reqd : 2 available : 4 rq_depth:1.000000 hotplug_avg_load_dw: 58
04-24 05:52:21.906  1421  1435 E MP-Decision: UP cpu:1 core_idx:1 Nw:1.900000 Tw:140 total_time_up:0.000000
04-24 05:52:22.507 11262 11262 D AndroidRuntime: 
04-24 05:52:22.507 11262 11262 D AndroidRuntime: >>>>>> AndroidRuntime START com.android.internal.os.RuntimeInit <<<<<<
04-24 05:52:22.507 11262 11262 D AndroidRuntime: CheckJNI is ON
04-24 05:52:22.517 11262 11262 E dalvikvm: ERROR: must specify non-'.' bootclasspath
04-24 05:52:22.517 11262 11262 W dalvikvm: CreateJavaVM failed: dvmClassStartup failed
04-24 05:52:22.517 11262 11262 E AndroidRuntime: JNI_CreateJavaVM failed
04-24 05:52:22.917 11263 11263 D AndroidRuntime: 
04-24 05:52:22.917 11263 11263 D AndroidRuntime: >>>>>> AndroidRuntime START com.android.internal.os.RuntimeInit <<<<<<
04-24 05:52:22.917 11263 11263 D AndroidRuntime: CheckJNI is ON
04-24 05:52:22.927 11263 11263 E dalvikvm: ERROR: must specify non-'.' bootclasspath
04-24 05:52:22.927 11263 11263 W dalvikvm: CreateJavaVM failed: dvmClassStartup failed
04-24 05:52:22.927 11263 11263 E AndroidRuntime: JNI_CreateJavaVM failed
