--------- beginning of /dev/log/main
04-24 06:15:41.794  1419  1425 E MP-Decision: num online cores: 2 reqd : 1 available : 4 rq_depth:1.200000 hotplug_avg_load_dw: 12
04-24 06:15:41.794  1419  1425 E MP-Decision: DOWN cpu:1 core_idx:1 Ns:1.100000 Ts:190 total_time_down:0.000000
04-24 06:15:42.044  1419  1425 E MP-Decision: num online cores: 1 reqd : 2 available : 4 rq_depth:1.100000 hotplug_avg_load_dw: 64
04-24 06:15:42.044  1419  1425 E MP-Decision: UP cpu:1 core_idx:1 Nw:1.900000 Tw:140 total_time_up:0.000000
04-24 06:15:42.575 16620 16620 D AndroidRuntime: 
04-24 06:15:42.575 16620 16620 D AndroidRuntime: >>>>>> AndroidRuntime START com.android.internal.os.RuntimeInit <<<<<<
04-24 06:15:42.575 16620 16620 D AndroidRuntime: CheckJNI is ON
04-24 06:15:42.575 16620 16620 E dalvikvm: ERROR: must specify non-'.' bootclasspath
04-24 06:15:42.575 16620 16620 W dalvikvm: CreateJavaVM failed: dvmClassStartup failed
04-24 06:15:42.575 16620 16620 E AndroidRuntime: JNI_CreateJavaVM failed
04-24 06:15:42.905 16621 16621 D AndroidRuntime: 
04-24 06:15:42.905 16621 16621 D AndroidRuntime: >>>>>> AndroidRuntime START com.android.internal.os.RuntimeInit <<<<<<
04-24 06:15:42.905 16621 16621 D AndroidRuntime: CheckJNI is ON
04-24 06:15:42.905 16621 16621 E dalvikvm: ERROR: must specify non-'.' bootclasspath
04-24 06:15:42.905 16621 16621 W dalvikvm: CreateJavaVM failed: dvmClassStartup failed
04-24 06:15:42.905 16621 16621 E AndroidRuntime: JNI_CreateJavaVM failed
04-24 06:15:44.897  1419  1425 E MP-Decision: num online cores: 2 reqd : 1 available : 4 rq_depth:0.000000 hotplug_avg_load_dw: 27
04-24 06:15:44.897  1419  1425 E MP-Decision: DOWN cpu:1 core_idx:1 Ns:1.100000 Ts:190 total_time_down:1901.000000
04-24 06:16:09.420   331   753 D MDnsDS  : MDnsSdListener::Monitor poll timed out
04-24 06:16:09.420   331   753 D MDnsDS  : Going to poll with pollCount 1
--------- beginning of /dev/log/system
04-24 06:29:32.044   807   826 I EntropyMixer: Writing entropy...
04-24 06:33:20.104 16801 16801 I olsrd   : Writing '1' (was 1) to /proc/sys/net/ipv4/ip_forward
04-24 06:33:20.104 16801 16801 I olsrd   : Writing '0' (was 1) to /proc/sys/net/ipv4/conf/all/send_redirects
04-24 06:33:20.104 16801 16801 I olsrd   : Writing '0' (was 0) to /proc/sys/net/ipv4/conf/all/rp_filter
04-24 06:33:20.114 16801 16801 I olsrd   : Writing '0' (was 0) to /proc/sys/net/ipv4/conf/wlan0/send_redirects
04-24 06:33:20.114 16801 16801 I olsrd   : Writing '0' (was 0) to /proc/sys/net/ipv4/conf/wlan0/rp_filter
04-24 06:33:20.114 16801 16801 I olsrd   : Adding interface wlan0
04-24 06:33:20.114 16801 16801 I olsrd   : New main address: 10.1.1.33
04-24 06:33:20.114 16806 16806 I olsrd   : olsr.org -  0.6.6.2-n -git_0000000 -n -hash_ 7985605520f3cae9b305d56e83b35d9c successfully started
04-24 06:39:00.182  1419  1425 E MP-Decision: num online cores: 1 reqd : 2 available : 4 rq_depth:2.100000 hotplug_avg_load_dw: 42
04-24 06:39:00.182  1419  1425 E MP-Decision: UP cpu:1 core_idx:1 Nw:1.900000 Tw:140 total_time_up:146.000000
04-24 06:39:00.482 19665 19665 D AndroidRuntime: 
04-24 06:39:00.482 19665 19665 D AndroidRuntime: >>>>>> AndroidRuntime START com.android.internal.os.RuntimeInit <<<<<<
04-24 06:39:00.482 19665 19665 D AndroidRuntime: CheckJNI is ON
04-24 06:39:00.482 19665 19665 E dalvikvm: ERROR: must specify non-'.' bootclasspath
04-24 06:39:00.482 19665 19665 W dalvikvm: CreateJavaVM failed: dvmClassStartup failed
04-24 06:39:00.482 19665 19665 E AndroidRuntime: JNI_CreateJavaVM failed
04-24 06:39:00.612 16806 16806 I olsrd   : Writing '1' (was 0) to /proc/sys/net/ipv4/conf/all/send_redirects
04-24 06:39:00.612 16806 16806 I olsrd   : olsr.org -  0.6.6.2-n -git_0000000 -n -hash_ 7985605520f3cae9b305d56e83b35d9c stopped
04-24 06:39:01.753  1419  1425 E MP-Decision: num online cores: 2 reqd : 1 available : 4 rq_depth:1.100000 hotplug_avg_load_dw: 22
04-24 06:39:01.753  1419  1425 E MP-Decision: DOWN cpu:1 core_idx:1 Ns:1.100000 Ts:190 total_time_down:816.000000
04-24 06:39:02.004  1419  1425 E MP-Decision: num online cores: 1 reqd : 2 available : 4 rq_depth:1.000000 hotplug_avg_load_dw: 63
04-24 06:39:02.004  1419  1425 E MP-Decision: UP cpu:1 core_idx:1 Nw:1.900000 Tw:140 total_time_up:0.000000
04-24 06:39:02.534 19731 19731 D AndroidRuntime: 
04-24 06:39:02.534 19731 19731 D AndroidRuntime: >>>>>> AndroidRuntime START com.android.internal.os.RuntimeInit <<<<<<
04-24 06:39:02.534 19731 19731 D AndroidRuntime: CheckJNI is ON
04-24 06:39:02.534 19731 19731 E dalvikvm: ERROR: must specify non-'.' bootclasspath
04-24 06:39:02.534 19731 19731 W dalvikvm: CreateJavaVM failed: dvmClassStartup failed
04-24 06:39:02.534 19731 19731 E AndroidRuntime: JNI_CreateJavaVM failed
04-24 06:39:02.865 19733 19733 D AndroidRuntime: 
04-24 06:39:02.865 19733 19733 D AndroidRuntime: >>>>>> AndroidRuntime START com.android.internal.os.RuntimeInit <<<<<<
04-24 06:39:02.865 19733 19733 D AndroidRuntime: CheckJNI is ON
04-24 06:39:02.875 19733 19733 E dalvikvm: ERROR: must specify non-'.' bootclasspath
04-24 06:39:02.875 19733 19733 W dalvikvm: CreateJavaVM failed: dvmClassStartup failed
04-24 06:39:02.875 19733 19733 E AndroidRuntime: JNI_CreateJavaVM failed
