--------- beginning of /dev/log/main
04-24 05:52:21.101  1424  1431 E MP-Decision: num online cores: 2 reqd : 1 available : 4 rq_depth:0.000000 hotplug_avg_load_dw: 20
04-24 05:52:21.101  1424  1431 E MP-Decision: DOWN cpu:1 core_idx:1 Ns:1.100000 Ts:190 total_time_down:206.000000
04-24 05:52:21.882  1424  1431 E MP-Decision: num online cores: 1 reqd : 2 available : 4 rq_depth:1.000000 hotplug_avg_load_dw: 69
04-24 05:52:21.882  1424  1431 E MP-Decision: UP cpu:1 core_idx:1 Nw:1.900000 Tw:140 total_time_up:0.000000
04-24 05:52:22.542 13600 13600 D AndroidRuntime: 
04-24 05:52:22.542 13600 13600 D AndroidRuntime: >>>>>> AndroidRuntime START com.android.internal.os.RuntimeInit <<<<<<
04-24 05:52:22.542 13600 13600 D AndroidRuntime: CheckJNI is ON
04-24 05:52:22.542 13600 13600 E dalvikvm: ERROR: must specify non-'.' bootclasspath
04-24 05:52:22.542 13600 13600 W dalvikvm: CreateJavaVM failed: dvmClassStartup failed
04-24 05:52:22.542 13600 13600 E AndroidRuntime: JNI_CreateJavaVM failed
04-24 05:52:22.873 13601 13601 D AndroidRuntime: 
04-24 05:52:22.873 13601 13601 D AndroidRuntime: >>>>>> AndroidRuntime START com.android.internal.os.RuntimeInit <<<<<<
04-24 05:52:22.873 13601 13601 D AndroidRuntime: CheckJNI is ON
04-24 05:52:22.873 13601 13601 E dalvikvm: ERROR: must specify non-'.' bootclasspath
04-24 05:52:22.873 13601 13601 W dalvikvm: CreateJavaVM failed: dvmClassStartup failed
04-24 05:52:22.873 13601 13601 E AndroidRuntime: JNI_CreateJavaVM failed
04-24 05:52:24.965  1424  1431 E MP-Decision: num online cores: 2 reqd : 1 available : 4 rq_depth:0.000000 hotplug_avg_load_dw: 15
04-24 05:52:24.965  1424  1431 E MP-Decision: DOWN cpu:1 core_idx:1 Ns:1.100000 Ts:190 total_time_down:2079.000000
04-24 05:54:06.563   784   791 I dalvikvm: Jit: resizing JitTable from 8192 to 16384
04-24 06:10:00.106 13782 13782 I olsrd   : Writing '1' (was 1) to /proc/sys/net/ipv4/ip_forward
04-24 06:10:00.106 13782 13782 I olsrd   : Writing '0' (was 1) to /proc/sys/net/ipv4/conf/all/send_redirects
04-24 06:10:00.106 13782 13782 I olsrd   : Writing '0' (was 0) to /proc/sys/net/ipv4/conf/all/rp_filter
04-24 06:10:00.106 13782 13782 I olsrd   : Writing '0' (was 0) to /proc/sys/net/ipv4/conf/wlan0/send_redirects
04-24 06:10:00.106 13782 13782 I olsrd   : Writing '0' (was 0) to /proc/sys/net/ipv4/conf/wlan0/rp_filter
04-24 06:10:00.106 13782 13782 I olsrd   : Adding interface wlan0
04-24 06:10:00.106 13782 13782 I olsrd   : New main address: 10.1.1.37
04-24 06:10:00.116 13787 13787 I olsrd   : olsr.org -  0.6.6.2-n -git_0000000 -n -hash_ 7985605520f3cae9b305d56e83b35d9c successfully started
04-24 06:15:40.135  1424  1431 E MP-Decision: num online cores: 1 reqd : 2 available : 4 rq_depth:3.100000 hotplug_avg_load_dw: 37
04-24 06:15:40.135  1424  1431 E MP-Decision: UP cpu:1 core_idx:1 Nw:1.900000 Tw:140 total_time_up:146.000000
04-24 06:15:40.506 16655 16655 D AndroidRuntime: 
04-24 06:15:40.506 16655 16655 D AndroidRuntime: >>>>>> AndroidRuntime START com.android.internal.os.RuntimeInit <<<<<<
04-24 06:15:40.506 16655 16655 D AndroidRuntime: CheckJNI is ON
04-24 06:15:40.506 16655 16655 E dalvikvm: ERROR: must specify non-'.' bootclasspath
04-24 06:15:40.506 16655 16655 W dalvikvm: CreateJavaVM failed: dvmClassStartup failed
04-24 06:15:40.506 16655 16655 E AndroidRuntime: JNI_CreateJavaVM failed
04-24 06:15:40.636 13787 13787 I olsrd   : Writing '1' (was 0) to /proc/sys/net/ipv4/conf/all/send_redirects
04-24 06:15:40.636 13787 13787 I olsrd   : olsr.org -  0.6.6.2-n -git_0000000 -n -hash_ 7985605520f3cae9b305d56e83b35d9c stopped
04-24 06:15:41.096  1424  1431 E MP-Decision: num online cores: 2 reqd : 1 available : 4 rq_depth:0.000000 hotplug_avg_load_dw: 23
04-24 06:15:41.096  1424  1431 E MP-Decision: DOWN cpu:1 core_idx:1 Ns:1.100000 Ts:190 total_time_down:205.000000
04-24 06:15:41.967  1424  1431 E MP-Decision: num online cores: 1 reqd : 2 available : 4 rq_depth:1.000000 hotplug_avg_load_dw: 66
04-24 06:15:41.967  1424  1431 E MP-Decision: UP cpu:1 core_idx:1 Nw:1.900000 Tw:140 total_time_up:0.000000
04-24 06:15:42.498 16712 16712 D AndroidRuntime: 
04-24 06:15:42.498 16712 16712 D AndroidRuntime: >>>>>> AndroidRuntime START com.android.internal.os.RuntimeInit <<<<<<
04-24 06:15:42.498 16712 16712 D AndroidRuntime: CheckJNI is ON
04-24 06:15:42.498 16712 16712 E dalvikvm: ERROR: must specify non-'.' bootclasspath
04-24 06:15:42.498 16712 16712 W dalvikvm: CreateJavaVM failed: dvmClassStartup failed
04-24 06:15:42.498 16712 16712 E AndroidRuntime: JNI_CreateJavaVM failed
04-24 06:15:42.828 16714 16714 D AndroidRuntime: 
04-24 06:15:42.828 16714 16714 D AndroidRuntime: >>>>>> AndroidRuntime START com.android.internal.os.RuntimeInit <<<<<<
04-24 06:15:42.828 16714 16714 D AndroidRuntime: CheckJNI is ON
04-24 06:15:42.828 16714 16714 E dalvikvm: ERROR: must specify non-'.' bootclasspath
04-24 06:15:42.828 16714 16714 W dalvikvm: CreateJavaVM failed: dvmClassStartup failed
04-24 06:15:42.828 16714 16714 E AndroidRuntime: JNI_CreateJavaVM failed
