--------- beginning of /dev/log/main
04-24 06:21:30.910  1421  1435 E MP-Decision: num online cores: 2 reqd : 1 available : 4 rq_depth:0.000000 hotplug_avg_load_dw: 22
04-24 06:21:30.910  1421  1435 E MP-Decision: DOWN cpu:1 core_idx:1 Ns:1.100000 Ts:190 total_time_down:342.000000
04-24 06:21:31.851  1421  1435 E MP-Decision: num online cores: 1 reqd : 2 available : 4 rq_depth:1.000000 hotplug_avg_load_dw: 74
04-24 06:21:31.851  1421  1435 E MP-Decision: UP cpu:1 core_idx:1 Nw:1.900000 Tw:140 total_time_up:0.000000
04-24 06:21:32.331 13969 13969 D AndroidRuntime: 
04-24 06:21:32.331 13969 13969 D AndroidRuntime: >>>>>> AndroidRuntime START com.android.internal.os.RuntimeInit <<<<<<
04-24 06:21:32.331 13969 13969 D AndroidRuntime: CheckJNI is ON
04-24 06:21:32.331 13969 13969 E dalvikvm: ERROR: must specify non-'.' bootclasspath
04-24 06:21:32.331 13969 13969 W dalvikvm: CreateJavaVM failed: dvmClassStartup failed
04-24 06:21:32.331 13969 13969 E AndroidRuntime: JNI_CreateJavaVM failed
04-24 06:21:32.682 13971 13971 D AndroidRuntime: 
04-24 06:21:32.682 13971 13971 D AndroidRuntime: >>>>>> AndroidRuntime START com.android.internal.os.RuntimeInit <<<<<<
04-24 06:21:32.682 13971 13971 D AndroidRuntime: CheckJNI is ON
04-24 06:21:32.682 13971 13971 E dalvikvm: ERROR: must specify non-'.' bootclasspath
04-24 06:21:32.682 13971 13971 W dalvikvm: CreateJavaVM failed: dvmClassStartup failed
04-24 06:21:32.682 13971 13971 E AndroidRuntime: JNI_CreateJavaVM failed
04-24 06:21:32.952  1421  1435 E MP-Decision: num online cores: 2 reqd : 1 available : 4 rq_depth:0.000000 hotplug_avg_load_dw: 25
04-24 06:21:32.952  1421  1435 E MP-Decision: DOWN cpu:1 core_idx:1 Ns:1.100000 Ts:190 total_time_down:245.000000
--------- beginning of /dev/log/system
04-24 06:28:50.973   808   829 I EntropyMixer: Writing entropy...
04-24 06:29:07.089   808   832 W BroadcastQueue: Timeout of broadcast BroadcastRecord{41aff0a8 u0 com.android.server.action.NETWORK_STATS_POLL} - receiver=android.app.LoadedApk$ReceiverDispatcher$InnerReceiver@41bae408, started 60004ms ago
04-24 06:29:07.089   808   832 W BroadcastQueue: Receiver during timeout: BroadcastFilter{41b599e8 u0 ReceiverList{41b5d8c8 808 system/1000/u0 local:41bae408}}
04-24 06:33:00.153  1421  1435 E MP-Decision: num online cores: 1 reqd : 2 available : 4 rq_depth:3.900000 hotplug_avg_load_dw: 27
04-24 06:33:00.153  1421  1435 E MP-Decision: UP cpu:1 core_idx:1 Nw:1.900000 Tw:140 total_time_up:193.000000
04-24 06:33:00.404  1421  1435 E MP-Decision: num online cores: 2 reqd : 1 available : 4 rq_depth:0.000000 hotplug_avg_load_dw: 19
04-24 06:33:00.404  1421  1435 E MP-Decision: DOWN cpu:1 core_idx:1 Ns:1.100000 Ts:190 total_time_down:147.000000
04-24 06:33:20.123 14160 14160 I olsrd   : Writing '1' (was 1) to /proc/sys/net/ipv4/ip_forward
04-24 06:33:20.123 14160 14160 I olsrd   : Writing '0' (was 1) to /proc/sys/net/ipv4/conf/all/send_redirects
04-24 06:33:20.123 14160 14160 I olsrd   : Writing '0' (was 0) to /proc/sys/net/ipv4/conf/all/rp_filter
04-24 06:33:25.137 14199 14199 I olsrd   : olsr.org -  0.6.6.2-n -git_0000000 -n -hash_ 7985605520f3cae9b305d56e83b35d9c successfully started
04-24 06:39:00.260  1421  1435 E MP-Decision: num online cores: 1 reqd : 2 available : 4 rq_depth:1.000000 hotplug_avg_load_dw: 61
04-24 06:39:00.260  1421  1435 E MP-Decision: UP cpu:1 core_idx:1 Nw:1.900000 Tw:140 total_time_up:0.000000
04-24 06:39:00.510 16336 16336 D AndroidRuntime: 
04-24 06:39:00.510 16336 16336 D AndroidRuntime: >>>>>> AndroidRuntime START com.android.internal.os.RuntimeInit <<<<<<
04-24 06:39:00.510 16336 16336 D AndroidRuntime: CheckJNI is ON
04-24 06:39:00.510 16336 16336 E dalvikvm: ERROR: must specify non-'.' bootclasspath
04-24 06:39:00.510 16336 16336 W dalvikvm: CreateJavaVM failed: dvmClassStartup failed
04-24 06:39:00.510 16336 16336 E AndroidRuntime: JNI_CreateJavaVM failed
04-24 06:39:00.620 14199 14199 I olsrd   : Writing '1' (was 0) to /proc/sys/net/ipv4/conf/all/send_redirects
04-24 06:39:00.620 14199 14199 I olsrd   : olsr.org -  0.6.6.2-n -git_0000000 -n -hash_ 7985605520f3cae9b305d56e83b35d9c stopped
04-24 06:39:01.401  1421  1435 E MP-Decision: num online cores: 2 reqd : 1 available : 4 rq_depth:0.000000 hotplug_avg_load_dw: 16
04-24 06:39:01.401  1421  1435 E MP-Decision: DOWN cpu:1 core_idx:1 Ns:1.100000 Ts:190 total_time_down:145.000000
04-24 06:39:01.952  1421  1435 E MP-Decision: num online cores: 1 reqd : 2 available : 4 rq_depth:1.300000 hotplug_avg_load_dw: 69
04-24 06:39:01.952  1421  1435 E MP-Decision: UP cpu:1 core_idx:1 Nw:1.900000 Tw:140 total_time_up:0.000000
04-24 06:39:02.482 16433 16433 D AndroidRuntime: 
04-24 06:39:02.482 16433 16433 D AndroidRuntime: >>>>>> AndroidRuntime START com.android.internal.os.RuntimeInit <<<<<<
04-24 06:39:02.482 16433 16433 D AndroidRuntime: CheckJNI is ON
04-24 06:39:02.482 16433 16433 E dalvikvm: ERROR: must specify non-'.' bootclasspath
04-24 06:39:02.482 16433 16433 W dalvikvm: CreateJavaVM failed: dvmClassStartup failed
04-24 06:39:02.482 16433 16433 E AndroidRuntime: JNI_CreateJavaVM failed
04-24 06:39:02.842 16435 16435 D AndroidRuntime: 
04-24 06:39:02.842 16435 16435 D AndroidRuntime: >>>>>> AndroidRuntime START com.android.internal.os.RuntimeInit <<<<<<
04-24 06:39:02.842 16435 16435 D AndroidRuntime: CheckJNI is ON
04-24 06:39:02.842 16435 16435 E dalvikvm: ERROR: must specify non-'.' bootclasspath
04-24 06:39:02.842 16435 16435 W dalvikvm: CreateJavaVM failed: dvmClassStartup failed
04-24 06:39:02.842 16435 16435 E AndroidRuntime: JNI_CreateJavaVM failed
