--------- beginning of /dev/log/main
04-24 05:58:11.691  1402  1408 E MP-Decision: num online cores: 2 reqd : 1 available : 4 rq_depth:1.300000 hotplug_avg_load_dw: 12
04-24 05:58:11.691  1402  1408 E MP-Decision: DOWN cpu:1 core_idx:1 Ns:1.100000 Ts:190 total_time_down:0.000000
04-24 05:58:11.941  1402  1408 E MP-Decision: num online cores: 1 reqd : 2 available : 4 rq_depth:1.000000 hotplug_avg_load_dw: 71
04-24 05:58:11.941  1402  1408 E MP-Decision: UP cpu:1 core_idx:1 Nw:1.900000 Tw:140 total_time_up:0.000000
04-24 05:58:12.541 11330 11330 D AndroidRuntime: 
04-24 05:58:12.541 11330 11330 D AndroidRuntime: >>>>>> AndroidRuntime START com.android.internal.os.RuntimeInit <<<<<<
04-24 05:58:12.541 11330 11330 D AndroidRuntime: CheckJNI is ON
04-24 05:58:12.551 11330 11330 E dalvikvm: ERROR: must specify non-'.' bootclasspath
04-24 05:58:12.551 11330 11330 W dalvikvm: CreateJavaVM failed: dvmClassStartup failed
04-24 05:58:12.551 11330 11330 E AndroidRuntime: JNI_CreateJavaVM failed
04-24 05:58:12.892 11331 11331 D AndroidRuntime: 
04-24 05:58:12.892 11331 11331 D AndroidRuntime: >>>>>> AndroidRuntime START com.android.internal.os.RuntimeInit <<<<<<
04-24 05:58:12.892 11331 11331 D AndroidRuntime: CheckJNI is ON
04-24 05:58:12.892 11331 11331 E dalvikvm: ERROR: must specify non-'.' bootclasspath
04-24 05:58:12.892 11331 11331 W dalvikvm: CreateJavaVM failed: dvmClassStartup failed
04-24 05:58:12.892 11331 11331 E AndroidRuntime: JNI_CreateJavaVM failed
04-24 05:58:15.104  1402  1408 E MP-Decision: num online cores: 2 reqd : 1 available : 4 rq_depth:0.000000 hotplug_avg_load_dw: 17
04-24 05:58:15.104  1402  1408 E MP-Decision: DOWN cpu:1 core_idx:1 Ns:1.100000 Ts:190 total_time_down:3146.000000
04-24 06:10:00.105 11510 11510 I olsrd   : Writing '1' (was 1) to /proc/sys/net/ipv4/ip_forward
04-24 06:10:00.105 11510 11510 I olsrd   : Writing '0' (was 1) to /proc/sys/net/ipv4/conf/all/send_redirects
04-24 06:10:00.105 11510 11510 I olsrd   : Writing '0' (was 0) to /proc/sys/net/ipv4/conf/all/rp_filter
04-24 06:10:00.105 11510 11510 I olsrd   : Writing '0' (was 0) to /proc/sys/net/ipv4/conf/wlan0/send_redirects
04-24 06:10:00.105 11510 11510 I olsrd   : Writing '0' (was 0) to /proc/sys/net/ipv4/conf/wlan0/rp_filter
04-24 06:10:00.105 11510 11510 I olsrd   : Adding interface wlan0
04-24 06:10:00.115 11510 11510 I olsrd   : New main address: 10.1.1.28
04-24 06:10:00.115 11511 11511 I olsrd   : olsr.org -  0.6.6.2-n -git_0000000 -n -hash_ 7985605520f3cae9b305d56e83b35d9c successfully started
--------- beginning of /dev/log/system
04-24 06:10:38.112   798   816 W BroadcastQueue: Timeout of broadcast BroadcastRecord{41e05158 u0 com.android.server.action.NETWORK_STATS_POLL} - receiver=android.app.LoadedApk$ReceiverDispatcher$InnerReceiver@41cc51b0, started 60014ms ago
04-24 06:10:38.112   798   816 W BroadcastQueue: Receiver during timeout: BroadcastFilter{41d1f3a0 u0 ReceiverList{41d1f320 798 system/1000/u0 local:41cc51b0}}
04-24 06:10:38.122  1100  1100 D CallerInfoCacheUpdateReceiver: CallerInfoCacheUpdateReceiver#onReceive(). Intent: Intent { act=com.android.phone.UPDATE_CALLER_INFO_CACHE flg=0x14 cmp=com.android.phone/.CallerInfoCacheUpdateReceiver (has extras) }
04-24 06:10:38.132  1100  1100 D CallerInfoCache: startAsyncCache
04-24 06:10:38.132  1100  1100 W CallerInfoCache: Previous cache task is remaining.
04-24 06:10:38.162  1100 11751 D CallerInfoCache: Start refreshing cache.
04-24 06:10:38.232  1100 11751 D CallerInfoCache: Caching entries are done. Total: 0
04-24 06:12:00.191   798   802 D dalvikvm: JIT code cache reset in 2 ms (1048492 bytes 1/0)
04-24 06:14:00.077  1402  1408 E MP-Decision: num online cores: 1 reqd : 2 available : 4 rq_depth:2.400000 hotplug_avg_load_dw: 24
04-24 06:14:00.077  1402  1408 E MP-Decision: UP cpu:1 core_idx:1 Nw:1.900000 Tw:140 total_time_up:145.000000
04-24 06:14:00.207  1402  1408 E MP-Decision: num online cores: 2 reqd : 1 available : 4 rq_depth:0.000000 hotplug_avg_load_dw: 15
04-24 06:14:00.207  1402  1408 E MP-Decision: DOWN cpu:1 core_idx:1 Ns:1.100000 Ts:190 total_time_down:125.000000
04-24 06:15:40.314  1402  1408 E MP-Decision: num online cores: 1 reqd : 2 available : 4 rq_depth:1.000000 hotplug_avg_load_dw: 69
04-24 06:15:40.314  1402  1408 E MP-Decision: UP cpu:1 core_idx:1 Nw:1.900000 Tw:140 total_time_up:0.000000
04-24 06:15:40.454 13693 13693 D AndroidRuntime: 
04-24 06:15:40.454 13693 13693 D AndroidRuntime: >>>>>> AndroidRuntime START com.android.internal.os.RuntimeInit <<<<<<
04-24 06:15:40.454 13693 13693 D AndroidRuntime: CheckJNI is ON
04-24 06:15:40.454 13693 13693 E dalvikvm: ERROR: must specify non-'.' bootclasspath
04-24 06:15:40.454 13693 13693 W dalvikvm: CreateJavaVM failed: dvmClassStartup failed
04-24 06:15:40.454 13693 13693 E AndroidRuntime: JNI_CreateJavaVM failed
04-24 06:15:40.694 11511 11511 I olsrd   : Writing '1' (was 0) to /proc/sys/net/ipv4/conf/all/send_redirects
04-24 06:15:40.704 11511 11511 I olsrd   : olsr.org -  0.6.6.2-n -git_0000000 -n -hash_ 7985605520f3cae9b305d56e83b35d9c stopped
04-24 06:15:41.765  1402  1408 E MP-Decision: num online cores: 2 reqd : 1 available : 4 rq_depth:0.000000 hotplug_avg_load_dw: 19
04-24 06:15:41.765  1402  1408 E MP-Decision: DOWN cpu:1 core_idx:1 Ns:1.100000 Ts:190 total_time_down:447.000000
04-24 06:15:42.015  1402  1408 E MP-Decision: num online cores: 1 reqd : 2 available : 4 rq_depth:1.500000 hotplug_avg_load_dw: 64
04-24 06:15:42.015  1402  1408 E MP-Decision: UP cpu:1 core_idx:1 Nw:1.900000 Tw:140 total_time_up:0.000000
04-24 06:15:42.606 13790 13790 D AndroidRuntime: 
04-24 06:15:42.606 13790 13790 D AndroidRuntime: >>>>>> AndroidRuntime START com.android.internal.os.RuntimeInit <<<<<<
04-24 06:15:42.606 13790 13790 D AndroidRuntime: CheckJNI is ON
04-24 06:15:42.606 13790 13790 E dalvikvm: ERROR: must specify non-'.' bootclasspath
04-24 06:15:42.606 13790 13790 W dalvikvm: CreateJavaVM failed: dvmClassStartup failed
04-24 06:15:42.606 13790 13790 E AndroidRuntime: JNI_CreateJavaVM failed
04-24 06:15:42.926 13793 13793 D AndroidRuntime: 
04-24 06:15:42.926 13793 13793 D AndroidRuntime: >>>>>> AndroidRuntime START com.android.internal.os.RuntimeInit <<<<<<
04-24 06:15:42.926 13793 13793 D AndroidRuntime: CheckJNI is ON
04-24 06:15:42.926 13793 13793 E dalvikvm: ERROR: must specify non-'.' bootclasspath
04-24 06:15:42.926 13793 13793 W dalvikvm: CreateJavaVM failed: dvmClassStartup failed
04-24 06:15:42.926 13793 13793 E AndroidRuntime: JNI_CreateJavaVM failed
