--------- beginning of /dev/log/main
04-24 07:08:11.757  1406  1414 E MP-Decision: num online cores: 2 reqd : 1 available : 4 rq_depth:1.000000 hotplug_avg_load_dw: 15
04-24 07:08:11.757  1406  1414 E MP-Decision: DOWN cpu:1 core_idx:1 Ns:1.100000 Ts:190 total_time_down:49.000000
04-24 07:08:12.007  1406  1414 E MP-Decision: num online cores: 1 reqd : 2 available : 4 rq_depth:1.000000 hotplug_avg_load_dw: 68
04-24 07:08:12.007  1406  1414 E MP-Decision: UP cpu:1 core_idx:1 Nw:1.900000 Tw:140 total_time_up:0.000000
04-24 07:08:12.547 19088 19088 D AndroidRuntime: 
04-24 07:08:12.547 19088 19088 D AndroidRuntime: >>>>>> AndroidRuntime START com.android.internal.os.RuntimeInit <<<<<<
04-24 07:08:12.547 19088 19088 D AndroidRuntime: CheckJNI is ON
04-24 07:08:12.547 19088 19088 E dalvikvm: ERROR: must specify non-'.' bootclasspath
04-24 07:08:12.547 19088 19088 W dalvikvm: CreateJavaVM failed: dvmClassStartup failed
04-24 07:08:12.547 19088 19088 E AndroidRuntime: JNI_CreateJavaVM failed
04-24 07:08:12.878 19089 19089 D AndroidRuntime: 
04-24 07:08:12.878 19089 19089 D AndroidRuntime: >>>>>> AndroidRuntime START com.android.internal.os.RuntimeInit <<<<<<
04-24 07:08:12.878 19089 19089 D AndroidRuntime: CheckJNI is ON
04-24 07:08:12.878 19089 19089 E dalvikvm: ERROR: must specify non-'.' bootclasspath
04-24 07:08:12.878 19089 19089 W dalvikvm: CreateJavaVM failed: dvmClassStartup failed
04-24 07:08:12.878 19089 19089 E AndroidRuntime: JNI_CreateJavaVM failed
04-24 07:08:15.120  1406  1414 E MP-Decision: num online cores: 2 reqd : 1 available : 4 rq_depth:0.000000 hotplug_avg_load_dw: 17
04-24 07:08:15.120  1406  1414 E MP-Decision: DOWN cpu:1 core_idx:1 Ns:1.100000 Ts:190 total_time_down:2111.000000
--------- beginning of /dev/log/system
04-24 07:18:11.091   798   816 W BroadcastQueue: Timeout of broadcast BroadcastRecord{41f68358 u0 com.android.server.action.NETWORK_STATS_POLL} - receiver=android.app.LoadedApk$ReceiverDispatcher$InnerReceiver@41a6ef20, started 60012ms ago
04-24 07:18:11.091   798   816 W BroadcastQueue: Receiver during timeout: BroadcastFilter{41a4a2f8 u0 ReceiverList{41a4b278 798 system/1000/u0 local:41a6ef20}}
04-24 07:20:00.156 19268 19268 I olsrd   : Writing '1' (was 1) to /proc/sys/net/ipv4/ip_forward
04-24 07:20:00.156 19268 19268 I olsrd   : Writing '0' (was 1) to /proc/sys/net/ipv4/conf/all/send_redirects
04-24 07:20:00.156 19268 19268 I olsrd   : Writing '0' (was 0) to /proc/sys/net/ipv4/conf/all/rp_filter
04-24 07:20:00.156 19268 19268 I olsrd   : Writing '0' (was 0) to /proc/sys/net/ipv4/conf/wlan0/send_redirects
04-24 07:20:00.156 19268 19268 I olsrd   : Writing '0' (was 0) to /proc/sys/net/ipv4/conf/wlan0/rp_filter
04-24 07:20:00.156 19268 19268 I olsrd   : Adding interface wlan0
04-24 07:20:00.156 19268 19268 I olsrd   : New main address: 10.1.1.22
04-24 07:20:00.166 19269 19269 I olsrd   : olsr.org -  0.6.6.2-n -git_0000000 -n -hash_ 7985605520f3cae9b305d56e83b35d9c successfully started
04-24 07:20:05.051   798   816 W ProcessStats: Skipping unknown process pid 19301
04-24 07:20:05.051   798   816 W ProcessStats: Skipping unknown process pid 19302
04-24 07:20:05.051   798   816 W ProcessStats: Skipping unknown process pid 19303
04-24 07:25:40.282  1406  1414 E MP-Decision: num online cores: 1 reqd : 2 available : 4 rq_depth:1.000000 hotplug_avg_load_dw: 66
04-24 07:25:40.282  1406  1414 E MP-Decision: UP cpu:1 core_idx:1 Nw:1.900000 Tw:140 total_time_up:0.000000
04-24 07:25:40.412 21444 21444 D AndroidRuntime: 
04-24 07:25:40.412 21444 21444 D AndroidRuntime: >>>>>> AndroidRuntime START com.android.internal.os.RuntimeInit <<<<<<
04-24 07:25:40.412 21444 21444 D AndroidRuntime: CheckJNI is ON
04-24 07:25:40.412 21444 21444 E dalvikvm: ERROR: must specify non-'.' bootclasspath
04-24 07:25:40.412 21444 21444 W dalvikvm: CreateJavaVM failed: dvmClassStartup failed
04-24 07:25:40.412 21444 21444 E AndroidRuntime: JNI_CreateJavaVM failed
04-24 07:25:40.522 19269 19269 I olsrd   : Writing '1' (was 0) to /proc/sys/net/ipv4/conf/all/send_redirects
04-24 07:25:40.522 19269 19269 I olsrd   : olsr.org -  0.6.6.2-n -git_0000000 -n -hash_ 7985605520f3cae9b305d56e83b35d9c stopped
04-24 07:25:41.313  1406  1414 E MP-Decision: num online cores: 2 reqd : 1 available : 4 rq_depth:0.000000 hotplug_avg_load_dw: 21
04-24 07:25:41.313  1406  1414 E MP-Decision: DOWN cpu:1 core_idx:1 Ns:1.100000 Ts:190 total_time_down:276.000000
04-24 07:25:41.844  1406  1414 E MP-Decision: num online cores: 1 reqd : 2 available : 4 rq_depth:1.900000 hotplug_avg_load_dw: 67
04-24 07:25:41.844  1406  1414 E MP-Decision: UP cpu:1 core_idx:1 Nw:1.900000 Tw:140 total_time_up:46.000000
04-24 07:25:42.374 21542 21542 D AndroidRuntime: 
04-24 07:25:42.374 21542 21542 D AndroidRuntime: >>>>>> AndroidRuntime START com.android.internal.os.RuntimeInit <<<<<<
04-24 07:25:42.374 21542 21542 D AndroidRuntime: CheckJNI is ON
04-24 07:25:42.374 21542 21542 E dalvikvm: ERROR: must specify non-'.' bootclasspath
04-24 07:25:42.374 21542 21542 W dalvikvm: CreateJavaVM failed: dvmClassStartup failed
04-24 07:25:42.374 21542 21542 E AndroidRuntime: JNI_CreateJavaVM failed
04-24 07:25:42.704 21543 21543 D AndroidRuntime: 
04-24 07:25:42.704 21543 21543 D AndroidRuntime: >>>>>> AndroidRuntime START com.android.internal.os.RuntimeInit <<<<<<
04-24 07:25:42.704 21543 21543 D AndroidRuntime: CheckJNI is ON
04-24 07:25:42.704 21543 21543 E dalvikvm: ERROR: must specify non-'.' bootclasspath
04-24 07:25:42.704 21543 21543 W dalvikvm: CreateJavaVM failed: dvmClassStartup failed
04-24 07:25:42.704 21543 21543 E AndroidRuntime: JNI_CreateJavaVM failed
