--------- beginning of /dev/log/main
04-24 06:50:41.580  1422  1432 E MP-Decision: num online cores: 2 reqd : 1 available : 4 rq_depth:0.000000 hotplug_avg_load_dw: 13
04-24 06:50:41.580  1422  1432 E MP-Decision: DOWN cpu:1 core_idx:1 Ns:1.100000 Ts:190 total_time_down:616.000000
04-24 06:50:41.831  1422  1432 E MP-Decision: num online cores: 1 reqd : 2 available : 4 rq_depth:1.000000 hotplug_avg_load_dw: 62
04-24 06:50:41.831  1422  1432 E MP-Decision: UP cpu:1 core_idx:1 Nw:1.900000 Tw:140 total_time_up:0.000000
04-24 06:50:42.391 22692 22692 D AndroidRuntime: 
04-24 06:50:42.391 22692 22692 D AndroidRuntime: >>>>>> AndroidRuntime START com.android.internal.os.RuntimeInit <<<<<<
04-24 06:50:42.391 22692 22692 D AndroidRuntime: CheckJNI is ON
04-24 06:50:42.391 22692 22692 E dalvikvm: ERROR: must specify non-'.' bootclasspath
04-24 06:50:42.391 22692 22692 W dalvikvm: CreateJavaVM failed: dvmClassStartup failed
04-24 06:50:42.391 22692 22692 E AndroidRuntime: JNI_CreateJavaVM failed
04-24 06:50:42.732 22693 22693 D AndroidRuntime: 
04-24 06:50:42.732 22693 22693 D AndroidRuntime: >>>>>> AndroidRuntime START com.android.internal.os.RuntimeInit <<<<<<
04-24 06:50:42.732 22693 22693 D AndroidRuntime: CheckJNI is ON
04-24 06:50:42.732 22693 22693 E dalvikvm: ERROR: must specify non-'.' bootclasspath
04-24 06:50:42.732 22693 22693 W dalvikvm: CreateJavaVM failed: dvmClassStartup failed
04-24 06:50:42.732 22693 22693 E AndroidRuntime: JNI_CreateJavaVM failed
04-24 06:50:44.663  1422  1432 E MP-Decision: num online cores: 2 reqd : 1 available : 4 rq_depth:0.000000 hotplug_avg_load_dw: 16
04-24 06:50:44.663  1422  1432 E MP-Decision: DOWN cpu:1 core_idx:1 Ns:1.100000 Ts:190 total_time_down:2803.000000
04-24 06:51:00.148   952   952 E kickstart: Total bytes received so far: 48
04-24 06:51:00.148   952   952 E kickstart: EVENT: RECEIVED <-- SAHARA_HELLO
04-24 06:51:00.148   952   952 E kickstart: EVENT: SENDING --> SAHARA_HELLO_RESPONSE
04-24 06:51:00.148   952   952 E kickstart: EVENT: sahara_mode                         = 2
04-24 06:51:00.148   952   952 E kickstart: EVENT: m_comm->sahara_hello_packet_rx.mode = 2
04-24 06:51:00.148   952   952 E kickstart: EVENT: helloRx.mode                        = 2
04-24 06:51:00.148   952   952 E kickstart: Total bytes received so far: 64
04-24 06:51:00.148   952   952 E kickstart: EVENT: RECEIVED <-- SAHARA_MEMORY_DEBUG
04-24 06:51:00.158   952   952 E kickstart: Total bytes received so far: 116
04-24 06:51:00.158   952   952 E kickstart: EVENT: 0x46980000, len=000C0000, "m9kefs1", ""
04-24 06:51:00.158   952   952 E kickstart: EVENT: STATE <-- SAHARA_WAIT_MEMORY_REGION
04-24 06:51:00.158   952   952 E kickstart: EVENT: Saving "/dev/block/platform/msm_sdcc.1/by-name/m9kefs1"
04-24 06:51:00.248   952   952 E kickstart: Total bytes received so far: 786548
04-24 06:51:00.248   952   952 E kickstart: EVENT: Received: 786432 bytes
04-24 06:51:00.248   952   952 E kickstart: EVENT: Writing to disk
04-24 06:51:00.258   952   952 E kickstart: EVENT: Successfully wrote to disk
04-24 06:51:00.258   952   952 E kickstart: Received file "m9kefs1"
04-24 06:51:00.308   952   952 E kickstart: Sync finish Received file "m9kefs1"
04-24 06:51:00.308   952   952 E kickstart: 786432 bytes transferred in 0.141s (5.31 MBps)
04-24 06:51:00.308   952   952 E kickstart: EVENT: num_debug_entries not >=0
04-24 06:51:00.308   952   952 E kickstart: Successfully downloaded files from target 
04-24 06:51:00.308   952   952 E kickstart: EVENT: SENDING --> SAHARA_RESET
04-24 06:51:00.318   952   952 E kickstart: Total bytes received so far: 786556
04-24 06:51:00.318   952   952 E kickstart: EVENT: RECEIVED <-- SAHARA_RESET_RESP
04-24 06:51:00.318   952   952 E kickstart: Sahara protocol completed
04-24 06:51:00.318   952   952 E kickstart: EVENT: STATE <-- SAHARA_WAIT_HELLO
--------- beginning of /dev/log/system
04-24 06:51:15.533   810   835 W BroadcastQueue: Timeout of broadcast BroadcastRecord{41912340 u0 com.android.server.action.NETWORK_STATS_POLL} - receiver=android.app.LoadedApk$ReceiverDispatcher$InnerReceiver@418a02b8, started 60017ms ago
04-24 06:51:15.533   810   835 W BroadcastQueue: Receiver during timeout: BroadcastFilter{41bc7e90 u0 ReceiverList{4180bce8 810 system/1000/u0 local:418a02b8}}
04-24 06:56:40.107 22871 22871 I olsrd   : Writing '1' (was 1) to /proc/sys/net/ipv4/ip_forward
04-24 06:56:40.107 22871 22871 I olsrd   : Writing '0' (was 1) to /proc/sys/net/ipv4/conf/all/send_redirects
04-24 06:56:40.107 22871 22871 I olsrd   : Writing '0' (was 0) to /proc/sys/net/ipv4/conf/all/rp_filter
04-24 06:56:40.107 22871 22871 I olsrd   : Writing '0' (was 0) to /proc/sys/net/ipv4/conf/wlan0/send_redirects
04-24 06:56:40.107 22871 22871 I olsrd   : Writing '0' (was 0) to /proc/sys/net/ipv4/conf/wlan0/rp_filter
04-24 06:56:40.107 22871 22871 I olsrd   : Adding interface wlan0
04-24 06:56:40.107 22871 22871 I olsrd   : New main address: 10.1.1.12
04-24 06:56:40.117 22872 22872 I olsrd   : olsr.org -  0.6.6.2-n -git_0000000 -n -hash_ 7985605520f3cae9b305d56e83b35d9c successfully started
04-24 06:58:10.644 22872 22872 I olsrd   : detected duplicate packet with seqnr 0x6c9e from 10.1.1.19 on wlan0 (556 Bytes)
04-24 06:58:10.644 22872 22872 I olsrd   : detected duplicate packet with seqnr 0x6c9e from 10.1.1.19 on wlan0 (556 Bytes)
04-24 06:58:14.147 22872 22872 I olsrd   : detected duplicate packet with seqnr 0x6ca0 from 10.1.1.19 on wlan0 (524 Bytes)
04-24 06:59:14.886 22872 22872 I olsrd   : detected duplicate packet with seqnr 0x1afd from 10.1.1.1 on wlan0 (404 Bytes)
04-24 06:59:14.886 22872 22872 I olsrd   : detected duplicate packet with seqnr 0x1afd from 10.1.1.1 on wlan0 (404 Bytes)
04-24 07:00:18.117  1422  1432 E MP-Decision: num online cores: 1 reqd : 2 available : 4 rq_depth:2.600000 hotplug_avg_load_dw: 26
04-24 07:00:18.117  1422  1432 E MP-Decision: UP cpu:1 core_idx:1 Nw:1.900000 Tw:140 total_time_up:145.000000
04-24 07:00:18.417  1422  1432 E MP-Decision: num online cores: 2 reqd : 1 available : 4 rq_depth:0.700000 hotplug_avg_load_dw: 15
04-24 07:00:18.417  1422  1432 E MP-Decision: DOWN cpu:1 core_idx:1 Ns:1.100000 Ts:190 total_time_down:135.000000
04-24 07:02:20.275  1422  1432 E MP-Decision: num online cores: 1 reqd : 2 available : 4 rq_depth:1.000000 hotplug_avg_load_dw: 60
04-24 07:02:20.275  1422  1432 E MP-Decision: UP cpu:1 core_idx:1 Nw:1.900000 Tw:140 total_time_up:0.000000
04-24 07:02:20.465 25042 25042 D AndroidRuntime: 
04-24 07:02:20.465 25042 25042 D AndroidRuntime: >>>>>> AndroidRuntime START com.android.internal.os.RuntimeInit <<<<<<
04-24 07:02:20.465 25042 25042 D AndroidRuntime: CheckJNI is ON
04-24 07:02:20.465 25042 25042 E dalvikvm: ERROR: must specify non-'.' bootclasspath
04-24 07:02:20.465 25042 25042 W dalvikvm: CreateJavaVM failed: dvmClassStartup failed
04-24 07:02:20.465 25042 25042 E AndroidRuntime: JNI_CreateJavaVM failed
04-24 07:02:20.675 22872 22872 I olsrd   : Writing '1' (was 0) to /proc/sys/net/ipv4/conf/all/send_redirects
04-24 07:02:20.675 22872 22872 I olsrd   : olsr.org -  0.6.6.2-n -git_0000000 -n -hash_ 7985605520f3cae9b305d56e83b35d9c stopped
04-24 07:02:21.446  1422  1432 E MP-Decision: num online cores: 2 reqd : 1 available : 4 rq_depth:0.000000 hotplug_avg_load_dw: 19
04-24 07:02:21.446  1422  1432 E MP-Decision: DOWN cpu:1 core_idx:1 Ns:1.100000 Ts:190 total_time_down:118.000000
04-24 07:02:21.977  1422  1432 E MP-Decision: num online cores: 1 reqd : 2 available : 4 rq_depth:1.300000 hotplug_avg_load_dw: 66
04-24 07:02:21.977  1422  1432 E MP-Decision: UP cpu:1 core_idx:1 Nw:1.900000 Tw:140 total_time_up:0.000000
04-24 07:02:22.637 25141 25141 D AndroidRuntime: 
04-24 07:02:22.637 25141 25141 D AndroidRuntime: >>>>>> AndroidRuntime START com.android.internal.os.RuntimeInit <<<<<<
04-24 07:02:22.637 25141 25141 D AndroidRuntime: CheckJNI is ON
04-24 07:02:22.637 25141 25141 E dalvikvm: ERROR: must specify non-'.' bootclasspath
04-24 07:02:22.637 25141 25141 W dalvikvm: CreateJavaVM failed: dvmClassStartup failed
04-24 07:02:22.637 25141 25141 E AndroidRuntime: JNI_CreateJavaVM failed
04-24 07:02:22.938 25142 25142 D AndroidRuntime: 
04-24 07:02:22.938 25142 25142 D AndroidRuntime: >>>>>> AndroidRuntime START com.android.internal.os.RuntimeInit <<<<<<
04-24 07:02:22.938 25142 25142 D AndroidRuntime: CheckJNI is ON
04-24 07:02:22.938 25142 25142 E dalvikvm: ERROR: must specify non-'.' bootclasspath
04-24 07:02:22.938 25142 25142 W dalvikvm: CreateJavaVM failed: dvmClassStartup failed
04-24 07:02:22.938 25142 25142 E AndroidRuntime: JNI_CreateJavaVM failed
