--------- beginning of /dev/log/main
04-24 06:21:31.063  1422  1429 E MP-Decision: num online cores: 2 reqd : 1 available : 4 rq_depth:0.000000 hotplug_avg_load_dw: 29
04-24 06:21:31.063  1422  1429 E MP-Decision: DOWN cpu:1 core_idx:1 Ns:1.100000 Ts:190 total_time_down:343.000000
04-24 06:21:31.963  1422  1429 E MP-Decision: num online cores: 1 reqd : 2 available : 4 rq_depth:1.000000 hotplug_avg_load_dw: 61
04-24 06:21:31.963  1422  1429 E MP-Decision: UP cpu:1 core_idx:1 Nw:1.900000 Tw:140 total_time_up:0.000000
04-24 06:21:32.534 13953 13953 D AndroidRuntime: 
04-24 06:21:32.534 13953 13953 D AndroidRuntime: >>>>>> AndroidRuntime START com.android.internal.os.RuntimeInit <<<<<<
04-24 06:21:32.534 13953 13953 D AndroidRuntime: CheckJNI is ON
04-24 06:21:32.534 13953 13953 E dalvikvm: ERROR: must specify non-'.' bootclasspath
04-24 06:21:32.534 13953 13953 W dalvikvm: CreateJavaVM failed: dvmClassStartup failed
04-24 06:21:32.534 13953 13953 E AndroidRuntime: JNI_CreateJavaVM failed
04-24 06:21:32.874 13954 13954 D AndroidRuntime: 
04-24 06:21:32.874 13954 13954 D AndroidRuntime: >>>>>> AndroidRuntime START com.android.internal.os.RuntimeInit <<<<<<
04-24 06:21:32.874 13954 13954 D AndroidRuntime: CheckJNI is ON
04-24 06:21:32.874 13954 13954 E dalvikvm: ERROR: must specify non-'.' bootclasspath
04-24 06:21:32.874 13954 13954 W dalvikvm: CreateJavaVM failed: dvmClassStartup failed
04-24 06:21:32.874 13954 13954 E AndroidRuntime: JNI_CreateJavaVM failed
04-24 06:21:33.165  1422  1429 E MP-Decision: num online cores: 2 reqd : 1 available : 4 rq_depth:0.000000 hotplug_avg_load_dw: 27
04-24 06:21:33.165  1422  1429 E MP-Decision: DOWN cpu:1 core_idx:1 Ns:1.100000 Ts:190 total_time_down:439.000000
04-24 06:27:00.119   806   810 D dalvikvm: JIT code cache reset in 1 ms (1048432 bytes 1/0)
--------- beginning of /dev/log/system
04-24 06:28:54.369   806   828 I EntropyMixer: Writing entropy...
04-24 06:33:00.166  1422  1429 E MP-Decision: num online cores: 1 reqd : 2 available : 4 rq_depth:3.600000 hotplug_avg_load_dw: 28
04-24 06:33:00.166  1422  1429 E MP-Decision: UP cpu:1 core_idx:1 Nw:1.900000 Tw:140 total_time_up:144.000000
04-24 06:33:00.416  1422  1429 E MP-Decision: num online cores: 2 reqd : 1 available : 4 rq_depth:0.000000 hotplug_avg_load_dw: 20
04-24 06:33:00.416  1422  1429 E MP-Decision: DOWN cpu:1 core_idx:1 Ns:1.100000 Ts:190 total_time_down:195.000000
04-24 06:33:20.125 14141 14141 I olsrd   : Writing '1' (was 1) to /proc/sys/net/ipv4/ip_forward
04-24 06:33:20.125 14141 14141 I olsrd   : Writing '0' (was 1) to /proc/sys/net/ipv4/conf/all/send_redirects
04-24 06:33:20.125 14141 14141 I olsrd   : Writing '0' (was 0) to /proc/sys/net/ipv4/conf/all/rp_filter
04-24 06:33:25.160 14171 14171 I olsrd   : olsr.org -  0.6.6.2-n -git_0000000 -n -hash_ 7985605520f3cae9b305d56e83b35d9c successfully started
04-24 06:39:00.163  1422  1429 E MP-Decision: num online cores: 1 reqd : 2 available : 4 rq_depth:2.700000 hotplug_avg_load_dw: 27
04-24 06:39:00.163  1422  1429 E MP-Decision: UP cpu:1 core_idx:1 Nw:1.900000 Tw:140 total_time_up:145.000000
04-24 06:39:00.523 16321 16321 D AndroidRuntime: 
04-24 06:39:00.523 16321 16321 D AndroidRuntime: >>>>>> AndroidRuntime START com.android.internal.os.RuntimeInit <<<<<<
04-24 06:39:00.523 16321 16321 D AndroidRuntime: CheckJNI is ON
04-24 06:39:00.533 16321 16321 E dalvikvm: ERROR: must specify non-'.' bootclasspath
04-24 06:39:00.533 16321 16321 W dalvikvm: CreateJavaVM failed: dvmClassStartup failed
04-24 06:39:00.533 16321 16321 E AndroidRuntime: JNI_CreateJavaVM failed
04-24 06:39:00.713 14171 14171 I olsrd   : Writing '1' (was 0) to /proc/sys/net/ipv4/conf/all/send_redirects
04-24 06:39:00.713 14171 14171 I olsrd   : olsr.org -  0.6.6.2-n -git_0000000 -n -hash_ 7985605520f3cae9b305d56e83b35d9c stopped
04-24 06:39:01.464  1422  1429 E MP-Decision: num online cores: 2 reqd : 1 available : 4 rq_depth:0.000000 hotplug_avg_load_dw: 16
04-24 06:39:01.464  1422  1429 E MP-Decision: DOWN cpu:1 core_idx:1 Ns:1.100000 Ts:190 total_time_down:48.000000
04-24 06:39:02.065  1422  1429 E MP-Decision: num online cores: 1 reqd : 2 available : 4 rq_depth:1.300000 hotplug_avg_load_dw: 70
04-24 06:39:02.065  1422  1429 E MP-Decision: UP cpu:1 core_idx:1 Nw:1.900000 Tw:140 total_time_up:0.000000
04-24 06:39:02.615 16415 16415 D AndroidRuntime: 
04-24 06:39:02.615 16415 16415 D AndroidRuntime: >>>>>> AndroidRuntime START com.android.internal.os.RuntimeInit <<<<<<
04-24 06:39:02.615 16415 16415 D AndroidRuntime: CheckJNI is ON
04-24 06:39:02.615 16415 16415 E dalvikvm: ERROR: must specify non-'.' bootclasspath
04-24 06:39:02.615 16415 16415 W dalvikvm: CreateJavaVM failed: dvmClassStartup failed
04-24 06:39:02.615 16415 16415 E AndroidRuntime: JNI_CreateJavaVM failed
04-24 06:39:02.895 16416 16416 D AndroidRuntime: 
04-24 06:39:02.895 16416 16416 D AndroidRuntime: >>>>>> AndroidRuntime START com.android.internal.os.RuntimeInit <<<<<<
04-24 06:39:02.895 16416 16416 D AndroidRuntime: CheckJNI is ON
04-24 06:39:02.895 16416 16416 E dalvikvm: ERROR: must specify non-'.' bootclasspath
04-24 06:39:02.895 16416 16416 W dalvikvm: CreateJavaVM failed: dvmClassStartup failed
04-24 06:39:02.895 16416 16416 E AndroidRuntime: JNI_CreateJavaVM failed
