--------- beginning of /dev/log/main
04-24 05:47:18.730  1402  1408 E MP-Decision: num online cores: 2 reqd : 1 available : 4 rq_depth:1.000000 hotplug_avg_load_dw: 26
04-24 05:47:18.730  1402  1408 E MP-Decision: DOWN cpu:1 core_idx:1 Ns:1.100000 Ts:190 total_time_down:237.000000
04-24 05:47:18.860  9128  9128 I olsrd   : Writing '1' (was 1) to /proc/sys/net/ipv4/ip_forward
04-24 05:47:18.860  9128  9128 I olsrd   : Writing '0' (was 1) to /proc/sys/net/ipv4/conf/all/send_redirects
04-24 05:47:18.860  9128  9128 I olsrd   : Writing '0' (was 0) to /proc/sys/net/ipv4/conf/all/rp_filter
04-24 05:47:18.860  9128  9128 I olsrd   : Writing '0' (was 0) to /proc/sys/net/ipv4/conf/wlan0/send_redirects
04-24 05:47:18.860  9128  9128 I olsrd   : Writing '0' (was 0) to /proc/sys/net/ipv4/conf/wlan0/rp_filter
04-24 05:47:18.860  9128  9128 I olsrd   : Adding interface wlan0
04-24 05:47:18.860  9128  9128 I olsrd   : New main address: 10.1.1.28
04-24 05:47:18.870  9129  9129 I olsrd   : olsr.org -  0.6.6.2-n -git_0000000 -n -hash_ 7985605520f3cae9b305d56e83b35d9c successfully started
04-24 05:47:21.362  9145  9145 D dalvikvm: Not late-enabling CheckJNI (already on)
--------- beginning of /dev/log/system
04-24 05:47:21.382   798   816 I ActivityManager: Start proc edu.mit.ll.cbmen.monitor for service edu.mit.ll.cbmen.monitor/.MonitorService: pid=9145 uid=10055 gids={50055, 1015, 3003, 1028}
04-24 05:47:21.462  9145  9145 I MonitorService: onCreate() MonitorService
04-24 05:47:21.462  9145  9145 D AndroidRuntime: Shutting down VM
04-24 05:47:21.472  9145  9145 W dalvikvm: threadid=1: thread exiting with uncaught exception (group=0x416307c0)
04-24 05:47:21.472  9145  9145 E AndroidRuntime: FATAL EXCEPTION: main
04-24 05:47:21.472  9145  9145 E AndroidRuntime: java.lang.RuntimeException: Unable to start service edu.mit.ll.cbmen.monitor.MonitorService@418ae8f0 with null: java.lang.NullPointerException
04-24 05:47:21.472  9145  9145 E AndroidRuntime: 	at android.app.ActivityThread.handleServiceArgs(ActivityThread.java:2849)
04-24 05:47:21.472  9145  9145 E AndroidRuntime: 	at android.app.ActivityThread.access$1900(ActivityThread.java:153)
04-24 05:47:21.472  9145  9145 E AndroidRuntime: 	at android.app.ActivityThread$H.handleMessage(ActivityThread.java:1366)
04-24 05:47:21.472  9145  9145 E AndroidRuntime: 	at android.os.Handler.dispatchMessage(Handler.java:99)
04-24 05:47:21.472  9145  9145 E AndroidRuntime: 	at android.os.Looper.loop(Looper.java:137)
04-24 05:47:21.472  9145  9145 E AndroidRuntime: 	at android.app.ActivityThread.main(ActivityThread.java:5289)
04-24 05:47:21.472  9145  9145 E AndroidRuntime: 	at java.lang.reflect.Method.invokeNative(Native Method)
04-24 05:47:21.472  9145  9145 E AndroidRuntime: 	at java.lang.reflect.Method.invoke(Method.java:525)
04-24 05:47:21.472  9145  9145 E AndroidRuntime: 	at com.android.internal.os.ZygoteInit$MethodAndArgsCaller.run(ZygoteInit.java:739)
04-24 05:47:21.472  9145  9145 E AndroidRuntime: 	at com.android.internal.os.ZygoteInit.main(ZygoteInit.java:555)
04-24 05:47:21.472  9145  9145 E AndroidRuntime: 	at dalvik.system.NativeStart.main(Native Method)
04-24 05:47:21.472  9145  9145 E AndroidRuntime: Caused by: java.lang.NullPointerException
04-24 05:47:21.472  9145  9145 E AndroidRuntime: 	at edu.mit.ll.cbmen.monitor.MonitorService.onStartCommand(MonitorService.java:773)
04-24 05:47:21.472  9145  9145 E AndroidRuntime: 	at android.app.ActivityThread.handleServiceArgs(ActivityThread.java:2832)
04-24 05:47:21.472  9145  9145 E AndroidRuntime: 	... 10 more
04-24 05:47:21.472  9145  9145 I Process : Sending signal. PID: 9145 SIG: 9
04-24 05:47:21.482  1402  1408 E MP-Decision: num online cores: 1 reqd : 2 available : 4 rq_depth:2.500000 hotplug_avg_load_dw: 26
04-24 05:47:21.482  1402  1408 E MP-Decision: UP cpu:1 core_idx:1 Nw:1.900000 Tw:140 total_time_up:145.000000
04-24 05:47:21.492   798  1174 I ActivityManager: Process edu.mit.ll.cbmen.monitor (pid 9145) has died.
04-24 05:47:21.492   798  1174 W ActivityManager: Scheduling restart of crashed service edu.mit.ll.cbmen.monitor/.MonitorService in 20000ms
04-24 05:47:21.642  1402  1408 E MP-Decision: num online cores: 2 reqd : 1 available : 4 rq_depth:0.000000 hotplug_avg_load_dw: 7
04-24 05:47:21.642  1402  1408 E MP-Decision: DOWN cpu:1 core_idx:1 Ns:1.100000 Ts:190 total_time_down:146.000000
04-24 05:47:41.542  9298  9298 D dalvikvm: Not late-enabling CheckJNI (already on)
04-24 05:47:41.552   798   816 I ActivityManager: Start proc edu.mit.ll.cbmen.monitor for service edu.mit.ll.cbmen.monitor/.MonitorService: pid=9298 uid=10055 gids={50055, 1015, 3003, 1028}
04-24 05:47:41.632  9298  9298 I MonitorService: onCreate() MonitorService
04-24 05:47:41.632  9298  9298 D AndroidRuntime: Shutting down VM
04-24 05:47:41.632  9298  9298 W dalvikvm: threadid=1: thread exiting with uncaught exception (group=0x416307c0)
04-24 05:47:41.642  9298  9298 I Process : Sending signal. PID: 9298 SIG: 9
04-24 05:47:41.642  9298  9298 E AndroidRuntime: FATAL EXCEPTION: main
04-24 05:47:41.642  9298  9298 E AndroidRuntime: java.lang.RuntimeException: Unable to start service edu.mit.ll.cbmen.monitor.MonitorService@418af888 with null: java.lang.NullPointerException
04-24 05:47:41.642  9298  9298 E AndroidRuntime: 	at android.app.ActivityThread.handleServiceArgs(ActivityThread.java:2849)
04-24 05:47:41.642  9298  9298 E AndroidRuntime: 	at android.app.ActivityThread.access$1900(ActivityThread.java:153)
04-24 05:47:41.642  9298  9298 E AndroidRuntime: 	at android.app.ActivityThread$H.handleMessage(ActivityThread.java:1366)
04-24 05:47:41.642  9298  9298 E AndroidRuntime: 	at android.os.Handler.dispatchMessage(Handler.java:99)
04-24 05:47:41.642  9298  9298 E AndroidRuntime: 	at android.os.Looper.loop(Looper.java:137)
04-24 05:47:41.642  9298  9298 E AndroidRuntime: 	at android.app.ActivityThread.main(ActivityThread.java:5289)
04-24 05:47:41.642  9298  9298 E AndroidRuntime: 	at java.lang.reflect.Method.invokeNative(Native Method)
04-24 05:47:41.642  9298  9298 E AndroidRuntime: 	at java.lang.reflect.Method.invoke(Method.java:525)
04-24 05:47:41.642  9298  9298 E AndroidRuntime: 	at com.android.internal.os.ZygoteInit$MethodAndArgsCaller.run(ZygoteInit.java:739)
04-24 05:47:41.642  9298  9298 E AndroidRuntime: 	at com.android.internal.os.ZygoteInit.main(ZygoteInit.java:555)
04-24 05:47:41.642  9298  9298 E AndroidRuntime: 	at dalvik.system.NativeStart.main(Native Method)
04-24 05:47:41.642  9298  9298 E AndroidRuntime: Caused by: java.lang.NullPointerException
04-24 05:47:41.642  9298  9298 E AndroidRuntime: 	at edu.mit.ll.cbmen.monitor.MonitorService.onStartCommand(MonitorService.java:773)
04-24 05:47:41.642  9298  9298 E AndroidRuntime: 	at android.app.ActivityThread.handleServiceArgs(ActivityThread.java:2832)
04-24 05:47:41.642  9298  9298 E AndroidRuntime: 	... 10 more
04-24 05:47:41.652   798  1091 I ActivityManager: Process edu.mit.ll.cbmen.monitor (pid 9298) has died.
04-24 05:47:41.652   798  1091 W ActivityManager: Service crashed 2 times, stopping: ServiceRecord{4203d418 u0 edu.mit.ll.cbmen.monitor/.MonitorService}
04-24 05:47:41.662  1402  1408 E MP-Decision: num online cores: 1 reqd : 2 available : 4 rq_depth:2.500000 hotplug_avg_load_dw: 30
04-24 05:47:41.662  1402  1408 E MP-Decision: UP cpu:1 core_idx:1 Nw:1.900000 Tw:140 total_time_up:145.000000
04-24 05:47:41.762  1402  1408 E MP-Decision: num online cores: 2 reqd : 1 available : 4 rq_depth:0.000000 hotplug_avg_load_dw: 13
04-24 05:47:41.762  1402  1408 E MP-Decision: DOWN cpu:1 core_idx:1 Ns:1.100000 Ts:190 total_time_down:96.000000
04-24 05:48:00.110  1402  1408 E MP-Decision: num online cores: 1 reqd : 2 available : 4 rq_depth:3.500000 hotplug_avg_load_dw: 24
04-24 05:48:00.110  1402  1408 E MP-Decision: UP cpu:1 core_idx:1 Nw:1.900000 Tw:140 total_time_up:145.000000
04-24 05:48:00.330  1402  1408 E MP-Decision: num online cores: 2 reqd : 1 available : 4 rq_depth:0.000000 hotplug_avg_load_dw: 2
04-24 05:48:00.330  1402  1408 E MP-Decision: DOWN cpu:1 core_idx:1 Ns:1.100000 Ts:190 total_time_down:216.000000
04-24 05:52:20.311  1402  1408 E MP-Decision: num online cores: 1 reqd : 2 available : 4 rq_depth:1.000000 hotplug_avg_load_dw: 67
04-24 05:52:20.311  1402  1408 E MP-Decision: UP cpu:1 core_idx:1 Nw:1.900000 Tw:140 total_time_up:0.000000
04-24 05:52:20.541 11095 11095 D AndroidRuntime: 
04-24 05:52:20.541 11095 11095 D AndroidRuntime: >>>>>> AndroidRuntime START com.android.internal.os.RuntimeInit <<<<<<
04-24 05:52:20.541 11095 11095 D AndroidRuntime: CheckJNI is ON
04-24 05:52:20.541 11095 11095 E dalvikvm: ERROR: must specify non-'.' bootclasspath
04-24 05:52:20.541 11095 11095 W dalvikvm: CreateJavaVM failed: dvmClassStartup failed
04-24 05:52:20.541 11095 11095 E AndroidRuntime: JNI_CreateJavaVM failed
04-24 05:52:20.671  9129  9129 I olsrd   : Writing '1' (was 0) to /proc/sys/net/ipv4/conf/all/send_redirects
04-24 05:52:20.671  9129  9129 I olsrd   : olsr.org -  0.6.6.2-n -git_0000000 -n -hash_ 7985605520f3cae9b305d56e83b35d9c stopped
04-24 05:52:21.332  1402  1408 E MP-Decision: num online cores: 2 reqd : 1 available : 4 rq_depth:1.100000 hotplug_avg_load_dw: 20
04-24 05:52:21.332  1402  1408 E MP-Decision: DOWN cpu:1 core_idx:1 Ns:1.100000 Ts:190 total_time_down:204.000000
04-24 05:52:21.953  1402  1408 E MP-Decision: num online cores: 1 reqd : 2 available : 4 rq_depth:1.300000 hotplug_avg_load_dw: 70
04-24 05:52:21.953  1402  1408 E MP-Decision: UP cpu:1 core_idx:1 Nw:1.900000 Tw:140 total_time_up:0.000000
04-24 05:52:22.593 11194 11194 D AndroidRuntime: 
04-24 05:52:22.593 11194 11194 D AndroidRuntime: >>>>>> AndroidRuntime START com.android.internal.os.RuntimeInit <<<<<<
04-24 05:52:22.593 11194 11194 D AndroidRuntime: CheckJNI is ON
04-24 05:52:22.593 11194 11194 E dalvikvm: ERROR: must specify non-'.' bootclasspath
04-24 05:52:22.593 11194 11194 W dalvikvm: CreateJavaVM failed: dvmClassStartup failed
04-24 05:52:22.593 11194 11194 E AndroidRuntime: JNI_CreateJavaVM failed
04-24 05:52:22.944 11195 11195 D AndroidRuntime: 
04-24 05:52:22.944 11195 11195 D AndroidRuntime: >>>>>> AndroidRuntime START com.android.internal.os.RuntimeInit <<<<<<
04-24 05:52:22.944 11195 11195 D AndroidRuntime: CheckJNI is ON
04-24 05:52:22.944 11195 11195 E dalvikvm: ERROR: must specify non-'.' bootclasspath
04-24 05:52:22.944 11195 11195 W dalvikvm: CreateJavaVM failed: dvmClassStartup failed
04-24 05:52:22.944 11195 11195 E AndroidRuntime: JNI_CreateJavaVM failed
