--------- beginning of /dev/log/main
04-24 05:58:11.581  1397  1406 E MP-Decision: num online cores: 2 reqd : 1 available : 4 rq_depth:0.000000 hotplug_avg_load_dw: 23
04-24 05:58:11.581  1397  1406 E MP-Decision: DOWN cpu:1 core_idx:1 Ns:1.100000 Ts:190 total_time_down:993.000000
04-24 05:58:11.832  1397  1406 E MP-Decision: num online cores: 1 reqd : 2 available : 4 rq_depth:1.000000 hotplug_avg_load_dw: 64
04-24 05:58:11.832  1397  1406 E MP-Decision: UP cpu:1 core_idx:1 Nw:1.900000 Tw:140 total_time_up:0.000000
04-24 05:58:12.442 11301 11301 D AndroidRuntime: 
04-24 05:58:12.442 11301 11301 D AndroidRuntime: >>>>>> AndroidRuntime START com.android.internal.os.RuntimeInit <<<<<<
04-24 05:58:12.442 11301 11301 D AndroidRuntime: CheckJNI is ON
04-24 05:58:12.452 11301 11301 E dalvikvm: ERROR: must specify non-'.' bootclasspath
04-24 05:58:12.452 11301 11301 W dalvikvm: CreateJavaVM failed: dvmClassStartup failed
04-24 05:58:12.452 11301 11301 E AndroidRuntime: JNI_CreateJavaVM failed
04-24 05:58:12.772 11302 11302 D AndroidRuntime: 
04-24 05:58:12.772 11302 11302 D AndroidRuntime: >>>>>> AndroidRuntime START com.android.internal.os.RuntimeInit <<<<<<
04-24 05:58:12.772 11302 11302 D AndroidRuntime: CheckJNI is ON
04-24 05:58:12.772 11302 11302 E dalvikvm: ERROR: must specify non-'.' bootclasspath
04-24 05:58:12.772 11302 11302 W dalvikvm: CreateJavaVM failed: dvmClassStartup failed
04-24 05:58:12.772 11302 11302 E AndroidRuntime: JNI_CreateJavaVM failed
04-24 05:58:13.643  1397  1406 E MP-Decision: num online cores: 2 reqd : 1 available : 4 rq_depth:0.000000 hotplug_avg_load_dw: 25
04-24 05:58:13.643  1397  1406 E MP-Decision: DOWN cpu:1 core_idx:1 Ns:1.100000 Ts:190 total_time_down:697.000000
04-24 06:10:00.158  1397  1406 E MP-Decision: num online cores: 1 reqd : 2 available : 4 rq_depth:3.100000 hotplug_avg_load_dw: 28
04-24 06:10:00.158  1397  1406 E MP-Decision: UP cpu:1 core_idx:1 Nw:1.900000 Tw:140 total_time_up:145.000000
04-24 06:10:00.158 11481 11481 I olsrd   : Writing '1' (was 1) to /proc/sys/net/ipv4/ip_forward
04-24 06:10:00.158 11481 11481 I olsrd   : Writing '0' (was 1) to /proc/sys/net/ipv4/conf/all/send_redirects
04-24 06:10:00.158 11481 11481 I olsrd   : Writing '0' (was 0) to /proc/sys/net/ipv4/conf/all/rp_filter
04-24 06:10:00.158 11481 11481 I olsrd   : Writing '0' (was 0) to /proc/sys/net/ipv4/conf/wlan0/send_redirects
04-24 06:10:00.158 11481 11481 I olsrd   : Writing '0' (was 0) to /proc/sys/net/ipv4/conf/wlan0/rp_filter
04-24 06:10:00.158 11481 11481 I olsrd   : Adding interface wlan0
04-24 06:10:00.158 11481 11481 I olsrd   : New main address: 10.1.1.27
04-24 06:10:00.168 11486 11486 I olsrd   : olsr.org -  0.6.6.2-n -git_0000000 -n -hash_ 7985605520f3cae9b305d56e83b35d9c successfully started
04-24 06:10:00.818  1397  1406 E MP-Decision: num online cores: 2 reqd : 1 available : 4 rq_depth:0.000000 hotplug_avg_load_dw: 0
04-24 06:10:00.818  1397  1406 E MP-Decision: DOWN cpu:1 core_idx:1 Ns:1.100000 Ts:190 total_time_down:657.000000
--------- beginning of /dev/log/system
04-24 06:10:05.043   783   804 W ProcessStats: Skipping unknown process pid 11518
04-24 06:10:05.043   783   804 W ProcessStats: Skipping unknown process pid 11519
04-24 06:10:05.043   783   804 W ProcessStats: Skipping unknown process pid 11520
04-24 06:13:31.262   783   804 W BroadcastQueue: Timeout of broadcast BroadcastRecord{424df738 u0 com.android.server.action.NETWORK_STATS_POLL} - receiver=android.app.LoadedApk$ReceiverDispatcher$InnerReceiver@42355d40, started 60016ms ago
04-24 06:13:31.262   783   804 W BroadcastQueue: Receiver during timeout: BroadcastFilter{42312670 u0 ReceiverList{423152c0 783 system/1000/u0 local:42355d40}}
04-24 06:15:36.634   929   929 E kickstart: Total bytes received so far: 48
04-24 06:15:36.634   929   929 E kickstart: EVENT: RECEIVED <-- SAHARA_HELLO
04-24 06:15:36.634   929   929 E kickstart: EVENT: SENDING --> SAHARA_HELLO_RESPONSE
04-24 06:15:36.634   929   929 E kickstart: EVENT: sahara_mode                         = 2
04-24 06:15:36.634   929   929 E kickstart: EVENT: m_comm->sahara_hello_packet_rx.mode = 2
04-24 06:15:36.634   929   929 E kickstart: EVENT: helloRx.mode                        = 2
04-24 06:15:36.644   929   929 E kickstart: Total bytes received so far: 64
04-24 06:15:36.644   929   929 E kickstart: EVENT: RECEIVED <-- SAHARA_MEMORY_DEBUG
04-24 06:15:36.644   929   929 E kickstart: Total bytes received so far: 116
04-24 06:15:36.644   929   929 E kickstart: EVENT: 0x46980000, len=000C0000, "m9kefs2", ""
04-24 06:15:36.644   929   929 E kickstart: EVENT: STATE <-- SAHARA_WAIT_MEMORY_REGION
04-24 06:15:36.644   929   929 E kickstart: EVENT: Saving "/dev/block/platform/msm_sdcc.1/by-name/m9kefs2"
04-24 06:15:36.734   929   929 E kickstart: Total bytes received so far: 786548
04-24 06:15:36.734   929   929 E kickstart: EVENT: Received: 786432 bytes
04-24 06:15:36.734   929   929 E kickstart: EVENT: Writing to disk
04-24 06:15:36.744   929   929 E kickstart: EVENT: Successfully wrote to disk
04-24 06:15:36.744   929   929 E kickstart: Received file "m9kefs2"
04-24 06:15:36.794   929   929 E kickstart: Sync finish Received file "m9kefs2"
04-24 06:15:36.794   929   929 E kickstart: 786432 bytes transferred in 0.134s (5.60 MBps)
04-24 06:15:36.794   929   929 E kickstart: EVENT: num_debug_entries not >=0
04-24 06:15:36.794   929   929 E kickstart: Successfully downloaded files from target 
04-24 06:15:36.794   929   929 E kickstart: EVENT: SENDING --> SAHARA_RESET
04-24 06:15:36.794   929   929 E kickstart: Total bytes received so far: 786556
04-24 06:15:36.794   929   929 E kickstart: EVENT: RECEIVED <-- SAHARA_RESET_RESP
04-24 06:15:36.794   929   929 E kickstart: Sahara protocol completed
04-24 06:15:36.794   929   929 E kickstart: EVENT: STATE <-- SAHARA_WAIT_HELLO
04-24 06:15:39.857   309   729 D MDnsDS  : MDnsSdListener::Monitor poll timed out
04-24 06:15:39.857   309   729 D MDnsDS  : Going to poll with pollCount 1
04-24 06:15:40.247  1397  1406 E MP-Decision: num online cores: 1 reqd : 2 available : 4 rq_depth:1.000000 hotplug_avg_load_dw: 59
04-24 06:15:40.247  1397  1406 E MP-Decision: UP cpu:1 core_idx:1 Nw:1.900000 Tw:140 total_time_up:0.000000
04-24 06:15:40.458 13665 13665 D AndroidRuntime: 
04-24 06:15:40.458 13665 13665 D AndroidRuntime: >>>>>> AndroidRuntime START com.android.internal.os.RuntimeInit <<<<<<
04-24 06:15:40.458 13665 13665 D AndroidRuntime: CheckJNI is ON
04-24 06:15:40.458 13665 13665 E dalvikvm: ERROR: must specify non-'.' bootclasspath
04-24 06:15:40.458 13665 13665 W dalvikvm: CreateJavaVM failed: dvmClassStartup failed
04-24 06:15:40.458 13665 13665 E AndroidRuntime: JNI_CreateJavaVM failed
04-24 06:15:40.608 11486 11486 I olsrd   : Writing '1' (was 0) to /proc/sys/net/ipv4/conf/all/send_redirects
04-24 06:15:40.608 11486 11486 I olsrd   : olsr.org -  0.6.6.2-n -git_0000000 -n -hash_ 7985605520f3cae9b305d56e83b35d9c stopped
04-24 06:15:41.448  1397  1406 E MP-Decision: num online cores: 2 reqd : 1 available : 4 rq_depth:0.000000 hotplug_avg_load_dw: 22
04-24 06:15:41.448  1397  1406 E MP-Decision: DOWN cpu:1 core_idx:1 Ns:1.100000 Ts:190 total_time_down:245.000000
04-24 06:15:41.939  1397  1406 E MP-Decision: num online cores: 1 reqd : 2 available : 4 rq_depth:1.400000 hotplug_avg_load_dw: 70
04-24 06:15:41.939  1397  1406 E MP-Decision: UP cpu:1 core_idx:1 Nw:1.900000 Tw:140 total_time_up:0.000000
04-24 06:15:42.580 13764 13764 D AndroidRuntime: 
04-24 06:15:42.580 13764 13764 D AndroidRuntime: >>>>>> AndroidRuntime START com.android.internal.os.RuntimeInit <<<<<<
04-24 06:15:42.580 13764 13764 D AndroidRuntime: CheckJNI is ON
04-24 06:15:42.580 13764 13764 E dalvikvm: ERROR: must specify non-'.' bootclasspath
04-24 06:15:42.580 13764 13764 W dalvikvm: CreateJavaVM failed: dvmClassStartup failed
04-24 06:15:42.580 13764 13764 E AndroidRuntime: JNI_CreateJavaVM failed
04-24 06:15:42.920 13765 13765 D AndroidRuntime: 
04-24 06:15:42.920 13765 13765 D AndroidRuntime: >>>>>> AndroidRuntime START com.android.internal.os.RuntimeInit <<<<<<
04-24 06:15:42.920 13765 13765 D AndroidRuntime: CheckJNI is ON
04-24 06:15:42.920 13765 13765 E dalvikvm: ERROR: must specify non-'.' bootclasspath
04-24 06:15:42.920 13765 13765 W dalvikvm: CreateJavaVM failed: dvmClassStartup failed
04-24 06:15:42.920 13765 13765 E AndroidRuntime: JNI_CreateJavaVM failed
