--------- beginning of /dev/log/main
04-24 06:39:01.788  1422  1432 E MP-Decision: num online cores: 2 reqd : 1 available : 4 rq_depth:0.000000 hotplug_avg_load_dw: 19
04-24 06:39:01.788  1422  1432 E MP-Decision: DOWN cpu:1 core_idx:1 Ns:1.100000 Ts:190 total_time_down:978.000000
04-24 06:39:02.038  1422  1432 E MP-Decision: num online cores: 1 reqd : 2 available : 4 rq_depth:1.000000 hotplug_avg_load_dw: 62
04-24 06:39:02.038  1422  1432 E MP-Decision: UP cpu:1 core_idx:1 Nw:1.900000 Tw:140 total_time_up:0.000000
04-24 06:39:02.599 19900 19900 D AndroidRuntime: 
04-24 06:39:02.599 19900 19900 D AndroidRuntime: >>>>>> AndroidRuntime START com.android.internal.os.RuntimeInit <<<<<<
04-24 06:39:02.599 19900 19900 D AndroidRuntime: CheckJNI is ON
04-24 06:39:02.599 19900 19900 E dalvikvm: ERROR: must specify non-'.' bootclasspath
04-24 06:39:02.599 19900 19900 W dalvikvm: CreateJavaVM failed: dvmClassStartup failed
04-24 06:39:02.599 19900 19900 E AndroidRuntime: JNI_CreateJavaVM failed
04-24 06:39:02.929 19901 19901 D AndroidRuntime: 
04-24 06:39:02.929 19901 19901 D AndroidRuntime: >>>>>> AndroidRuntime START com.android.internal.os.RuntimeInit <<<<<<
04-24 06:39:02.929 19901 19901 D AndroidRuntime: CheckJNI is ON
04-24 06:39:02.929 19901 19901 E dalvikvm: ERROR: must specify non-'.' bootclasspath
04-24 06:39:02.929 19901 19901 W dalvikvm: CreateJavaVM failed: dvmClassStartup failed
04-24 06:39:02.929 19901 19901 E AndroidRuntime: JNI_CreateJavaVM failed
04-24 06:39:04.731  1422  1432 E MP-Decision: num online cores: 2 reqd : 1 available : 4 rq_depth:0.000000 hotplug_avg_load_dw: 25
04-24 06:39:04.731  1422  1432 E MP-Decision: DOWN cpu:1 core_idx:1 Ns:1.100000 Ts:190 total_time_down:2660.000000
--------- beginning of /dev/log/system
04-24 06:49:45.188   804   828 W BroadcastQueue: Timeout of broadcast BroadcastRecord{41e09d30 u0 com.android.server.action.NETWORK_STATS_POLL} - receiver=android.app.LoadedApk$ReceiverDispatcher$InnerReceiver@41ba2eb0, started 60047ms ago
04-24 06:49:45.188   804   828 W BroadcastQueue: Receiver during timeout: BroadcastFilter{41af9330 u0 ReceiverList{41b092a8 804 system/1000/u0 local:41ba2eb0}}
04-24 06:56:40.098 20079 20079 I olsrd   : Writing '1' (was 1) to /proc/sys/net/ipv4/ip_forward
04-24 06:56:40.098 20079 20079 I olsrd   : Writing '0' (was 1) to /proc/sys/net/ipv4/conf/all/send_redirects
04-24 06:56:40.108 20079 20079 I olsrd   : Writing '0' (was 0) to /proc/sys/net/ipv4/conf/all/rp_filter
04-24 06:56:40.108 20079 20079 I olsrd   : Writing '0' (was 0) to /proc/sys/net/ipv4/conf/wlan0/send_redirects
04-24 06:56:40.108 20079 20079 I olsrd   : Writing '0' (was 0) to /proc/sys/net/ipv4/conf/wlan0/rp_filter
04-24 06:56:40.108 20079 20079 I olsrd   : Adding interface wlan0
04-24 06:56:40.108 20079 20079 I olsrd   : New main address: 10.1.1.32
04-24 06:56:40.108 20084 20084 I olsrd   : olsr.org -  0.6.6.2-n -git_0000000 -n -hash_ 7985605520f3cae9b305d56e83b35d9c successfully started
04-24 07:02:20.236  1422  1432 E MP-Decision: num online cores: 1 reqd : 2 available : 4 rq_depth:1.000000 hotplug_avg_load_dw: 64
04-24 07:02:20.236  1422  1432 E MP-Decision: UP cpu:1 core_idx:1 Nw:1.900000 Tw:140 total_time_up:0.000000
04-24 07:02:20.416 22948 22948 D AndroidRuntime: 
04-24 07:02:20.416 22948 22948 D AndroidRuntime: >>>>>> AndroidRuntime START com.android.internal.os.RuntimeInit <<<<<<
04-24 07:02:20.416 22948 22948 D AndroidRuntime: CheckJNI is ON
04-24 07:02:20.416 22948 22948 E dalvikvm: ERROR: must specify non-'.' bootclasspath
04-24 07:02:20.416 22948 22948 W dalvikvm: CreateJavaVM failed: dvmClassStartup failed
04-24 07:02:20.416 22948 22948 E AndroidRuntime: JNI_CreateJavaVM failed
04-24 07:02:20.606 20084 20084 I olsrd   : Writing '1' (was 0) to /proc/sys/net/ipv4/conf/all/send_redirects
04-24 07:02:20.606 20084 20084 I olsrd   : olsr.org -  0.6.6.2-n -git_0000000 -n -hash_ 7985605520f3cae9b305d56e83b35d9c stopped
04-24 07:02:21.717  1422  1432 E MP-Decision: num online cores: 2 reqd : 1 available : 4 rq_depth:1.000000 hotplug_avg_load_dw: 26
04-24 07:02:21.717  1422  1432 E MP-Decision: DOWN cpu:1 core_idx:1 Ns:1.100000 Ts:190 total_time_down:1019.000000
04-24 07:02:21.968  1422  1432 E MP-Decision: num online cores: 1 reqd : 2 available : 4 rq_depth:1.400000 hotplug_avg_load_dw: 63
04-24 07:02:21.968  1422  1432 E MP-Decision: UP cpu:1 core_idx:1 Nw:1.900000 Tw:140 total_time_up:0.000000
04-24 07:02:22.488 23010 23010 D AndroidRuntime: 
04-24 07:02:22.488 23010 23010 D AndroidRuntime: >>>>>> AndroidRuntime START com.android.internal.os.RuntimeInit <<<<<<
04-24 07:02:22.488 23010 23010 D AndroidRuntime: CheckJNI is ON
04-24 07:02:22.488 23010 23010 E dalvikvm: ERROR: must specify non-'.' bootclasspath
04-24 07:02:22.488 23010 23010 W dalvikvm: CreateJavaVM failed: dvmClassStartup failed
04-24 07:02:22.488 23010 23010 E AndroidRuntime: JNI_CreateJavaVM failed
04-24 07:02:22.818 23012 23012 D AndroidRuntime: 
04-24 07:02:22.818 23012 23012 D AndroidRuntime: >>>>>> AndroidRuntime START com.android.internal.os.RuntimeInit <<<<<<
04-24 07:02:22.818 23012 23012 D AndroidRuntime: CheckJNI is ON
04-24 07:02:22.818 23012 23012 E dalvikvm: ERROR: must specify non-'.' bootclasspath
04-24 07:02:22.818 23012 23012 W dalvikvm: CreateJavaVM failed: dvmClassStartup failed
04-24 07:02:22.818 23012 23012 E AndroidRuntime: JNI_CreateJavaVM failed
