--------- beginning of /dev/log/main
04-24 05:52:21.542  1425  1430 E MP-Decision: num online cores: 2 reqd : 1 available : 4 rq_depth:0.000000 hotplug_avg_load_dw: 25
04-24 05:52:21.542  1425  1430 E MP-Decision: DOWN cpu:1 core_idx:1 Ns:1.100000 Ts:190 total_time_down:705.000000
04-24 05:52:21.842  1425  1430 E MP-Decision: num online cores: 1 reqd : 2 available : 4 rq_depth:1.000000 hotplug_avg_load_dw: 62
04-24 05:52:21.842  1425  1430 E MP-Decision: UP cpu:1 core_idx:1 Nw:1.900000 Tw:140 total_time_up:0.000000
04-24 05:52:22.463 13610 13610 D AndroidRuntime: 
04-24 05:52:22.463 13610 13610 D AndroidRuntime: >>>>>> AndroidRuntime START com.android.internal.os.RuntimeInit <<<<<<
04-24 05:52:22.463 13610 13610 D AndroidRuntime: CheckJNI is ON
04-24 05:52:22.463 13610 13610 E dalvikvm: ERROR: must specify non-'.' bootclasspath
04-24 05:52:22.463 13610 13610 W dalvikvm: CreateJavaVM failed: dvmClassStartup failed
04-24 05:52:22.463 13610 13610 E AndroidRuntime: JNI_CreateJavaVM failed
04-24 05:52:22.783 13611 13611 D AndroidRuntime: 
04-24 05:52:22.783 13611 13611 D AndroidRuntime: >>>>>> AndroidRuntime START com.android.internal.os.RuntimeInit <<<<<<
04-24 05:52:22.783 13611 13611 D AndroidRuntime: CheckJNI is ON
04-24 05:52:22.783 13611 13611 E dalvikvm: ERROR: must specify non-'.' bootclasspath
04-24 05:52:22.783 13611 13611 W dalvikvm: CreateJavaVM failed: dvmClassStartup failed
04-24 05:52:22.783 13611 13611 E AndroidRuntime: JNI_CreateJavaVM failed
04-24 05:52:25.686  1425  1430 E MP-Decision: num online cores: 2 reqd : 1 available : 4 rq_depth:0.000000 hotplug_avg_load_dw: 15
04-24 05:52:25.686  1425  1430 E MP-Decision: DOWN cpu:1 core_idx:1 Ns:1.100000 Ts:190 total_time_down:2834.000000
04-24 06:10:00.101 13791 13791 I olsrd   : Writing '1' (was 1) to /proc/sys/net/ipv4/ip_forward
04-24 06:10:00.101 13791 13791 I olsrd   : Writing '0' (was 1) to /proc/sys/net/ipv4/conf/all/send_redirects
04-24 06:10:00.101 13791 13791 I olsrd   : Writing '0' (was 0) to /proc/sys/net/ipv4/conf/all/rp_filter
04-24 06:10:00.101 13791 13791 I olsrd   : Writing '0' (was 0) to /proc/sys/net/ipv4/conf/wlan0/send_redirects
04-24 06:10:00.101 13791 13791 I olsrd   : Writing '0' (was 0) to /proc/sys/net/ipv4/conf/wlan0/rp_filter
04-24 06:10:00.101 13791 13791 I olsrd   : Adding interface wlan0
04-24 06:10:00.101 13791 13791 I olsrd   : New main address: 10.1.1.38
04-24 06:10:00.111 13796 13796 I olsrd   : olsr.org -  0.6.6.2-n -git_0000000 -n -hash_ 7985605520f3cae9b305d56e83b35d9c successfully started
04-24 06:15:40.199  1425  1430 E MP-Decision: num online cores: 1 reqd : 2 available : 4 rq_depth:3.000000 hotplug_avg_load_dw: 35
04-24 06:15:40.199  1425  1430 E MP-Decision: UP cpu:1 core_idx:1 Nw:1.900000 Tw:140 total_time_up:146.000000
04-24 06:15:40.599 16658 16658 D AndroidRuntime: 
04-24 06:15:40.599 16658 16658 D AndroidRuntime: >>>>>> AndroidRuntime START com.android.internal.os.RuntimeInit <<<<<<
04-24 06:15:40.599 16658 16658 D AndroidRuntime: CheckJNI is ON
04-24 06:15:40.599 16658 16658 E dalvikvm: ERROR: must specify non-'.' bootclasspath
04-24 06:15:40.599 16658 16658 W dalvikvm: CreateJavaVM failed: dvmClassStartup failed
04-24 06:15:40.599 16658 16658 E AndroidRuntime: JNI_CreateJavaVM failed
04-24 06:15:40.779 13796 13796 I olsrd   : Writing '1' (was 0) to /proc/sys/net/ipv4/conf/all/send_redirects
04-24 06:15:40.779 13796 13796 I olsrd   : olsr.org -  0.6.6.2-n -git_0000000 -n -hash_ 7985605520f3cae9b305d56e83b35d9c stopped
04-24 06:15:41.900  1425  1430 E MP-Decision: num online cores: 2 reqd : 1 available : 4 rq_depth:1.000000 hotplug_avg_load_dw: 29
04-24 06:15:41.900  1425  1430 E MP-Decision: DOWN cpu:1 core_idx:1 Ns:1.100000 Ts:190 total_time_down:846.000000
04-24 06:15:42.161  1425  1430 E MP-Decision: num online cores: 1 reqd : 2 available : 4 rq_depth:0.000000 hotplug_avg_load_dw: 63
04-24 06:15:42.161  1425  1430 E MP-Decision: UP cpu:1 core_idx:1 Nw:1.900000 Tw:140 total_time_up:0.000000
04-24 06:15:42.671 16720 16720 D AndroidRuntime: 
04-24 06:15:42.671 16720 16720 D AndroidRuntime: >>>>>> AndroidRuntime START com.android.internal.os.RuntimeInit <<<<<<
04-24 06:15:42.671 16720 16720 D AndroidRuntime: CheckJNI is ON
04-24 06:15:42.671 16720 16720 E dalvikvm: ERROR: must specify non-'.' bootclasspath
04-24 06:15:42.671 16720 16720 W dalvikvm: CreateJavaVM failed: dvmClassStartup failed
04-24 06:15:42.671 16720 16720 E AndroidRuntime: JNI_CreateJavaVM failed
04-24 06:15:43.011 16722 16722 D AndroidRuntime: 
04-24 06:15:43.011 16722 16722 D AndroidRuntime: >>>>>> AndroidRuntime START com.android.internal.os.RuntimeInit <<<<<<
04-24 06:15:43.011 16722 16722 D AndroidRuntime: CheckJNI is ON
04-24 06:15:43.011 16722 16722 E dalvikvm: ERROR: must specify non-'.' bootclasspath
04-24 06:15:43.011 16722 16722 W dalvikvm: CreateJavaVM failed: dvmClassStartup failed
04-24 06:15:43.011 16722 16722 E AndroidRuntime: JNI_CreateJavaVM failed
