--------- beginning of /dev/log/main
04-24 05:52:21.065  1412  1419 E MP-Decision: num online cores: 2 reqd : 1 available : 4 rq_depth:0.000000 hotplug_avg_load_dw: 15
04-24 05:52:21.065  1412  1419 E MP-Decision: DOWN cpu:1 core_idx:1 Ns:1.100000 Ts:190 total_time_down:392.000000
04-24 05:52:21.856  1412  1419 E MP-Decision: num online cores: 1 reqd : 2 available : 4 rq_depth:1.000000 hotplug_avg_load_dw: 67
04-24 05:52:21.856  1412  1419 E MP-Decision: UP cpu:1 core_idx:1 Nw:1.900000 Tw:140 total_time_up:0.000000
04-24 05:52:22.406 13660 13660 D AndroidRuntime: 
04-24 05:52:22.406 13660 13660 D AndroidRuntime: >>>>>> AndroidRuntime START com.android.internal.os.RuntimeInit <<<<<<
04-24 05:52:22.406 13660 13660 D AndroidRuntime: CheckJNI is ON
04-24 05:52:22.406 13660 13660 E dalvikvm: ERROR: must specify non-'.' bootclasspath
04-24 05:52:22.406 13660 13660 W dalvikvm: CreateJavaVM failed: dvmClassStartup failed
04-24 05:52:22.406 13660 13660 E AndroidRuntime: JNI_CreateJavaVM failed
04-24 05:52:22.766 13661 13661 D AndroidRuntime: 
04-24 05:52:22.766 13661 13661 D AndroidRuntime: >>>>>> AndroidRuntime START com.android.internal.os.RuntimeInit <<<<<<
04-24 05:52:22.766 13661 13661 D AndroidRuntime: CheckJNI is ON
04-24 05:52:22.766 13661 13661 E dalvikvm: ERROR: must specify non-'.' bootclasspath
04-24 05:52:22.766 13661 13661 W dalvikvm: CreateJavaVM failed: dvmClassStartup failed
04-24 05:52:22.766 13661 13661 E AndroidRuntime: JNI_CreateJavaVM failed
04-24 05:52:23.317  1412  1419 E MP-Decision: num online cores: 2 reqd : 1 available : 4 rq_depth:0.000000 hotplug_avg_load_dw: 21
04-24 05:52:23.317  1412  1419 E MP-Decision: DOWN cpu:1 core_idx:1 Ns:1.100000 Ts:190 total_time_down:788.000000
04-24 06:07:27.652   798   802 D dalvikvm: JIT code cache reset in 1 ms (1048224 bytes 1/0)
--------- beginning of /dev/log/system
04-24 06:07:59.453   798   816 W BroadcastQueue: Timeout of broadcast BroadcastRecord{42051550 u0 com.android.server.action.NETWORK_STATS_POLL} - receiver=android.app.LoadedApk$ReceiverDispatcher$InnerReceiver@41b1b8f8, started 60010ms ago
04-24 06:07:59.453   798   816 W BroadcastQueue: Receiver during timeout: BroadcastFilter{41ab7390 u0 ReceiverList{41ab92c8 798 system/1000/u0 local:41b1b8f8}}
04-24 06:10:00.150  1412  1419 E MP-Decision: num online cores: 1 reqd : 2 available : 4 rq_depth:4.300000 hotplug_avg_load_dw: 27
04-24 06:10:00.150  1412  1419 E MP-Decision: UP cpu:1 core_idx:1 Nw:1.900000 Tw:140 total_time_up:146.000000
04-24 06:10:00.180 13847 13847 I olsrd   : Writing '1' (was 1) to /proc/sys/net/ipv4/ip_forward
04-24 06:10:00.180 13847 13847 I olsrd   : Writing '0' (was 1) to /proc/sys/net/ipv4/conf/all/send_redirects
04-24 06:10:00.180 13847 13847 I olsrd   : Writing '0' (was 0) to /proc/sys/net/ipv4/conf/all/rp_filter
04-24 06:10:00.180 13847 13847 I olsrd   : Writing '0' (was 0) to /proc/sys/net/ipv4/conf/wlan0/send_redirects
04-24 06:10:00.180 13847 13847 I olsrd   : Writing '0' (was 0) to /proc/sys/net/ipv4/conf/wlan0/rp_filter
04-24 06:10:00.180 13847 13847 I olsrd   : Adding interface wlan0
04-24 06:10:00.180 13847 13847 I olsrd   : New main address: 10.1.1.39
04-24 06:10:00.190 13852 13852 I olsrd   : olsr.org -  0.6.6.2-n -git_0000000 -n -hash_ 7985605520f3cae9b305d56e83b35d9c successfully started
04-24 06:10:00.570  1412  1419 E MP-Decision: num online cores: 2 reqd : 1 available : 4 rq_depth:0.000000 hotplug_avg_load_dw: 13
04-24 06:10:00.570  1412  1419 E MP-Decision: DOWN cpu:1 core_idx:1 Ns:1.100000 Ts:190 total_time_down:368.000000
04-24 06:10:05.035   798   816 W ProcessStats: Skipping unknown process pid 13895
04-24 06:10:05.035   798   816 W ProcessStats: Skipping unknown process pid 13896
04-24 06:10:05.045   798   816 W ProcessStats: Skipping unknown process pid 13897
04-24 06:14:00.232  1412  1419 E MP-Decision: num online cores: 1 reqd : 2 available : 4 rq_depth:2.100000 hotplug_avg_load_dw: 27
04-24 06:14:00.232  1412  1419 E MP-Decision: UP cpu:1 core_idx:1 Nw:1.900000 Tw:140 total_time_up:143.000000
04-24 06:14:00.282  1412  1419 E MP-Decision: num online cores: 2 reqd : 1 available : 4 rq_depth:0.100000 hotplug_avg_load_dw: 13
04-24 06:14:00.282  1412  1419 E MP-Decision: DOWN cpu:1 core_idx:1 Ns:1.100000 Ts:190 total_time_down:46.000000
04-24 06:15:40.119  1412  1419 E MP-Decision: num online cores: 1 reqd : 2 available : 4 rq_depth:2.400000 hotplug_avg_load_dw: 31
04-24 06:15:40.119  1412  1419 E MP-Decision: UP cpu:1 core_idx:1 Nw:1.900000 Tw:140 total_time_up:146.000000
04-24 06:15:40.499 16725 16725 D AndroidRuntime: 
04-24 06:15:40.499 16725 16725 D AndroidRuntime: >>>>>> AndroidRuntime START com.android.internal.os.RuntimeInit <<<<<<
04-24 06:15:40.499 16725 16725 D AndroidRuntime: CheckJNI is ON
04-24 06:15:40.499 16725 16725 E dalvikvm: ERROR: must specify non-'.' bootclasspath
04-24 06:15:40.499 16725 16725 W dalvikvm: CreateJavaVM failed: dvmClassStartup failed
04-24 06:15:40.499 16725 16725 E AndroidRuntime: JNI_CreateJavaVM failed
04-24 06:15:40.619 13852 13852 I olsrd   : Writing '1' (was 0) to /proc/sys/net/ipv4/conf/all/send_redirects
04-24 06:15:40.619 13852 13852 I olsrd   : olsr.org -  0.6.6.2-n -git_0000000 -n -hash_ 7985605520f3cae9b305d56e83b35d9c stopped
04-24 06:15:41.691  1412  1419 E MP-Decision: num online cores: 2 reqd : 1 available : 4 rq_depth:0.000000 hotplug_avg_load_dw: 19
04-24 06:15:41.691  1412  1419 E MP-Decision: DOWN cpu:1 core_idx:1 Ns:1.100000 Ts:190 total_time_down:959.000000
04-24 06:15:41.991  1412  1419 E MP-Decision: num online cores: 1 reqd : 2 available : 4 rq_depth:1.000000 hotplug_avg_load_dw: 74
04-24 06:15:41.991  1412  1419 E MP-Decision: UP cpu:1 core_idx:1 Nw:1.900000 Tw:140 total_time_up:0.000000
04-24 06:15:42.541 16788 16788 D AndroidRuntime: 
04-24 06:15:42.541 16788 16788 D AndroidRuntime: >>>>>> AndroidRuntime START com.android.internal.os.RuntimeInit <<<<<<
04-24 06:15:42.551 16788 16788 D AndroidRuntime: CheckJNI is ON
04-24 06:15:42.551 16788 16788 E dalvikvm: ERROR: must specify non-'.' bootclasspath
04-24 06:15:42.551 16788 16788 W dalvikvm: CreateJavaVM failed: dvmClassStartup failed
04-24 06:15:42.551 16788 16788 E AndroidRuntime: JNI_CreateJavaVM failed
04-24 06:15:42.882 16789 16789 D AndroidRuntime: 
04-24 06:15:42.882 16789 16789 D AndroidRuntime: >>>>>> AndroidRuntime START com.android.internal.os.RuntimeInit <<<<<<
04-24 06:15:42.882 16789 16789 D AndroidRuntime: CheckJNI is ON
04-24 06:15:42.882 16789 16789 E dalvikvm: ERROR: must specify non-'.' bootclasspath
04-24 06:15:42.882 16789 16789 W dalvikvm: CreateJavaVM failed: dvmClassStartup failed
04-24 06:15:42.882 16789 16789 E AndroidRuntime: JNI_CreateJavaVM failed
