nodeName node015
nodeNum 15
binDir /data/llcbmen
expRoot /sdcard/llcbmen
runId n20_all_calibration_60_1704241321
basetime 1493054510
duration 300
startWait 30
dataDir /sdcard/llcbmen/data/n20_all_calibration_60_1704241321
doAPK N
logFiles 
ifaces wlan0
si2Args  -b 10000 10.1.1.255:15387

Resetting at time Mon Apr 24 06:21:30 SST 2017 = 1493054490.176562
rm: can't remove '/sdcard/node*.log': No such file or directory
rm: can't remove '/sdcard/*.json': No such file or directory
killall: gcn: no process killed
killall: beaconer: no process killed
killall: monitor.sh: no process killed
killall: babeld: no process killed
killall: edu.mit.ll.NletLog.android: no process killed
killall: edu.mit.ll.cbmen.monitor: no process killed
killall: mchttpd: no process killed
rm: can't remove '/sdcard/cascade': No such file or directory
rm: can't remove '/sdcard/CBMEN': No such file or directory
rm: can't remove '/sdcard/llcbmen/ISI': No such file or directory
rm: can't remove '/sdcard/Android/data/cbmen.comet.workflow.cascade': No such file or directory
rm: can't remove '/sdcard/registrar.db': No such file or directory
Waiting until prep time...
Skipping ahead because basetime + -30 = 1493054480 is in the past.
Starting uberLocal.sh at time Mon Apr 24 06:21:30 SST 2017 = 1493054490.923037 with basetime 1493054510

Starting instruments at time Mon Apr 24 06:21:30 SST 2017 = 1493054490.953157

Sleeping 8.15422 sec until basetime + -10 = 1493054500

Starting scenario at time Mon Apr 24 06:21:40 SST 2017 = 1493054500.074405
Starting mgen.
Parsing file: "/etc/olsrd.conf"
Duplicate interfaces defined... not adding wlan0
mgen: version 5.02
mgen: starting now ...

Waiting through scenario duration...
Skipping ahead because basetime + 300 = 1493054810 is in the past.

Stopping scenario at time Mon Apr 24 06:27:21 SST 2017 = 1493054841.734812
killall: tcpdump: no process killed
killall: gcn: no process killed
killall: beaconer: no process killed
killall: olsrd: no process killed
killall: mgen: no process killed
killall: monitor.sh: no process killed
killall: babeld: no process killed
killall: edu.mit.ll.NletLog.android: no process killed
killall: edu.mit.ll.cbmen.monitor: no process killed

killall: beaconer: no process killed
killall: monitor.sh: no process killed
killall: mgen: no process killed
killall: olsrd: no process killed
killall: logcat: no process killed
killall: edu.mit.ll.cbmen.monitor: no process killed
killall: edu.mit.ll.NletLog.android: no process killed

FINISHED uberLocal.sh at time Mon Apr 24 06:27:22 SST 2017 = 1493054842.944871

