--------- beginning of /dev/log/main
04-24 06:44:51.694  1406  1416 E MP-Decision: num online cores: 2 reqd : 1 available : 4 rq_depth:0.000000 hotplug_avg_load_dw: 26
04-24 06:44:51.694  1406  1416 E MP-Decision: DOWN cpu:1 core_idx:1 Ns:1.100000 Ts:190 total_time_down:766.000000
04-24 06:44:51.944  1406  1416 E MP-Decision: num online cores: 1 reqd : 2 available : 4 rq_depth:1.000000 hotplug_avg_load_dw: 64
04-24 06:44:51.944  1406  1416 E MP-Decision: UP cpu:1 core_idx:1 Nw:1.900000 Tw:140 total_time_up:0.000000
04-24 06:44:52.535 16449 16449 D AndroidRuntime: 
04-24 06:44:52.535 16449 16449 D AndroidRuntime: >>>>>> AndroidRuntime START com.android.internal.os.RuntimeInit <<<<<<
04-24 06:44:52.535 16449 16449 D AndroidRuntime: CheckJNI is ON
04-24 06:44:52.535 16449 16449 E dalvikvm: ERROR: must specify non-'.' bootclasspath
04-24 06:44:52.535 16449 16449 W dalvikvm: CreateJavaVM failed: dvmClassStartup failed
04-24 06:44:52.535 16449 16449 E AndroidRuntime: JNI_CreateJavaVM failed
04-24 06:44:52.825 16450 16450 D AndroidRuntime: 
04-24 06:44:52.825 16450 16450 D AndroidRuntime: >>>>>> AndroidRuntime START com.android.internal.os.RuntimeInit <<<<<<
04-24 06:44:52.825 16450 16450 D AndroidRuntime: CheckJNI is ON
04-24 06:44:52.825 16450 16450 E dalvikvm: ERROR: must specify non-'.' bootclasspath
04-24 06:44:52.825 16450 16450 W dalvikvm: CreateJavaVM failed: dvmClassStartup failed
04-24 06:44:52.825 16450 16450 E AndroidRuntime: JNI_CreateJavaVM failed
04-24 06:44:55.107  1406  1416 E MP-Decision: num online cores: 2 reqd : 1 available : 4 rq_depth:0.000000 hotplug_avg_load_dw: 15
04-24 06:44:55.107  1406  1416 E MP-Decision: DOWN cpu:1 core_idx:1 Ns:1.100000 Ts:190 total_time_down:2906.000000
04-24 06:56:40.105 16629 16629 I olsrd   : Writing '1' (was 1) to /proc/sys/net/ipv4/ip_forward
04-24 06:56:40.105 16629 16629 I olsrd   : Writing '0' (was 1) to /proc/sys/net/ipv4/conf/all/send_redirects
04-24 06:56:40.105 16629 16629 I olsrd   : Writing '0' (was 0) to /proc/sys/net/ipv4/conf/all/rp_filter
04-24 06:56:40.115 16629 16629 I olsrd   : Writing '0' (was 0) to /proc/sys/net/ipv4/conf/wlan0/send_redirects
04-24 06:56:40.115 16629 16629 I olsrd   : Writing '0' (was 0) to /proc/sys/net/ipv4/conf/wlan0/rp_filter
04-24 06:56:40.115 16629 16629 I olsrd   : Adding interface wlan0
04-24 06:56:40.115 16629 16629 I olsrd   : New main address: 10.1.1.23
04-24 06:56:40.115 16630 16630 I olsrd   : olsr.org -  0.6.6.2-n -git_0000000 -n -hash_ 7985605520f3cae9b305d56e83b35d9c successfully started
--------- beginning of /dev/log/system
04-24 06:58:55.896   806   838 W ProcessStats: Skipping unknown process pid 17480
04-24 06:58:55.896   806   838 W ProcessStats: Skipping unknown process pid 17481
04-24 06:58:55.896   806   838 W ProcessStats: Skipping unknown process pid 17482
04-24 07:01:05.070   806   829 W ProcessStats: Skipping unknown process pid 18287
04-24 07:02:20.292  1406  1416 E MP-Decision: num online cores: 1 reqd : 2 available : 4 rq_depth:1.000000 hotplug_avg_load_dw: 66
04-24 07:02:20.292  1406  1416 E MP-Decision: UP cpu:1 core_idx:1 Nw:1.900000 Tw:140 total_time_up:0.000000
04-24 07:02:20.432 18806 18806 D AndroidRuntime: 
04-24 07:02:20.432 18806 18806 D AndroidRuntime: >>>>>> AndroidRuntime START com.android.internal.os.RuntimeInit <<<<<<
04-24 07:02:20.432 18806 18806 D AndroidRuntime: CheckJNI is ON
04-24 07:02:20.432 18806 18806 E dalvikvm: ERROR: must specify non-'.' bootclasspath
04-24 07:02:20.432 18806 18806 W dalvikvm: CreateJavaVM failed: dvmClassStartup failed
04-24 07:02:20.432 18806 18806 E AndroidRuntime: JNI_CreateJavaVM failed
04-24 07:02:20.533 16630 16630 I olsrd   : Writing '1' (was 0) to /proc/sys/net/ipv4/conf/all/send_redirects
04-24 07:02:20.533 16630 16630 I olsrd   : olsr.org -  0.6.6.2-n -git_0000000 -n -hash_ 7985605520f3cae9b305d56e83b35d9c stopped
04-24 07:02:21.143  1406  1416 E MP-Decision: num online cores: 2 reqd : 1 available : 4 rq_depth:1.000000 hotplug_avg_load_dw: 28
04-24 07:02:21.143  1406  1416 E MP-Decision: DOWN cpu:1 core_idx:1 Ns:1.100000 Ts:190 total_time_down:196.000000
04-24 07:02:21.854  1406  1416 E MP-Decision: num online cores: 1 reqd : 2 available : 4 rq_depth:1.300000 hotplug_avg_load_dw: 70
04-24 07:02:21.854  1406  1416 E MP-Decision: UP cpu:1 core_idx:1 Nw:1.900000 Tw:140 total_time_up:0.000000
04-24 07:02:22.484 18904 18904 D AndroidRuntime: 
04-24 07:02:22.484 18904 18904 D AndroidRuntime: >>>>>> AndroidRuntime START com.android.internal.os.RuntimeInit <<<<<<
04-24 07:02:22.484 18904 18904 D AndroidRuntime: CheckJNI is ON
04-24 07:02:22.484 18904 18904 E dalvikvm: ERROR: must specify non-'.' bootclasspath
04-24 07:02:22.484 18904 18904 W dalvikvm: CreateJavaVM failed: dvmClassStartup failed
04-24 07:02:22.484 18904 18904 E AndroidRuntime: JNI_CreateJavaVM failed
04-24 07:02:22.815 18905 18905 D AndroidRuntime: 
04-24 07:02:22.815 18905 18905 D AndroidRuntime: >>>>>> AndroidRuntime START com.android.internal.os.RuntimeInit <<<<<<
04-24 07:02:22.815 18905 18905 D AndroidRuntime: CheckJNI is ON
04-24 07:02:22.815 18905 18905 E dalvikvm: ERROR: must specify non-'.' bootclasspath
04-24 07:02:22.815 18905 18905 W dalvikvm: CreateJavaVM failed: dvmClassStartup failed
04-24 07:02:22.815 18905 18905 E AndroidRuntime: JNI_CreateJavaVM failed
