--------- beginning of /dev/log/main
04-24 06:39:01.753  1419  1425 E MP-Decision: num online cores: 2 reqd : 1 available : 4 rq_depth:1.100000 hotplug_avg_load_dw: 22
04-24 06:39:01.753  1419  1425 E MP-Decision: DOWN cpu:1 core_idx:1 Ns:1.100000 Ts:190 total_time_down:816.000000
04-24 06:39:02.004  1419  1425 E MP-Decision: num online cores: 1 reqd : 2 available : 4 rq_depth:1.000000 hotplug_avg_load_dw: 63
04-24 06:39:02.004  1419  1425 E MP-Decision: UP cpu:1 core_idx:1 Nw:1.900000 Tw:140 total_time_up:0.000000
04-24 06:39:02.534 19731 19731 D AndroidRuntime: 
04-24 06:39:02.534 19731 19731 D AndroidRuntime: >>>>>> AndroidRuntime START com.android.internal.os.RuntimeInit <<<<<<
04-24 06:39:02.534 19731 19731 D AndroidRuntime: CheckJNI is ON
04-24 06:39:02.534 19731 19731 E dalvikvm: ERROR: must specify non-'.' bootclasspath
04-24 06:39:02.534 19731 19731 W dalvikvm: CreateJavaVM failed: dvmClassStartup failed
04-24 06:39:02.534 19731 19731 E AndroidRuntime: JNI_CreateJavaVM failed
04-24 06:39:02.865 19733 19733 D AndroidRuntime: 
04-24 06:39:02.865 19733 19733 D AndroidRuntime: >>>>>> AndroidRuntime START com.android.internal.os.RuntimeInit <<<<<<
04-24 06:39:02.865 19733 19733 D AndroidRuntime: CheckJNI is ON
04-24 06:39:02.875 19733 19733 E dalvikvm: ERROR: must specify non-'.' bootclasspath
04-24 06:39:02.875 19733 19733 W dalvikvm: CreateJavaVM failed: dvmClassStartup failed
04-24 06:39:02.875 19733 19733 E AndroidRuntime: JNI_CreateJavaVM failed
04-24 06:39:04.456  1419  1425 E MP-Decision: num online cores: 2 reqd : 1 available : 4 rq_depth:0.000000 hotplug_avg_load_dw: 23
04-24 06:39:04.456  1419  1425 E MP-Decision: DOWN cpu:1 core_idx:1 Ns:1.100000 Ts:190 total_time_down:1546.000000
04-24 06:40:15.044   807   814 I dalvikvm: Jit: resizing JitTable from 8192 to 16384
04-24 06:56:40.104 19913 19913 I olsrd   : Writing '1' (was 1) to /proc/sys/net/ipv4/ip_forward
04-24 06:56:40.104 19913 19913 I olsrd   : Writing '0' (was 1) to /proc/sys/net/ipv4/conf/all/send_redirects
04-24 06:56:40.114 19913 19913 I olsrd   : Writing '0' (was 0) to /proc/sys/net/ipv4/conf/all/rp_filter
04-24 06:56:40.114 19913 19913 I olsrd   : Writing '0' (was 0) to /proc/sys/net/ipv4/conf/wlan0/send_redirects
04-24 06:56:40.114 19913 19913 I olsrd   : Writing '0' (was 0) to /proc/sys/net/ipv4/conf/wlan0/rp_filter
04-24 06:56:40.114 19913 19913 I olsrd   : Adding interface wlan0
04-24 06:56:40.114 19913 19913 I olsrd   : New main address: 10.1.1.33
04-24 06:56:40.114 19918 19918 I olsrd   : olsr.org -  0.6.6.2-n -git_0000000 -n -hash_ 7985605520f3cae9b305d56e83b35d9c successfully started
04-24 07:02:20.242  1419  1425 E MP-Decision: num online cores: 1 reqd : 2 available : 4 rq_depth:1.000000 hotplug_avg_load_dw: 61
04-24 07:02:20.242  1419  1425 E MP-Decision: UP cpu:1 core_idx:1 Nw:1.900000 Tw:140 total_time_up:0.000000
04-24 07:02:20.392 22782 22782 D AndroidRuntime: 
04-24 07:02:20.392 22782 22782 D AndroidRuntime: >>>>>> AndroidRuntime START com.android.internal.os.RuntimeInit <<<<<<
04-24 07:02:20.392 22782 22782 D AndroidRuntime: CheckJNI is ON
04-24 07:02:20.392 22782 22782 E dalvikvm: ERROR: must specify non-'.' bootclasspath
04-24 07:02:20.392 22782 22782 W dalvikvm: CreateJavaVM failed: dvmClassStartup failed
04-24 07:02:20.392 22782 22782 E AndroidRuntime: JNI_CreateJavaVM failed
04-24 07:02:20.492 19918 19918 I olsrd   : Writing '1' (was 0) to /proc/sys/net/ipv4/conf/all/send_redirects
04-24 07:02:20.492 19918 19918 I olsrd   : olsr.org -  0.6.6.2-n -git_0000000 -n -hash_ 7985605520f3cae9b305d56e83b35d9c stopped
04-24 07:02:20.983  1419  1425 E MP-Decision: num online cores: 2 reqd : 1 available : 4 rq_depth:0.000000 hotplug_avg_load_dw: 28
04-24 07:02:20.983  1419  1425 E MP-Decision: DOWN cpu:1 core_idx:1 Ns:1.100000 Ts:190 total_time_down:387.000000
04-24 07:02:21.823  1419  1425 E MP-Decision: num online cores: 1 reqd : 2 available : 4 rq_depth:1.100000 hotplug_avg_load_dw: 72
04-24 07:02:21.823  1419  1425 E MP-Decision: UP cpu:1 core_idx:1 Nw:1.900000 Tw:140 total_time_up:0.000000
04-24 07:02:22.284 22845 22845 D AndroidRuntime: 
04-24 07:02:22.284 22845 22845 D AndroidRuntime: >>>>>> AndroidRuntime START com.android.internal.os.RuntimeInit <<<<<<
04-24 07:02:22.284 22845 22845 D AndroidRuntime: CheckJNI is ON
04-24 07:02:22.284 22845 22845 E dalvikvm: ERROR: must specify non-'.' bootclasspath
04-24 07:02:22.294 22845 22845 W dalvikvm: CreateJavaVM failed: dvmClassStartup failed
04-24 07:02:22.294 22845 22845 E AndroidRuntime: JNI_CreateJavaVM failed
04-24 07:02:22.564 22846 22846 D AndroidRuntime: 
04-24 07:02:22.564 22846 22846 D AndroidRuntime: >>>>>> AndroidRuntime START com.android.internal.os.RuntimeInit <<<<<<
04-24 07:02:22.564 22846 22846 D AndroidRuntime: CheckJNI is ON
04-24 07:02:22.564 22846 22846 E dalvikvm: ERROR: must specify non-'.' bootclasspath
04-24 07:02:22.574 22846 22846 W dalvikvm: CreateJavaVM failed: dvmClassStartup failed
04-24 07:02:22.574 22846 22846 E AndroidRuntime: JNI_CreateJavaVM failed
