--------- beginning of /dev/log/main
04-24 06:21:31.572  1434  1447 E MP-Decision: num online cores: 2 reqd : 1 available : 4 rq_depth:0.000000 hotplug_avg_load_dw: 26
04-24 06:21:31.572  1434  1447 E MP-Decision: DOWN cpu:1 core_idx:1 Ns:1.100000 Ts:190 total_time_down:786.000000
04-24 06:21:31.822  1434  1447 E MP-Decision: num online cores: 1 reqd : 2 available : 4 rq_depth:1.000000 hotplug_avg_load_dw: 62
04-24 06:21:31.822  1434  1447 E MP-Decision: UP cpu:1 core_idx:1 Nw:1.900000 Tw:140 total_time_up:0.000000
04-24 06:21:32.383 13990 13990 D AndroidRuntime: 
04-24 06:21:32.383 13990 13990 D AndroidRuntime: >>>>>> AndroidRuntime START com.android.internal.os.RuntimeInit <<<<<<
04-24 06:21:32.383 13990 13990 D AndroidRuntime: CheckJNI is ON
04-24 06:21:32.383 13990 13990 E dalvikvm: ERROR: must specify non-'.' bootclasspath
04-24 06:21:32.383 13990 13990 W dalvikvm: CreateJavaVM failed: dvmClassStartup failed
04-24 06:21:32.383 13990 13990 E AndroidRuntime: JNI_CreateJavaVM failed
04-24 06:21:32.713 13991 13991 D AndroidRuntime: 
04-24 06:21:32.713 13991 13991 D AndroidRuntime: >>>>>> AndroidRuntime START com.android.internal.os.RuntimeInit <<<<<<
04-24 06:21:32.723 13991 13991 D AndroidRuntime: CheckJNI is ON
04-24 06:21:32.723 13991 13991 E dalvikvm: ERROR: must specify non-'.' bootclasspath
04-24 06:21:32.723 13991 13991 W dalvikvm: CreateJavaVM failed: dvmClassStartup failed
04-24 06:21:32.723 13991 13991 E AndroidRuntime: JNI_CreateJavaVM failed
04-24 06:21:35.125  1434  1447 E MP-Decision: num online cores: 2 reqd : 1 available : 4 rq_depth:0.000000 hotplug_avg_load_dw: 18
04-24 06:21:35.125  1434  1447 E MP-Decision: DOWN cpu:1 core_idx:1 Ns:1.100000 Ts:190 total_time_down:3277.000000
--------- beginning of /dev/log/system
04-24 06:29:10.216   806   827 I EntropyMixer: Writing entropy...
04-24 06:33:00.149  1434  1447 E MP-Decision: num online cores: 1 reqd : 2 available : 4 rq_depth:2.700000 hotplug_avg_load_dw: 27
04-24 06:33:00.149  1434  1447 E MP-Decision: UP cpu:1 core_idx:1 Nw:1.900000 Tw:140 total_time_up:146.000000
04-24 06:33:00.810  1434  1447 E MP-Decision: num online cores: 2 reqd : 1 available : 4 rq_depth:0.000000 hotplug_avg_load_dw: 20
04-24 06:33:00.810  1434  1447 E MP-Decision: DOWN cpu:1 core_idx:1 Ns:1.100000 Ts:190 total_time_down:449.000000
04-24 06:33:20.129 14178 14178 I olsrd   : Writing '1' (was 1) to /proc/sys/net/ipv4/ip_forward
04-24 06:33:20.139 14178 14178 I olsrd   : Writing '0' (was 1) to /proc/sys/net/ipv4/conf/all/send_redirects
04-24 06:33:20.139 14178 14178 I olsrd   : Writing '0' (was 0) to /proc/sys/net/ipv4/conf/all/rp_filter
04-24 06:33:20.139 14178 14178 I olsrd   : Writing '0' (was 0) to /proc/sys/net/ipv4/conf/wlan0/send_redirects
04-24 06:33:20.139 14178 14178 I olsrd   : Writing '0' (was 0) to /proc/sys/net/ipv4/conf/wlan0/rp_filter
04-24 06:33:20.139 14178 14178 I olsrd   : Adding interface wlan0
04-24 06:33:20.139 14178 14178 I olsrd   : New main address: 10.1.1.29
04-24 06:33:20.139 14179 14179 I olsrd   : olsr.org -  0.6.6.2-n -git_0000000 -n -hash_ 7985605520f3cae9b305d56e83b35d9c successfully started
04-24 06:35:49.103   806   830 W BroadcastQueue: Timeout of broadcast BroadcastRecord{42135370 u0 com.android.server.action.NETWORK_STATS_POLL} - receiver=android.app.LoadedApk$ReceiverDispatcher$InnerReceiver@41c33ba0, started 60003ms ago
04-24 06:35:49.103   806   830 W BroadcastQueue: Receiver during timeout: BroadcastFilter{41bf0e58 u0 ReceiverList{41bf4e98 806 system/1000/u0 local:41c33ba0}}
04-24 06:39:00.199  1434  1447 E MP-Decision: num online cores: 1 reqd : 2 available : 4 rq_depth:2.200000 hotplug_avg_load_dw: 41
04-24 06:39:00.199  1434  1447 E MP-Decision: UP cpu:1 core_idx:1 Nw:1.900000 Tw:140 total_time_up:146.000000
04-24 06:39:00.479 16345 16345 D AndroidRuntime: 
04-24 06:39:00.479 16345 16345 D AndroidRuntime: >>>>>> AndroidRuntime START com.android.internal.os.RuntimeInit <<<<<<
04-24 06:39:00.479 16345 16345 D AndroidRuntime: CheckJNI is ON
04-24 06:39:00.479 16345 16345 E dalvikvm: ERROR: must specify non-'.' bootclasspath
04-24 06:39:00.479 16345 16345 W dalvikvm: CreateJavaVM failed: dvmClassStartup failed
04-24 06:39:00.479 16345 16345 E AndroidRuntime: JNI_CreateJavaVM failed
04-24 06:39:00.619 14179 14179 I olsrd   : Writing '1' (was 0) to /proc/sys/net/ipv4/conf/all/send_redirects
04-24 06:39:00.619 14179 14179 I olsrd   : olsr.org -  0.6.6.2-n -git_0000000 -n -hash_ 7985605520f3cae9b305d56e83b35d9c stopped
04-24 06:39:01.510  1434  1447 E MP-Decision: num online cores: 2 reqd : 1 available : 4 rq_depth:0.000000 hotplug_avg_load_dw: 20
04-24 06:39:01.510  1434  1447 E MP-Decision: DOWN cpu:1 core_idx:1 Ns:1.100000 Ts:190 total_time_down:454.000000
04-24 06:39:01.920  1434  1447 E MP-Decision: num online cores: 1 reqd : 2 available : 4 rq_depth:1.300000 hotplug_avg_load_dw: 66
04-24 06:39:01.920  1434  1447 E MP-Decision: UP cpu:1 core_idx:1 Nw:1.900000 Tw:140 total_time_up:0.000000
04-24 06:39:02.571 16452 16452 D AndroidRuntime: 
04-24 06:39:02.571 16452 16452 D AndroidRuntime: >>>>>> AndroidRuntime START com.android.internal.os.RuntimeInit <<<<<<
04-24 06:39:02.571 16452 16452 D AndroidRuntime: CheckJNI is ON
04-24 06:39:02.571 16452 16452 E dalvikvm: ERROR: must specify non-'.' bootclasspath
04-24 06:39:02.571 16452 16452 W dalvikvm: CreateJavaVM failed: dvmClassStartup failed
04-24 06:39:02.571 16452 16452 E AndroidRuntime: JNI_CreateJavaVM failed
04-24 06:39:02.901 16453 16453 D AndroidRuntime: 
04-24 06:39:02.901 16453 16453 D AndroidRuntime: >>>>>> AndroidRuntime START com.android.internal.os.RuntimeInit <<<<<<
04-24 06:39:02.901 16453 16453 D AndroidRuntime: CheckJNI is ON
04-24 06:39:02.901 16453 16453 E dalvikvm: ERROR: must specify non-'.' bootclasspath
04-24 06:39:02.901 16453 16453 W dalvikvm: CreateJavaVM failed: dvmClassStartup failed
04-24 06:39:02.901 16453 16453 E AndroidRuntime: JNI_CreateJavaVM failed
