--------- beginning of /dev/log/main
04-24 06:21:31.301  1406  1414 E MP-Decision: num online cores: 2 reqd : 1 available : 4 rq_depth:0.000000 hotplug_avg_load_dw: 22
04-24 06:21:31.301  1406  1414 E MP-Decision: DOWN cpu:1 core_idx:1 Ns:1.100000 Ts:190 total_time_down:549.000000
04-24 06:21:31.982  1406  1414 E MP-Decision: num online cores: 1 reqd : 2 available : 4 rq_depth:1.000000 hotplug_avg_load_dw: 66
04-24 06:21:31.982  1406  1414 E MP-Decision: UP cpu:1 core_idx:1 Nw:1.900000 Tw:140 total_time_up:0.000000
04-24 06:21:32.472 13901 13901 D AndroidRuntime: 
04-24 06:21:32.472 13901 13901 D AndroidRuntime: >>>>>> AndroidRuntime START com.android.internal.os.RuntimeInit <<<<<<
04-24 06:21:32.472 13901 13901 D AndroidRuntime: CheckJNI is ON
04-24 06:21:32.472 13901 13901 E dalvikvm: ERROR: must specify non-'.' bootclasspath
04-24 06:21:32.472 13901 13901 W dalvikvm: CreateJavaVM failed: dvmClassStartup failed
04-24 06:21:32.472 13901 13901 E AndroidRuntime: JNI_CreateJavaVM failed
04-24 06:21:32.813 13903 13903 D AndroidRuntime: 
04-24 06:21:32.813 13903 13903 D AndroidRuntime: >>>>>> AndroidRuntime START com.android.internal.os.RuntimeInit <<<<<<
04-24 06:21:32.813 13903 13903 D AndroidRuntime: CheckJNI is ON
04-24 06:21:32.813 13903 13903 E dalvikvm: ERROR: must specify non-'.' bootclasspath
04-24 06:21:32.813 13903 13903 W dalvikvm: CreateJavaVM failed: dvmClassStartup failed
04-24 06:21:32.813 13903 13903 E AndroidRuntime: JNI_CreateJavaVM failed
04-24 06:21:35.345  1406  1414 E MP-Decision: num online cores: 2 reqd : 1 available : 4 rq_depth:0.000000 hotplug_avg_load_dw: 15
04-24 06:21:35.345  1406  1414 E MP-Decision: DOWN cpu:1 core_idx:1 Ns:1.100000 Ts:190 total_time_down:3335.000000
--------- beginning of /dev/log/system
04-24 06:28:45.788   798   813 I EntropyMixer: Writing entropy...
04-24 06:33:00.202  1406  1414 E MP-Decision: num online cores: 1 reqd : 2 available : 4 rq_depth:2.300000 hotplug_avg_load_dw: 37
04-24 06:33:00.202  1406  1414 E MP-Decision: UP cpu:1 core_idx:1 Nw:1.900000 Tw:140 total_time_up:146.000000
04-24 06:33:00.452  1406  1414 E MP-Decision: num online cores: 2 reqd : 1 available : 4 rq_depth:0.000000 hotplug_avg_load_dw: 17
04-24 06:33:00.452  1406  1414 E MP-Decision: DOWN cpu:1 core_idx:1 Ns:1.100000 Ts:190 total_time_down:245.000000
04-24 06:33:20.101 14090 14090 I olsrd   : Writing '1' (was 1) to /proc/sys/net/ipv4/ip_forward
04-24 06:33:20.101 14090 14090 I olsrd   : Writing '0' (was 1) to /proc/sys/net/ipv4/conf/all/send_redirects
04-24 06:33:20.101 14090 14090 I olsrd   : Writing '0' (was 0) to /proc/sys/net/ipv4/conf/all/rp_filter
04-24 06:33:20.101 14090 14090 I olsrd   : Writing '0' (was 0) to /proc/sys/net/ipv4/conf/wlan0/send_redirects
04-24 06:33:20.101 14090 14090 I olsrd   : Writing '0' (was 0) to /proc/sys/net/ipv4/conf/wlan0/rp_filter
04-24 06:33:20.101 14090 14090 I olsrd   : Adding interface wlan0
04-24 06:33:20.101 14090 14090 I olsrd   : New main address: 10.1.1.22
04-24 06:33:20.111 14091 14091 I olsrd   : olsr.org -  0.6.6.2-n -git_0000000 -n -hash_ 7985605520f3cae9b305d56e83b35d9c successfully started
04-24 06:35:05.092   798   802 D dalvikvm: JIT code cache reset in 1 ms (1048528 bytes 1/0)
04-24 06:39:00.157  1406  1414 E MP-Decision: num online cores: 1 reqd : 2 available : 4 rq_depth:4.100000 hotplug_avg_load_dw: 32
04-24 06:39:00.157  1406  1414 E MP-Decision: UP cpu:1 core_idx:1 Nw:1.900000 Tw:140 total_time_up:146.000000
04-24 06:39:00.477 16271 16271 D AndroidRuntime: 
04-24 06:39:00.477 16271 16271 D AndroidRuntime: >>>>>> AndroidRuntime START com.android.internal.os.RuntimeInit <<<<<<
04-24 06:39:00.477 16271 16271 D AndroidRuntime: CheckJNI is ON
04-24 06:39:00.477 16271 16271 E dalvikvm: ERROR: must specify non-'.' bootclasspath
04-24 06:39:00.477 16271 16271 W dalvikvm: CreateJavaVM failed: dvmClassStartup failed
04-24 06:39:00.477 16271 16271 E AndroidRuntime: JNI_CreateJavaVM failed
04-24 06:39:00.587 14091 14091 I olsrd   : Writing '1' (was 0) to /proc/sys/net/ipv4/conf/all/send_redirects
04-24 06:39:00.587 14091 14091 I olsrd   : olsr.org -  0.6.6.2-n -git_0000000 -n -hash_ 7985605520f3cae9b305d56e83b35d9c stopped
04-24 06:39:01.618  1406  1414 E MP-Decision: num online cores: 2 reqd : 1 available : 4 rq_depth:0.000000 hotplug_avg_load_dw: 19
04-24 06:39:01.618  1406  1414 E MP-Decision: DOWN cpu:1 core_idx:1 Ns:1.100000 Ts:190 total_time_down:447.000000
04-24 06:39:01.869  1406  1414 E MP-Decision: num online cores: 1 reqd : 2 available : 4 rq_depth:1.000000 hotplug_avg_load_dw: 69
04-24 06:39:01.869  1406  1414 E MP-Decision: UP cpu:1 core_idx:1 Nw:1.900000 Tw:140 total_time_up:0.000000
04-24 06:39:02.369 16364 16364 D AndroidRuntime: 
04-24 06:39:02.369 16364 16364 D AndroidRuntime: >>>>>> AndroidRuntime START com.android.internal.os.RuntimeInit <<<<<<
04-24 06:39:02.369 16364 16364 D AndroidRuntime: CheckJNI is ON
04-24 06:39:02.369 16364 16364 E dalvikvm: ERROR: must specify non-'.' bootclasspath
04-24 06:39:02.379 16364 16364 W dalvikvm: CreateJavaVM failed: dvmClassStartup failed
04-24 06:39:02.379 16364 16364 E AndroidRuntime: JNI_CreateJavaVM failed
04-24 06:39:02.649 16366 16366 D AndroidRuntime: 
04-24 06:39:02.649 16366 16366 D AndroidRuntime: >>>>>> AndroidRuntime START com.android.internal.os.RuntimeInit <<<<<<
04-24 06:39:02.649 16366 16366 D AndroidRuntime: CheckJNI is ON
04-24 06:39:02.649 16366 16366 E dalvikvm: ERROR: must specify non-'.' bootclasspath
04-24 06:39:02.649 16366 16366 W dalvikvm: CreateJavaVM failed: dvmClassStartup failed
04-24 06:39:02.649 16366 16366 E AndroidRuntime: JNI_CreateJavaVM failed
