--------- beginning of /dev/log/main
04-24 05:47:18.673 14780 14780 I olsrd   : Writing '1' (was 1) to /proc/sys/net/ipv4/ip_forward
04-24 05:47:18.673 14780 14780 I olsrd   : Writing '0' (was 1) to /proc/sys/net/ipv4/conf/all/send_redirects
04-24 05:47:18.673 14780 14780 I olsrd   : Writing '0' (was 0) to /proc/sys/net/ipv4/conf/all/rp_filter
04-24 05:47:18.673 14780 14780 I olsrd   : Writing '0' (was 0) to /proc/sys/net/ipv4/conf/wlan0/send_redirects
04-24 05:47:18.673 14780 14780 I olsrd   : Writing '0' (was 0) to /proc/sys/net/ipv4/conf/wlan0/rp_filter
04-24 05:47:18.673 14780 14780 I olsrd   : Adding interface wlan0
04-24 05:47:18.683 14780 14780 I olsrd   : New main address: 10.1.1.13
04-24 05:47:18.683 14781 14781 I olsrd   : olsr.org -  0.6.6.2-n -git_0000000 -n -hash_ 7985605520f3cae9b305d56e83b35d9c successfully started
04-24 05:47:18.893  1423  1429 E MP-Decision: num online cores: 2 reqd : 1 available : 4 rq_depth:0.300000 hotplug_avg_load_dw: 14
04-24 05:47:18.893  1423  1429 E MP-Decision: DOWN cpu:1 core_idx:1 Ns:1.100000 Ts:190 total_time_down:205.000000
04-24 05:47:21.375 14800 14800 D dalvikvm: Not late-enabling CheckJNI (already on)
--------- beginning of /dev/log/system
04-24 05:47:21.395   805   832 I ActivityManager: Start proc edu.mit.ll.cbmen.monitor for service edu.mit.ll.cbmen.monitor/.MonitorService: pid=14800 uid=10055 gids={50055, 1015, 3003, 1028}
04-24 05:47:21.475 14800 14800 I MonitorService: onCreate() MonitorService
04-24 05:47:21.475 14800 14800 D AndroidRuntime: Shutting down VM
04-24 05:47:21.475 14800 14800 W dalvikvm: threadid=1: thread exiting with uncaught exception (group=0x415d97c0)
04-24 05:47:21.475 14800 14800 E AndroidRuntime: FATAL EXCEPTION: main
04-24 05:47:21.475 14800 14800 E AndroidRuntime: java.lang.RuntimeException: Unable to start service edu.mit.ll.cbmen.monitor.MonitorService@418578e0 with null: java.lang.NullPointerException
04-24 05:47:21.475 14800 14800 E AndroidRuntime: 	at android.app.ActivityThread.handleServiceArgs(ActivityThread.java:2849)
04-24 05:47:21.475 14800 14800 E AndroidRuntime: 	at android.app.ActivityThread.access$1900(ActivityThread.java:153)
04-24 05:47:21.475 14800 14800 E AndroidRuntime: 	at android.app.ActivityThread$H.handleMessage(ActivityThread.java:1366)
04-24 05:47:21.475 14800 14800 E AndroidRuntime: 	at android.os.Handler.dispatchMessage(Handler.java:99)
04-24 05:47:21.475 14800 14800 E AndroidRuntime: 	at android.os.Looper.loop(Looper.java:137)
04-24 05:47:21.475 14800 14800 E AndroidRuntime: 	at android.app.ActivityThread.main(ActivityThread.java:5289)
04-24 05:47:21.475 14800 14800 E AndroidRuntime: 	at java.lang.reflect.Method.invokeNative(Native Method)
04-24 05:47:21.475 14800 14800 E AndroidRuntime: 	at java.lang.reflect.Method.invoke(Method.java:525)
04-24 05:47:21.475 14800 14800 E AndroidRuntime: 	at com.android.internal.os.ZygoteInit$MethodAndArgsCaller.run(ZygoteInit.java:739)
04-24 05:47:21.475 14800 14800 E AndroidRuntime: 	at com.android.internal.os.ZygoteInit.main(ZygoteInit.java:555)
04-24 05:47:21.475 14800 14800 E AndroidRuntime: 	at dalvik.system.NativeStart.main(Native Method)
04-24 05:47:21.475 14800 14800 E AndroidRuntime: Caused by: java.lang.NullPointerException
04-24 05:47:21.475 14800 14800 E AndroidRuntime: 	at edu.mit.ll.cbmen.monitor.MonitorService.onStartCommand(MonitorService.java:773)
04-24 05:47:21.475 14800 14800 E AndroidRuntime: 	at android.app.ActivityThread.handleServiceArgs(ActivityThread.java:2832)
04-24 05:47:21.475 14800 14800 E AndroidRuntime: 	... 10 more
04-24 05:47:21.485 14800 14800 I Process : Sending signal. PID: 14800 SIG: 9
04-24 05:47:21.495  1423  1429 E MP-Decision: num online cores: 1 reqd : 2 available : 4 rq_depth:2.500000 hotplug_avg_load_dw: 27
04-24 05:47:21.495  1423  1429 E MP-Decision: UP cpu:1 core_idx:1 Nw:1.900000 Tw:140 total_time_up:143.000000
04-24 05:47:21.495   805  1210 I ActivityManager: Process edu.mit.ll.cbmen.monitor (pid 14800) has died.
04-24 05:47:21.505   805  1210 W ActivityManager: Scheduling restart of crashed service edu.mit.ll.cbmen.monitor/.MonitorService in 20000ms
04-24 05:47:21.606  1423  1429 E MP-Decision: num online cores: 2 reqd : 1 available : 4 rq_depth:0.300000 hotplug_avg_load_dw: 13
04-24 05:47:21.606  1423  1429 E MP-Decision: DOWN cpu:1 core_idx:1 Ns:1.100000 Ts:190 total_time_down:105.000000
04-24 05:47:41.535 14953 14953 D dalvikvm: Not late-enabling CheckJNI (already on)
04-24 05:47:41.555   805   832 I ActivityManager: Start proc edu.mit.ll.cbmen.monitor for service edu.mit.ll.cbmen.monitor/.MonitorService: pid=14953 uid=10055 gids={50055, 1015, 3003, 1028}
04-24 05:47:41.615 14953 14953 I MonitorService: onCreate() MonitorService
04-24 05:47:41.625 14953 14953 D AndroidRuntime: Shutting down VM
04-24 05:47:41.625 14953 14953 W dalvikvm: threadid=1: thread exiting with uncaught exception (group=0x415d97c0)
04-24 05:47:41.625 14953 14953 I Process : Sending signal. PID: 14953 SIG: 9
04-24 05:47:41.625 14953 14953 E AndroidRuntime: FATAL EXCEPTION: main
04-24 05:47:41.625 14953 14953 E AndroidRuntime: java.lang.RuntimeException: Unable to start service edu.mit.ll.cbmen.monitor.MonitorService@418587e0 with null: java.lang.NullPointerException
04-24 05:47:41.625 14953 14953 E AndroidRuntime: 	at android.app.ActivityThread.handleServiceArgs(ActivityThread.java:2849)
04-24 05:47:41.625 14953 14953 E AndroidRuntime: 	at android.app.ActivityThread.access$1900(ActivityThread.java:153)
04-24 05:47:41.625 14953 14953 E AndroidRuntime: 	at android.app.ActivityThread$H.handleMessage(ActivityThread.java:1366)
04-24 05:47:41.625 14953 14953 E AndroidRuntime: 	at android.os.Handler.dispatchMessage(Handler.java:99)
04-24 05:47:41.625 14953 14953 E AndroidRuntime: 	at android.os.Looper.loop(Looper.java:137)
04-24 05:47:41.625 14953 14953 E AndroidRuntime: 	at android.app.ActivityThread.main(ActivityThread.java:5289)
04-24 05:47:41.625 14953 14953 E AndroidRuntime: 	at java.lang.reflect.Method.invokeNative(Native Method)
04-24 05:47:41.625 14953 14953 E AndroidRuntime: 	at java.lang.reflect.Method.invoke(Method.java:525)
04-24 05:47:41.625 14953 14953 E AndroidRuntime: 	at com.android.internal.os.ZygoteInit$MethodAndArgsCaller.run(ZygoteInit.java:739)
04-24 05:47:41.625 14953 14953 E AndroidRuntime: 	at com.android.internal.os.ZygoteInit.main(ZygoteInit.java:555)
04-24 05:47:41.625 14953 14953 E AndroidRuntime: 	at dalvik.system.NativeStart.main(Native Method)
04-24 05:47:41.625 14953 14953 E AndroidRuntime: Caused by: java.lang.NullPointerException
04-24 05:47:41.625 14953 14953 E AndroidRuntime: 	at edu.mit.ll.cbmen.monitor.MonitorService.onStartCommand(MonitorService.java:773)
04-24 05:47:41.625 14953 14953 E AndroidRuntime: 	at android.app.ActivityThread.handleServiceArgs(ActivityThread.java:2832)
04-24 05:47:41.625 14953 14953 E AndroidRuntime: 	... 10 more
04-24 05:47:41.635   805  1107 I ActivityManager: Process edu.mit.ll.cbmen.monitor (pid 14953) has died.
04-24 05:47:41.635   805  1107 W ActivityManager: Service crashed 2 times, stopping: ServiceRecord{41d04618 u0 edu.mit.ll.cbmen.monitor/.MonitorService}
04-24 05:52:00.134  1423  1429 E MP-Decision: num online cores: 1 reqd : 2 available : 4 rq_depth:3.200000 hotplug_avg_load_dw: 25
04-24 05:52:00.134  1423  1429 E MP-Decision: UP cpu:1 core_idx:1 Nw:1.900000 Tw:140 total_time_up:145.000000
04-24 05:52:00.184  1423  1429 E MP-Decision: num online cores: 2 reqd : 1 available : 4 rq_depth:2.000000 hotplug_avg_load_dw: 14
04-24 05:52:00.184  1423  1429 E MP-Decision: DOWN cpu:1 core_idx:1 Ns:1.100000 Ts:190 total_time_down:0.000000
04-24 05:52:20.283  1423  1429 E MP-Decision: num online cores: 1 reqd : 2 available : 4 rq_depth:1.000000 hotplug_avg_load_dw: 61
04-24 05:52:20.283  1423  1429 E MP-Decision: UP cpu:1 core_idx:1 Nw:1.900000 Tw:140 total_time_up:0.000000
04-24 05:52:20.433 16742 16742 D AndroidRuntime: 
04-24 05:52:20.433 16742 16742 D AndroidRuntime: >>>>>> AndroidRuntime START com.android.internal.os.RuntimeInit <<<<<<
04-24 05:52:20.433 16742 16742 D AndroidRuntime: CheckJNI is ON
04-24 05:52:20.443 16742 16742 E dalvikvm: ERROR: must specify non-'.' bootclasspath
04-24 05:52:20.443 16742 16742 W dalvikvm: CreateJavaVM failed: dvmClassStartup failed
04-24 05:52:20.443 16742 16742 E AndroidRuntime: JNI_CreateJavaVM failed
04-24 05:52:20.563 14781 14781 I olsrd   : Writing '1' (was 0) to /proc/sys/net/ipv4/conf/all/send_redirects
04-24 05:52:20.563 14781 14781 I olsrd   : olsr.org -  0.6.6.2-n -git_0000000 -n -hash_ 7985605520f3cae9b305d56e83b35d9c stopped
04-24 05:52:21.364  1423  1429 E MP-Decision: num online cores: 2 reqd : 1 available : 4 rq_depth:0.000000 hotplug_avg_load_dw: 16
04-24 05:52:21.364  1423  1429 E MP-Decision: DOWN cpu:1 core_idx:1 Ns:1.100000 Ts:190 total_time_down:274.000000
04-24 05:52:21.885  1423  1429 E MP-Decision: num online cores: 1 reqd : 2 available : 4 rq_depth:1.500000 hotplug_avg_load_dw: 63
04-24 05:52:21.885  1423  1429 E MP-Decision: UP cpu:1 core_idx:1 Nw:1.900000 Tw:140 total_time_up:0.000000
04-24 05:52:22.485 16841 16841 D AndroidRuntime: 
04-24 05:52:22.485 16841 16841 D AndroidRuntime: >>>>>> AndroidRuntime START com.android.internal.os.RuntimeInit <<<<<<
04-24 05:52:22.485 16841 16841 D AndroidRuntime: CheckJNI is ON
04-24 05:52:22.485 16841 16841 E dalvikvm: ERROR: must specify non-'.' bootclasspath
04-24 05:52:22.485 16841 16841 W dalvikvm: CreateJavaVM failed: dvmClassStartup failed
04-24 05:52:22.485 16841 16841 E AndroidRuntime: JNI_CreateJavaVM failed
04-24 05:52:22.756 16843 16843 D AndroidRuntime: 
04-24 05:52:22.756 16843 16843 D AndroidRuntime: >>>>>> AndroidRuntime START com.android.internal.os.RuntimeInit <<<<<<
04-24 05:52:22.756 16843 16843 D AndroidRuntime: CheckJNI is ON
04-24 05:52:22.756 16843 16843 E dalvikvm: ERROR: must specify non-'.' bootclasspath
04-24 05:52:22.756 16843 16843 W dalvikvm: CreateJavaVM failed: dvmClassStartup failed
04-24 05:52:22.756 16843 16843 E AndroidRuntime: JNI_CreateJavaVM failed
