--------- beginning of /dev/log/main
04-24 06:15:41.774  1427  1434 E MP-Decision: num online cores: 2 reqd : 1 available : 4 rq_depth:1.000000 hotplug_avg_load_dw: 22
04-24 06:15:41.774  1427  1434 E MP-Decision: DOWN cpu:1 core_idx:1 Ns:1.100000 Ts:190 total_time_down:1027.000000
04-24 06:15:42.015  1427  1434 E MP-Decision: num online cores: 1 reqd : 2 available : 4 rq_depth:1.000000 hotplug_avg_load_dw: 62
04-24 06:15:42.015  1427  1434 E MP-Decision: UP cpu:1 core_idx:1 Nw:1.900000 Tw:140 total_time_up:0.000000
04-24 06:15:42.545 16780 16780 D AndroidRuntime: 
04-24 06:15:42.545 16780 16780 D AndroidRuntime: >>>>>> AndroidRuntime START com.android.internal.os.RuntimeInit <<<<<<
04-24 06:15:42.545 16780 16780 D AndroidRuntime: CheckJNI is ON
04-24 06:15:42.545 16780 16780 E dalvikvm: ERROR: must specify non-'.' bootclasspath
04-24 06:15:42.545 16780 16780 W dalvikvm: CreateJavaVM failed: dvmClassStartup failed
04-24 06:15:42.545 16780 16780 E AndroidRuntime: JNI_CreateJavaVM failed
04-24 06:15:42.905 16781 16781 D AndroidRuntime: 
04-24 06:15:42.905 16781 16781 D AndroidRuntime: >>>>>> AndroidRuntime START com.android.internal.os.RuntimeInit <<<<<<
04-24 06:15:42.905 16781 16781 D AndroidRuntime: CheckJNI is ON
04-24 06:15:42.905 16781 16781 E dalvikvm: ERROR: must specify non-'.' bootclasspath
04-24 06:15:42.905 16781 16781 W dalvikvm: CreateJavaVM failed: dvmClassStartup failed
04-24 06:15:42.905 16781 16781 E AndroidRuntime: JNI_CreateJavaVM failed
04-24 06:15:45.638  1427  1434 E MP-Decision: num online cores: 2 reqd : 1 available : 4 rq_depth:0.000000 hotplug_avg_load_dw: 19
04-24 06:15:45.638  1427  1434 E MP-Decision: DOWN cpu:1 core_idx:1 Ns:1.100000 Ts:190 total_time_down:2720.000000
04-24 06:16:12.534   330   752 D MDnsDS  : MDnsSdListener::Monitor poll timed out
04-24 06:16:12.534   330   752 D MDnsDS  : Going to poll with pollCount 1
--------- beginning of /dev/log/system
04-24 06:29:35.108   806   824 I EntropyMixer: Writing entropy...
04-24 06:29:53.235   806   828 W BroadcastQueue: Timeout of broadcast BroadcastRecord{4235b858 u0 com.android.server.action.NETWORK_STATS_POLL} - receiver=android.app.LoadedApk$ReceiverDispatcher$InnerReceiver@4242a030, started 60006ms ago
04-24 06:29:53.235   806   828 W BroadcastQueue: Receiver during timeout: BroadcastFilter{42422d80 u0 ReceiverList{42423e60 806 system/1000/u0 local:4242a030}}
04-24 06:33:00.195  1427  1434 E MP-Decision: num online cores: 1 reqd : 2 available : 4 rq_depth:2.500000 hotplug_avg_load_dw: 40
04-24 06:33:00.195  1427  1434 E MP-Decision: UP cpu:1 core_idx:1 Nw:1.900000 Tw:140 total_time_up:146.000000
04-24 06:33:00.366  1427  1434 E MP-Decision: num online cores: 2 reqd : 1 available : 4 rq_depth:0.000000 hotplug_avg_load_dw: 17
04-24 06:33:00.366  1427  1434 E MP-Decision: DOWN cpu:1 core_idx:1 Ns:1.100000 Ts:190 total_time_down:119.000000
04-24 06:33:20.105 16971 16971 I olsrd   : Writing '1' (was 1) to /proc/sys/net/ipv4/ip_forward
04-24 06:33:20.105 16971 16971 I olsrd   : Writing '0' (was 1) to /proc/sys/net/ipv4/conf/all/send_redirects
04-24 06:33:20.105 16971 16971 I olsrd   : Writing '0' (was 0) to /proc/sys/net/ipv4/conf/all/rp_filter
04-24 06:33:20.105 16971 16971 I olsrd   : Writing '0' (was 0) to /proc/sys/net/ipv4/conf/wlan0/send_redirects
04-24 06:33:20.105 16971 16971 I olsrd   : Writing '0' (was 0) to /proc/sys/net/ipv4/conf/wlan0/rp_filter
04-24 06:33:20.105 16971 16971 I olsrd   : Adding interface wlan0
04-24 06:33:20.105 16971 16971 I olsrd   : New main address: 10.1.1.34
04-24 06:33:20.115 16976 16976 I olsrd   : olsr.org -  0.6.6.2-n -git_0000000 -n -hash_ 7985605520f3cae9b305d56e83b35d9c successfully started
04-24 06:39:00.203  1427  1434 E MP-Decision: num online cores: 1 reqd : 2 available : 4 rq_depth:2.500000 hotplug_avg_load_dw: 40
04-24 06:39:00.203  1427  1434 E MP-Decision: UP cpu:1 core_idx:1 Nw:1.900000 Tw:140 total_time_up:146.000000
04-24 06:39:00.533 19843 19843 D AndroidRuntime: 
04-24 06:39:00.533 19843 19843 D AndroidRuntime: >>>>>> AndroidRuntime START com.android.internal.os.RuntimeInit <<<<<<
04-24 06:39:00.533 19843 19843 D AndroidRuntime: CheckJNI is ON
04-24 06:39:00.533 19843 19843 E dalvikvm: ERROR: must specify non-'.' bootclasspath
04-24 06:39:00.533 19843 19843 W dalvikvm: CreateJavaVM failed: dvmClassStartup failed
04-24 06:39:00.533 19843 19843 E AndroidRuntime: JNI_CreateJavaVM failed
04-24 06:39:00.653 16976 16976 I olsrd   : Writing '1' (was 0) to /proc/sys/net/ipv4/conf/all/send_redirects
04-24 06:39:00.653 16976 16976 I olsrd   : olsr.org -  0.6.6.2-n -git_0000000 -n -hash_ 7985605520f3cae9b305d56e83b35d9c stopped
04-24 06:39:01.704  1427  1434 E MP-Decision: num online cores: 2 reqd : 1 available : 4 rq_depth:0.000000 hotplug_avg_load_dw: 26
04-24 06:39:01.704  1427  1434 E MP-Decision: DOWN cpu:1 core_idx:1 Ns:1.100000 Ts:190 total_time_down:744.000000
04-24 06:39:02.004  1427  1434 E MP-Decision: num online cores: 1 reqd : 2 available : 4 rq_depth:1.100000 hotplug_avg_load_dw: 72
04-24 06:39:02.004  1427  1434 E MP-Decision: UP cpu:1 core_idx:1 Nw:1.900000 Tw:140 total_time_up:0.000000
04-24 06:39:02.505 19900 19900 D AndroidRuntime: 
04-24 06:39:02.505 19900 19900 D AndroidRuntime: >>>>>> AndroidRuntime START com.android.internal.os.RuntimeInit <<<<<<
04-24 06:39:02.505 19900 19900 D AndroidRuntime: CheckJNI is ON
04-24 06:39:02.505 19900 19900 E dalvikvm: ERROR: must specify non-'.' bootclasspath
04-24 06:39:02.505 19900 19900 W dalvikvm: CreateJavaVM failed: dvmClassStartup failed
04-24 06:39:02.505 19900 19900 E AndroidRuntime: JNI_CreateJavaVM failed
04-24 06:39:02.825 19902 19902 D AndroidRuntime: 
04-24 06:39:02.825 19902 19902 D AndroidRuntime: >>>>>> AndroidRuntime START com.android.internal.os.RuntimeInit <<<<<<
04-24 06:39:02.825 19902 19902 D AndroidRuntime: CheckJNI is ON
04-24 06:39:02.825 19902 19902 E dalvikvm: ERROR: must specify non-'.' bootclasspath
04-24 06:39:02.825 19902 19902 W dalvikvm: CreateJavaVM failed: dvmClassStartup failed
04-24 06:39:02.825 19902 19902 E AndroidRuntime: JNI_CreateJavaVM failed
