--------- beginning of /dev/log/main
04-24 06:39:01.656  1408  1414 E MP-Decision: num online cores: 2 reqd : 1 available : 4 rq_depth:0.000000 hotplug_avg_load_dw: 18
04-24 06:39:01.656  1408  1414 E MP-Decision: DOWN cpu:1 core_idx:1 Ns:1.100000 Ts:190 total_time_down:920.000000
04-24 06:39:01.906  1408  1414 E MP-Decision: num online cores: 1 reqd : 2 available : 4 rq_depth:1.000000 hotplug_avg_load_dw: 56
04-24 06:39:01.906  1408  1414 E MP-Decision: UP cpu:1 core_idx:1 Nw:1.900000 Tw:140 total_time_up:0.000000
04-24 06:39:02.487 19794 19794 D AndroidRuntime: 
04-24 06:39:02.487 19794 19794 D AndroidRuntime: >>>>>> AndroidRuntime START com.android.internal.os.RuntimeInit <<<<<<
04-24 06:39:02.487 19794 19794 D AndroidRuntime: CheckJNI is ON
04-24 06:39:02.487 19794 19794 E dalvikvm: ERROR: must specify non-'.' bootclasspath
04-24 06:39:02.487 19794 19794 W dalvikvm: CreateJavaVM failed: dvmClassStartup failed
04-24 06:39:02.487 19794 19794 E AndroidRuntime: JNI_CreateJavaVM failed
04-24 06:39:02.827 19795 19795 D AndroidRuntime: 
04-24 06:39:02.827 19795 19795 D AndroidRuntime: >>>>>> AndroidRuntime START com.android.internal.os.RuntimeInit <<<<<<
04-24 06:39:02.827 19795 19795 D AndroidRuntime: CheckJNI is ON
04-24 06:39:02.827 19795 19795 E dalvikvm: ERROR: must specify non-'.' bootclasspath
04-24 06:39:02.827 19795 19795 W dalvikvm: CreateJavaVM failed: dvmClassStartup failed
04-24 06:39:02.827 19795 19795 E AndroidRuntime: JNI_CreateJavaVM failed
04-24 06:39:03.678  1408  1414 E MP-Decision: num online cores: 2 reqd : 1 available : 4 rq_depth:0.000000 hotplug_avg_load_dw: 28
04-24 06:39:03.678  1408  1414 E MP-Decision: DOWN cpu:1 core_idx:1 Ns:1.100000 Ts:190 total_time_down:717.000000
04-24 06:56:40.112 19974 19974 I olsrd   : Writing '1' (was 1) to /proc/sys/net/ipv4/ip_forward
04-24 06:56:40.112 19974 19974 I olsrd   : Writing '0' (was 1) to /proc/sys/net/ipv4/conf/all/send_redirects
04-24 06:56:40.112 19974 19974 I olsrd   : Writing '0' (was 0) to /proc/sys/net/ipv4/conf/all/rp_filter
04-24 06:56:40.112 19974 19974 I olsrd   : Writing '0' (was 0) to /proc/sys/net/ipv4/conf/wlan0/send_redirects
04-24 06:56:40.112 19974 19974 I olsrd   : Writing '0' (was 0) to /proc/sys/net/ipv4/conf/wlan0/rp_filter
04-24 06:56:40.112 19974 19974 I olsrd   : Adding interface wlan0
04-24 06:56:40.112 19974 19974 I olsrd   : New main address: 10.1.1.36
04-24 06:56:40.122 19979 19979 I olsrd   : olsr.org -  0.6.6.2-n -git_0000000 -n -hash_ 7985605520f3cae9b305d56e83b35d9c successfully started
04-24 07:02:20.185  1408  1414 E MP-Decision: num online cores: 1 reqd : 2 available : 4 rq_depth:2.900000 hotplug_avg_load_dw: 28
04-24 07:02:20.185  1408  1414 E MP-Decision: UP cpu:1 core_idx:1 Nw:1.900000 Tw:140 total_time_up:146.000000
04-24 07:02:20.486 22846 22846 D AndroidRuntime: 
04-24 07:02:20.486 22846 22846 D AndroidRuntime: >>>>>> AndroidRuntime START com.android.internal.os.RuntimeInit <<<<<<
04-24 07:02:20.486 22846 22846 D AndroidRuntime: CheckJNI is ON
04-24 07:02:20.486 22846 22846 E dalvikvm: ERROR: must specify non-'.' bootclasspath
04-24 07:02:20.486 22846 22846 W dalvikvm: CreateJavaVM failed: dvmClassStartup failed
04-24 07:02:20.486 22846 22846 E AndroidRuntime: JNI_CreateJavaVM failed
04-24 07:02:20.596 19979 19979 I olsrd   : Writing '1' (was 0) to /proc/sys/net/ipv4/conf/all/send_redirects
04-24 07:02:20.596 19979 19979 I olsrd   : olsr.org -  0.6.6.2-n -git_0000000 -n -hash_ 7985605520f3cae9b305d56e83b35d9c stopped
04-24 07:02:21.557  1408  1414 E MP-Decision: num online cores: 2 reqd : 1 available : 4 rq_depth:0.000000 hotplug_avg_load_dw: 20
04-24 07:02:21.557  1408  1414 E MP-Decision: DOWN cpu:1 core_idx:1 Ns:1.100000 Ts:190 total_time_down:861.000000
04-24 07:02:21.887  1408  1414 E MP-Decision: num online cores: 1 reqd : 2 available : 4 rq_depth:1.000000 hotplug_avg_load_dw: 66
04-24 07:02:21.887  1408  1414 E MP-Decision: UP cpu:1 core_idx:1 Nw:1.900000 Tw:140 total_time_up:0.000000
04-24 07:02:22.408 22904 22904 D AndroidRuntime: 
04-24 07:02:22.408 22904 22904 D AndroidRuntime: >>>>>> AndroidRuntime START com.android.internal.os.RuntimeInit <<<<<<
04-24 07:02:22.408 22904 22904 D AndroidRuntime: CheckJNI is ON
04-24 07:02:22.408 22904 22904 E dalvikvm: ERROR: must specify non-'.' bootclasspath
04-24 07:02:22.408 22904 22904 W dalvikvm: CreateJavaVM failed: dvmClassStartup failed
04-24 07:02:22.408 22904 22904 E AndroidRuntime: JNI_CreateJavaVM failed
04-24 07:02:22.748 22905 22905 D AndroidRuntime: 
04-24 07:02:22.748 22905 22905 D AndroidRuntime: >>>>>> AndroidRuntime START com.android.internal.os.RuntimeInit <<<<<<
04-24 07:02:22.758 22905 22905 D AndroidRuntime: CheckJNI is ON
04-24 07:02:22.758 22905 22905 E dalvikvm: ERROR: must specify non-'.' bootclasspath
04-24 07:02:22.758 22905 22905 W dalvikvm: CreateJavaVM failed: dvmClassStartup failed
04-24 07:02:22.758 22905 22905 E AndroidRuntime: JNI_CreateJavaVM failed
