--------- beginning of /dev/log/main
04-24 05:52:21.405  1395  1401 E MP-Decision: num online cores: 2 reqd : 1 available : 4 rq_depth:0.000000 hotplug_avg_load_dw: 14
04-24 05:52:21.405  1395  1401 E MP-Decision: DOWN cpu:1 core_idx:1 Ns:1.100000 Ts:190 total_time_down:593.000000
04-24 05:52:21.886  1395  1401 E MP-Decision: num online cores: 1 reqd : 2 available : 4 rq_depth:1.000000 hotplug_avg_load_dw: 70
04-24 05:52:21.886  1395  1401 E MP-Decision: UP cpu:1 core_idx:1 Nw:1.900000 Tw:140 total_time_up:0.000000
04-24 05:52:22.446 13423 13423 D AndroidRuntime: 
04-24 05:52:22.446 13423 13423 D AndroidRuntime: >>>>>> AndroidRuntime START com.android.internal.os.RuntimeInit <<<<<<
04-24 05:52:22.446 13423 13423 D AndroidRuntime: CheckJNI is ON
04-24 05:52:22.446 13423 13423 E dalvikvm: ERROR: must specify non-'.' bootclasspath
04-24 05:52:22.446 13423 13423 W dalvikvm: CreateJavaVM failed: dvmClassStartup failed
04-24 05:52:22.446 13423 13423 E AndroidRuntime: JNI_CreateJavaVM failed
04-24 05:52:22.716 13424 13424 D AndroidRuntime: 
04-24 05:52:22.716 13424 13424 D AndroidRuntime: >>>>>> AndroidRuntime START com.android.internal.os.RuntimeInit <<<<<<
04-24 05:52:22.716 13424 13424 D AndroidRuntime: CheckJNI is ON
04-24 05:52:22.716 13424 13424 E dalvikvm: ERROR: must specify non-'.' bootclasspath
04-24 05:52:22.716 13424 13424 W dalvikvm: CreateJavaVM failed: dvmClassStartup failed
04-24 05:52:22.716 13424 13424 E AndroidRuntime: JNI_CreateJavaVM failed
04-24 05:52:23.637  1395  1401 E MP-Decision: num online cores: 2 reqd : 1 available : 4 rq_depth:0.000000 hotplug_avg_load_dw: 17
04-24 05:52:23.637  1395  1401 E MP-Decision: DOWN cpu:1 core_idx:1 Ns:1.100000 Ts:190 total_time_down:1239.000000
04-24 06:10:00.113 13602 13602 I olsrd   : Writing '1' (was 1) to /proc/sys/net/ipv4/ip_forward
04-24 06:10:00.113 13602 13602 I olsrd   : Writing '0' (was 1) to /proc/sys/net/ipv4/conf/all/send_redirects
04-24 06:10:00.113 13602 13602 I olsrd   : Writing '0' (was 0) to /proc/sys/net/ipv4/conf/all/rp_filter
04-24 06:10:00.113 13602 13602 I olsrd   : Writing '0' (was 0) to /proc/sys/net/ipv4/conf/wlan0/send_redirects
04-24 06:10:00.113 13602 13602 I olsrd   : Writing '0' (was 0) to /proc/sys/net/ipv4/conf/wlan0/rp_filter
04-24 06:10:00.113 13602 13602 I olsrd   : Adding interface wlan0
04-24 06:10:00.113 13602 13602 I olsrd   : New main address: 10.1.1.31
04-24 06:10:00.123 13607 13607 I olsrd   : olsr.org -  0.6.6.2-n -git_0000000 -n -hash_ 7985605520f3cae9b305d56e83b35d9c successfully started
04-24 06:15:40.303  1395  1401 E MP-Decision: num online cores: 1 reqd : 2 available : 4 rq_depth:1.000000 hotplug_avg_load_dw: 67
04-24 06:15:40.303  1395  1401 E MP-Decision: UP cpu:1 core_idx:1 Nw:1.900000 Tw:140 total_time_up:0.000000
04-24 06:15:40.423 16471 16471 D AndroidRuntime: 
04-24 06:15:40.423 16471 16471 D AndroidRuntime: >>>>>> AndroidRuntime START com.android.internal.os.RuntimeInit <<<<<<
04-24 06:15:40.423 16471 16471 D AndroidRuntime: CheckJNI is ON
04-24 06:15:40.423 16471 16471 E dalvikvm: ERROR: must specify non-'.' bootclasspath
04-24 06:15:40.423 16471 16471 W dalvikvm: CreateJavaVM failed: dvmClassStartup failed
04-24 06:15:40.423 16471 16471 E AndroidRuntime: JNI_CreateJavaVM failed
04-24 06:15:40.523 13607 13607 I olsrd   : Writing '1' (was 0) to /proc/sys/net/ipv4/conf/all/send_redirects
04-24 06:15:40.523 13607 13607 I olsrd   : olsr.org -  0.6.6.2-n -git_0000000 -n -hash_ 7985605520f3cae9b305d56e83b35d9c stopped
04-24 06:15:41.264  1395  1401 E MP-Decision: num online cores: 2 reqd : 1 available : 4 rq_depth:0.000000 hotplug_avg_load_dw: 17
04-24 06:15:41.264  1395  1401 E MP-Decision: DOWN cpu:1 core_idx:1 Ns:1.100000 Ts:190 total_time_down:456.000000
04-24 06:15:41.844  1395  1401 E MP-Decision: num online cores: 1 reqd : 2 available : 4 rq_depth:1.000000 hotplug_avg_load_dw: 66
04-24 06:15:41.844  1395  1401 E MP-Decision: UP cpu:1 core_idx:1 Nw:1.900000 Tw:140 total_time_up:0.000000
04-24 06:15:42.375 16531 16531 D AndroidRuntime: 
04-24 06:15:42.375 16531 16531 D AndroidRuntime: >>>>>> AndroidRuntime START com.android.internal.os.RuntimeInit <<<<<<
04-24 06:15:42.375 16531 16531 D AndroidRuntime: CheckJNI is ON
04-24 06:15:42.375 16531 16531 E dalvikvm: ERROR: must specify non-'.' bootclasspath
04-24 06:15:42.375 16531 16531 W dalvikvm: CreateJavaVM failed: dvmClassStartup failed
04-24 06:15:42.375 16531 16531 E AndroidRuntime: JNI_CreateJavaVM failed
04-24 06:15:42.715 16533 16533 D AndroidRuntime: 
04-24 06:15:42.715 16533 16533 D AndroidRuntime: >>>>>> AndroidRuntime START com.android.internal.os.RuntimeInit <<<<<<
04-24 06:15:42.715 16533 16533 D AndroidRuntime: CheckJNI is ON
04-24 06:15:42.715 16533 16533 E dalvikvm: ERROR: must specify non-'.' bootclasspath
04-24 06:15:42.715 16533 16533 W dalvikvm: CreateJavaVM failed: dvmClassStartup failed
04-24 06:15:42.715 16533 16533 E AndroidRuntime: JNI_CreateJavaVM failed
