--------- beginning of /dev/log/main
04-24 06:39:01.706  1412  1419 E MP-Decision: num online cores: 2 reqd : 1 available : 4 rq_depth:0.000000 hotplug_avg_load_dw: 12
04-24 06:39:01.706  1412  1419 E MP-Decision: DOWN cpu:1 core_idx:1 Ns:1.100000 Ts:190 total_time_down:781.000000
04-24 06:39:01.956  1412  1419 E MP-Decision: num online cores: 1 reqd : 2 available : 4 rq_depth:1.000000 hotplug_avg_load_dw: 62
04-24 06:39:01.956  1412  1419 E MP-Decision: UP cpu:1 core_idx:1 Nw:1.900000 Tw:140 total_time_up:0.000000
04-24 06:39:02.526 19907 19907 D AndroidRuntime: 
04-24 06:39:02.526 19907 19907 D AndroidRuntime: >>>>>> AndroidRuntime START com.android.internal.os.RuntimeInit <<<<<<
04-24 06:39:02.526 19907 19907 D AndroidRuntime: CheckJNI is ON
04-24 06:39:02.526 19907 19907 E dalvikvm: ERROR: must specify non-'.' bootclasspath
04-24 06:39:02.526 19907 19907 W dalvikvm: CreateJavaVM failed: dvmClassStartup failed
04-24 06:39:02.526 19907 19907 E AndroidRuntime: JNI_CreateJavaVM failed
04-24 06:39:02.867 19908 19908 D AndroidRuntime: 
04-24 06:39:02.867 19908 19908 D AndroidRuntime: >>>>>> AndroidRuntime START com.android.internal.os.RuntimeInit <<<<<<
04-24 06:39:02.867 19908 19908 D AndroidRuntime: CheckJNI is ON
04-24 06:39:02.877 19908 19908 E dalvikvm: ERROR: must specify non-'.' bootclasspath
04-24 06:39:02.877 19908 19908 W dalvikvm: CreateJavaVM failed: dvmClassStartup failed
04-24 06:39:02.877 19908 19908 E AndroidRuntime: JNI_CreateJavaVM failed
04-24 06:39:05.009  1412  1419 E MP-Decision: num online cores: 2 reqd : 1 available : 4 rq_depth:0.000000 hotplug_avg_load_dw: 16
04-24 06:39:05.009  1412  1419 E MP-Decision: DOWN cpu:1 core_idx:1 Ns:1.100000 Ts:190 total_time_down:2042.000000
--------- beginning of /dev/log/system
04-24 06:39:05.049   798   816 W ProcessStats: Skipping unknown process pid 19893
04-24 06:39:05.049   798   816 W ProcessStats: Skipping unknown process pid 19896
04-24 06:56:40.110 20090 20090 I olsrd   : Writing '1' (was 1) to /proc/sys/net/ipv4/ip_forward
04-24 06:56:40.110 20090 20090 I olsrd   : Writing '0' (was 1) to /proc/sys/net/ipv4/conf/all/send_redirects
04-24 06:56:40.110 20090 20090 I olsrd   : Writing '0' (was 0) to /proc/sys/net/ipv4/conf/all/rp_filter
04-24 06:56:40.110 20090 20090 I olsrd   : Writing '0' (was 0) to /proc/sys/net/ipv4/conf/wlan0/send_redirects
04-24 06:56:40.110 20090 20090 I olsrd   : Writing '0' (was 0) to /proc/sys/net/ipv4/conf/wlan0/rp_filter
04-24 06:56:40.110 20090 20090 I olsrd   : Adding interface wlan0
04-24 06:56:40.110 20090 20090 I olsrd   : New main address: 10.1.1.39
04-24 06:56:40.120 20095 20095 I olsrd   : olsr.org -  0.6.6.2-n -git_0000000 -n -hash_ 7985605520f3cae9b305d56e83b35d9c successfully started
04-24 07:00:40.042   798   816 W ProcessStats: Skipping unknown process pid 22080
04-24 07:00:40.052   798   816 W ProcessStats: Skipping unknown process pid 22081
04-24 07:00:40.052   798   816 W ProcessStats: Skipping unknown process pid 22082
04-24 07:01:05.057   798   816 W ProcessStats: Skipping unknown process pid 22279
04-24 07:02:20.219  1412  1419 E MP-Decision: num online cores: 1 reqd : 2 available : 4 rq_depth:1.000000 hotplug_avg_load_dw: 60
04-24 07:02:20.219  1412  1419 E MP-Decision: UP cpu:1 core_idx:1 Nw:1.900000 Tw:140 total_time_up:0.000000
04-24 07:02:20.390 22958 22958 D AndroidRuntime: 
04-24 07:02:20.390 22958 22958 D AndroidRuntime: >>>>>> AndroidRuntime START com.android.internal.os.RuntimeInit <<<<<<
04-24 07:02:20.390 22958 22958 D AndroidRuntime: CheckJNI is ON
04-24 07:02:20.390 22958 22958 E dalvikvm: ERROR: must specify non-'.' bootclasspath
04-24 07:02:20.390 22958 22958 W dalvikvm: CreateJavaVM failed: dvmClassStartup failed
04-24 07:02:20.390 22958 22958 E AndroidRuntime: JNI_CreateJavaVM failed
04-24 07:02:20.480 20095 20095 I olsrd   : Writing '1' (was 0) to /proc/sys/net/ipv4/conf/all/send_redirects
04-24 07:02:20.480 20095 20095 I olsrd   : olsr.org -  0.6.6.2-n -git_0000000 -n -hash_ 7985605520f3cae9b305d56e83b35d9c stopped
04-24 07:02:21.611  1412  1419 E MP-Decision: num online cores: 2 reqd : 1 available : 4 rq_depth:1.000000 hotplug_avg_load_dw: 26
04-24 07:02:21.611  1412  1419 E MP-Decision: DOWN cpu:1 core_idx:1 Ns:1.100000 Ts:190 total_time_down:885.000000
04-24 07:02:21.861  1412  1419 E MP-Decision: num online cores: 1 reqd : 2 available : 4 rq_depth:1.000000 hotplug_avg_load_dw: 67
04-24 07:02:21.861  1412  1419 E MP-Decision: UP cpu:1 core_idx:1 Nw:1.900000 Tw:140 total_time_up:0.000000
04-24 07:02:22.442 23021 23021 D AndroidRuntime: 
04-24 07:02:22.442 23021 23021 D AndroidRuntime: >>>>>> AndroidRuntime START com.android.internal.os.RuntimeInit <<<<<<
04-24 07:02:22.442 23021 23021 D AndroidRuntime: CheckJNI is ON
04-24 07:02:22.442 23021 23021 E dalvikvm: ERROR: must specify non-'.' bootclasspath
04-24 07:02:22.442 23021 23021 W dalvikvm: CreateJavaVM failed: dvmClassStartup failed
04-24 07:02:22.442 23021 23021 E AndroidRuntime: JNI_CreateJavaVM failed
04-24 07:02:22.772 23022 23022 D AndroidRuntime: 
04-24 07:02:22.772 23022 23022 D AndroidRuntime: >>>>>> AndroidRuntime START com.android.internal.os.RuntimeInit <<<<<<
04-24 07:02:22.772 23022 23022 D AndroidRuntime: CheckJNI is ON
04-24 07:02:22.772 23022 23022 E dalvikvm: ERROR: must specify non-'.' bootclasspath
04-24 07:02:22.772 23022 23022 W dalvikvm: CreateJavaVM failed: dvmClassStartup failed
04-24 07:02:22.772 23022 23022 E AndroidRuntime: JNI_CreateJavaVM failed
