--------- beginning of /dev/log/main
04-24 07:14:01.643  1423  1429 E MP-Decision: num online cores: 2 reqd : 1 available : 4 rq_depth:0.000000 hotplug_avg_load_dw: 19
04-24 07:14:01.643  1423  1429 E MP-Decision: DOWN cpu:1 core_idx:1 Ns:1.100000 Ts:190 total_time_down:979.000000
04-24 07:14:01.893  1423  1429 E MP-Decision: num online cores: 1 reqd : 2 available : 4 rq_depth:1.000000 hotplug_avg_load_dw: 62
04-24 07:14:01.893  1423  1429 E MP-Decision: UP cpu:1 core_idx:1 Nw:1.900000 Tw:140 total_time_up:0.000000
04-24 07:14:02.514 25375 25375 D AndroidRuntime: 
04-24 07:14:02.514 25375 25375 D AndroidRuntime: >>>>>> AndroidRuntime START com.android.internal.os.RuntimeInit <<<<<<
04-24 07:14:02.514 25375 25375 D AndroidRuntime: CheckJNI is ON
04-24 07:14:02.514 25375 25375 E dalvikvm: ERROR: must specify non-'.' bootclasspath
04-24 07:14:02.514 25375 25375 W dalvikvm: CreateJavaVM failed: dvmClassStartup failed
04-24 07:14:02.514 25375 25375 E AndroidRuntime: JNI_CreateJavaVM failed
04-24 07:14:02.844 25376 25376 D AndroidRuntime: 
04-24 07:14:02.844 25376 25376 D AndroidRuntime: >>>>>> AndroidRuntime START com.android.internal.os.RuntimeInit <<<<<<
04-24 07:14:02.844 25376 25376 D AndroidRuntime: CheckJNI is ON
04-24 07:14:02.844 25376 25376 E dalvikvm: ERROR: must specify non-'.' bootclasspath
04-24 07:14:02.844 25376 25376 W dalvikvm: CreateJavaVM failed: dvmClassStartup failed
04-24 07:14:02.844 25376 25376 E AndroidRuntime: JNI_CreateJavaVM failed
04-24 07:14:04.866  1423  1429 E MP-Decision: num online cores: 2 reqd : 1 available : 4 rq_depth:0.000000 hotplug_avg_load_dw: 19
04-24 07:14:04.866  1423  1429 E MP-Decision: DOWN cpu:1 core_idx:1 Ns:1.100000 Ts:190 total_time_down:1914.000000
04-24 07:20:00.148 25553 25553 I olsrd   : Writing '1' (was 1) to /proc/sys/net/ipv4/ip_forward
04-24 07:20:00.148 25553 25553 I olsrd   : Writing '0' (was 1) to /proc/sys/net/ipv4/conf/all/send_redirects
04-24 07:20:00.148 25553 25553 I olsrd   : Writing '0' (was 0) to /proc/sys/net/ipv4/conf/all/rp_filter
04-24 07:20:00.148 25553 25553 I olsrd   : Writing '0' (was 0) to /proc/sys/net/ipv4/conf/wlan0/send_redirects
04-24 07:20:00.148 25553 25553 I olsrd   : Writing '0' (was 0) to /proc/sys/net/ipv4/conf/wlan0/rp_filter
04-24 07:20:00.148 25553 25553 I olsrd   : Adding interface wlan0
04-24 07:20:00.148 25553 25553 I olsrd   : New main address: 10.1.1.13
04-24 07:20:00.158 25554 25554 I olsrd   : olsr.org -  0.6.6.2-n -git_0000000 -n -hash_ 7985605520f3cae9b305d56e83b35d9c successfully started
--------- beginning of /dev/log/system
04-24 07:20:05.033   805   832 W ProcessStats: Skipping unknown process pid 25583
04-24 07:20:05.043   805   832 W ProcessStats: Skipping unknown process pid 25584
04-24 07:20:05.043   805   832 W ProcessStats: Skipping unknown process pid 25585
04-24 07:23:00.132  1423  1429 E MP-Decision: num online cores: 1 reqd : 2 available : 4 rq_depth:3.900000 hotplug_avg_load_dw: 29
04-24 07:23:00.132  1423  1429 E MP-Decision: UP cpu:1 core_idx:1 Nw:1.900000 Tw:140 total_time_up:145.000000
04-24 07:23:00.232  1423  1429 E MP-Decision: num online cores: 2 reqd : 1 available : 4 rq_depth:1.000000 hotplug_avg_load_dw: 14
04-24 07:23:00.232  1423  1429 E MP-Decision: DOWN cpu:1 core_idx:1 Ns:1.100000 Ts:190 total_time_down:50.000000
04-24 07:23:56.576 25554 25554 I olsrd   : detected duplicate packet with seqnr 0x46f3 from 10.1.1.12 on wlan0 (480 Bytes)
04-24 07:24:05.044   805   832 W ProcessStats: Skipping unknown process pid 27092
04-24 07:24:05.044   805   832 W ProcessStats: Skipping unknown process pid 27093
04-24 07:24:05.044   805   832 W ProcessStats: Skipping unknown process pid 27094
04-24 07:24:17.656  1423  1429 E MP-Decision: num online cores: 1 reqd : 2 available : 4 rq_depth:1.900000 hotplug_avg_load_dw: 24
04-24 07:24:17.656  1423  1429 E MP-Decision: UP cpu:1 core_idx:1 Nw:1.900000 Tw:140 total_time_up:146.000000
04-24 07:24:17.916  1423  1429 E MP-Decision: num online cores: 2 reqd : 1 available : 4 rq_depth:0.000000 hotplug_avg_load_dw: 29
04-24 07:24:17.916  1423  1429 E MP-Decision: DOWN cpu:1 core_idx:1 Ns:1.100000 Ts:190 total_time_down:245.000000
04-24 07:25:40.276  1423  1429 E MP-Decision: num online cores: 1 reqd : 2 available : 4 rq_depth:1.000000 hotplug_avg_load_dw: 66
04-24 07:25:40.276  1423  1429 E MP-Decision: UP cpu:1 core_idx:1 Nw:1.900000 Tw:140 total_time_up:0.000000
04-24 07:25:40.406 27731 27731 D AndroidRuntime: 
04-24 07:25:40.406 27731 27731 D AndroidRuntime: >>>>>> AndroidRuntime START com.android.internal.os.RuntimeInit <<<<<<
04-24 07:25:40.406 27731 27731 D AndroidRuntime: CheckJNI is ON
04-24 07:25:40.406 27731 27731 E dalvikvm: ERROR: must specify non-'.' bootclasspath
04-24 07:25:40.406 27731 27731 W dalvikvm: CreateJavaVM failed: dvmClassStartup failed
04-24 07:25:40.406 27731 27731 E AndroidRuntime: JNI_CreateJavaVM failed
04-24 07:25:40.556 25554 25554 I olsrd   : Writing '1' (was 0) to /proc/sys/net/ipv4/conf/all/send_redirects
04-24 07:25:40.556 25554 25554 I olsrd   : olsr.org -  0.6.6.2-n -git_0000000 -n -hash_ 7985605520f3cae9b305d56e83b35d9c stopped
04-24 07:25:41.227  1423  1429 E MP-Decision: num online cores: 2 reqd : 1 available : 4 rq_depth:1.000000 hotplug_avg_load_dw: 21
04-24 07:25:41.227  1423  1429 E MP-Decision: DOWN cpu:1 core_idx:1 Ns:1.100000 Ts:190 total_time_down:193.000000
04-24 07:25:41.857  1423  1429 E MP-Decision: num online cores: 1 reqd : 2 available : 4 rq_depth:1.400000 hotplug_avg_load_dw: 66
04-24 07:25:41.857  1423  1429 E MP-Decision: UP cpu:1 core_idx:1 Nw:1.900000 Tw:140 total_time_up:0.000000
04-24 07:25:42.408 27830 27830 D AndroidRuntime: 
04-24 07:25:42.408 27830 27830 D AndroidRuntime: >>>>>> AndroidRuntime START com.android.internal.os.RuntimeInit <<<<<<
04-24 07:25:42.408 27830 27830 D AndroidRuntime: CheckJNI is ON
04-24 07:25:42.418 27830 27830 E dalvikvm: ERROR: must specify non-'.' bootclasspath
04-24 07:25:42.418 27830 27830 W dalvikvm: CreateJavaVM failed: dvmClassStartup failed
04-24 07:25:42.418 27830 27830 E AndroidRuntime: JNI_CreateJavaVM failed
04-24 07:25:42.758 27831 27831 D AndroidRuntime: 
04-24 07:25:42.758 27831 27831 D AndroidRuntime: >>>>>> AndroidRuntime START com.android.internal.os.RuntimeInit <<<<<<
04-24 07:25:42.758 27831 27831 D AndroidRuntime: CheckJNI is ON
04-24 07:25:42.758 27831 27831 E dalvikvm: ERROR: must specify non-'.' bootclasspath
04-24 07:25:42.758 27831 27831 W dalvikvm: CreateJavaVM failed: dvmClassStartup failed
04-24 07:25:42.758 27831 27831 E AndroidRuntime: JNI_CreateJavaVM failed
