--------- beginning of /dev/log/main
04-24 06:04:01.796  1420  1427 E MP-Decision: num online cores: 2 reqd : 1 available : 4 rq_depth:0.000000 hotplug_avg_load_dw: 22
04-24 06:04:01.796  1420  1427 E MP-Decision: DOWN cpu:1 core_idx:1 Ns:1.100000 Ts:190 total_time_down:765.000000
04-24 06:04:02.046  1420  1427 E MP-Decision: num online cores: 1 reqd : 2 available : 4 rq_depth:1.300000 hotplug_avg_load_dw: 66
04-24 06:04:02.046  1420  1427 E MP-Decision: UP cpu:1 core_idx:1 Nw:1.900000 Tw:140 total_time_up:0.000000
04-24 06:04:02.586 17278 17278 D AndroidRuntime: 
04-24 06:04:02.586 17278 17278 D AndroidRuntime: >>>>>> AndroidRuntime START com.android.internal.os.RuntimeInit <<<<<<
04-24 06:04:02.586 17278 17278 D AndroidRuntime: CheckJNI is ON
04-24 06:04:02.586 17278 17278 E dalvikvm: ERROR: must specify non-'.' bootclasspath
04-24 06:04:02.586 17278 17278 W dalvikvm: CreateJavaVM failed: dvmClassStartup failed
04-24 06:04:02.586 17278 17278 E AndroidRuntime: JNI_CreateJavaVM failed
04-24 06:04:02.927 17280 17280 D AndroidRuntime: 
04-24 06:04:02.927 17280 17280 D AndroidRuntime: >>>>>> AndroidRuntime START com.android.internal.os.RuntimeInit <<<<<<
04-24 06:04:02.927 17280 17280 D AndroidRuntime: CheckJNI is ON
04-24 06:04:02.927 17280 17280 E dalvikvm: ERROR: must specify non-'.' bootclasspath
04-24 06:04:02.927 17280 17280 W dalvikvm: CreateJavaVM failed: dvmClassStartup failed
04-24 06:04:02.927 17280 17280 E AndroidRuntime: JNI_CreateJavaVM failed
04-24 06:04:05.139  1420  1427 E MP-Decision: num online cores: 2 reqd : 1 available : 4 rq_depth:0.000000 hotplug_avg_load_dw: 17
04-24 06:04:05.139  1420  1427 E MP-Decision: DOWN cpu:1 core_idx:1 Ns:1.100000 Ts:190 total_time_down:2967.000000
04-24 06:10:00.148 17458 17458 I olsrd   : Writing '1' (was 1) to /proc/sys/net/ipv4/ip_forward
04-24 06:10:00.148 17458 17458 I olsrd   : Writing '0' (was 1) to /proc/sys/net/ipv4/conf/all/send_redirects
04-24 06:10:00.148 17458 17458 I olsrd   : Writing '0' (was 0) to /proc/sys/net/ipv4/conf/all/rp_filter
04-24 06:10:00.148 17458 17458 I olsrd   : Writing '0' (was 0) to /proc/sys/net/ipv4/conf/wlan0/send_redirects
04-24 06:10:00.148 17458 17458 I olsrd   : Writing '0' (was 0) to /proc/sys/net/ipv4/conf/wlan0/rp_filter
04-24 06:10:00.148 17458 17458 I olsrd   : Adding interface wlan0
04-24 06:10:00.148 17458 17458 I olsrd   : New main address: 10.1.1.15
04-24 06:10:00.158 17459 17459 I olsrd   : olsr.org -  0.6.6.2-n -git_0000000 -n -hash_ 7985605520f3cae9b305d56e83b35d9c successfully started
--------- beginning of /dev/log/system
04-24 06:10:05.053   805   832 W ProcessStats: Skipping unknown process pid 17495
04-24 06:10:05.053   805   832 W ProcessStats: Skipping unknown process pid 17496
04-24 06:10:05.053   805   832 W ProcessStats: Skipping unknown process pid 17497
04-24 06:10:05.083   805   809 D dalvikvm: JIT code cache reset in 1 ms (1048428 bytes 1/0)
04-24 06:13:04.404   805   832 W BroadcastQueue: Timeout of broadcast BroadcastRecord{41f45db8 u0 com.android.server.action.NETWORK_STATS_POLL} - receiver=android.app.LoadedApk$ReceiverDispatcher$InnerReceiver@418ebcf0, started 60002ms ago
04-24 06:13:04.404   805   832 W BroadcastQueue: Receiver during timeout: BroadcastFilter{418ebf40 u0 ReceiverList{418e9720 805 system/1000/u0 local:418ebcf0}}
04-24 06:14:54.970   330   761 D MDnsDS  : MDnsSdListener::Monitor poll timed out
04-24 06:14:54.970   330   761 D MDnsDS  : Going to poll with pollCount 1
04-24 06:15:40.153  1420  1427 E MP-Decision: num online cores: 1 reqd : 2 available : 4 rq_depth:2.900000 hotplug_avg_load_dw: 26
04-24 06:15:40.153  1420  1427 E MP-Decision: UP cpu:1 core_idx:1 Nw:1.900000 Tw:140 total_time_up:145.000000
04-24 06:15:40.513 19639 19639 D AndroidRuntime: 
04-24 06:15:40.513 19639 19639 D AndroidRuntime: >>>>>> AndroidRuntime START com.android.internal.os.RuntimeInit <<<<<<
04-24 06:15:40.513 19639 19639 D AndroidRuntime: CheckJNI is ON
04-24 06:15:40.513 19639 19639 E dalvikvm: ERROR: must specify non-'.' bootclasspath
04-24 06:15:40.513 19639 19639 W dalvikvm: CreateJavaVM failed: dvmClassStartup failed
04-24 06:15:40.513 19639 19639 E AndroidRuntime: JNI_CreateJavaVM failed
04-24 06:15:40.643 17459 17459 I olsrd   : Writing '1' (was 0) to /proc/sys/net/ipv4/conf/all/send_redirects
04-24 06:15:40.643 17459 17459 I olsrd   : olsr.org -  0.6.6.2-n -git_0000000 -n -hash_ 7985605520f3cae9b305d56e83b35d9c stopped
04-24 06:15:41.424  1420  1427 E MP-Decision: num online cores: 2 reqd : 1 available : 4 rq_depth:0.000000 hotplug_avg_load_dw: 18
04-24 06:15:41.424  1420  1427 E MP-Decision: DOWN cpu:1 core_idx:1 Ns:1.100000 Ts:190 total_time_down:365.000000
04-24 06:15:41.935  1420  1427 E MP-Decision: num online cores: 1 reqd : 2 available : 4 rq_depth:1.900000 hotplug_avg_load_dw: 66
04-24 06:15:41.935  1420  1427 E MP-Decision: UP cpu:1 core_idx:1 Nw:1.900000 Tw:140 total_time_up:49.000000
04-24 06:15:42.465 19732 19732 D AndroidRuntime: 
04-24 06:15:42.465 19732 19732 D AndroidRuntime: >>>>>> AndroidRuntime START com.android.internal.os.RuntimeInit <<<<<<
04-24 06:15:42.465 19732 19732 D AndroidRuntime: CheckJNI is ON
04-24 06:15:42.465 19732 19732 E dalvikvm: ERROR: must specify non-'.' bootclasspath
04-24 06:15:42.465 19732 19732 W dalvikvm: CreateJavaVM failed: dvmClassStartup failed
04-24 06:15:42.465 19732 19732 E AndroidRuntime: JNI_CreateJavaVM failed
04-24 06:15:42.796 19733 19733 D AndroidRuntime: 
04-24 06:15:42.796 19733 19733 D AndroidRuntime: >>>>>> AndroidRuntime START com.android.internal.os.RuntimeInit <<<<<<
04-24 06:15:42.796 19733 19733 D AndroidRuntime: CheckJNI is ON
04-24 06:15:42.796 19733 19733 E dalvikvm: ERROR: must specify non-'.' bootclasspath
04-24 06:15:42.796 19733 19733 W dalvikvm: CreateJavaVM failed: dvmClassStartup failed
04-24 06:15:42.796 19733 19733 E AndroidRuntime: JNI_CreateJavaVM failed
