--------- beginning of /dev/log/main
04-24 06:15:41.096  1424  1431 E MP-Decision: num online cores: 2 reqd : 1 available : 4 rq_depth:0.000000 hotplug_avg_load_dw: 23
04-24 06:15:41.096  1424  1431 E MP-Decision: DOWN cpu:1 core_idx:1 Ns:1.100000 Ts:190 total_time_down:205.000000
04-24 06:15:41.967  1424  1431 E MP-Decision: num online cores: 1 reqd : 2 available : 4 rq_depth:1.000000 hotplug_avg_load_dw: 66
04-24 06:15:41.967  1424  1431 E MP-Decision: UP cpu:1 core_idx:1 Nw:1.900000 Tw:140 total_time_up:0.000000
04-24 06:15:42.498 16712 16712 D AndroidRuntime: 
04-24 06:15:42.498 16712 16712 D AndroidRuntime: >>>>>> AndroidRuntime START com.android.internal.os.RuntimeInit <<<<<<
04-24 06:15:42.498 16712 16712 D AndroidRuntime: CheckJNI is ON
04-24 06:15:42.498 16712 16712 E dalvikvm: ERROR: must specify non-'.' bootclasspath
04-24 06:15:42.498 16712 16712 W dalvikvm: CreateJavaVM failed: dvmClassStartup failed
04-24 06:15:42.498 16712 16712 E AndroidRuntime: JNI_CreateJavaVM failed
04-24 06:15:42.828 16714 16714 D AndroidRuntime: 
04-24 06:15:42.828 16714 16714 D AndroidRuntime: >>>>>> AndroidRuntime START com.android.internal.os.RuntimeInit <<<<<<
04-24 06:15:42.828 16714 16714 D AndroidRuntime: CheckJNI is ON
04-24 06:15:42.828 16714 16714 E dalvikvm: ERROR: must specify non-'.' bootclasspath
04-24 06:15:42.828 16714 16714 W dalvikvm: CreateJavaVM failed: dvmClassStartup failed
04-24 06:15:42.828 16714 16714 E AndroidRuntime: JNI_CreateJavaVM failed
04-24 06:15:44.900  1424  1431 E MP-Decision: num online cores: 2 reqd : 1 available : 4 rq_depth:0.000000 hotplug_avg_load_dw: 21
04-24 06:15:44.900  1424  1431 E MP-Decision: DOWN cpu:1 core_idx:1 Ns:1.100000 Ts:190 total_time_down:2861.000000
04-24 06:16:23.177   309   730 D MDnsDS  : MDnsSdListener::Monitor poll timed out
04-24 06:16:23.177   309   730 D MDnsDS  : Going to poll with pollCount 1
--------- beginning of /dev/log/system
04-24 06:29:45.344   784   799 I EntropyMixer: Writing entropy...
04-24 06:33:20.102 16896 16896 I olsrd   : Writing '1' (was 1) to /proc/sys/net/ipv4/ip_forward
04-24 06:33:20.112 16896 16896 I olsrd   : Writing '0' (was 1) to /proc/sys/net/ipv4/conf/all/send_redirects
04-24 06:33:20.112 16896 16896 I olsrd   : Writing '0' (was 0) to /proc/sys/net/ipv4/conf/all/rp_filter
04-24 06:33:20.112 16896 16896 I olsrd   : Writing '0' (was 0) to /proc/sys/net/ipv4/conf/wlan0/send_redirects
04-24 06:33:20.112 16896 16896 I olsrd   : Writing '0' (was 0) to /proc/sys/net/ipv4/conf/wlan0/rp_filter
04-24 06:33:20.112 16896 16896 I olsrd   : Adding interface wlan0
04-24 06:33:20.112 16896 16896 I olsrd   : New main address: 10.1.1.37
04-24 06:33:20.112 16901 16901 I olsrd   : olsr.org -  0.6.6.2-n -git_0000000 -n -hash_ 7985605520f3cae9b305d56e83b35d9c successfully started
04-24 06:39:00.291  1424  1431 E MP-Decision: num online cores: 1 reqd : 2 available : 4 rq_depth:1.000000 hotplug_avg_load_dw: 66
04-24 06:39:00.291  1424  1431 E MP-Decision: UP cpu:1 core_idx:1 Nw:1.900000 Tw:140 total_time_up:0.000000
04-24 06:39:00.421 19760 19760 D AndroidRuntime: 
04-24 06:39:00.421 19760 19760 D AndroidRuntime: >>>>>> AndroidRuntime START com.android.internal.os.RuntimeInit <<<<<<
04-24 06:39:00.421 19760 19760 D AndroidRuntime: CheckJNI is ON
04-24 06:39:00.421 19760 19760 E dalvikvm: ERROR: must specify non-'.' bootclasspath
04-24 06:39:00.421 19760 19760 W dalvikvm: CreateJavaVM failed: dvmClassStartup failed
04-24 06:39:00.421 19760 19760 E AndroidRuntime: JNI_CreateJavaVM failed
04-24 06:39:00.521 16901 16901 I olsrd   : Writing '1' (was 0) to /proc/sys/net/ipv4/conf/all/send_redirects
04-24 06:39:00.521 16901 16901 I olsrd   : olsr.org -  0.6.6.2-n -git_0000000 -n -hash_ 7985605520f3cae9b305d56e83b35d9c stopped
04-24 06:39:01.462  1424  1431 E MP-Decision: num online cores: 2 reqd : 1 available : 4 rq_depth:0.000000 hotplug_avg_load_dw: 25
04-24 06:39:01.462  1424  1431 E MP-Decision: DOWN cpu:1 core_idx:1 Ns:1.100000 Ts:190 total_time_down:614.000000
04-24 06:39:01.872  1424  1431 E MP-Decision: num online cores: 1 reqd : 2 available : 4 rq_depth:1.000000 hotplug_avg_load_dw: 66
04-24 06:39:01.872  1424  1431 E MP-Decision: UP cpu:1 core_idx:1 Nw:1.900000 Tw:140 total_time_up:0.000000
04-24 06:39:02.393 19821 19821 D AndroidRuntime: 
04-24 06:39:02.393 19821 19821 D AndroidRuntime: >>>>>> AndroidRuntime START com.android.internal.os.RuntimeInit <<<<<<
04-24 06:39:02.393 19821 19821 D AndroidRuntime: CheckJNI is ON
04-24 06:39:02.393 19821 19821 E dalvikvm: ERROR: must specify non-'.' bootclasspath
04-24 06:39:02.393 19821 19821 W dalvikvm: CreateJavaVM failed: dvmClassStartup failed
04-24 06:39:02.393 19821 19821 E AndroidRuntime: JNI_CreateJavaVM failed
04-24 06:39:02.713 19823 19823 D AndroidRuntime: 
04-24 06:39:02.713 19823 19823 D AndroidRuntime: >>>>>> AndroidRuntime START com.android.internal.os.RuntimeInit <<<<<<
04-24 06:39:02.713 19823 19823 D AndroidRuntime: CheckJNI is ON
04-24 06:39:02.713 19823 19823 E dalvikvm: ERROR: must specify non-'.' bootclasspath
04-24 06:39:02.713 19823 19823 W dalvikvm: CreateJavaVM failed: dvmClassStartup failed
04-24 06:39:02.713 19823 19823 E AndroidRuntime: JNI_CreateJavaVM failed
