--------- beginning of /dev/log/main
04-24 05:58:11.792  1406  1416 E MP-Decision: num online cores: 2 reqd : 1 available : 4 rq_depth:1.100000 hotplug_avg_load_dw: 17
04-24 05:58:11.792  1406  1416 E MP-Decision: DOWN cpu:1 core_idx:1 Ns:1.100000 Ts:190 total_time_down:48.000000
04-24 05:58:12.042  1406  1416 E MP-Decision: num online cores: 1 reqd : 2 available : 4 rq_depth:1.200000 hotplug_avg_load_dw: 74
04-24 05:58:12.042  1406  1416 E MP-Decision: UP cpu:1 core_idx:1 Nw:1.900000 Tw:140 total_time_up:0.000000
04-24 05:58:12.522 11257 11257 D AndroidRuntime: 
04-24 05:58:12.522 11257 11257 D AndroidRuntime: >>>>>> AndroidRuntime START com.android.internal.os.RuntimeInit <<<<<<
04-24 05:58:12.522 11257 11257 D AndroidRuntime: CheckJNI is ON
04-24 05:58:12.522 11257 11257 E dalvikvm: ERROR: must specify non-'.' bootclasspath
04-24 05:58:12.522 11257 11257 W dalvikvm: CreateJavaVM failed: dvmClassStartup failed
04-24 05:58:12.522 11257 11257 E AndroidRuntime: JNI_CreateJavaVM failed
04-24 05:58:12.863 11259 11259 D AndroidRuntime: 
04-24 05:58:12.863 11259 11259 D AndroidRuntime: >>>>>> AndroidRuntime START com.android.internal.os.RuntimeInit <<<<<<
04-24 05:58:12.863 11259 11259 D AndroidRuntime: CheckJNI is ON
04-24 05:58:12.863 11259 11259 E dalvikvm: ERROR: must specify non-'.' bootclasspath
04-24 05:58:12.863 11259 11259 W dalvikvm: CreateJavaVM failed: dvmClassStartup failed
04-24 05:58:12.863 11259 11259 E AndroidRuntime: JNI_CreateJavaVM failed
04-24 05:58:13.843  1406  1416 E MP-Decision: num online cores: 2 reqd : 1 available : 4 rq_depth:0.000000 hotplug_avg_load_dw: 15
04-24 05:58:13.843  1406  1416 E MP-Decision: DOWN cpu:1 core_idx:1 Ns:1.100000 Ts:190 total_time_down:1727.000000
04-24 05:58:56.975   936   936 E kickstart: Total bytes received so far: 48
04-24 05:58:56.975   936   936 E kickstart: EVENT: RECEIVED <-- SAHARA_HELLO
04-24 05:58:56.975   936   936 E kickstart: EVENT: SENDING --> SAHARA_HELLO_RESPONSE
04-24 05:58:56.975   936   936 E kickstart: EVENT: sahara_mode                         = 2
04-24 05:58:56.975   936   936 E kickstart: EVENT: m_comm->sahara_hello_packet_rx.mode = 2
04-24 05:58:56.975   936   936 E kickstart: EVENT: helloRx.mode                        = 2
04-24 05:58:56.975   936   936 E kickstart: Total bytes received so far: 64
04-24 05:58:56.975   936   936 E kickstart: EVENT: RECEIVED <-- SAHARA_MEMORY_DEBUG
04-24 05:58:56.985   936   936 E kickstart: Total bytes received so far: 116
04-24 05:58:56.985   936   936 E kickstart: EVENT: 0x46980000, len=000C0000, "m9kefs2", ""
04-24 05:58:56.985   936   936 E kickstart: EVENT: STATE <-- SAHARA_WAIT_MEMORY_REGION
04-24 05:58:56.985   936   936 E kickstart: EVENT: Saving "/dev/block/platform/msm_sdcc.1/by-name/m9kefs2"
04-24 05:58:57.075   936   936 E kickstart: Total bytes received so far: 786548
04-24 05:58:57.075   936   936 E kickstart: EVENT: Received: 786432 bytes
04-24 05:58:57.075   936   936 E kickstart: EVENT: Writing to disk
04-24 05:58:57.085   936   936 E kickstart: EVENT: Successfully wrote to disk
04-24 05:58:57.085   936   936 E kickstart: Received file "m9kefs2"
04-24 05:58:57.135   936   936 E kickstart: Sync finish Received file "m9kefs2"
04-24 05:58:57.135   936   936 E kickstart: 786432 bytes transferred in 0.143s (5.23 MBps)
04-24 05:58:57.135   936   936 E kickstart: EVENT: num_debug_entries not >=0
04-24 05:58:57.135   936   936 E kickstart: Successfully downloaded files from target 
04-24 05:58:57.135   936   936 E kickstart: EVENT: SENDING --> SAHARA_RESET
04-24 05:58:57.135   936   936 E kickstart: Total bytes received so far: 786556
04-24 05:58:57.135   936   936 E kickstart: EVENT: RECEIVED <-- SAHARA_RESET_RESP
04-24 05:58:57.135   936   936 E kickstart: Sahara protocol completed
04-24 05:58:57.135   936   936 E kickstart: EVENT: STATE <-- SAHARA_WAIT_HELLO
--------- beginning of /dev/log/system
04-24 06:05:14.328   806   829 W BroadcastQueue: Timeout of broadcast BroadcastRecord{41ac73d8 u0 com.android.server.action.NETWORK_STATS_POLL} - receiver=android.app.LoadedApk$ReceiverDispatcher$InnerReceiver@41c94f18, started 60016ms ago
04-24 06:05:14.328   806   829 W BroadcastQueue: Receiver during timeout: BroadcastFilter{41b784f0 u0 ReceiverList{41b78470 806 system/1000/u0 local:41c94f18}}
04-24 06:10:00.133 11440 11440 I olsrd   : Writing '1' (was 1) to /proc/sys/net/ipv4/ip_forward
04-24 06:10:00.133 11440 11440 I olsrd   : Writing '0' (was 1) to /proc/sys/net/ipv4/conf/all/send_redirects
04-24 06:10:00.133 11440 11440 I olsrd   : Writing '0' (was 0) to /proc/sys/net/ipv4/conf/all/rp_filter
04-24 06:10:00.133 11440 11440 I olsrd   : Writing '0' (was 0) to /proc/sys/net/ipv4/conf/wlan0/send_redirects
04-24 06:10:00.133 11440 11440 I olsrd   : Writing '0' (was 0) to /proc/sys/net/ipv4/conf/wlan0/rp_filter
04-24 06:10:00.133 11440 11440 I olsrd   : Adding interface wlan0
04-24 06:10:00.133 11440 11440 I olsrd   : New main address: 10.1.1.23
04-24 06:10:00.133 11441 11441 I olsrd   : olsr.org -  0.6.6.2-n -git_0000000 -n -hash_ 7985605520f3cae9b305d56e83b35d9c successfully started
04-24 06:10:05.037   806   829 W ProcessStats: Skipping unknown process pid 11476
04-24 06:15:24.314   330   752 D MDnsDS  : MDnsSdListener::Monitor poll timed out
04-24 06:15:24.314   330   752 D MDnsDS  : Going to poll with pollCount 1
04-24 06:15:40.310  1406  1416 E MP-Decision: num online cores: 1 reqd : 2 available : 4 rq_depth:1.000000 hotplug_avg_load_dw: 66
04-24 06:15:40.310  1406  1416 E MP-Decision: UP cpu:1 core_idx:1 Nw:1.900000 Tw:140 total_time_up:0.000000
04-24 06:15:40.420 13616 13616 D AndroidRuntime: 
04-24 06:15:40.420 13616 13616 D AndroidRuntime: >>>>>> AndroidRuntime START com.android.internal.os.RuntimeInit <<<<<<
04-24 06:15:40.420 13616 13616 D AndroidRuntime: CheckJNI is ON
04-24 06:15:40.420 13616 13616 E dalvikvm: ERROR: must specify non-'.' bootclasspath
04-24 06:15:40.420 13616 13616 W dalvikvm: CreateJavaVM failed: dvmClassStartup failed
04-24 06:15:40.420 13616 13616 E AndroidRuntime: JNI_CreateJavaVM failed
04-24 06:15:40.520 11441 11441 I olsrd   : Writing '1' (was 0) to /proc/sys/net/ipv4/conf/all/send_redirects
04-24 06:15:40.520 11441 11441 I olsrd   : olsr.org -  0.6.6.2-n -git_0000000 -n -hash_ 7985605520f3cae9b305d56e83b35d9c stopped
04-24 06:15:41.321  1406  1416 E MP-Decision: num online cores: 2 reqd : 1 available : 4 rq_depth:0.000000 hotplug_avg_load_dw: 26
04-24 06:15:41.321  1406  1416 E MP-Decision: DOWN cpu:1 core_idx:1 Ns:1.100000 Ts:190 total_time_down:356.000000
04-24 06:15:41.831  1406  1416 E MP-Decision: num online cores: 1 reqd : 2 available : 4 rq_depth:2.300000 hotplug_avg_load_dw: 70
04-24 06:15:41.831  1406  1416 E MP-Decision: UP cpu:1 core_idx:1 Nw:1.900000 Tw:140 total_time_up:49.000000
04-24 06:15:42.372 13714 13714 D AndroidRuntime: 
04-24 06:15:42.372 13714 13714 D AndroidRuntime: >>>>>> AndroidRuntime START com.android.internal.os.RuntimeInit <<<<<<
04-24 06:15:42.372 13714 13714 D AndroidRuntime: CheckJNI is ON
04-24 06:15:42.372 13714 13714 E dalvikvm: ERROR: must specify non-'.' bootclasspath
04-24 06:15:42.372 13714 13714 W dalvikvm: CreateJavaVM failed: dvmClassStartup failed
04-24 06:15:42.372 13714 13714 E AndroidRuntime: JNI_CreateJavaVM failed
04-24 06:15:42.722 13715 13715 D AndroidRuntime: 
04-24 06:15:42.722 13715 13715 D AndroidRuntime: >>>>>> AndroidRuntime START com.android.internal.os.RuntimeInit <<<<<<
04-24 06:15:42.722 13715 13715 D AndroidRuntime: CheckJNI is ON
04-24 06:15:42.722 13715 13715 E dalvikvm: ERROR: must specify non-'.' bootclasspath
04-24 06:15:42.722 13715 13715 W dalvikvm: CreateJavaVM failed: dvmClassStartup failed
04-24 06:15:42.722 13715 13715 E AndroidRuntime: JNI_CreateJavaVM failed
