--------- beginning of /dev/log/main
04-24 07:14:01.739  1420  1427 E MP-Decision: num online cores: 2 reqd : 1 available : 4 rq_depth:0.000000 hotplug_avg_load_dw: 25
04-24 07:14:01.739  1420  1427 E MP-Decision: DOWN cpu:1 core_idx:1 Ns:1.100000 Ts:190 total_time_down:736.000000
04-24 07:14:02.040  1420  1427 E MP-Decision: num online cores: 1 reqd : 2 available : 4 rq_depth:1.000000 hotplug_avg_load_dw: 74
04-24 07:14:02.040  1420  1427 E MP-Decision: UP cpu:1 core_idx:1 Nw:1.900000 Tw:140 total_time_up:0.000000
04-24 07:14:02.550 25542 25542 D AndroidRuntime: 
04-24 07:14:02.550 25542 25542 D AndroidRuntime: >>>>>> AndroidRuntime START com.android.internal.os.RuntimeInit <<<<<<
04-24 07:14:02.550 25542 25542 D AndroidRuntime: CheckJNI is ON
04-24 07:14:02.550 25542 25542 E dalvikvm: ERROR: must specify non-'.' bootclasspath
04-24 07:14:02.550 25542 25542 W dalvikvm: CreateJavaVM failed: dvmClassStartup failed
04-24 07:14:02.550 25542 25542 E AndroidRuntime: JNI_CreateJavaVM failed
04-24 07:14:02.910 25543 25543 D AndroidRuntime: 
04-24 07:14:02.910 25543 25543 D AndroidRuntime: >>>>>> AndroidRuntime START com.android.internal.os.RuntimeInit <<<<<<
04-24 07:14:02.910 25543 25543 D AndroidRuntime: CheckJNI is ON
04-24 07:14:02.910 25543 25543 E dalvikvm: ERROR: must specify non-'.' bootclasspath
04-24 07:14:02.910 25543 25543 W dalvikvm: CreateJavaVM failed: dvmClassStartup failed
04-24 07:14:02.910 25543 25543 E AndroidRuntime: JNI_CreateJavaVM failed
04-24 07:14:05.143  1420  1427 E MP-Decision: num online cores: 2 reqd : 1 available : 4 rq_depth:0.000000 hotplug_avg_load_dw: 19
04-24 07:14:05.143  1420  1427 E MP-Decision: DOWN cpu:1 core_idx:1 Ns:1.100000 Ts:190 total_time_down:85.000000
04-24 07:20:00.152 25720 25720 I olsrd   : Writing '1' (was 1) to /proc/sys/net/ipv4/ip_forward
04-24 07:20:00.152 25720 25720 I olsrd   : Writing '0' (was 1) to /proc/sys/net/ipv4/conf/all/send_redirects
04-24 07:20:00.152 25720 25720 I olsrd   : Writing '0' (was 0) to /proc/sys/net/ipv4/conf/all/rp_filter
04-24 07:20:00.152 25720 25720 I olsrd   : Writing '0' (was 0) to /proc/sys/net/ipv4/conf/wlan0/send_redirects
04-24 07:20:00.152 25720 25720 I olsrd   : Writing '0' (was 0) to /proc/sys/net/ipv4/conf/wlan0/rp_filter
04-24 07:20:00.152 25720 25720 I olsrd   : Adding interface wlan0
04-24 07:20:00.152 25720 25720 I olsrd   : New main address: 10.1.1.15
04-24 07:20:00.162 25721 25721 I olsrd   : olsr.org -  0.6.6.2-n -git_0000000 -n -hash_ 7985605520f3cae9b305d56e83b35d9c successfully started
--------- beginning of /dev/log/system
04-24 07:20:05.026   805   832 W ProcessStats: Skipping unknown process pid 25760
04-24 07:21:53.670 25721 25721 I olsrd   : detected duplicate packet with seqnr 0xf7af from 10.1.1.19 on wlan0 (164 Bytes)
04-24 07:22:07.413 25721 25721 I olsrd   : detected duplicate packet with seqnr 0xf7b6 from 10.1.1.19 on wlan0 (880 Bytes)
04-24 07:22:07.413 25721 25721 I olsrd   : detected duplicate packet with seqnr 0xf7b6 from 10.1.1.19 on wlan0 (880 Bytes)
04-24 07:22:11.267 25721 25721 I olsrd   : detected duplicate packet with seqnr 0xf7b8 from 10.1.1.19 on wlan0 (188 Bytes)
04-24 07:22:11.267 25721 25721 I olsrd   : detected duplicate packet with seqnr 0xf7b8 from 10.1.1.19 on wlan0 (188 Bytes)
04-24 07:22:11.367 25721 25721 I olsrd   : detected duplicate packet with seqnr 0xf7b8 from 10.1.1.19 on wlan0 (188 Bytes)
04-24 07:22:11.367 25721 25721 I olsrd   : detected duplicate packet with seqnr 0xf7b9 from 10.1.1.19 on wlan0 (244 Bytes)
04-24 07:23:27.600 25721 25721 I olsrd   : detected duplicate packet with seqnr 0xf7e3 from 10.1.1.19 on wlan0 (296 Bytes)
04-24 07:23:27.600 25721 25721 I olsrd   : detected duplicate packet with seqnr 0xf7e3 from 10.1.1.19 on wlan0 (296 Bytes)
04-24 07:25:40.237  1420  1427 E MP-Decision: num online cores: 1 reqd : 2 available : 4 rq_depth:1.000000 hotplug_avg_load_dw: 63
04-24 07:25:40.237  1420  1427 E MP-Decision: UP cpu:1 core_idx:1 Nw:1.900000 Tw:140 total_time_up:0.000000
04-24 07:25:40.397 27895 27895 D AndroidRuntime: 
04-24 07:25:40.397 27895 27895 D AndroidRuntime: >>>>>> AndroidRuntime START com.android.internal.os.RuntimeInit <<<<<<
04-24 07:25:40.397 27895 27895 D AndroidRuntime: CheckJNI is ON
04-24 07:25:40.397 27895 27895 E dalvikvm: ERROR: must specify non-'.' bootclasspath
04-24 07:25:40.397 27895 27895 W dalvikvm: CreateJavaVM failed: dvmClassStartup failed
04-24 07:25:40.397 27895 27895 E AndroidRuntime: JNI_CreateJavaVM failed
04-24 07:25:40.497 25721 25721 I olsrd   : Writing '1' (was 0) to /proc/sys/net/ipv4/conf/all/send_redirects
04-24 07:25:40.497 25721 25721 I olsrd   : olsr.org -  0.6.6.2-n -git_0000000 -n -hash_ 7985605520f3cae9b305d56e83b35d9c stopped
04-24 07:25:41.488  1420  1427 E MP-Decision: num online cores: 2 reqd : 1 available : 4 rq_depth:0.000000 hotplug_avg_load_dw: 21
04-24 07:25:41.488  1420  1427 E MP-Decision: DOWN cpu:1 core_idx:1 Ns:1.100000 Ts:190 total_time_down:377.000000
04-24 07:25:41.808  1420  1427 E MP-Decision: num online cores: 1 reqd : 2 available : 4 rq_depth:1.300000 hotplug_avg_load_dw: 69
04-24 07:25:41.808  1420  1427 E MP-Decision: UP cpu:1 core_idx:1 Nw:1.900000 Tw:140 total_time_up:0.000000
04-24 07:25:42.469 27994 27994 D AndroidRuntime: 
04-24 07:25:42.469 27994 27994 D AndroidRuntime: >>>>>> AndroidRuntime START com.android.internal.os.RuntimeInit <<<<<<
04-24 07:25:42.469 27994 27994 D AndroidRuntime: CheckJNI is ON
04-24 07:25:42.469 27994 27994 E dalvikvm: ERROR: must specify non-'.' bootclasspath
04-24 07:25:42.469 27994 27994 W dalvikvm: CreateJavaVM failed: dvmClassStartup failed
04-24 07:25:42.469 27994 27994 E AndroidRuntime: JNI_CreateJavaVM failed
04-24 07:25:42.829 27995 27995 D AndroidRuntime: 
04-24 07:25:42.829 27995 27995 D AndroidRuntime: >>>>>> AndroidRuntime START com.android.internal.os.RuntimeInit <<<<<<
04-24 07:25:42.829 27995 27995 D AndroidRuntime: CheckJNI is ON
04-24 07:25:42.829 27995 27995 E dalvikvm: ERROR: must specify non-'.' bootclasspath
04-24 07:25:42.829 27995 27995 W dalvikvm: CreateJavaVM failed: dvmClassStartup failed
04-24 07:25:42.829 27995 27995 E AndroidRuntime: JNI_CreateJavaVM failed
