--------- beginning of /dev/log/main
04-24 06:15:41.691  1412  1419 E MP-Decision: num online cores: 2 reqd : 1 available : 4 rq_depth:0.000000 hotplug_avg_load_dw: 19
04-24 06:15:41.691  1412  1419 E MP-Decision: DOWN cpu:1 core_idx:1 Ns:1.100000 Ts:190 total_time_down:959.000000
04-24 06:15:41.991  1412  1419 E MP-Decision: num online cores: 1 reqd : 2 available : 4 rq_depth:1.000000 hotplug_avg_load_dw: 74
04-24 06:15:41.991  1412  1419 E MP-Decision: UP cpu:1 core_idx:1 Nw:1.900000 Tw:140 total_time_up:0.000000
04-24 06:15:42.541 16788 16788 D AndroidRuntime: 
04-24 06:15:42.541 16788 16788 D AndroidRuntime: >>>>>> AndroidRuntime START com.android.internal.os.RuntimeInit <<<<<<
04-24 06:15:42.551 16788 16788 D AndroidRuntime: CheckJNI is ON
04-24 06:15:42.551 16788 16788 E dalvikvm: ERROR: must specify non-'.' bootclasspath
04-24 06:15:42.551 16788 16788 W dalvikvm: CreateJavaVM failed: dvmClassStartup failed
04-24 06:15:42.551 16788 16788 E AndroidRuntime: JNI_CreateJavaVM failed
04-24 06:15:42.882 16789 16789 D AndroidRuntime: 
04-24 06:15:42.882 16789 16789 D AndroidRuntime: >>>>>> AndroidRuntime START com.android.internal.os.RuntimeInit <<<<<<
04-24 06:15:42.882 16789 16789 D AndroidRuntime: CheckJNI is ON
04-24 06:15:42.882 16789 16789 E dalvikvm: ERROR: must specify non-'.' bootclasspath
04-24 06:15:42.882 16789 16789 W dalvikvm: CreateJavaVM failed: dvmClassStartup failed
04-24 06:15:42.882 16789 16789 E AndroidRuntime: JNI_CreateJavaVM failed
04-24 06:15:45.875  1412  1419 E MP-Decision: num online cores: 2 reqd : 1 available : 4 rq_depth:0.000000 hotplug_avg_load_dw: 19
04-24 06:15:45.875  1412  1419 E MP-Decision: DOWN cpu:1 core_idx:1 Ns:1.100000 Ts:190 total_time_down:2880.000000
04-24 06:16:32.800   310   715 D MDnsDS  : MDnsSdListener::Monitor poll timed out
04-24 06:16:32.800   310   715 D MDnsDS  : Going to poll with pollCount 1
--------- beginning of /dev/log/system
04-24 06:29:57.819   798   813 I EntropyMixer: Writing entropy...
04-24 06:33:00.196  1412  1419 E MP-Decision: num online cores: 1 reqd : 2 available : 4 rq_depth:2.300000 hotplug_avg_load_dw: 40
04-24 06:33:00.196  1412  1419 E MP-Decision: UP cpu:1 core_idx:1 Nw:1.900000 Tw:140 total_time_up:146.000000
04-24 06:33:00.366  1412  1419 E MP-Decision: num online cores: 2 reqd : 1 available : 4 rq_depth:0.000000 hotplug_avg_load_dw: 18
04-24 06:33:00.366  1412  1419 E MP-Decision: DOWN cpu:1 core_idx:1 Ns:1.100000 Ts:190 total_time_down:166.000000
04-24 06:33:20.115 16974 16974 I olsrd   : Writing '1' (was 1) to /proc/sys/net/ipv4/ip_forward
04-24 06:33:20.115 16974 16974 I olsrd   : Writing '0' (was 1) to /proc/sys/net/ipv4/conf/all/send_redirects
04-24 06:33:20.115 16974 16974 I olsrd   : Writing '0' (was 0) to /proc/sys/net/ipv4/conf/all/rp_filter
04-24 06:33:20.115 16974 16974 I olsrd   : Writing '0' (was 0) to /proc/sys/net/ipv4/conf/wlan0/send_redirects
04-24 06:33:20.115 16974 16974 I olsrd   : Writing '0' (was 0) to /proc/sys/net/ipv4/conf/wlan0/rp_filter
04-24 06:33:20.115 16974 16974 I olsrd   : Adding interface wlan0
04-24 06:33:20.115 16974 16974 I olsrd   : New main address: 10.1.1.39
04-24 06:33:20.115 16979 16979 I olsrd   : olsr.org -  0.6.6.2-n -git_0000000 -n -hash_ 7985605520f3cae9b305d56e83b35d9c successfully started
04-24 06:37:59.325   927   927 E kickstart: Total bytes received so far: 48
04-24 06:37:59.325   927   927 E kickstart: EVENT: RECEIVED <-- SAHARA_HELLO
04-24 06:37:59.325   927   927 E kickstart: EVENT: SENDING --> SAHARA_HELLO_RESPONSE
04-24 06:37:59.325   927   927 E kickstart: EVENT: sahara_mode                         = 2
04-24 06:37:59.325   927   927 E kickstart: EVENT: m_comm->sahara_hello_packet_rx.mode = 2
04-24 06:37:59.325   927   927 E kickstart: EVENT: helloRx.mode                        = 2
04-24 06:37:59.325   927   927 E kickstart: Total bytes received so far: 64
04-24 06:37:59.325   927   927 E kickstart: EVENT: RECEIVED <-- SAHARA_MEMORY_DEBUG
04-24 06:37:59.335   927   927 E kickstart: Total bytes received so far: 116
04-24 06:37:59.335   927   927 E kickstart: EVENT: 0x46980000, len=000C0000, "m9kefs1", ""
04-24 06:37:59.335   927   927 E kickstart: EVENT: STATE <-- SAHARA_WAIT_MEMORY_REGION
04-24 06:37:59.335   927   927 E kickstart: EVENT: Saving "/dev/block/platform/msm_sdcc.1/by-name/m9kefs1"
04-24 06:37:59.415   927   927 E kickstart: Total bytes received so far: 786548
04-24 06:37:59.415   927   927 E kickstart: EVENT: Received: 786432 bytes
04-24 06:37:59.415   927   927 E kickstart: EVENT: Writing to disk
04-24 06:37:59.425   927   927 E kickstart: EVENT: Successfully wrote to disk
04-24 06:37:59.425   927   927 E kickstart: Received file "m9kefs1"
04-24 06:37:59.465   927   927 E kickstart: Sync finish Received file "m9kefs1"
04-24 06:37:59.465   927   927 E kickstart: 786432 bytes transferred in 0.122s (6.14 MBps)
04-24 06:37:59.465   927   927 E kickstart: EVENT: num_debug_entries not >=0
04-24 06:37:59.465   927   927 E kickstart: Successfully downloaded files from target 
04-24 06:37:59.465   927   927 E kickstart: EVENT: SENDING --> SAHARA_RESET
04-24 06:37:59.465   927   927 E kickstart: Total bytes received so far: 786556
04-24 06:37:59.465   927   927 E kickstart: EVENT: RECEIVED <-- SAHARA_RESET_RESP
04-24 06:37:59.465   927   927 E kickstart: Sahara protocol completed
04-24 06:37:59.465   927   927 E kickstart: EVENT: STATE <-- SAHARA_WAIT_HELLO
04-24 06:39:00.274  1412  1419 E MP-Decision: num online cores: 1 reqd : 2 available : 4 rq_depth:1.000000 hotplug_avg_load_dw: 68
04-24 06:39:00.274  1412  1419 E MP-Decision: UP cpu:1 core_idx:1 Nw:1.900000 Tw:140 total_time_up:0.000000
04-24 06:39:00.495 19844 19844 D AndroidRuntime: 
04-24 06:39:00.495 19844 19844 D AndroidRuntime: >>>>>> AndroidRuntime START com.android.internal.os.RuntimeInit <<<<<<
04-24 06:39:00.495 19844 19844 D AndroidRuntime: CheckJNI is ON
04-24 06:39:00.495 19844 19844 E dalvikvm: ERROR: must specify non-'.' bootclasspath
04-24 06:39:00.505 19844 19844 W dalvikvm: CreateJavaVM failed: dvmClassStartup failed
04-24 06:39:00.505 19844 19844 E AndroidRuntime: JNI_CreateJavaVM failed
04-24 06:39:00.665 16979 16979 I olsrd   : Writing '1' (was 0) to /proc/sys/net/ipv4/conf/all/send_redirects
04-24 06:39:00.665 16979 16979 I olsrd   : olsr.org -  0.6.6.2-n -git_0000000 -n -hash_ 7985605520f3cae9b305d56e83b35d9c stopped
04-24 06:39:01.706  1412  1419 E MP-Decision: num online cores: 2 reqd : 1 available : 4 rq_depth:0.000000 hotplug_avg_load_dw: 12
04-24 06:39:01.706  1412  1419 E MP-Decision: DOWN cpu:1 core_idx:1 Ns:1.100000 Ts:190 total_time_down:781.000000
04-24 06:39:01.956  1412  1419 E MP-Decision: num online cores: 1 reqd : 2 available : 4 rq_depth:1.000000 hotplug_avg_load_dw: 62
04-24 06:39:01.956  1412  1419 E MP-Decision: UP cpu:1 core_idx:1 Nw:1.900000 Tw:140 total_time_up:0.000000
04-24 06:39:02.526 19907 19907 D AndroidRuntime: 
04-24 06:39:02.526 19907 19907 D AndroidRuntime: >>>>>> AndroidRuntime START com.android.internal.os.RuntimeInit <<<<<<
04-24 06:39:02.526 19907 19907 D AndroidRuntime: CheckJNI is ON
04-24 06:39:02.526 19907 19907 E dalvikvm: ERROR: must specify non-'.' bootclasspath
04-24 06:39:02.526 19907 19907 W dalvikvm: CreateJavaVM failed: dvmClassStartup failed
04-24 06:39:02.526 19907 19907 E AndroidRuntime: JNI_CreateJavaVM failed
04-24 06:39:02.867 19908 19908 D AndroidRuntime: 
04-24 06:39:02.867 19908 19908 D AndroidRuntime: >>>>>> AndroidRuntime START com.android.internal.os.RuntimeInit <<<<<<
04-24 06:39:02.867 19908 19908 D AndroidRuntime: CheckJNI is ON
04-24 06:39:02.877 19908 19908 E dalvikvm: ERROR: must specify non-'.' bootclasspath
04-24 06:39:02.877 19908 19908 W dalvikvm: CreateJavaVM failed: dvmClassStartup failed
04-24 06:39:02.877 19908 19908 E AndroidRuntime: JNI_CreateJavaVM failed
