nodeName node039
nodeNum 39
binDir /data/llcbmen
expRoot /sdcard/llcbmen
runId n40_all_calibration_10_1704241333
basetime 1493055210
duration 300
startWait 30
dataDir /sdcard/llcbmen/data/n40_all_calibration_10_1704241333
doAPK N
logFiles 
ifaces wlan0
si2Args  -b 10000 10.1.1.255:15387

Resetting at time Mon Apr 24 06:15:40 SST 2017 = 1493054140.167169
rm: can't remove '/sdcard/node*.log': No such file or directory
rm: can't remove '/sdcard/*.json': No such file or directory
killall: gcn: no process killed
killall: beaconer: no process killed
killall: babeld: no process killed
killall: edu.mit.ll.NletLog.android: no process killed
killall: edu.mit.ll.cbmen.monitor: no process killed
killall: mchttpd: no process killed
rm: can't remove '/sdcard/cascade': No such file or directory
rm: can't remove '/sdcard/CBMEN': No such file or directory
rm: can't remove '/sdcard/llcbmen/ISI': No such file or directory
rm: can't remove '/sdcard/Android/data/cbmen.comet.workflow.cascade': No such file or directory
rm: can't remove '/sdcard/registrar.db': No such file or directory
Waiting until prep time...
Sleeping 1039.09 sec until basetime + -30 = 1493055180
Starting uberLocal.sh at time Mon Apr 24 06:33:00 SST 2017 = 1493055180.072902 with basetime 1493055210

Starting instruments at time Mon Apr 24 06:33:00 SST 2017 = 1493055180.099422

Sleeping 19.5027 sec until basetime + -10 = 1493055200

Starting scenario at time Mon Apr 24 06:33:20 SST 2017 = 1493055200.062831
Starting mgen.
Parsing file: "/etc/olsrd.conf"
mgen: version 5.02
mgen: starting now ...

Waiting through scenario duration...
Skipping ahead because basetime + 300 = 1493055510 is in the past.

Stopping scenario at time Mon Apr 24 06:39:01 SST 2017 = 1493055541.784122
killall: tcpdump: no process killed
killall: gcn: no process killed
killall: beaconer: no process killed
killall: olsrd: no process killed
killall: mgen: no process killed
killall: monitor.sh: no process killed
killall: babeld: no process killed
killall: edu.mit.ll.NletLog.android: no process killed
killall: edu.mit.ll.cbmen.monitor: no process killed

killall: beaconer: no process killed
killall: monitor.sh: no process killed
killall: mgen: no process killed
killall: olsrd: no process killed
killall: edu.mit.ll.cbmen.monitor: no process killed
killall: edu.mit.ll.NletLog.android: no process killed

FINISHED uberLocal.sh at time Mon Apr 24 06:39:03 SST 2017 = 1493055543.023126

